#
# There is insufficient memory for the Java Runtime Environment to continue.
# Native memory allocation (malloc) failed to allocate 74973184 bytes for committing reserved memory.
# Possible reasons:
#   The system is out of physical RAM or swap space
#   In 32 bit mode, the process size limit was hit
# Possible solutions:
#   Reduce memory load on the system
#   Increase physical memory or swap space
#   Check if swap backing store is full
#   Use 64 bit Java on a 64 bit OS
#   Decrease Java heap size (-Xmx/-Xms)
#   Decrease number of Java threads
#   Decrease Java thread stack sizes (-Xss)
#   Set larger code cache with -XX:ReservedCodeCacheSize=
# This output file may be truncated or incomplete.
#
#  Out of Memory Error (os_linux.cpp:2809), pid=7770, tid=140179762308864
#
# JRE version: OpenJDK Runtime Environment (7.0_79-b14) (build 1.7.0_79-b14)
# Java VM: OpenJDK 64-Bit Server VM (24.79-b02 mixed mode linux-amd64 compressed oops)
# Derivative: IcedTea 2.5.5
# Distribution: Ubuntu 14.04 LTS, package 7u79-2.5.5-0ubuntu0.14.04.2
# Failed to write core dump. Core dumps have been disabled. To enable core dumping, try "ulimit -c unlimited" before starting Java again
#

---------------  T H R E A D  ---------------

Current thread (0x00007f7e28075800):  VMThread [stack: 0x00007f7e24dfe000,0x00007f7e24eff000] [id=7781]

Stack: [0x00007f7e24dfe000,0x00007f7e24eff000],  sp=0x00007f7e24efd490,  free space=1021k
Native frames: (J=compiled Java code, j=interpreted, Vv=VM code, C=native code)
V  [libjvm.so+0x94aec5]  VMError::report_and_die()+0x175
V  [libjvm.so+0x48b9c4]  report_vm_out_of_memory(char const*, int, unsigned long, char const*)+0x74
V  [libjvm.so+0x7c806b]  os::pd_commit_memory(char*, unsigned long, unsigned long, bool)+0xeb
V  [libjvm.so+0x7c2b0f]  os::commit_memory(char*, unsigned long, unsigned long, bool)+0x1f
V  [libjvm.so+0x83500b]  PSVirtualSpace::expand_by(unsigned long)+0x5b
V  [libjvm.so+0x835e60]  PSYoungGen::resize_generation(unsigned long, unsigned long)+0xb0
V  [libjvm.so+0x83654b]  PSYoungGen::resize(unsigned long, unsigned long)+0x1b
V  [libjvm.so+0x832830]  PSScavenge::invoke_no_policy()+0xde0
V  [libjvm.so+0x833008]  PSScavenge::invoke()+0x38
V  [libjvm.so+0x7e96f3]  ParallelScavengeHeap::failed_mem_allocate(unsigned long)+0x63
V  [libjvm.so+0x94c8c4]  VM_ParallelGCFailedAllocation::doit()+0x84
V  [libjvm.so+0x950dc7]  VM_Operation::evaluate()+0x47
V  [libjvm.so+0x94f738]  VMThread::evaluate_operation(VM_Operation*)+0x318
V  [libjvm.so+0x94fb99]  VMThread::loop()+0x219
V  [libjvm.so+0x94ffe2]  VMThread::run()+0x72
V  [libjvm.so+0x7c4f32]  java_start(Thread*)+0xf2

VM_Operation (0x00007f7de7ffe1d0): ParallelGCFailedAllocation, mode: safepoint, requested by thread 0x00007f7e281f8000


---------------  P R O C E S S  ---------------

Java Threads: ( => current thread )
  0x00007f7ddc01d800 JavaThread "TimerQueue" daemon [_thread_blocked, id=7793, stack(0x00007f7de757d000,0x00007f7de767e000)]
  0x00007f7e28265000 JavaThread "AWT-EventQueue-0" [_thread_blocked, id=7792, stack(0x00007f7de767e000,0x00007f7de777f000)]
  0x00007f7e28263800 JavaThread "AWT-Shutdown" [_thread_blocked, id=7791, stack(0x00007f7de777f000,0x00007f7de7880000)]
  0x00007f7e281f8000 JavaThread "AWT-XAWT" daemon [_thread_blocked, id=7790, stack(0x00007f7de7eff000,0x00007f7de8000000)]
  0x00007f7e281d7800 JavaThread "Java2D Disposer" daemon [_thread_blocked, id=7789, stack(0x00007f7df44d3000,0x00007f7df45d4000)]
  0x00007f7e280ae800 JavaThread "Service Thread" daemon [_thread_blocked, id=7787, stack(0x00007f7e1dbcf000,0x00007f7e1dcd0000)]
  0x00007f7e280ac000 JavaThread "C2 CompilerThread1" daemon [_thread_blocked, id=7786, stack(0x00007f7e240e6000,0x00007f7e241e7000)]
  0x00007f7e280a9000 JavaThread "C2 CompilerThread0" daemon [_thread_blocked, id=7785, stack(0x00007f7e241e7000,0x00007f7e242e8000)]
  0x00007f7e280a7000 JavaThread "Signal Dispatcher" daemon [_thread_blocked, id=7784, stack(0x00007f7e242e8000,0x00007f7e243e9000)]
  0x00007f7e2807c000 JavaThread "Finalizer" daemon [_thread_blocked, id=7783, stack(0x00007f7e24bfc000,0x00007f7e24cfd000)]
  0x00007f7e2807a000 JavaThread "Reference Handler" daemon [_thread_blocked, id=7782, stack(0x00007f7e24cfd000,0x00007f7e24dfe000)]
  0x00007f7e2800a000 JavaThread "main" [_thread_blocked, id=7775, stack(0x00007f7e30f7c000,0x00007f7e3107d000)]

Other Threads:
=>0x00007f7e28075800 VMThread [stack: 0x00007f7e24dfe000,0x00007f7e24eff000] [id=7781]
  0x00007f7e280b9000 WatcherThread [stack: 0x00007f7e1dace000,0x00007f7e1dbcf000] [id=7788]

VM state:at safepoint (normal execution)

VM Mutex/Monitor currently owned by a thread:  ([mutex/lock_event])
[0x00007f7e280063a0] Threads_lock - owner thread: 0x00007f7e28075800
[0x00007f7e280068a0] Heap_lock - owner thread: 0x00007f7e281f8000

Heap
 PSYoungGen      total 125952K, used 384K [0x00000000ec000000, 0x00000000f3f00000, 0x0000000100000000)
  eden space 122368K, 0% used [0x00000000ec000000,0x00000000ec000000,0x00000000f3780000)
  from space 3584K, 10% used [0x00000000f3780000,0x00000000f37e0000,0x00000000f3b00000)
  to   space 3072K, 0% used [0x00000000f3b00000,0x00000000f3b00000,0x00000000f3e00000)
 ParOldGen       total 40960K, used 1963K [0x00000000c4000000, 0x00000000c6800000, 0x00000000ec000000)
  object space 40960K, 4% used [0x00000000c4000000,0x00000000c41ead68,0x00000000c6800000)
 PSPermGen       total 21504K, used 12171K [0x00000000b9a00000, 0x00000000baf00000, 0x00000000c4000000)
  object space 21504K, 56% used [0x00000000b9a00000,0x00000000ba5e2e48,0x00000000baf00000)

Card table byte_map: [0x00007f7e2d98d000,0x00007f7e2dbc1000] byte_map_base: 0x00007f7e2d3c0000

Polling page: 0x00007f7e3109e000

Code Cache  [0x00007f7e25000000, 0x00007f7e25270000, 0x00007f7e28000000)
 total_blobs=534 nmethods=70 adapters=418 free_code_cache=48510Kb largest_free_block=49653504

Compilation events (10 events):
Event: 7,797 Thread 0x00007f7e280a9000   66             pl.super_marcin.life.view.DrawBoard::paintComponent (111 bytes)
Event: 7,808 Thread 0x00007f7e280a9000 nmethod 66 0x00007f7e250a4810 code [0x00007f7e250a4a40, 0x00007f7e250a51d0]
Event: 7,812 Thread 0x00007f7e280ac000   67   !         sun.java2d.SunGraphics2D::fillRect (74 bytes)
Event: 7,815 Thread 0x00007f7e280ac000 nmethod 67 0x00007f7e250a1490 code [0x00007f7e250a1620, 0x00007f7e250a1830]
Event: 7,863 Thread 0x00007f7e280ac000   68             java.lang.Math::min (11 bytes)
Event: 7,867 Thread 0x00007f7e280ac000 nmethod 68 0x00007f7e2507afd0 code [0x00007f7e2507b100, 0x00007f7e2507b138]
Event: 8,203 Thread 0x00007f7e280a9000   69             java.util.HashMap::indexFor (6 bytes)
Event: 8,204 Thread 0x00007f7e280a9000 nmethod 69 0x00007f7e2509d090 code [0x00007f7e2509d1c0, 0x00007f7e2509d1f8]
Event: 8,260 Thread 0x00007f7e280a9000   70             java.util.IdentityHashMap::clear (39 bytes)
Event: 8,263 Thread 0x00007f7e280a9000 nmethod 70 0x00007f7e250a1190 code [0x00007f7e250a12e0, 0x00007f7e250a13d8]

GC Heap History (10 events):
Event: 7,982 GC heap after
Heap after GC invocations=4 (full 0):
 PSYoungGen      total 33280K, used 2436K [0x00000000ec000000, 0x00000000ee300000, 0x0000000100000000)
  eden space 30720K, 0% used [0x00000000ec000000,0x00000000ec000000,0x00000000ede00000)
  from space 2560K, 95% used [0x00000000ee080000,0x00000000ee2e1040,0x00000000ee300000)
  to   space 2560K, 0% used [0x00000000ede00000,0x00000000ede00000,0x00000000ee080000)
 ParOldGen       total 40960K, used 8K [0x00000000c4000000, 0x00000000c6800000, 0x00000000ec000000)
  object space 40960K, 0% used [0x00000000c4000000,0x00000000c4002000,0x00000000c6800000)
 PSPermGen       total 21504K, used 12166K [0x00000000b9a00000, 0x00000000baf00000, 0x00000000c4000000)
  object space 21504K, 56% used [0x00000000b9a00000,0x00000000ba5e1b30,0x00000000baf00000)
}
Event: 8,178 GC heap before
{Heap before GC invocations=5 (full 0):
 PSYoungGen      total 33280K, used 33156K [0x00000000ec000000, 0x00000000ee300000, 0x0000000100000000)
  eden space 30720K, 100% used [0x00000000ec000000,0x00000000ede00000,0x00000000ede00000)
  from space 2560K, 95% used [0x00000000ee080000,0x00000000ee2e1040,0x00000000ee300000)
  to   space 2560K, 0% used [0x00000000ede00000,0x00000000ede00000,0x00000000ee080000)
 ParOldGen       total 40960K, used 8K [0x00000000c4000000, 0x00000000c6800000, 0x00000000ec000000)
  object space 40960K, 0% used [0x00000000c4000000,0x00000000c4002000,0x00000000c6800000)
 PSPermGen       total 21504K, used 12167K [0x00000000b9a00000, 0x00000000baf00000, 0x00000000c4000000)
  object space 21504K, 56% used [0x00000000b9a00000,0x00000000ba5e1d08,0x00000000baf00000)
Event: 8,196 GC heap after
Heap after GC invocations=5 (full 0):
 PSYoungGen      total 33280K, used 2132K [0x00000000ec000000, 0x00000000f0100000, 0x0000000100000000)
  eden space 30720K, 0% used [0x00000000ec000000,0x00000000ec000000,0x00000000ede00000)
  from space 2560K, 83% used [0x00000000ede00000,0x00000000ee015050,0x00000000ee080000)
  to   space 2560K, 0% used [0x00000000efe80000,0x00000000efe80000,0x00000000f0100000)
 ParOldGen       total 40960K, used 8K [0x00000000c4000000, 0x00000000c6800000, 0x00000000ec000000)
  object space 40960K, 0% used [0x00000000c4000000,0x00000000c4002000,0x00000000c6800000)
 PSPermGen       total 21504K, used 12167K [0x00000000b9a00000, 0x00000000baf00000, 0x00000000c4000000)
  object space 21504K, 56% used [0x00000000b9a00000,0x00000000ba5e1d08,0x00000000baf00000)
}
Event: 8,343 GC heap before
{Heap before GC invocations=6 (full 0):
 PSYoungGen      total 33280K, used 32852K [0x00000000ec000000, 0x00000000f0100000, 0x0000000100000000)
  eden space 30720K, 100% used [0x00000000ec000000,0x00000000ede00000,0x00000000ede00000)
  from space 2560K, 83% used [0x00000000ede00000,0x00000000ee015050,0x00000000ee080000)
  to   space 2560K, 0% used [0x00000000efe80000,0x00000000efe80000,0x00000000f0100000)
 ParOldGen       total 40960K, used 8K [0x00000000c4000000, 0x00000000c6800000, 0x00000000ec000000)
  object space 40960K, 0% used [0x00000000c4000000,0x00000000c4002000,0x00000000c6800000)
 PSPermGen       total 21504K, used 12167K [0x00000000b9a00000, 0x00000000baf00000, 0x00000000c4000000)
  object space 21504K, 56% used [0x00000000b9a00000,0x00000000ba5e1d08,0x00000000baf00000)
Event: 8,348 GC heap after
Heap after GC invocations=6 (full 0):
 PSYoungGen      total 64000K, used 2290K [0x00000000ec000000, 0x00000000f0100000, 0x0000000100000000)
  eden space 61440K, 0% used [0x00000000ec000000,0x00000000ec000000,0x00000000efc00000)
  from space 2560K, 89% used [0x00000000efe80000,0x00000000f00bc820,0x00000000f0100000)
  to   space 2560K, 0% used [0x00000000efc00000,0x00000000efc00000,0x00000000efe80000)
 ParOldGen       total 40960K, used 8K [0x00000000c4000000, 0x00000000c6800000, 0x00000000ec000000)
  object space 40960K, 0% used [0x00000000c4000000,0x00000000c4002000,0x00000000c6800000)
 PSPermGen       total 21504K, used 12167K [0x00000000b9a00000, 0x00000000baf00000, 0x00000000c4000000)
  object space 21504K, 56% used [0x00000000b9a00000,0x00000000ba5e1d08,0x00000000baf00000)
}
Event: 8,648 GC heap before
{Heap before GC invocations=7 (full 0):
 PSYoungGen      total 64000K, used 63730K [0x00000000ec000000, 0x00000000f0100000, 0x0000000100000000)
  eden space 61440K, 100% used [0x00000000ec000000,0x00000000efc00000,0x00000000efc00000)
  from space 2560K, 89% used [0x00000000efe80000,0x00000000f00bc820,0x00000000f0100000)
  to   space 2560K, 0% used [0x00000000efc00000,0x00000000efc00000,0x00000000efe80000)
 ParOldGen       total 40960K, used 8K [0x00000000c4000000, 0x00000000c6800000, 0x00000000ec000000)
  object space 40960K, 0% used [0x00000000c4000000,0x00000000c4002000,0x00000000c6800000)
 PSPermGen       total 21504K, used 12168K [0x00000000b9a00000, 0x00000000baf00000, 0x00000000c4000000)
  object space 21504K, 56% used [0x00000000b9a00000,0x00000000ba5e2218,0x00000000baf00000)
Event: 8,656 GC heap after
Heap after GC invocations=7 (full 0):
 PSYoungGen      total 64000K, used 96K [0x00000000ec000000, 0x00000000f3e00000, 0x0000000100000000)
  eden space 61440K, 0% used [0x00000000ec000000,0x00000000ec000000,0x00000000efc00000)
  from space 2560K, 3% used [0x00000000efc00000,0x00000000efc18000,0x00000000efe80000)
  to   space 3072K, 0% used [0x00000000f3b00000,0x00000000f3b00000,0x00000000f3e00000)
 ParOldGen       total 40960K, used 1947K [0x00000000c4000000, 0x00000000c6800000, 0x00000000ec000000)
  object space 40960K, 4% used [0x00000000c4000000,0x00000000c41e6d68,0x00000000c6800000)
 PSPermGen       total 21504K, used 12168K [0x00000000b9a00000, 0x00000000baf00000, 0x00000000c4000000)
  object space 21504K, 56% used [0x00000000b9a00000,0x00000000ba5e2218,0x00000000baf00000)
}
Event: 8,909 GC heap before
{Heap before GC invocations=8 (full 0):
 PSYoungGen      total 64000K, used 61536K [0x00000000ec000000, 0x00000000f3e00000, 0x0000000100000000)
  eden space 61440K, 100% used [0x00000000ec000000,0x00000000efc00000,0x00000000efc00000)
  from space 2560K, 3% used [0x00000000efc00000,0x00000000efc18000,0x00000000efe80000)
  to   space 3072K, 0% used [0x00000000f3b00000,0x00000000f3b00000,0x00000000f3e00000)
 ParOldGen       total 40960K, used 1947K [0x00000000c4000000, 0x00000000c6800000, 0x00000000ec000000)
  object space 40960K, 4% used [0x00000000c4000000,0x00000000c41e6d68,0x00000000c6800000)
 PSPermGen       total 21504K, used 12169K [0x00000000b9a00000, 0x00000000baf00000, 0x00000000c4000000)
  object space 21504K, 56% used [0x00000000b9a00000,0x00000000ba5e2630,0x00000000baf00000)
Event: 8,911 GC heap after
Heap after GC invocations=8 (full 0):
 PSYoungGen      total 125440K, used 288K [0x00000000ec000000, 0x00000000f3f00000, 0x0000000100000000)
  eden space 122368K, 0% used [0x00000000ec000000,0x00000000ec000000,0x00000000f3780000)
  from space 3072K, 9% used [0x00000000f3b00000,0x00000000f3b48000,0x00000000f3e00000)
  to   space 3584K, 0% used [0x00000000f3780000,0x00000000f3780000,0x00000000f3b00000)
 ParOldGen       total 40960K, used 1955K [0x00000000c4000000, 0x00000000c6800000, 0x00000000ec000000)
  object space 40960K, 4% used [0x00000000c4000000,0x00000000c41e8d68,0x00000000c6800000)
 PSPermGen       total 21504K, used 12169K [0x00000000b9a00000, 0x00000000baf00000, 0x00000000c4000000)
  object space 21504K, 56% used [0x00000000b9a00000,0x00000000ba5e2630,0x00000000baf00000)
}
Event: 9,499 GC heap before
{Heap before GC invocations=9 (full 0):
 PSYoungGen      total 125440K, used 122656K [0x00000000ec000000, 0x00000000f3f00000, 0x0000000100000000)
  eden space 122368K, 100% used [0x00000000ec000000,0x00000000f3780000,0x00000000f3780000)
  from space 3072K, 9% used [0x00000000f3b00000,0x00000000f3b48000,0x00000000f3e00000)
  to   space 3584K, 0% used [0x00000000f3780000,0x00000000f3780000,0x00000000f3b00000)
 ParOldGen       total 40960K, used 1955K [0x00000000c4000000, 0x00000000c6800000, 0x00000000ec000000)
  object space 40960K, 4% used [0x00000000c4000000,0x00000000c41e8d68,0x00000000c6800000)
 PSPermGen       total 21504K, used 12171K [0x00000000b9a00000, 0x00000000baf00000, 0x00000000c4000000)
  object space 21504K, 56% used [0x00000000b9a00000,0x00000000ba5e2e48,0x00000000baf00000)

Deoptimization events (10 events):
Event: 5,278 Thread 0x00007f7e28265000 Uncommon trap: reason=class_check action=maybe_recompile pc=0x00007f7e2507bc54 method=java.lang.String.equals(Ljava/lang/Object;)Z @ 8
Event: 5,278 Thread 0x00007f7e28265000 Uncommon trap: reason=class_check action=maybe_recompile pc=0x00007f7e2507bc54 method=java.lang.String.equals(Ljava/lang/Object;)Z @ 8
Event: 5,387 Thread 0x00007f7e28265000 Uncommon trap: reason=class_check action=maybe_recompile pc=0x00007f7e2507bc54 method=java.lang.String.equals(Ljava/lang/Object;)Z @ 8
Event: 5,387 Thread 0x00007f7e28265000 Uncommon trap: reason=class_check action=maybe_recompile pc=0x00007f7e2507bc54 method=java.lang.String.equals(Ljava/lang/Object;)Z @ 8
Event: 7,547 Thread 0x00007f7e2800a000 Uncommon trap: reason=unreached action=reinterpret pc=0x00007f7e250914d4 method=pl.super_marcin.life.model.Plansza.iteruj()V @ 105
Event: 7,634 Thread 0x00007f7e28265000 Uncommon trap: reason=unreached action=reinterpret pc=0x00007f7e25099574 method=sun.java2d.x11.X11SurfaceData.getGC(Lsun/java2d/pipe/Region;ILjava/awt/Composite;IZ)J @ 22
Event: 7,793 Thread 0x00007f7e28265000 Uncommon trap: reason=class_check action=maybe_recompile pc=0x00007f7e250a34bc method=sun.java2d.SunGraphics2D.fillRect(IIII)V @ 10
Event: 7,793 Thread 0x00007f7e28265000 Uncommon trap: reason=class_check action=maybe_recompile pc=0x00007f7e250a34bc method=sun.java2d.SunGraphics2D.fillRect(IIII)V @ 10
Event: 7,801 Thread 0x00007f7e28265000 Uncommon trap: reason=class_check action=maybe_recompile pc=0x00007f7e250a34bc method=sun.java2d.SunGraphics2D.fillRect(IIII)V @ 10
Event: 7,802 Thread 0x00007f7e28265000 Uncommon trap: reason=class_check action=maybe_recompile pc=0x00007f7e250a34bc method=sun.java2d.SunGraphics2D.fillRect(IIII)V @ 10

Internal exceptions (10 events):
Event: 7,419 Thread 0x00007f7e2800a000 Threw 0x00000000ec451100 at /build/buildd/openjdk-7-7u79-2.5.5/build/openjdk/hotspot/src/share/vm/prims/jvm.cpp:1284
Event: 7,420 Thread 0x00007f7e2800a000 Threw 0x00000000ec453e80 at /build/buildd/openjdk-7-7u79-2.5.5/build/openjdk/hotspot/src/share/vm/prims/jvm.cpp:1284
Event: 7,421 Thread 0x00007f7e2800a000 Threw 0x00000000ec4567f8 at /build/buildd/openjdk-7-7u79-2.5.5/build/openjdk/hotspot/src/share/vm/prims/jvm.cpp:1284
Event: 7,422 Thread 0x00007f7e2800a000 Threw 0x00000000ec459830 at /build/buildd/openjdk-7-7u79-2.5.5/build/openjdk/hotspot/src/share/vm/prims/jvm.cpp:1284
Event: 7,422 Thread 0x00007f7e2800a000 Threw 0x00000000ec45c078 at /build/buildd/openjdk-7-7u79-2.5.5/build/openjdk/hotspot/src/share/vm/prims/jvm.cpp:1284
Event: 7,422 Thread 0x00007f7e2800a000 Threw 0x00000000ec45edf0 at /build/buildd/openjdk-7-7u79-2.5.5/build/openjdk/hotspot/src/share/vm/prims/jvm.cpp:1284
Event: 7,423 Thread 0x00007f7e2800a000 Threw 0x00000000ec4614d0 at /build/buildd/openjdk-7-7u79-2.5.5/build/openjdk/hotspot/src/share/vm/prims/jvm.cpp:1284
Event: 7,423 Thread 0x00007f7e2800a000 Threw 0x00000000ec464308 at /build/buildd/openjdk-7-7u79-2.5.5/build/openjdk/hotspot/src/share/vm/prims/jvm.cpp:1284
Event: 7,460 Thread 0x00007f7e2800a000 Threw 0x00000000ec47adf8 at /build/buildd/openjdk-7-7u79-2.5.5/build/openjdk/hotspot/src/share/vm/prims/jvm.cpp:1284
Event: 7,788 Thread 0x00007f7e28265000 Threw 0x00000000ec894bf8 at /build/buildd/openjdk-7-7u79-2.5.5/build/openjdk/hotspot/src/share/vm/prims/jni.cpp:747

Events (10 events):
Event: 7,982 Executing VM operation: ParallelGCFailedAllocation done
Event: 8,178 Executing VM operation: ParallelGCFailedAllocation
Event: 8,196 Executing VM operation: ParallelGCFailedAllocation done
Event: 8,343 Executing VM operation: ParallelGCFailedAllocation
Event: 8,348 Executing VM operation: ParallelGCFailedAllocation done
Event: 8,648 Executing VM operation: ParallelGCFailedAllocation
Event: 8,656 Executing VM operation: ParallelGCFailedAllocation done
Event: 8,909 Executing VM operation: ParallelGCFailedAllocation
Event: 8,911 Executing VM operation: ParallelGCFailedAllocation done
Event: 9,492 Executing VM operation: ParallelGCFailedAllocation


Dynamic libraries:
00400000-00401000 r-xp 00000000 08:03 328732                             /usr/lib/jvm/java-7-openjdk-amd64/jre/bin/java
00600000-00601000 r--p 00000000 08:03 328732                             /usr/lib/jvm/java-7-openjdk-amd64/jre/bin/java
00601000-00602000 rw-p 00001000 08:03 328732                             /usr/lib/jvm/java-7-openjdk-amd64/jre/bin/java
01890000-018b1000 rw-p 00000000 00:00 0                                  [heap]
b9a00000-baf00000 rw-p 00000000 00:00 0 
baf00000-c4000000 rw-p 00000000 00:00 0 
c4000000-c6800000 rw-p 00000000 00:00 0 
c6800000-ec000000 rw-p 00000000 00:00 0 
ec000000-f3f00000 rw-p 00000000 00:00 0 
f8680000-100000000 rw-p 00000000 00:00 0 
7f7dd0000000-7f7dd0021000 rw-p 00000000 00:00 0 
7f7dd0021000-7f7dd4000000 ---p 00000000 00:00 0 
7f7dd8000000-7f7dd8021000 rw-p 00000000 00:00 0 
7f7dd8021000-7f7ddc000000 ---p 00000000 00:00 0 
7f7ddc000000-7f7ddc031000 rw-p 00000000 00:00 0 
7f7ddc031000-7f7de0000000 ---p 00000000 00:00 0 
7f7de0000000-7f7de0021000 rw-p 00000000 00:00 0 
7f7de0021000-7f7de4000000 ---p 00000000 00:00 0 
7f7de7343000-7f7de757d000 rw-p 00000000 00:00 0 
7f7de757d000-7f7de7580000 ---p 00000000 00:00 0 
7f7de7580000-7f7de767e000 rw-p 00000000 00:00 0                          [stack:7793]
7f7de767e000-7f7de7681000 ---p 00000000 00:00 0 
7f7de7681000-7f7de777f000 rw-p 00000000 00:00 0                          [stack:7792]
7f7de777f000-7f7de7782000 ---p 00000000 00:00 0 
7f7de7782000-7f7de7880000 rw-p 00000000 00:00 0                          [stack:7791]
7f7de7880000-7f7de7890000 r-xp 00000000 08:03 827168                     /usr/lib/jvm/java-7-openjdk-amd64/jre/lib/amd64/libnio.so
7f7de7890000-7f7de7a90000 ---p 00010000 08:03 827168                     /usr/lib/jvm/java-7-openjdk-amd64/jre/lib/amd64/libnio.so
7f7de7a90000-7f7de7a91000 r--p 00010000 08:03 827168                     /usr/lib/jvm/java-7-openjdk-amd64/jre/lib/amd64/libnio.so
7f7de7a91000-7f7de7a92000 rw-p 00011000 08:03 827168                     /usr/lib/jvm/java-7-openjdk-amd64/jre/lib/amd64/libnio.so
7f7de7a92000-7f7de7aa9000 r-xp 00000000 08:03 827180                     /usr/lib/jvm/java-7-openjdk-amd64/jre/lib/amd64/libnet.so
7f7de7aa9000-7f7de7ca8000 ---p 00017000 08:03 827180                     /usr/lib/jvm/java-7-openjdk-amd64/jre/lib/amd64/libnet.so
7f7de7ca8000-7f7de7ca9000 r--p 00016000 08:03 827180                     /usr/lib/jvm/java-7-openjdk-amd64/jre/lib/amd64/libnet.so
7f7de7ca9000-7f7de7caa000 rw-p 00017000 08:03 827180                     /usr/lib/jvm/java-7-openjdk-amd64/jre/lib/amd64/libnet.so
7f7de7caa000-7f7de7cfc000 r-xp 00000000 08:03 827170                     /usr/lib/jvm/java-7-openjdk-amd64/jre/lib/amd64/libfontmanager.so
7f7de7cfc000-7f7de7efb000 ---p 00052000 08:03 827170                     /usr/lib/jvm/java-7-openjdk-amd64/jre/lib/amd64/libfontmanager.so
7f7de7efb000-7f7de7efe000 r--p 00051000 08:03 827170                     /usr/lib/jvm/java-7-openjdk-amd64/jre/lib/amd64/libfontmanager.so
7f7de7efe000-7f7de7eff000 rw-p 00054000 08:03 827170                     /usr/lib/jvm/java-7-openjdk-amd64/jre/lib/amd64/libfontmanager.so
7f7de7eff000-7f7de7f02000 ---p 00000000 00:00 0 
7f7de7f02000-7f7de8000000 rw-p 00000000 00:00 0                          [stack:7790]
7f7de8000000-7f7de8021000 rw-p 00000000 00:00 0 
7f7de8021000-7f7dec000000 ---p 00000000 00:00 0 
7f7dec000000-7f7dec021000 rw-p 00000000 00:00 0 
7f7dec021000-7f7df0000000 ---p 00000000 00:00 0 
7f7df0000000-7f7df0021000 rw-p 00000000 00:00 0 
7f7df0021000-7f7df4000000 ---p 00000000 00:00 0 
7f7df40c3000-7f7df40c8000 r-xp 00000000 08:03 663399                     /usr/lib/x86_64-linux-gnu/libXfixes.so.3.1.0
7f7df40c8000-7f7df42c7000 ---p 00005000 08:03 663399                     /usr/lib/x86_64-linux-gnu/libXfixes.so.3.1.0
7f7df42c7000-7f7df42c8000 r--p 00004000 08:03 663399                     /usr/lib/x86_64-linux-gnu/libXfixes.so.3.1.0
7f7df42c8000-7f7df42c9000 rw-p 00005000 08:03 663399                     /usr/lib/x86_64-linux-gnu/libXfixes.so.3.1.0
7f7df42c9000-7f7df42d2000 r-xp 00000000 08:03 661661                     /usr/lib/x86_64-linux-gnu/libXcursor.so.1.0.2
7f7df42d2000-7f7df44d1000 ---p 00009000 08:03 661661                     /usr/lib/x86_64-linux-gnu/libXcursor.so.1.0.2
7f7df44d1000-7f7df44d2000 r--p 00008000 08:03 661661                     /usr/lib/x86_64-linux-gnu/libXcursor.so.1.0.2
7f7df44d2000-7f7df44d3000 rw-p 00009000 08:03 661661                     /usr/lib/x86_64-linux-gnu/libXcursor.so.1.0.2
7f7df44d3000-7f7df44d6000 ---p 00000000 00:00 0 
7f7df44d6000-7f7df45d4000 rw-p 00000000 00:00 0                          [stack:7789]
7f7df45d4000-7f7df45d8000 r-xp 00000000 08:03 264832                     /lib/x86_64-linux-gnu/libgpg-error.so.0.10.0
7f7df45d8000-7f7df47d7000 ---p 00004000 08:03 264832                     /lib/x86_64-linux-gnu/libgpg-error.so.0.10.0
7f7df47d7000-7f7df47d8000 r--p 00003000 08:03 264832                     /lib/x86_64-linux-gnu/libgpg-error.so.0.10.0
7f7df47d8000-7f7df47d9000 rw-p 00004000 08:03 264832                     /lib/x86_64-linux-gnu/libgpg-error.so.0.10.0
7f7df47d9000-7f7df47db000 r-xp 00000000 08:03 264842                     /lib/x86_64-linux-gnu/libkeyutils.so.1.4
7f7df47db000-7f7df49db000 ---p 00002000 08:03 264842                     /lib/x86_64-linux-gnu/libkeyutils.so.1.4
7f7df49db000-7f7df49dc000 r--p 00002000 08:03 264842                     /lib/x86_64-linux-gnu/libkeyutils.so.1.4
7f7df49dc000-7f7df49dd000 rw-p 00003000 08:03 264842                     /lib/x86_64-linux-gnu/libkeyutils.so.1.4
7f7df49dd000-7f7df4a1a000 r-xp 00000000 08:03 264902                     /lib/x86_64-linux-gnu/libpcre.so.3.13.1
7f7df4a1a000-7f7df4c19000 ---p 0003d000 08:03 264902                     /lib/x86_64-linux-gnu/libpcre.so.3.13.1
7f7df4c19000-7f7df4c1a000 r--p 0003c000 08:03 264902                     /lib/x86_64-linux-gnu/libpcre.so.3.13.1
7f7df4c1a000-7f7df4c1b000 rw-p 0003d000 08:03 264902                     /lib/x86_64-linux-gnu/libpcre.so.3.13.1
7f7df4c1b000-7f7df4c40000 r-xp 00000000 08:03 264914                     /lib/x86_64-linux-gnu/libpng12.so.0.50.0
7f7df4c40000-7f7df4e3f000 ---p 00025000 08:03 264914                     /lib/x86_64-linux-gnu/libpng12.so.0.50.0
7f7df4e3f000-7f7df4e40000 r--p 00024000 08:03 264914                     /lib/x86_64-linux-gnu/libpng12.so.0.50.0
7f7df4e40000-7f7df4e41000 rw-p 00025000 08:03 264914                     /lib/x86_64-linux-gnu/libpng12.so.0.50.0
7f7df4e41000-7f7df4e85000 r-xp 00000000 08:03 261284                     /lib/x86_64-linux-gnu/libdbus-1.so.3.7.6
7f7df4e85000-7f7df5084000 ---p 00044000 08:03 261284                     /lib/x86_64-linux-gnu/libdbus-1.so.3.7.6
7f7df5084000-7f7df5085000 r--p 00043000 08:03 261284                     /lib/x86_64-linux-gnu/libdbus-1.so.3.7.6
7f7df5085000-7f7df5086000 rw-p 00044000 08:03 261284                     /lib/x86_64-linux-gnu/libdbus-1.so.3.7.6
7f7df5086000-7f7df50c1000 r-xp 00000000 08:03 662381                     /usr/lib/x86_64-linux-gnu/libp11-kit.so.0.0.0
7f7df50c1000-7f7df52c0000 ---p 0003b000 08:03 662381                     /usr/lib/x86_64-linux-gnu/libp11-kit.so.0.0.0
7f7df52c0000-7f7df52c6000 r--p 0003a000 08:03 662381                     /usr/lib/x86_64-linux-gnu/libp11-kit.so.0.0.0
7f7df52c6000-7f7df52c8000 rw-p 00040000 08:03 662381                     /usr/lib/x86_64-linux-gnu/libp11-kit.so.0.0.0
7f7df52c8000-7f7df52da000 r-xp 00000000 08:03 660196                     /usr/lib/x86_64-linux-gnu/libtasn1.so.6.2.0
7f7df52da000-7f7df54da000 ---p 00012000 08:03 660196                     /usr/lib/x86_64-linux-gnu/libtasn1.so.6.2.0
7f7df54da000-7f7df54db000 r--p 00012000 08:03 660196                     /usr/lib/x86_64-linux-gnu/libtasn1.so.6.2.0
7f7df54db000-7f7df54dc000 rw-p 00013000 08:03 660196                     /usr/lib/x86_64-linux-gnu/libtasn1.so.6.2.0
7f7df54dc000-7f7df5558000 r-xp 00000000 08:03 328824                     /lib/x86_64-linux-gnu/libgcrypt.so.11.8.2
7f7df5558000-7f7df5758000 ---p 0007c000 08:03 328824                     /lib/x86_64-linux-gnu/libgcrypt.so.11.8.2
7f7df5758000-7f7df5759000 r--p 0007c000 08:03 328824                     /lib/x86_64-linux-gnu/libgcrypt.so.11.8.2
7f7df5759000-7f7df575c000 rw-p 0007d000 08:03 328824                     /lib/x86_64-linux-gnu/libgcrypt.so.11.8.2
7f7df575c000-7f7df5766000 r-xp 00000000 08:03 661384                     /usr/lib/x86_64-linux-gnu/libkrb5support.so.0.1
7f7df5766000-7f7df5965000 ---p 0000a000 08:03 661384                     /usr/lib/x86_64-linux-gnu/libkrb5support.so.0.1
7f7df5965000-7f7df5966000 r--p 00009000 08:03 661384                     /usr/lib/x86_64-linux-gnu/libkrb5support.so.0.1
7f7df5966000-7f7df5967000 rw-p 0000a000 08:03 661384                     /usr/lib/x86_64-linux-gnu/libkrb5support.so.0.1
7f7df5967000-7f7df596a000 r-xp 00000000 08:03 262686                     /lib/x86_64-linux-gnu/libcom_err.so.2.1
7f7df596a000-7f7df5b69000 ---p 00003000 08:03 262686                     /lib/x86_64-linux-gnu/libcom_err.so.2.1
7f7df5b69000-7f7df5b6a000 r--p 00002000 08:03 262686                     /lib/x86_64-linux-gnu/libcom_err.so.2.1
7f7df5b6a000-7f7df5b6b000 rw-p 00003000 08:03 262686                     /lib/x86_64-linux-gnu/libcom_err.so.2.1
7f7df5b6b000-7f7df5b97000 r-xp 00000000 08:03 659364                     /usr/lib/x86_64-linux-gnu/libk5crypto.so.3.1
7f7df5b97000-7f7df5d96000 ---p 0002c000 08:03 659364                     /usr/lib/x86_64-linux-gnu/libk5crypto.so.3.1
7f7df5d96000-7f7df5d98000 r--p 0002b000 08:03 659364                     /usr/lib/x86_64-linux-gnu/libk5crypto.so.3.1
7f7df5d98000-7f7df5d99000 rw-p 0002d000 08:03 659364                     /usr/lib/x86_64-linux-gnu/libk5crypto.so.3.1
7f7df5d99000-7f7df5d9a000 rw-p 00000000 00:00 0 
7f7df5d9a000-7f7df5e56000 r-xp 00000000 08:03 661171                     /usr/lib/x86_64-linux-gnu/libkrb5.so.3.3
7f7df5e56000-7f7df6056000 ---p 000bc000 08:03 661171                     /usr/lib/x86_64-linux-gnu/libkrb5.so.3.3
7f7df6056000-7f7df6063000 r--p 000bc000 08:03 661171                     /usr/lib/x86_64-linux-gnu/libkrb5.so.3.3
7f7df6063000-7f7df6065000 rw-p 000c9000 08:03 661171                     /usr/lib/x86_64-linux-gnu/libkrb5.so.3.3
7f7df6065000-7f7df606a000 r-xp 00000000 08:03 661665                     /usr/lib/x86_64-linux-gnu/libXdmcp.so.6.0.0
7f7df606a000-7f7df6269000 ---p 00005000 08:03 661665                     /usr/lib/x86_64-linux-gnu/libXdmcp.so.6.0.0
7f7df6269000-7f7df626a000 r--p 00004000 08:03 661665                     /usr/lib/x86_64-linux-gnu/libXdmcp.so.6.0.0
7f7df626a000-7f7df626b000 rw-p 00005000 08:03 661665                     /usr/lib/x86_64-linux-gnu/libXdmcp.so.6.0.0
7f7df626b000-7f7df626d000 r-xp 00000000 08:03 661654                     /usr/lib/x86_64-linux-gnu/libXau.so.6.0.0
7f7df626d000-7f7df646d000 ---p 00002000 08:03 661654                     /usr/lib/x86_64-linux-gnu/libXau.so.6.0.0
7f7df646d000-7f7df646e000 r--p 00002000 08:03 661654                     /usr/lib/x86_64-linux-gnu/libXau.so.6.0.0
7f7df646e000-7f7df646f000 rw-p 00003000 08:03 661654                     /usr/lib/x86_64-linux-gnu/libXau.so.6.0.0
7f7df646f000-7f7df6476000 r-xp 00000000 08:03 661932                     /usr/lib/x86_64-linux-gnu/libffi.so.6.0.1
7f7df6476000-7f7df6675000 ---p 00007000 08:03 661932                     /usr/lib/x86_64-linux-gnu/libffi.so.6.0.1
7f7df6675000-7f7df6676000 r--p 00006000 08:03 661932                     /usr/lib/x86_64-linux-gnu/libffi.so.6.0.1
7f7df6676000-7f7df6677000 rw-p 00007000 08:03 661932                     /usr/lib/x86_64-linux-gnu/libffi.so.6.0.1
7f7df6677000-7f7df668e000 r-xp 00000000 08:03 264763                     /lib/x86_64-linux-gnu/libresolv-2.19.so
7f7df668e000-7f7df688e000 ---p 00017000 08:03 264763                     /lib/x86_64-linux-gnu/libresolv-2.19.so
7f7df688e000-7f7df688f000 r--p 00017000 08:03 264763                     /lib/x86_64-linux-gnu/libresolv-2.19.so
7f7df688f000-7f7df6890000 rw-p 00018000 08:03 264763                     /lib/x86_64-linux-gnu/libresolv-2.19.so
7f7df6890000-7f7df6892000 rw-p 00000000 00:00 0 
7f7df6892000-7f7df68b2000 r-xp 00000000 08:03 264838                     /lib/x86_64-linux-gnu/libselinux.so.1
7f7df68b2000-7f7df6ab1000 ---p 00020000 08:03 264838                     /lib/x86_64-linux-gnu/libselinux.so.1
7f7df6ab1000-7f7df6ab2000 r--p 0001f000 08:03 264838                     /lib/x86_64-linux-gnu/libselinux.so.1
7f7df6ab2000-7f7df6ab3000 rw-p 00020000 08:03 264838                     /lib/x86_64-linux-gnu/libselinux.so.1
7f7df6ab3000-7f7df6ab5000 rw-p 00000000 00:00 0 
7f7df6ab5000-7f7df6bbb000 r-xp 00000000 08:03 274761                     /lib/x86_64-linux-gnu/libglib-2.0.so.0.4002.0
7f7df6bbb000-7f7df6dba000 ---p 00106000 08:03 274761                     /lib/x86_64-linux-gnu/libglib-2.0.so.0.4002.0
7f7df6dba000-7f7df6dbb000 r--p 00105000 08:03 274761                     /lib/x86_64-linux-gnu/libglib-2.0.so.0.4002.0
7f7df6dbb000-7f7df6dbc000 rw-p 00106000 08:03 274761                     /lib/x86_64-linux-gnu/libglib-2.0.so.0.4002.0
7f7df6dbc000-7f7df6dbd000 rw-p 00000000 00:00 0 
7f7df6dbd000-7f7df6dc0000 r-xp 00000000 08:03 651823                     /usr/lib/x86_64-linux-gnu/libgmodule-2.0.so.0.4002.0
7f7df6dc0000-7f7df6fbf000 ---p 00003000 08:03 651823                     /usr/lib/x86_64-linux-gnu/libgmodule-2.0.so.0.4002.0
7f7df6fbf000-7f7df6fc0000 r--p 00002000 08:03 651823                     /usr/lib/x86_64-linux-gnu/libgmodule-2.0.so.0.4002.0
7f7df6fc0000-7f7df6fc1000 rw-p 00003000 08:03 651823                     /usr/lib/x86_64-linux-gnu/libgmodule-2.0.so.0.4002.0
7f7df6fc1000-7f7df6fe8000 r-xp 00000000 08:03 264821                     /lib/x86_64-linux-gnu/libexpat.so.1.6.0
7f7df6fe8000-7f7df71e8000 ---p 00027000 08:03 264821                     /lib/x86_64-linux-gnu/libexpat.so.1.6.0
7f7df71e8000-7f7df71ea000 r--p 00027000 08:03 264821                     /lib/x86_64-linux-gnu/libexpat.so.1.6.0
7f7df71ea000-7f7df71eb000 rw-p 00029000 08:03 264821                     /lib/x86_64-linux-gnu/libexpat.so.1.6.0
7f7df71eb000-7f7df7288000 r-xp 00000000 08:03 693442                     /usr/lib/x86_64-linux-gnu/libfreetype.so.6.11.1
7f7df7288000-7f7df7487000 ---p 0009d000 08:03 693442                     /usr/lib/x86_64-linux-gnu/libfreetype.so.6.11.1
7f7df7487000-7f7df748d000 r--p 0009c000 08:03 693442                     /usr/lib/x86_64-linux-gnu/libfreetype.so.6.11.1
7f7df748d000-7f7df748e000 rw-p 000a2000 08:03 693442                     /usr/lib/x86_64-linux-gnu/libfreetype.so.6.11.1
7f7df748e000-7f7df749d000 r-xp 00000000 08:03 661758                     /usr/lib/x86_64-linux-gnu/libavahi-client.so.3.2.9
7f7df749d000-7f7df769d000 ---p 0000f000 08:03 661758                     /usr/lib/x86_64-linux-gnu/libavahi-client.so.3.2.9
7f7df769d000-7f7df769e000 r--p 0000f000 08:03 661758                     /usr/lib/x86_64-linux-gnu/libavahi-client.so.3.2.9
7f7df769e000-7f7df769f000 rw-p 00010000 08:03 661758                     /usr/lib/x86_64-linux-gnu/libavahi-client.so.3.2.9
7f7df769f000-7f7df76aa000 r-xp 00000000 08:03 661760                     /usr/lib/x86_64-linux-gnu/libavahi-common.so.3.5.3
7f7df76aa000-7f7df78a9000 ---p 0000b000 08:03 661760                     /usr/lib/x86_64-linux-gnu/libavahi-common.so.3.5.3
7f7df78a9000-7f7df78aa000 r--p 0000a000 08:03 661760                     /usr/lib/x86_64-linux-gnu/libavahi-common.so.3.5.3
7f7df78aa000-7f7df78ab000 rw-p 0000b000 08:03 661760                     /usr/lib/x86_64-linux-gnu/libavahi-common.so.3.5.3
7f7df78ab000-7f7df7961000 r-xp 00000000 08:03 679970                     /usr/lib/x86_64-linux-gnu/libgnutls.so.26.22.6
7f7df7961000-7f7df7b61000 ---p 000b6000 08:03 679970                     /usr/lib/x86_64-linux-gnu/libgnutls.so.26.22.6
7f7df7b61000-7f7df7b67000 r--p 000b6000 08:03 679970                     /usr/lib/x86_64-linux-gnu/libgnutls.so.26.22.6
7f7df7b67000-7f7df7b68000 rw-p 000bc000 08:03 679970                     /usr/lib/x86_64-linux-gnu/libgnutls.so.26.22.6
7f7df7b68000-7f7df7b69000 rw-p 00000000 00:00 0 
7f7df7b69000-7f7df7bac000 r-xp 00000000 08:03 660101                     /usr/lib/x86_64-linux-gnu/libgssapi_krb5.so.2.2
7f7df7bac000-7f7df7dac000 ---p 00043000 08:03 660101                     /usr/lib/x86_64-linux-gnu/libgssapi_krb5.so.2.2
7f7df7dac000-7f7df7dad000 r--p 00043000 08:03 660101                     /usr/lib/x86_64-linux-gnu/libgssapi_krb5.so.2.2
7f7df7dad000-7f7df7daf000 rw-p 00044000 08:03 660101                     /usr/lib/x86_64-linux-gnu/libgssapi_krb5.so.2.2
7f7df7daf000-7f7df7dfe000 r-xp 00000000 08:03 651824                     /usr/lib/x86_64-linux-gnu/libgobject-2.0.so.0.4002.0
7f7df7dfe000-7f7df7ffe000 ---p 0004f000 08:03 651824                     /usr/lib/x86_64-linux-gnu/libgobject-2.0.so.0.4002.0
7f7df7ffe000-7f7df7fff000 r--p 0004f000 08:03 651824                     /usr/lib/x86_64-linux-gnu/libgobject-2.0.so.0.4002.0
7f7df7fff000-7f7df8000000 rw-p 00050000 08:03 651824                     /usr/lib/x86_64-linux-gnu/libgobject-2.0.so.0.4002.0
7f7df8000000-7f7df82ce000 rw-p 00000000 00:00 0 
7f7df82ce000-7f7dfc000000 ---p 00000000 00:00 0 
7f7dfc000000-7f7dfc1ad000 rw-p 00000000 00:00 0 
7f7dfc1ad000-7f7e00000000 ---p 00000000 00:00 0 
7f7e00000000-7f7e00021000 rw-p 00000000 00:00 0 
7f7e00021000-7f7e04000000 ---p 00000000 00:00 0 
7f7e04000000-7f7e04021000 rw-p 00000000 00:00 0 
7f7e04021000-7f7e08000000 ---p 00000000 00:00 0 
7f7e08000000-7f7e08021000 rw-p 00000000 00:00 0 
7f7e08021000-7f7e0c000000 ---p 00000000 00:00 0 
7f7e0c000000-7f7e0c021000 rw-p 00000000 00:00 0 
7f7e0c021000-7f7e10000000 ---p 00000000 00:00 0 
7f7e10000000-7f7e10021000 rw-p 00000000 00:00 0 
7f7e10021000-7f7e14000000 ---p 00000000 00:00 0 
7f7e14000000-7f7e14021000 rw-p 00000000 00:00 0 
7f7e14021000-7f7e18000000 ---p 00000000 00:00 0 
7f7e18000000-7f7e18021000 rw-p 00000000 00:00 0 
7f7e18021000-7f7e1c000000 ---p 00000000 00:00 0 
7f7e1c008000-7f7e1c025000 r-xp 00000000 08:03 662722                     /usr/lib/x86_64-linux-gnu/libxcb.so.1.1.0
7f7e1c025000-7f7e1c225000 ---p 0001d000 08:03 662722                     /usr/lib/x86_64-linux-gnu/libxcb.so.1.1.0
7f7e1c225000-7f7e1c226000 r--p 0001d000 08:03 662722                     /usr/lib/x86_64-linux-gnu/libxcb.so.1.1.0
7f7e1c226000-7f7e1c227000 rw-p 0001e000 08:03 662722                     /usr/lib/x86_64-linux-gnu/libxcb.so.1.1.0
7f7e1c227000-7f7e1c393000 r-xp 00000000 08:03 651826                     /usr/lib/x86_64-linux-gnu/libgio-2.0.so.0.4002.0
7f7e1c393000-7f7e1c592000 ---p 0016c000 08:03 651826                     /usr/lib/x86_64-linux-gnu/libgio-2.0.so.0.4002.0
7f7e1c592000-7f7e1c596000 r--p 0016b000 08:03 651826                     /usr/lib/x86_64-linux-gnu/libgio-2.0.so.0.4002.0
7f7e1c596000-7f7e1c598000 rw-p 0016f000 08:03 651826                     /usr/lib/x86_64-linux-gnu/libgio-2.0.so.0.4002.0
7f7e1c598000-7f7e1c59a000 rw-p 00000000 00:00 0 
7f7e1c59a000-7f7e1c5d4000 r-xp 00000000 08:03 652565                     /usr/lib/x86_64-linux-gnu/libfontconfig.so.1.8.0
7f7e1c5d4000-7f7e1c7d3000 ---p 0003a000 08:03 652565                     /usr/lib/x86_64-linux-gnu/libfontconfig.so.1.8.0
7f7e1c7d3000-7f7e1c7d5000 r--p 00039000 08:03 652565                     /usr/lib/x86_64-linux-gnu/libfontconfig.so.1.8.0
7f7e1c7d5000-7f7e1c7d6000 rw-p 0003b000 08:03 652565                     /usr/lib/x86_64-linux-gnu/libfontconfig.so.1.8.0
7f7e1c7d6000-7f7e1c842000 r-xp 00000000 08:03 654166                     /usr/lib/x86_64-linux-gnu/libcups.so.2
7f7e1c842000-7f7e1ca42000 ---p 0006c000 08:03 654166                     /usr/lib/x86_64-linux-gnu/libcups.so.2
7f7e1ca42000-7f7e1ca49000 r--p 0006c000 08:03 654166                     /usr/lib/x86_64-linux-gnu/libcups.so.2
7f7e1ca49000-7f7e1ca4a000 rw-p 00073000 08:03 654166                     /usr/lib/x86_64-linux-gnu/libcups.so.2
7f7e1ca4a000-7f7e1ca59000 r-xp 00000000 08:03 663953                     /usr/lib/x86_64-linux-gnu/libXi.so.6.1.0
7f7e1ca59000-7f7e1cc58000 ---p 0000f000 08:03 663953                     /usr/lib/x86_64-linux-gnu/libXi.so.6.1.0
7f7e1cc58000-7f7e1cc59000 r--p 0000e000 08:03 663953                     /usr/lib/x86_64-linux-gnu/libXi.so.6.1.0
7f7e1cc59000-7f7e1cc5a000 rw-p 0000f000 08:03 663953                     /usr/lib/x86_64-linux-gnu/libXi.so.6.1.0
7f7e1cc5a000-7f7e1cc5f000 r-xp 00000000 08:03 661695                     /usr/lib/x86_64-linux-gnu/libXtst.so.6.1.0
7f7e1cc5f000-7f7e1ce5e000 ---p 00005000 08:03 661695                     /usr/lib/x86_64-linux-gnu/libXtst.so.6.1.0
7f7e1ce5e000-7f7e1ce5f000 r--p 00004000 08:03 661695                     /usr/lib/x86_64-linux-gnu/libXtst.so.6.1.0
7f7e1ce5f000-7f7e1ce60000 rw-p 00005000 08:03 661695                     /usr/lib/x86_64-linux-gnu/libXtst.so.6.1.0
7f7e1ce60000-7f7e1ce69000 r-xp 00000000 08:03 666943                     /usr/lib/x86_64-linux-gnu/libXrender.so.1.3.0
7f7e1ce69000-7f7e1d068000 ---p 00009000 08:03 666943                     /usr/lib/x86_64-linux-gnu/libXrender.so.1.3.0
7f7e1d068000-7f7e1d069000 r--p 00008000 08:03 666943                     /usr/lib/x86_64-linux-gnu/libXrender.so.1.3.0
7f7e1d069000-7f7e1d06a000 rw-p 00009000 08:03 666943                     /usr/lib/x86_64-linux-gnu/libXrender.so.1.3.0
7f7e1d06a000-7f7e1d19a000 r-xp 00000000 08:03 661650                     /usr/lib/x86_64-linux-gnu/libX11.so.6.3.0
7f7e1d19a000-7f7e1d39a000 ---p 00130000 08:03 661650                     /usr/lib/x86_64-linux-gnu/libX11.so.6.3.0
7f7e1d39a000-7f7e1d39b000 r--p 00130000 08:03 661650                     /usr/lib/x86_64-linux-gnu/libX11.so.6.3.0
7f7e1d39b000-7f7e1d39f000 rw-p 00131000 08:03 661650                     /usr/lib/x86_64-linux-gnu/libX11.so.6.3.0
7f7e1d39f000-7f7e1d3b0000 r-xp 00000000 08:03 659453                     /usr/lib/x86_64-linux-gnu/libXext.so.6.4.0
7f7e1d3b0000-7f7e1d5af000 ---p 00011000 08:03 659453                     /usr/lib/x86_64-linux-gnu/libXext.so.6.4.0
7f7e1d5af000-7f7e1d5b0000 r--p 00010000 08:03 659453                     /usr/lib/x86_64-linux-gnu/libXext.so.6.4.0
7f7e1d5b0000-7f7e1d5b1000 rw-p 00011000 08:03 659453                     /usr/lib/x86_64-linux-gnu/libXext.so.6.4.0
7f7e1d5b1000-7f7e1d5f9000 r-xp 00000000 08:03 274795                     /usr/lib/jvm/java-7-openjdk-amd64/jre/lib/amd64/xawt/libmawt.so
7f7e1d5f9000-7f7e1d7f8000 ---p 00048000 08:03 274795                     /usr/lib/jvm/java-7-openjdk-amd64/jre/lib/amd64/xawt/libmawt.so
7f7e1d7f8000-7f7e1d7f9000 r--p 00047000 08:03 274795                     /usr/lib/jvm/java-7-openjdk-amd64/jre/lib/amd64/xawt/libmawt.so
7f7e1d7f9000-7f7e1d7fc000 rw-p 00048000 08:03 274795                     /usr/lib/jvm/java-7-openjdk-amd64/jre/lib/amd64/xawt/libmawt.so
7f7e1d7fc000-7f7e1d7fd000 rw-p 00000000 00:00 0 
7f7e1d7fd000-7f7e1d89d000 r-xp 00000000 08:03 827154                     /usr/lib/jvm/java-7-openjdk-amd64/jre/lib/amd64/libawt.so
7f7e1d89d000-7f7e1da9d000 ---p 000a0000 08:03 827154                     /usr/lib/jvm/java-7-openjdk-amd64/jre/lib/amd64/libawt.so
7f7e1da9d000-7f7e1da9e000 r--p 000a0000 08:03 827154                     /usr/lib/jvm/java-7-openjdk-amd64/jre/lib/amd64/libawt.so
7f7e1da9e000-7f7e1daa9000 rw-p 000a1000 08:03 827154                     /usr/lib/jvm/java-7-openjdk-amd64/jre/lib/amd64/libawt.so
7f7e1daa9000-7f7e1dace000 rw-p 00000000 00:00 0 
7f7e1dace000-7f7e1dacf000 ---p 00000000 00:00 0 
7f7e1dacf000-7f7e1dbcf000 rw-p 00000000 00:00 0                          [stack:7788]
7f7e1dbcf000-7f7e1dbd2000 ---p 00000000 00:00 0 
7f7e1dbd2000-7f7e20000000 rw-p 00000000 00:00 0                          [stack:7787]
7f7e20000000-7f7e20021000 rw-p 00000000 00:00 0 
7f7e20021000-7f7e24000000 ---p 00000000 00:00 0 
7f7e24090000-7f7e240c1000 rw-p 00000000 00:00 0 
7f7e240c1000-7f7e240e6000 r--p 00000000 08:03 158814                     /usr/share/locale-langpack/pl/LC_MESSAGES/libc.mo
7f7e240e6000-7f7e240e9000 ---p 00000000 00:00 0 
7f7e240e9000-7f7e241e7000 rw-p 00000000 00:00 0                          [stack:7786]
7f7e241e7000-7f7e241ea000 ---p 00000000 00:00 0 
7f7e241ea000-7f7e242e8000 rw-p 00000000 00:00 0                          [stack:7785]
7f7e242e8000-7f7e242eb000 ---p 00000000 00:00 0 
7f7e242eb000-7f7e243e9000 rw-p 00000000 00:00 0                          [stack:7784]
7f7e243e9000-7f7e24bfc000 r--p 00000000 08:03 658465                     /usr/lib/locale/locale-archive
7f7e24bfc000-7f7e24bff000 ---p 00000000 00:00 0 
7f7e24bff000-7f7e24cfd000 rw-p 00000000 00:00 0                          [stack:7783]
7f7e24cfd000-7f7e24d00000 ---p 00000000 00:00 0 
7f7e24d00000-7f7e24dfe000 rw-p 00000000 00:00 0                          [stack:7782]
7f7e24dfe000-7f7e24dff000 ---p 00000000 00:00 0 
7f7e24dff000-7f7e25000000 rw-p 00000000 00:00 0                          [stack:7781]
7f7e25000000-7f7e25270000 rwxp 00000000 00:00 0 
7f7e25270000-7f7e282b7000 rw-p 00000000 00:00 0 
7f7e282b7000-7f7e2c000000 ---p 00000000 00:00 0 
7f7e2c002000-7f7e2c00c000 r--s 000ae000 08:03 827151                     /usr/lib/jvm/java-7-openjdk-amd64/jre/lib/resources.jar
7f7e2c00c000-7f7e2c013000 r--s 00000000 08:03 791290                     /usr/lib/x86_64-linux-gnu/gconv/gconv-modules.cache
7f7e2c013000-7f7e2c01d000 r--s 00203000 08:03 827148                     /usr/lib/jvm/java-7-openjdk-amd64/jre/lib/charsets.jar
7f7e2c01d000-7f7e2cf19000 rw-p 00000000 00:00 0 
7f7e2cf19000-7f7e2d0ca000 r--s 01d27000 08:03 827184                     /usr/lib/jvm/java-7-openjdk-amd64/jre/lib/rt.jar
7f7e2d0ca000-7f7e2d3f6000 rw-p 00000000 00:00 0 
7f7e2d3f6000-7f7e2d3f7000 ---p 00000000 00:00 0 
7f7e2d3f7000-7f7e2d4f7000 rw-p 00000000 00:00 0                          [stack:7779]
7f7e2d4f7000-7f7e2d4f8000 ---p 00000000 00:00 0 
7f7e2d4f8000-7f7e2d5f8000 rw-p 00000000 00:00 0                          [stack:7778]
7f7e2d5f8000-7f7e2d5f9000 ---p 00000000 00:00 0 
7f7e2d5f9000-7f7e2d6f9000 rw-p 00000000 00:00 0                          [stack:7777]
7f7e2d6f9000-7f7e2d6fa000 ---p 00000000 00:00 0 
7f7e2d6fa000-7f7e2d805000 rw-p 00000000 00:00 0                          [stack:7776]
7f7e2d805000-7f7e2d84d000 rw-p 00000000 00:00 0 
7f7e2d84d000-7f7e2d861000 rw-p 00000000 00:00 0 
7f7e2d861000-7f7e2d98d000 rw-p 00000000 00:00 0 
7f7e2d98d000-7f7e2d998000 rw-p 00000000 00:00 0 
7f7e2d998000-7f7e2d9e0000 rw-p 00000000 00:00 0 
7f7e2d9e0000-7f7e2d9f4000 rw-p 00000000 00:00 0 
7f7e2d9f4000-7f7e2db20000 rw-p 00000000 00:00 0 
7f7e2db20000-7f7e2db60000 rw-p 00000000 00:00 0 
7f7e2db60000-7f7e2dbc0000 rw-p 00000000 00:00 0 
7f7e2dbc0000-7f7e2dbc1000 rw-p 00000000 00:00 0 
7f7e2dbc1000-7f7e2dbc9000 r-xp 00000000 08:03 827164                     /usr/lib/jvm/java-7-openjdk-amd64/jre/lib/amd64/libzip.so
7f7e2dbc9000-7f7e2ddc8000 ---p 00008000 08:03 827164                     /usr/lib/jvm/java-7-openjdk-amd64/jre/lib/amd64/libzip.so
7f7e2ddc8000-7f7e2ddc9000 r--p 00007000 08:03 827164                     /usr/lib/jvm/java-7-openjdk-amd64/jre/lib/amd64/libzip.so
7f7e2ddc9000-7f7e2ddca000 rw-p 00008000 08:03 827164                     /usr/lib/jvm/java-7-openjdk-amd64/jre/lib/amd64/libzip.so
7f7e2ddca000-7f7e2ddd5000 r-xp 00000000 08:03 264778                     /lib/x86_64-linux-gnu/libnss_files-2.19.so
7f7e2ddd5000-7f7e2dfd4000 ---p 0000b000 08:03 264778                     /lib/x86_64-linux-gnu/libnss_files-2.19.so
7f7e2dfd4000-7f7e2dfd5000 r--p 0000a000 08:03 264778                     /lib/x86_64-linux-gnu/libnss_files-2.19.so
7f7e2dfd5000-7f7e2dfd6000 rw-p 0000b000 08:03 264778                     /lib/x86_64-linux-gnu/libnss_files-2.19.so
7f7e2dfd6000-7f7e2dfe1000 r-xp 00000000 08:03 276097                     /lib/x86_64-linux-gnu/libnss_nis-2.19.so
7f7e2dfe1000-7f7e2e1e0000 ---p 0000b000 08:03 276097                     /lib/x86_64-linux-gnu/libnss_nis-2.19.so
7f7e2e1e0000-7f7e2e1e1000 r--p 0000a000 08:03 276097                     /lib/x86_64-linux-gnu/libnss_nis-2.19.so
7f7e2e1e1000-7f7e2e1e2000 rw-p 0000b000 08:03 276097                     /lib/x86_64-linux-gnu/libnss_nis-2.19.so
7f7e2e1e2000-7f7e2e1f9000 r-xp 00000000 08:03 269768                     /lib/x86_64-linux-gnu/libnsl-2.19.so
7f7e2e1f9000-7f7e2e3f8000 ---p 00017000 08:03 269768                     /lib/x86_64-linux-gnu/libnsl-2.19.so
7f7e2e3f8000-7f7e2e3f9000 r--p 00016000 08:03 269768                     /lib/x86_64-linux-gnu/libnsl-2.19.so
7f7e2e3f9000-7f7e2e3fa000 rw-p 00017000 08:03 269768                     /lib/x86_64-linux-gnu/libnsl-2.19.so
7f7e2e3fa000-7f7e2e3fc000 rw-p 00000000 00:00 0 
7f7e2e3fc000-7f7e2e405000 r-xp 00000000 08:03 268171                     /lib/x86_64-linux-gnu/libnss_compat-2.19.so
7f7e2e405000-7f7e2e604000 ---p 00009000 08:03 268171                     /lib/x86_64-linux-gnu/libnss_compat-2.19.so
7f7e2e604000-7f7e2e605000 r--p 00008000 08:03 268171                     /lib/x86_64-linux-gnu/libnss_compat-2.19.so
7f7e2e605000-7f7e2e606000 rw-p 00009000 08:03 268171                     /lib/x86_64-linux-gnu/libnss_compat-2.19.so
7f7e2e606000-7f7e2e631000 r-xp 00000000 08:03 827179                     /usr/lib/jvm/java-7-openjdk-amd64/jre/lib/amd64/libjava.so
7f7e2e631000-7f7e2e831000 ---p 0002b000 08:03 827179                     /usr/lib/jvm/java-7-openjdk-amd64/jre/lib/amd64/libjava.so
7f7e2e831000-7f7e2e832000 r--p 0002b000 08:03 827179                     /usr/lib/jvm/java-7-openjdk-amd64/jre/lib/amd64/libjava.so
7f7e2e832000-7f7e2e834000 rw-p 0002c000 08:03 827179                     /usr/lib/jvm/java-7-openjdk-amd64/jre/lib/amd64/libjava.so
7f7e2e834000-7f7e2e844000 r-xp 00000000 08:03 827176                     /usr/lib/jvm/java-7-openjdk-amd64/jre/lib/amd64/libverify.so
7f7e2e844000-7f7e2ea43000 ---p 00010000 08:03 827176                     /usr/lib/jvm/java-7-openjdk-amd64/jre/lib/amd64/libverify.so
7f7e2ea43000-7f7e2ea45000 r--p 0000f000 08:03 827176                     /usr/lib/jvm/java-7-openjdk-amd64/jre/lib/amd64/libverify.so
7f7e2ea45000-7f7e2ea46000 rw-p 00011000 08:03 827176                     /usr/lib/jvm/java-7-openjdk-amd64/jre/lib/amd64/libverify.so
7f7e2ea46000-7f7e2ea4d000 r-xp 00000000 08:03 276085                     /lib/x86_64-linux-gnu/librt-2.19.so
7f7e2ea4d000-7f7e2ec4c000 ---p 00007000 08:03 276085                     /lib/x86_64-linux-gnu/librt-2.19.so
7f7e2ec4c000-7f7e2ec4d000 r--p 00006000 08:03 276085                     /lib/x86_64-linux-gnu/librt-2.19.so
7f7e2ec4d000-7f7e2ec4e000 rw-p 00007000 08:03 276085                     /lib/x86_64-linux-gnu/librt-2.19.so
7f7e2ec4e000-7f7e2ec64000 r-xp 00000000 08:03 264776                     /lib/x86_64-linux-gnu/libgcc_s.so.1
7f7e2ec64000-7f7e2ee63000 ---p 00016000 08:03 264776                     /lib/x86_64-linux-gnu/libgcc_s.so.1
7f7e2ee63000-7f7e2ee64000 rw-p 00015000 08:03 264776                     /lib/x86_64-linux-gnu/libgcc_s.so.1
7f7e2ee64000-7f7e2ef69000 r-xp 00000000 08:03 264768                     /lib/x86_64-linux-gnu/libm-2.19.so
7f7e2ef69000-7f7e2f168000 ---p 00105000 08:03 264768                     /lib/x86_64-linux-gnu/libm-2.19.so
7f7e2f168000-7f7e2f169000 r--p 00104000 08:03 264768                     /lib/x86_64-linux-gnu/libm-2.19.so
7f7e2f169000-7f7e2f16a000 rw-p 00105000 08:03 264768                     /lib/x86_64-linux-gnu/libm-2.19.so
7f7e2f16a000-7f7e2f250000 r-xp 00000000 08:03 662560                     /usr/lib/x86_64-linux-gnu/libstdc++.so.6.0.19
7f7e2f250000-7f7e2f44f000 ---p 000e6000 08:03 662560                     /usr/lib/x86_64-linux-gnu/libstdc++.so.6.0.19
7f7e2f44f000-7f7e2f457000 r--p 000e5000 08:03 662560                     /usr/lib/x86_64-linux-gnu/libstdc++.so.6.0.19
7f7e2f457000-7f7e2f459000 rw-p 000ed000 08:03 662560                     /usr/lib/x86_64-linux-gnu/libstdc++.so.6.0.19
7f7e2f459000-7f7e2f46e000 rw-p 00000000 00:00 0 
7f7e2f46e000-7f7e2ff86000 r-xp 00000000 08:03 333219                     /usr/lib/jvm/java-7-openjdk-amd64/jre/lib/amd64/server/libjvm.so
7f7e2ff86000-7f7e30186000 ---p 00b18000 08:03 333219                     /usr/lib/jvm/java-7-openjdk-amd64/jre/lib/amd64/server/libjvm.so
7f7e30186000-7f7e30220000 r--p 00b18000 08:03 333219                     /usr/lib/jvm/java-7-openjdk-amd64/jre/lib/amd64/server/libjvm.so
7f7e30220000-7f7e30243000 rw-p 00bb2000 08:03 333219                     /usr/lib/jvm/java-7-openjdk-amd64/jre/lib/amd64/server/libjvm.so
7f7e30243000-7f7e30271000 rw-p 00000000 00:00 0 
7f7e30271000-7f7e30289000 r-xp 00000000 08:03 264962                     /lib/x86_64-linux-gnu/libz.so.1.2.8
7f7e30289000-7f7e30488000 ---p 00018000 08:03 264962                     /lib/x86_64-linux-gnu/libz.so.1.2.8
7f7e30488000-7f7e30489000 r--p 00017000 08:03 264962                     /lib/x86_64-linux-gnu/libz.so.1.2.8
7f7e30489000-7f7e3048a000 rw-p 00018000 08:03 264962                     /lib/x86_64-linux-gnu/libz.so.1.2.8
7f7e3048a000-7f7e304a3000 r-xp 00000000 08:03 276077                     /lib/x86_64-linux-gnu/libpthread-2.19.so
7f7e304a3000-7f7e306a2000 ---p 00019000 08:03 276077                     /lib/x86_64-linux-gnu/libpthread-2.19.so
7f7e306a2000-7f7e306a3000 r--p 00018000 08:03 276077                     /lib/x86_64-linux-gnu/libpthread-2.19.so
7f7e306a3000-7f7e306a4000 rw-p 00019000 08:03 276077                     /lib/x86_64-linux-gnu/libpthread-2.19.so
7f7e306a4000-7f7e306a8000 rw-p 00000000 00:00 0 
7f7e306a8000-7f7e306ab000 r-xp 00000000 08:03 265545                     /lib/x86_64-linux-gnu/libdl-2.19.so
7f7e306ab000-7f7e308aa000 ---p 00003000 08:03 265545                     /lib/x86_64-linux-gnu/libdl-2.19.so
7f7e308aa000-7f7e308ab000 r--p 00002000 08:03 265545                     /lib/x86_64-linux-gnu/libdl-2.19.so
7f7e308ab000-7f7e308ac000 rw-p 00003000 08:03 265545                     /lib/x86_64-linux-gnu/libdl-2.19.so
7f7e308ac000-7f7e30a67000 r-xp 00000000 08:03 276073                     /lib/x86_64-linux-gnu/libc-2.19.so
7f7e30a67000-7f7e30c66000 ---p 001bb000 08:03 276073                     /lib/x86_64-linux-gnu/libc-2.19.so
7f7e30c66000-7f7e30c6a000 r--p 001ba000 08:03 276073                     /lib/x86_64-linux-gnu/libc-2.19.so
7f7e30c6a000-7f7e30c6c000 rw-p 001be000 08:03 276073                     /lib/x86_64-linux-gnu/libc-2.19.so
7f7e30c6c000-7f7e30c71000 rw-p 00000000 00:00 0 
7f7e30c71000-7f7e30c7e000 r-xp 00000000 08:03 333216                     /usr/lib/jvm/java-7-openjdk-amd64/jre/lib/amd64/jli/libjli.so
7f7e30c7e000-7f7e30e7d000 ---p 0000d000 08:03 333216                     /usr/lib/jvm/java-7-openjdk-amd64/jre/lib/amd64/jli/libjli.so
7f7e30e7d000-7f7e30e7e000 r--p 0000c000 08:03 333216                     /usr/lib/jvm/java-7-openjdk-amd64/jre/lib/amd64/jli/libjli.so
7f7e30e7e000-7f7e30e7f000 rw-p 0000d000 08:03 333216                     /usr/lib/jvm/java-7-openjdk-amd64/jre/lib/amd64/jli/libjli.so
7f7e30e7f000-7f7e30ea2000 r-xp 00000000 08:03 269800                     /lib/x86_64-linux-gnu/ld-2.19.so
7f7e30ea5000-7f7e30ec6000 rw-p 00000000 00:00 0 
7f7e30ec6000-7f7e30f7c000 rw-p 00000000 00:00 0 
7f7e30f7c000-7f7e30f7f000 ---p 00000000 00:00 0 
7f7e30f7f000-7f7e31082000 rw-p 00000000 00:00 0                          [stack:7775]
7f7e31082000-7f7e31086000 r--s 00034000 08:03 333227                     /usr/lib/jvm/java-7-openjdk-amd64/jre/lib/ext/sunjce_provider.jar
7f7e31086000-7f7e31089000 r--s 0000f000 08:03 333221                     /usr/lib/jvm/java-7-openjdk-amd64/jre/lib/ext/icedtea-sound.jar
7f7e31089000-7f7e3108d000 r--s 0003c000 08:03 333224                     /usr/lib/jvm/java-7-openjdk-amd64/jre/lib/ext/sunpkcs11.jar
7f7e3108d000-7f7e31090000 r--s 00086000 08:03 333225                     /usr/lib/jvm/java-7-openjdk-amd64/jre/lib/ext/localedata.jar
7f7e31090000-7f7e31091000 r--s 00002000 08:03 333223                     /usr/lib/jvm/java-7-openjdk-amd64/jre/lib/ext/dnsns.jar
7f7e31091000-7f7e31093000 r--s 00012000 08:03 333228                     /usr/lib/jvm/java-7-openjdk-amd64/jre/lib/ext/zipfs.jar
7f7e31093000-7f7e31095000 r--s 00006000 08:03 5219                       /usr/share/java/java-atk-wrapper.jar
7f7e31095000-7f7e3109d000 rw-s 00000000 08:03 526577                     /tmp/hsperfdata_super_marcin/7770
7f7e3109d000-7f7e3109e000 rw-p 00000000 00:00 0 
7f7e3109e000-7f7e3109f000 ---p 00000000 00:00 0 
7f7e3109f000-7f7e310a1000 rw-p 00000000 00:00 0 
7f7e310a1000-7f7e310a2000 r--p 00022000 08:03 269800                     /lib/x86_64-linux-gnu/ld-2.19.so
7f7e310a2000-7f7e310a3000 rw-p 00023000 08:03 269800                     /lib/x86_64-linux-gnu/ld-2.19.so
7f7e310a3000-7f7e310a4000 rw-p 00000000 00:00 0 
7ffc9043f000-7ffc90460000 rw-p 00000000 00:00 0                          [stack]
7ffc905dd000-7ffc905df000 r-xp 00000000 00:00 0                          [vdso]
ffffffffff600000-ffffffffff601000 r-xp 00000000 00:00 0                  [vsyscall]

VM Arguments:
jvm_args: -Dfile.encoding=UTF-8 
java_command: pl.super_marcin.life.Uruchom
Launcher Type: SUN_STANDARD

Environment Variables:
PATH=/usr/local/sbin:/usr/local/bin:/usr/sbin:/usr/bin:/sbin:/bin:/usr/games:/usr/local/games
SHELL=/bin/bash
DISPLAY=:0

Signal Handlers:
SIGSEGV: [libjvm.so+0x94b9a0], sa_mask[0]=0x7ffbfeff, sa_flags=0x10000004
SIGBUS: [libjvm.so+0x94b9a0], sa_mask[0]=0x7ffbfeff, sa_flags=0x10000004
SIGFPE: [libjvm.so+0x7c3880], sa_mask[0]=0x7ffbfeff, sa_flags=0x10000004
SIGPIPE: [libjvm.so+0x7c3880], sa_mask[0]=0x7ffbfeff, sa_flags=0x10000004
SIGXFSZ: [libjvm.so+0x7c3880], sa_mask[0]=0x7ffbfeff, sa_flags=0x10000004
SIGILL: [libjvm.so+0x7c3880], sa_mask[0]=0x7ffbfeff, sa_flags=0x10000004
SIGUSR1: SIG_DFL, sa_mask[0]=0x00000000, sa_flags=0x00000000
SIGUSR2: [libjvm.so+0x7c3720], sa_mask[0]=0x00000004, sa_flags=0x10000004
SIGHUP: [libjvm.so+0x7c3900], sa_mask[0]=0x7ffbfeff, sa_flags=0x10000004
SIGINT: [libjvm.so+0x7c3900], sa_mask[0]=0x7ffbfeff, sa_flags=0x10000004
SIGTERM: [libjvm.so+0x7c3900], sa_mask[0]=0x7ffbfeff, sa_flags=0x10000004
SIGQUIT: [libjvm.so+0x7c3900], sa_mask[0]=0x7ffbfeff, sa_flags=0x10000004
SIGTRAP: SIG_DFL, sa_mask[0]=0x00000000, sa_flags=0x00000000


---------------  S Y S T E M  ---------------

OS:Ubuntu 14.04 (trusty)
uname:Linux 3.13.0-52-generic #86-Ubuntu SMP Mon May 4 04:32:59 UTC 2015 x86_64
libc:glibc 2.19 NPTL 2.19 
rlimit: STACK 8192k, CORE 0k, NPROC 30545, NOFILE 4096, AS infinity
load average:2,73 1,99 1,15

/proc/meminfo:
MemTotal:        3931388 kB
MemFree:          107568 kB
Buffers:             452 kB
Cached:           423356 kB
SwapCached:            0 kB
Active:          3249024 kB
Inactive:         407568 kB
Active(anon):    3236304 kB
Inactive(anon):   391692 kB
Active(file):      12720 kB
Inactive(file):    15876 kB
Unevictable:         164 kB
Mlocked:             164 kB
SwapTotal:             0 kB
SwapFree:              0 kB
Dirty:               792 kB
Writeback:             0 kB
AnonPages:       3232952 kB
Mapped:           130060 kB
Shmem:            395228 kB
Slab:              58540 kB
SReclaimable:      24124 kB
SUnreclaim:        34416 kB
KernelStack:        7592 kB
PageTables:        40764 kB
NFS_Unstable:          0 kB
Bounce:                0 kB
WritebackTmp:          0 kB
CommitLimit:     1965692 kB
Committed_AS:    8672440 kB
VmallocTotal:   34359738367 kB
VmallocUsed:      401768 kB
VmallocChunk:   34359315068 kB
HardwareCorrupted:     0 kB
AnonHugePages:   1781760 kB
HugePages_Total:       0
HugePages_Free:        0
HugePages_Rsvd:        0
HugePages_Surp:        0
Hugepagesize:       2048 kB
DirectMap4k:       98380 kB
DirectMap2M:     3979264 kB


CPU:total 4 (2 cores per cpu, 2 threads per core) family 6 model 58 stepping 9, cmov, cx8, fxsr, mmx, sse, sse2, sse3, ssse3, sse4.1, sse4.2, popcnt, avx, aes, erms, ht, tsc, tscinvbit, tscinv

/proc/cpuinfo:
processor	: 0
vendor_id	: GenuineIntel
cpu family	: 6
model		: 58
model name	: Intel(R) Core(TM) i5-3230M CPU @ 2.60GHz
stepping	: 9
microcode	: 0x15
cpu MHz		: 1200.000
cache size	: 3072 KB
physical id	: 0
siblings	: 4
core id		: 0
cpu cores	: 2
apicid		: 0
initial apicid	: 0
fpu		: yes
fpu_exception	: yes
cpuid level	: 13
wp		: yes
flags		: fpu vme de pse tsc msr pae mce cx8 apic sep mtrr pge mca cmov pat pse36 clflush dts acpi mmx fxsr sse sse2 ss ht tm pbe syscall nx rdtscp lm constant_tsc arch_perfmon pebs bts rep_good nopl xtopology nonstop_tsc aperfmperf eagerfpu pni pclmulqdq dtes64 monitor ds_cpl vmx est tm2 ssse3 cx16 xtpr pdcm pcid sse4_1 sse4_2 x2apic popcnt tsc_deadline_timer aes xsave avx f16c rdrand lahf_lm ida arat epb xsaveopt pln pts dtherm tpr_shadow vnmi flexpriority ept vpid fsgsbase smep erms
bogomips	: 5188.51
clflush size	: 64
cache_alignment	: 64
address sizes	: 36 bits physical, 48 bits virtual
power management:

processor	: 1
vendor_id	: GenuineIntel
cpu family	: 6
model		: 58
model name	: Intel(R) Core(TM) i5-3230M CPU @ 2.60GHz
stepping	: 9
microcode	: 0x15
cpu MHz		: 2601.000
cache size	: 3072 KB
physical id	: 0
siblings	: 4
core id		: 1
cpu cores	: 2
apicid		: 2
initial apicid	: 2
fpu		: yes
fpu_exception	: yes
cpuid level	: 13
wp		: yes
flags		: fpu vme de pse tsc msr pae mce cx8 apic sep mtrr pge mca cmov pat pse36 clflush dts acpi mmx fxsr sse sse2 ss ht tm pbe syscall nx rdtscp lm constant_tsc arch_perfmon pebs bts rep_good nopl xtopology nonstop_tsc aperfmperf eagerfpu pni pclmulqdq dtes64 monitor ds_cpl vmx est tm2 ssse3 cx16 xtpr pdcm pcid sse4_1 sse4_2 x2apic popcnt tsc_deadline_timer aes xsave avx f16c rdrand lahf_lm ida arat epb xsaveopt pln pts dtherm tpr_shadow vnmi flexpriority ept vpid fsgsbase smep erms
bogomips	: 5188.51
clflush size	: 64
cache_alignment	: 64
address sizes	: 36 bits physical, 48 bits virtual
power management:

processor	: 2
vendor_id	: GenuineIntel
cpu family	: 6
model		: 58
model name	: Intel(R) Core(TM) i5-3230M CPU @ 2.60GHz
stepping	: 9
microcode	: 0x15
cpu MHz		: 2601.000
cache size	: 3072 KB
physical id	: 0
siblings	: 4
core id		: 0
cpu cores	: 2
apicid		: 1
initial apicid	: 1
fpu		: yes
fpu_exception	: yes
cpuid level	: 13
wp		: yes
flags		: fpu vme de pse tsc msr pae mce cx8 apic sep mtrr pge mca cmov pat pse36 clflush dts acpi mmx fxsr sse sse2 ss ht tm pbe syscall nx rdtscp lm constant_tsc arch_perfmon pebs bts rep_good nopl xtopology nonstop_tsc aperfmperf eagerfpu pni pclmulqdq dtes64 monitor ds_cpl vmx est tm2 ssse3 cx16 xtpr pdcm pcid sse4_1 sse4_2 x2apic popcnt tsc_deadline_timer aes xsave avx f16c rdrand lahf_lm ida arat epb xsaveopt pln pts dtherm tpr_shadow vnmi flexpriority ept vpid fsgsbase smep erms
bogomips	: 5188.51
clflush size	: 64
cache_alignment	: 64
address sizes	: 36 bits physical, 48 bits virtual
power management:

processor	: 3
vendor_id	: GenuineIntel
cpu family	: 6
model		: 58
model name	: Intel(R) Core(TM) i5-3230M CPU @ 2.60GHz
stepping	: 9
microcode	: 0x15
cpu MHz		: 1600.000
cache size	: 3072 KB
physical id	: 0
siblings	: 4
core id		: 1
cpu cores	: 2
apicid		: 3
initial apicid	: 3
fpu		: yes
fpu_exception	: yes
cpuid level	: 13
wp		: yes
flags		: fpu vme de pse tsc msr pae mce cx8 apic sep mtrr pge mca cmov pat pse36 clflush dts acpi mmx fxsr sse sse2 ss ht tm pbe syscall nx rdtscp lm constant_tsc arch_perfmon pebs bts rep_good nopl xtopology nonstop_tsc aperfmperf eagerfpu pni pclmulqdq dtes64 monitor ds_cpl vmx est tm2 ssse3 cx16 xtpr pdcm pcid sse4_1 sse4_2 x2apic popcnt tsc_deadline_timer aes xsave avx f16c rdrand lahf_lm ida arat epb xsaveopt pln pts dtherm tpr_shadow vnmi flexpriority ept vpid fsgsbase smep erms
bogomips	: 5188.51
clflush size	: 64
cache_alignment	: 64
address sizes	: 36 bits physical, 48 bits virtual
power management:



Memory: 4k page, physical 3931388k(107568k free), swap 0k(0k free)

vm_info: OpenJDK 64-Bit Server VM (24.79-b02) for linux-amd64 JRE (1.7.0_79-b14), built on Apr 16 2015 08:21:58 by "buildd" with gcc 4.8.2

time: Tue May 19 10:24:20 2015
elapsed time: 10 seconds

