#
# There is insufficient memory for the Java Runtime Environment to continue.
# Native memory allocation (malloc) failed to allocate 74973184 bytes for committing reserved memory.
# Possible reasons:
#   The system is out of physical RAM or swap space
#   In 32 bit mode, the process size limit was hit
# Possible solutions:
#   Reduce memory load on the system
#   Increase physical memory or swap space
#   Check if swap backing store is full
#   Use 64 bit Java on a 64 bit OS
#   Decrease Java heap size (-Xmx/-Xms)
#   Decrease number of Java threads
#   Decrease Java thread stack sizes (-Xss)
#   Set larger code cache with -XX:ReservedCodeCacheSize=
# This output file may be truncated or incomplete.
#
#  Out of Memory Error (os_linux.cpp:2809), pid=8156, tid=140244789090048
#
# JRE version: OpenJDK Runtime Environment (7.0_79-b14) (build 1.7.0_79-b14)
# Java VM: OpenJDK 64-Bit Server VM (24.79-b02 mixed mode linux-amd64 compressed oops)
# Derivative: IcedTea 2.5.5
# Distribution: Ubuntu 14.04 LTS, package 7u79-2.5.5-0ubuntu0.14.04.2
# Failed to write core dump. Core dumps have been disabled. To enable core dumping, try "ulimit -c unlimited" before starting Java again
#

---------------  T H R E A D  ---------------

Current thread (0x00007f8d54075800):  VMThread [stack: 0x00007f8d48c5d000,0x00007f8d48d5e000] [id=8170]

Stack: [0x00007f8d48c5d000,0x00007f8d48d5e000],  sp=0x00007f8d48d5c490,  free space=1021k
Native frames: (J=compiled Java code, j=interpreted, Vv=VM code, C=native code)
V  [libjvm.so+0x94aec5]  VMError::report_and_die()+0x175
V  [libjvm.so+0x48b9c4]  report_vm_out_of_memory(char const*, int, unsigned long, char const*)+0x74
V  [libjvm.so+0x7c806b]  os::pd_commit_memory(char*, unsigned long, unsigned long, bool)+0xeb
V  [libjvm.so+0x7c2b0f]  os::commit_memory(char*, unsigned long, unsigned long, bool)+0x1f
V  [libjvm.so+0x83500b]  PSVirtualSpace::expand_by(unsigned long)+0x5b
V  [libjvm.so+0x835e60]  PSYoungGen::resize_generation(unsigned long, unsigned long)+0xb0
V  [libjvm.so+0x83654b]  PSYoungGen::resize(unsigned long, unsigned long)+0x1b
V  [libjvm.so+0x832830]  PSScavenge::invoke_no_policy()+0xde0
V  [libjvm.so+0x833008]  PSScavenge::invoke()+0x38
V  [libjvm.so+0x7e96f3]  ParallelScavengeHeap::failed_mem_allocate(unsigned long)+0x63
V  [libjvm.so+0x94c8c4]  VM_ParallelGCFailedAllocation::doit()+0x84
V  [libjvm.so+0x950dc7]  VM_Operation::evaluate()+0x47
V  [libjvm.so+0x94f738]  VMThread::evaluate_operation(VM_Operation*)+0x318
V  [libjvm.so+0x94fb99]  VMThread::loop()+0x219
V  [libjvm.so+0x94ffe2]  VMThread::run()+0x72
V  [libjvm.so+0x7c4f32]  java_start(Thread*)+0xf2

VM_Operation (0x00007f8d1e28b180): ParallelGCFailedAllocation, mode: safepoint, requested by thread 0x00007f8d541f0000


---------------  P R O C E S S  ---------------

Java Threads: ( => current thread )
  0x00007f8d0001d800 JavaThread "TimerQueue" daemon [_thread_blocked, id=8183, stack(0x00007f8d1d80a000,0x00007f8d1d90b000)]
  0x00007f8d5425d000 JavaThread "AWT-EventQueue-0" [_thread_blocked, id=8181, stack(0x00007f8d1d90b000,0x00007f8d1da0c000)]
  0x00007f8d5425b800 JavaThread "AWT-Shutdown" [_thread_blocked, id=8180, stack(0x00007f8d1da0c000,0x00007f8d1db0d000)]
  0x00007f8d541f0000 JavaThread "AWT-XAWT" daemon [_thread_blocked, id=8179, stack(0x00007f8d1e18c000,0x00007f8d1e28d000)]
  0x00007f8d541cf800 JavaThread "Java2D Disposer" daemon [_thread_blocked, id=8178, stack(0x00007f8d1e69d000,0x00007f8d1e79e000)]
  0x00007f8d540ae800 JavaThread "Service Thread" daemon [_thread_blocked, id=8176, stack(0x00007f8d2bdfe000,0x00007f8d2beff000)]
  0x00007f8d540ac000 JavaThread "C2 CompilerThread1" daemon [_thread_blocked, id=8175, stack(0x00007f8d2beff000,0x00007f8d2c000000)]
  0x00007f8d540a9000 JavaThread "C2 CompilerThread0" daemon [_thread_blocked, id=8174, stack(0x00007f8d48046000,0x00007f8d48147000)]
  0x00007f8d540a7000 JavaThread "Signal Dispatcher" daemon [_thread_blocked, id=8173, stack(0x00007f8d48147000,0x00007f8d48248000)]
  0x00007f8d5407c000 JavaThread "Finalizer" daemon [_thread_blocked, id=8172, stack(0x00007f8d48a5b000,0x00007f8d48b5c000)]
  0x00007f8d5407a000 JavaThread "Reference Handler" daemon [_thread_blocked, id=8171, stack(0x00007f8d48b5c000,0x00007f8d48c5d000)]
  0x00007f8d5400a000 JavaThread "main" [_thread_blocked, id=8163, stack(0x00007f8d5b127000,0x00007f8d5b228000)]

Other Threads:
=>0x00007f8d54075800 VMThread [stack: 0x00007f8d48c5d000,0x00007f8d48d5e000] [id=8170]
  0x00007f8d540b9000 WatcherThread [stack: 0x00007f8d2bcfd000,0x00007f8d2bdfe000] [id=8177]

VM state:at safepoint (normal execution)

VM Mutex/Monitor currently owned by a thread:  ([mutex/lock_event])
[0x00007f8d540063a0] Threads_lock - owner thread: 0x00007f8d54075800
[0x00007f8d540068a0] Heap_lock - owner thread: 0x00007f8d541f0000

Heap
 PSYoungGen      total 125440K, used 192K [0x00000000ec000000, 0x00000000f3e00000, 0x0000000100000000)
  eden space 122368K, 0% used [0x00000000ec000000,0x00000000ec000000,0x00000000f3780000)
  from space 3072K, 6% used [0x00000000f3780000,0x00000000f37b0000,0x00000000f3a80000)
  to   space 2560K, 0% used [0x00000000f3a80000,0x00000000f3a80000,0x00000000f3d00000)
 ParOldGen       total 40960K, used 1699K [0x00000000c4000000, 0x00000000c6800000, 0x00000000ec000000)
  object space 40960K, 4% used [0x00000000c4000000,0x00000000c41a8d88,0x00000000c6800000)
 PSPermGen       total 21504K, used 12129K [0x00000000b9a00000, 0x00000000baf00000, 0x00000000c4000000)
  object space 21504K, 56% used [0x00000000b9a00000,0x00000000ba5d86a8,0x00000000baf00000)

Card table byte_map: [0x00007f8d509b7000,0x00007f8d50beb000] byte_map_base: 0x00007f8d503ea000

Polling page: 0x00007f8d5b249000

Code Cache  [0x00007f8d50beb000, 0x00007f8d50e5b000, 0x00007f8d53beb000)
 total_blobs=521 nmethods=58 adapters=416 free_code_cache=48538Kb largest_free_block=49681152

Compilation events (10 events):
Event: 6,530 Thread 0x00007f8d540ac000 nmethod 54 0x00007f8d50c80750 code [0x00007f8d50c80880, 0x00007f8d50c808d8]
Event: 6,532 Thread 0x00007f8d540ac000   55             sun.font.FontDesignMetrics::stringWidth (154 bytes)
Event: 6,583 Thread 0x00007f8d540a9000 nmethod 53 0x00007f8d50c80ad0 code [0x00007f8d50c80c80, 0x00007f8d50c81328]
Event: 6,583 Thread 0x00007f8d540a9000   56             sun.font.FileFontStrike::getCachedGlyphPtr (120 bytes)
Event: 6,586 Thread 0x00007f8d540a9000 nmethod 56 0x00007f8d50c86950 code [0x00007f8d50c86ac0, 0x00007f8d50c86cd8]
Event: 6,586 Thread 0x00007f8d540a9000   57             sun.java2d.SurfaceData::isValid (5 bytes)
Event: 6,586 Thread 0x00007f8d540a9000 nmethod 57 0x00007f8d50c82b50 code [0x00007f8d50c82c80, 0x00007f8d50c82cd8]
Event: 6,586 Thread 0x00007f8d540a9000   58             sun.awt.AppContext::getAppContext (51 bytes)
Event: 6,589 Thread 0x00007f8d540a9000 nmethod 58 0x00007f8d50c83250 code [0x00007f8d50c833a0, 0x00007f8d50c83488]
Event: 6,597 Thread 0x00007f8d540ac000 nmethod 55 0x00007f8d50c85510 code [0x00007f8d50c856c0, 0x00007f8d50c85a38]

GC Heap History (10 events):
Event: 5,634 GC heap after
Heap after GC invocations=4 (full 0):
 PSYoungGen      total 33280K, used 1888K [0x00000000ec000000, 0x00000000ee300000, 0x0000000100000000)
  eden space 30720K, 0% used [0x00000000ec000000,0x00000000ec000000,0x00000000ede00000)
  from space 2560K, 73% used [0x00000000ee080000,0x00000000ee258020,0x00000000ee300000)
  to   space 2560K, 0% used [0x00000000ede00000,0x00000000ede00000,0x00000000ee080000)
 ParOldGen       total 40960K, used 8K [0x00000000c4000000, 0x00000000c6800000, 0x00000000ec000000)
  object space 40960K, 0% used [0x00000000c4000000,0x00000000c4002000,0x00000000c6800000)
 PSPermGen       total 21504K, used 12107K [0x00000000b9a00000, 0x00000000baf00000, 0x00000000c4000000)
  object space 21504K, 56% used [0x00000000b9a00000,0x00000000ba5d2fb0,0x00000000baf00000)
}
Event: 5,745 GC heap before
{Heap before GC invocations=5 (full 0):
 PSYoungGen      total 33280K, used 32608K [0x00000000ec000000, 0x00000000ee300000, 0x0000000100000000)
  eden space 30720K, 100% used [0x00000000ec000000,0x00000000ede00000,0x00000000ede00000)
  from space 2560K, 73% used [0x00000000ee080000,0x00000000ee258020,0x00000000ee300000)
  to   space 2560K, 0% used [0x00000000ede00000,0x00000000ede00000,0x00000000ee080000)
 ParOldGen       total 40960K, used 8K [0x00000000c4000000, 0x00000000c6800000, 0x00000000ec000000)
  object space 40960K, 0% used [0x00000000c4000000,0x00000000c4002000,0x00000000c6800000)
 PSPermGen       total 21504K, used 12109K [0x00000000b9a00000, 0x00000000baf00000, 0x00000000c4000000)
  object space 21504K, 56% used [0x00000000b9a00000,0x00000000ba5d37f8,0x00000000baf00000)
Event: 5,751 GC heap after
Heap after GC invocations=5 (full 0):
 PSYoungGen      total 33280K, used 1730K [0x00000000ec000000, 0x00000000f0000000, 0x0000000100000000)
  eden space 30720K, 0% used [0x00000000ec000000,0x00000000ec000000,0x00000000ede00000)
  from space 2560K, 67% used [0x00000000ede00000,0x00000000edfb0830,0x00000000ee080000)
  to   space 2048K, 0% used [0x00000000efe00000,0x00000000efe00000,0x00000000f0000000)
 ParOldGen       total 40960K, used 8K [0x00000000c4000000, 0x00000000c6800000, 0x00000000ec000000)
  object space 40960K, 0% used [0x00000000c4000000,0x00000000c4002000,0x00000000c6800000)
 PSPermGen       total 21504K, used 12109K [0x00000000b9a00000, 0x00000000baf00000, 0x00000000c4000000)
  object space 21504K, 56% used [0x00000000b9a00000,0x00000000ba5d37f8,0x00000000baf00000)
}
Event: 5,834 GC heap before
{Heap before GC invocations=6 (full 0):
 PSYoungGen      total 33280K, used 32450K [0x00000000ec000000, 0x00000000f0000000, 0x0000000100000000)
  eden space 30720K, 100% used [0x00000000ec000000,0x00000000ede00000,0x00000000ede00000)
  from space 2560K, 67% used [0x00000000ede00000,0x00000000edfb0830,0x00000000ee080000)
  to   space 2048K, 0% used [0x00000000efe00000,0x00000000efe00000,0x00000000f0000000)
 ParOldGen       total 40960K, used 8K [0x00000000c4000000, 0x00000000c6800000, 0x00000000ec000000)
  object space 40960K, 0% used [0x00000000c4000000,0x00000000c4002000,0x00000000c6800000)
 PSPermGen       total 21504K, used 12112K [0x00000000b9a00000, 0x00000000baf00000, 0x00000000c4000000)
  object space 21504K, 56% used [0x00000000b9a00000,0x00000000ba5d4120,0x00000000baf00000)
Event: 5,844 GC heap after
Heap after GC invocations=6 (full 0):
 PSYoungGen      total 63488K, used 1924K [0x00000000ec000000, 0x00000000f0000000, 0x0000000100000000)
  eden space 61440K, 0% used [0x00000000ec000000,0x00000000ec000000,0x00000000efc00000)
  from space 2048K, 93% used [0x00000000efe00000,0x00000000effe1060,0x00000000f0000000)
  to   space 2048K, 0% used [0x00000000efc00000,0x00000000efc00000,0x00000000efe00000)
 ParOldGen       total 40960K, used 8K [0x00000000c4000000, 0x00000000c6800000, 0x00000000ec000000)
  object space 40960K, 0% used [0x00000000c4000000,0x00000000c4002000,0x00000000c6800000)
 PSPermGen       total 21504K, used 12112K [0x00000000b9a00000, 0x00000000baf00000, 0x00000000c4000000)
  object space 21504K, 56% used [0x00000000b9a00000,0x00000000ba5d4120,0x00000000baf00000)
}
Event: 6,028 GC heap before
{Heap before GC invocations=7 (full 0):
 PSYoungGen      total 63488K, used 63364K [0x00000000ec000000, 0x00000000f0000000, 0x0000000100000000)
  eden space 61440K, 100% used [0x00000000ec000000,0x00000000efc00000,0x00000000efc00000)
  from space 2048K, 93% used [0x00000000efe00000,0x00000000effe1060,0x00000000f0000000)
  to   space 2048K, 0% used [0x00000000efc00000,0x00000000efc00000,0x00000000efe00000)
 ParOldGen       total 40960K, used 8K [0x00000000c4000000, 0x00000000c6800000, 0x00000000ec000000)
  object space 40960K, 0% used [0x00000000c4000000,0x00000000c4002000,0x00000000c6800000)
 PSPermGen       total 21504K, used 12116K [0x00000000b9a00000, 0x00000000baf00000, 0x00000000c4000000)
  object space 21504K, 56% used [0x00000000b9a00000,0x00000000ba5d5200,0x00000000baf00000)
Event: 6,040 GC heap after
Heap after GC invocations=7 (full 0):
 PSYoungGen      total 63488K, used 160K [0x00000000ec000000, 0x00000000f3d00000, 0x0000000100000000)
  eden space 61440K, 0% used [0x00000000ec000000,0x00000000ec000000,0x00000000efc00000)
  from space 2048K, 7% used [0x00000000efc00000,0x00000000efc28000,0x00000000efe00000)
  to   space 2560K, 0% used [0x00000000f3a80000,0x00000000f3a80000,0x00000000f3d00000)
 ParOldGen       total 40960K, used 1675K [0x00000000c4000000, 0x00000000c6800000, 0x00000000ec000000)
  object space 40960K, 4% used [0x00000000c4000000,0x00000000c41a2d88,0x00000000c6800000)
 PSPermGen       total 21504K, used 12116K [0x00000000b9a00000, 0x00000000baf00000, 0x00000000c4000000)
  object space 21504K, 56% used [0x00000000b9a00000,0x00000000ba5d5200,0x00000000baf00000)
}
Event: 6,197 GC heap before
{Heap before GC invocations=8 (full 0):
 PSYoungGen      total 63488K, used 61600K [0x00000000ec000000, 0x00000000f3d00000, 0x0000000100000000)
  eden space 61440K, 100% used [0x00000000ec000000,0x00000000efc00000,0x00000000efc00000)
  from space 2048K, 7% used [0x00000000efc00000,0x00000000efc28000,0x00000000efe00000)
  to   space 2560K, 0% used [0x00000000f3a80000,0x00000000f3a80000,0x00000000f3d00000)
 ParOldGen       total 40960K, used 1675K [0x00000000c4000000, 0x00000000c6800000, 0x00000000ec000000)
  object space 40960K, 4% used [0x00000000c4000000,0x00000000c41a2d88,0x00000000c6800000)
 PSPermGen       total 21504K, used 12119K [0x00000000b9a00000, 0x00000000baf00000, 0x00000000c4000000)
  object space 21504K, 56% used [0x00000000b9a00000,0x00000000ba5d5f70,0x00000000baf00000)
Event: 6,198 GC heap after
Heap after GC invocations=8 (full 0):
 PSYoungGen      total 124928K, used 96K [0x00000000ec000000, 0x00000000f3e00000, 0x0000000100000000)
  eden space 122368K, 0% used [0x00000000ec000000,0x00000000ec000000,0x00000000f3780000)
  from space 2560K, 3% used [0x00000000f3a80000,0x00000000f3a98000,0x00000000f3d00000)
  to   space 3072K, 0% used [0x00000000f3780000,0x00000000f3780000,0x00000000f3a80000)
 ParOldGen       total 40960K, used 1691K [0x00000000c4000000, 0x00000000c6800000, 0x00000000ec000000)
  object space 40960K, 4% used [0x00000000c4000000,0x00000000c41a6d88,0x00000000c6800000)
 PSPermGen       total 21504K, used 12119K [0x00000000b9a00000, 0x00000000baf00000, 0x00000000c4000000)
  object space 21504K, 56% used [0x00000000b9a00000,0x00000000ba5d5f70,0x00000000baf00000)
}
Event: 6,607 GC heap before
{Heap before GC invocations=9 (full 0):
 PSYoungGen      total 124928K, used 122464K [0x00000000ec000000, 0x00000000f3e00000, 0x0000000100000000)
  eden space 122368K, 100% used [0x00000000ec000000,0x00000000f3780000,0x00000000f3780000)
  from space 2560K, 3% used [0x00000000f3a80000,0x00000000f3a98000,0x00000000f3d00000)
  to   space 3072K, 0% used [0x00000000f3780000,0x00000000f3780000,0x00000000f3a80000)
 ParOldGen       total 40960K, used 1691K [0x00000000c4000000, 0x00000000c6800000, 0x00000000ec000000)
  object space 40960K, 4% used [0x00000000c4000000,0x00000000c41a6d88,0x00000000c6800000)
 PSPermGen       total 21504K, used 12129K [0x00000000b9a00000, 0x00000000baf00000, 0x00000000c4000000)
  object space 21504K, 56% used [0x00000000b9a00000,0x00000000ba5d86a8,0x00000000baf00000)

Deoptimization events (9 events):
Event: 2,455 Thread 0x00007f8d5400a000 Uncommon trap: reason=class_check action=maybe_recompile pc=0x00007f8d50c69b94 method=java.util.Properties$LineReader.readLine()I @ 62
Event: 2,457 Thread 0x00007f8d5400a000 Uncommon trap: reason=class_check action=maybe_recompile pc=0x00007f8d50c69b94 method=java.util.Properties$LineReader.readLine()I @ 62
Event: 2,460 Thread 0x00007f8d5400a000 Uncommon trap: reason=class_check action=maybe_recompile pc=0x00007f8d50c69b94 method=java.util.Properties$LineReader.readLine()I @ 62
Event: 2,462 Thread 0x00007f8d5400a000 Uncommon trap: reason=class_check action=maybe_recompile pc=0x00007f8d50c69b94 method=java.util.Properties$LineReader.readLine()I @ 62
Event: 2,478 Thread 0x00007f8d5400a000 Uncommon trap: reason=class_check action=maybe_recompile pc=0x00007f8d50c6b8ec method=java.util.Properties$LineReader.readLine()I @ 402
Event: 4,652 Thread 0x00007f8d5425d000 Uncommon trap: reason=class_check action=maybe_recompile pc=0x00007f8d50c66320 method=java.lang.String.equals(Ljava/lang/Object;)Z @ 8
Event: 4,652 Thread 0x00007f8d5425d000 Uncommon trap: reason=class_check action=maybe_recompile pc=0x00007f8d50c66320 method=java.lang.String.equals(Ljava/lang/Object;)Z @ 8
Event: 4,687 Thread 0x00007f8d5425d000 Uncommon trap: reason=class_check action=maybe_recompile pc=0x00007f8d50c66320 method=java.lang.String.equals(Ljava/lang/Object;)Z @ 8
Event: 4,687 Thread 0x00007f8d5425d000 Uncommon trap: reason=class_check action=maybe_recompile pc=0x00007f8d50c66320 method=java.lang.String.equals(Ljava/lang/Object;)Z @ 8

Internal exceptions (10 events):
Event: 5,271 Thread 0x00007f8d5400a000 Threw 0x00000000ec4150a8 at /build/buildd/openjdk-7-7u79-2.5.5/build/openjdk/hotspot/src/share/vm/prims/jvm.cpp:1284
Event: 5,272 Thread 0x00007f8d5400a000 Threw 0x00000000ec417e28 at /build/buildd/openjdk-7-7u79-2.5.5/build/openjdk/hotspot/src/share/vm/prims/jvm.cpp:1284
Event: 5,272 Thread 0x00007f8d5400a000 Threw 0x00000000ec41a7a0 at /build/buildd/openjdk-7-7u79-2.5.5/build/openjdk/hotspot/src/share/vm/prims/jvm.cpp:1284
Event: 5,275 Thread 0x00007f8d5400a000 Threw 0x00000000ec41d7d8 at /build/buildd/openjdk-7-7u79-2.5.5/build/openjdk/hotspot/src/share/vm/prims/jvm.cpp:1284
Event: 5,275 Thread 0x00007f8d5400a000 Threw 0x00000000ec420020 at /build/buildd/openjdk-7-7u79-2.5.5/build/openjdk/hotspot/src/share/vm/prims/jvm.cpp:1284
Event: 5,276 Thread 0x00007f8d5400a000 Threw 0x00000000ec422d98 at /build/buildd/openjdk-7-7u79-2.5.5/build/openjdk/hotspot/src/share/vm/prims/jvm.cpp:1284
Event: 5,286 Thread 0x00007f8d5400a000 Threw 0x00000000ec425478 at /build/buildd/openjdk-7-7u79-2.5.5/build/openjdk/hotspot/src/share/vm/prims/jvm.cpp:1284
Event: 5,287 Thread 0x00007f8d5400a000 Threw 0x00000000ec4282b0 at /build/buildd/openjdk-7-7u79-2.5.5/build/openjdk/hotspot/src/share/vm/prims/jvm.cpp:1284
Event: 5,318 Thread 0x00007f8d5400a000 Threw 0x00000000ec43b7a0 at /build/buildd/openjdk-7-7u79-2.5.5/build/openjdk/hotspot/src/share/vm/prims/jvm.cpp:1284
Event: 5,510 Thread 0x00007f8d5425d000 Threw 0x00000000ec093ff8 at /build/buildd/openjdk-7-7u79-2.5.5/build/openjdk/hotspot/src/share/vm/prims/jni.cpp:747

Events (10 events):
Event: 5,634 Executing VM operation: ParallelGCFailedAllocation done
Event: 5,744 Executing VM operation: ParallelGCFailedAllocation
Event: 5,751 Executing VM operation: ParallelGCFailedAllocation done
Event: 5,834 Executing VM operation: ParallelGCFailedAllocation
Event: 5,844 Executing VM operation: ParallelGCFailedAllocation done
Event: 6,022 Executing VM operation: ParallelGCFailedAllocation
Event: 6,041 Executing VM operation: ParallelGCFailedAllocation done
Event: 6,197 Executing VM operation: ParallelGCFailedAllocation
Event: 6,198 Executing VM operation: ParallelGCFailedAllocation done
Event: 6,607 Executing VM operation: ParallelGCFailedAllocation


Dynamic libraries:
00400000-00401000 r-xp 00000000 08:03 328732                             /usr/lib/jvm/java-7-openjdk-amd64/jre/bin/java
00600000-00601000 r--p 00000000 08:03 328732                             /usr/lib/jvm/java-7-openjdk-amd64/jre/bin/java
00601000-00602000 rw-p 00001000 08:03 328732                             /usr/lib/jvm/java-7-openjdk-amd64/jre/bin/java
00cf2000-00d13000 rw-p 00000000 00:00 0                                  [heap]
b9a00000-baf00000 rw-p 00000000 00:00 0 
baf00000-c4000000 rw-p 00000000 00:00 0 
c4000000-c6800000 rw-p 00000000 00:00 0 
c6800000-ec000000 rw-p 00000000 00:00 0 
ec000000-f3e00000 rw-p 00000000 00:00 0 
f8580000-100000000 rw-p 00000000 00:00 0 
7f8d00000000-7f8d00031000 rw-p 00000000 00:00 0 
7f8d00031000-7f8d04000000 ---p 00000000 00:00 0 
7f8d04000000-7f8d04021000 rw-p 00000000 00:00 0 
7f8d04021000-7f8d08000000 ---p 00000000 00:00 0 
7f8d08000000-7f8d08021000 rw-p 00000000 00:00 0 
7f8d08021000-7f8d0c000000 ---p 00000000 00:00 0 
7f8d0c000000-7f8d0c021000 rw-p 00000000 00:00 0 
7f8d0c021000-7f8d10000000 ---p 00000000 00:00 0 
7f8d10000000-7f8d10021000 rw-p 00000000 00:00 0 
7f8d10021000-7f8d14000000 ---p 00000000 00:00 0 
7f8d14000000-7f8d14021000 rw-p 00000000 00:00 0 
7f8d14021000-7f8d18000000 ---p 00000000 00:00 0 
7f8d18000000-7f8d18021000 rw-p 00000000 00:00 0 
7f8d18021000-7f8d1c000000 ---p 00000000 00:00 0 
7f8d1d5d0000-7f8d1d80a000 rw-p 00000000 00:00 0 
7f8d1d80a000-7f8d1d80d000 ---p 00000000 00:00 0 
7f8d1d80d000-7f8d1d90b000 rw-p 00000000 00:00 0                          [stack:8183]
7f8d1d90b000-7f8d1d90e000 ---p 00000000 00:00 0 
7f8d1d90e000-7f8d1da0c000 rw-p 00000000 00:00 0                          [stack:8181]
7f8d1da0c000-7f8d1da0f000 ---p 00000000 00:00 0 
7f8d1da0f000-7f8d1db0d000 rw-p 00000000 00:00 0                          [stack:8180]
7f8d1db0d000-7f8d1db1d000 r-xp 00000000 08:03 827168                     /usr/lib/jvm/java-7-openjdk-amd64/jre/lib/amd64/libnio.so
7f8d1db1d000-7f8d1dd1d000 ---p 00010000 08:03 827168                     /usr/lib/jvm/java-7-openjdk-amd64/jre/lib/amd64/libnio.so
7f8d1dd1d000-7f8d1dd1e000 r--p 00010000 08:03 827168                     /usr/lib/jvm/java-7-openjdk-amd64/jre/lib/amd64/libnio.so
7f8d1dd1e000-7f8d1dd1f000 rw-p 00011000 08:03 827168                     /usr/lib/jvm/java-7-openjdk-amd64/jre/lib/amd64/libnio.so
7f8d1dd1f000-7f8d1dd36000 r-xp 00000000 08:03 827180                     /usr/lib/jvm/java-7-openjdk-amd64/jre/lib/amd64/libnet.so
7f8d1dd36000-7f8d1df35000 ---p 00017000 08:03 827180                     /usr/lib/jvm/java-7-openjdk-amd64/jre/lib/amd64/libnet.so
7f8d1df35000-7f8d1df36000 r--p 00016000 08:03 827180                     /usr/lib/jvm/java-7-openjdk-amd64/jre/lib/amd64/libnet.so
7f8d1df36000-7f8d1df37000 rw-p 00017000 08:03 827180                     /usr/lib/jvm/java-7-openjdk-amd64/jre/lib/amd64/libnet.so
7f8d1df37000-7f8d1df89000 r-xp 00000000 08:03 827170                     /usr/lib/jvm/java-7-openjdk-amd64/jre/lib/amd64/libfontmanager.so
7f8d1df89000-7f8d1e188000 ---p 00052000 08:03 827170                     /usr/lib/jvm/java-7-openjdk-amd64/jre/lib/amd64/libfontmanager.so
7f8d1e188000-7f8d1e18b000 r--p 00051000 08:03 827170                     /usr/lib/jvm/java-7-openjdk-amd64/jre/lib/amd64/libfontmanager.so
7f8d1e18b000-7f8d1e18c000 rw-p 00054000 08:03 827170                     /usr/lib/jvm/java-7-openjdk-amd64/jre/lib/amd64/libfontmanager.so
7f8d1e18c000-7f8d1e18f000 ---p 00000000 00:00 0 
7f8d1e18f000-7f8d1e28d000 rw-p 00000000 00:00 0                          [stack:8179]
7f8d1e28d000-7f8d1e292000 r-xp 00000000 08:03 663399                     /usr/lib/x86_64-linux-gnu/libXfixes.so.3.1.0
7f8d1e292000-7f8d1e491000 ---p 00005000 08:03 663399                     /usr/lib/x86_64-linux-gnu/libXfixes.so.3.1.0
7f8d1e491000-7f8d1e492000 r--p 00004000 08:03 663399                     /usr/lib/x86_64-linux-gnu/libXfixes.so.3.1.0
7f8d1e492000-7f8d1e493000 rw-p 00005000 08:03 663399                     /usr/lib/x86_64-linux-gnu/libXfixes.so.3.1.0
7f8d1e493000-7f8d1e49c000 r-xp 00000000 08:03 661661                     /usr/lib/x86_64-linux-gnu/libXcursor.so.1.0.2
7f8d1e49c000-7f8d1e69b000 ---p 00009000 08:03 661661                     /usr/lib/x86_64-linux-gnu/libXcursor.so.1.0.2
7f8d1e69b000-7f8d1e69c000 r--p 00008000 08:03 661661                     /usr/lib/x86_64-linux-gnu/libXcursor.so.1.0.2
7f8d1e69c000-7f8d1e69d000 rw-p 00009000 08:03 661661                     /usr/lib/x86_64-linux-gnu/libXcursor.so.1.0.2
7f8d1e69d000-7f8d1e6a0000 ---p 00000000 00:00 0 
7f8d1e6a0000-7f8d1e79e000 rw-p 00000000 00:00 0                          [stack:8178]
7f8d1e79e000-7f8d1e7a2000 r-xp 00000000 08:03 264832                     /lib/x86_64-linux-gnu/libgpg-error.so.0.10.0
7f8d1e7a2000-7f8d1e9a1000 ---p 00004000 08:03 264832                     /lib/x86_64-linux-gnu/libgpg-error.so.0.10.0
7f8d1e9a1000-7f8d1e9a2000 r--p 00003000 08:03 264832                     /lib/x86_64-linux-gnu/libgpg-error.so.0.10.0
7f8d1e9a2000-7f8d1e9a3000 rw-p 00004000 08:03 264832                     /lib/x86_64-linux-gnu/libgpg-error.so.0.10.0
7f8d1e9a3000-7f8d1e9a5000 r-xp 00000000 08:03 264842                     /lib/x86_64-linux-gnu/libkeyutils.so.1.4
7f8d1e9a5000-7f8d1eba5000 ---p 00002000 08:03 264842                     /lib/x86_64-linux-gnu/libkeyutils.so.1.4
7f8d1eba5000-7f8d1eba6000 r--p 00002000 08:03 264842                     /lib/x86_64-linux-gnu/libkeyutils.so.1.4
7f8d1eba6000-7f8d1eba7000 rw-p 00003000 08:03 264842                     /lib/x86_64-linux-gnu/libkeyutils.so.1.4
7f8d1eba7000-7f8d1ebe4000 r-xp 00000000 08:03 264902                     /lib/x86_64-linux-gnu/libpcre.so.3.13.1
7f8d1ebe4000-7f8d1ede3000 ---p 0003d000 08:03 264902                     /lib/x86_64-linux-gnu/libpcre.so.3.13.1
7f8d1ede3000-7f8d1ede4000 r--p 0003c000 08:03 264902                     /lib/x86_64-linux-gnu/libpcre.so.3.13.1
7f8d1ede4000-7f8d1ede5000 rw-p 0003d000 08:03 264902                     /lib/x86_64-linux-gnu/libpcre.so.3.13.1
7f8d1ede5000-7f8d1ee0a000 r-xp 00000000 08:03 264914                     /lib/x86_64-linux-gnu/libpng12.so.0.50.0
7f8d1ee0a000-7f8d1f009000 ---p 00025000 08:03 264914                     /lib/x86_64-linux-gnu/libpng12.so.0.50.0
7f8d1f009000-7f8d1f00a000 r--p 00024000 08:03 264914                     /lib/x86_64-linux-gnu/libpng12.so.0.50.0
7f8d1f00a000-7f8d1f00b000 rw-p 00025000 08:03 264914                     /lib/x86_64-linux-gnu/libpng12.so.0.50.0
7f8d1f00b000-7f8d1f04f000 r-xp 00000000 08:03 261284                     /lib/x86_64-linux-gnu/libdbus-1.so.3.7.6
7f8d1f04f000-7f8d1f24e000 ---p 00044000 08:03 261284                     /lib/x86_64-linux-gnu/libdbus-1.so.3.7.6
7f8d1f24e000-7f8d1f24f000 r--p 00043000 08:03 261284                     /lib/x86_64-linux-gnu/libdbus-1.so.3.7.6
7f8d1f24f000-7f8d1f250000 rw-p 00044000 08:03 261284                     /lib/x86_64-linux-gnu/libdbus-1.so.3.7.6
7f8d1f250000-7f8d1f28b000 r-xp 00000000 08:03 662381                     /usr/lib/x86_64-linux-gnu/libp11-kit.so.0.0.0
7f8d1f28b000-7f8d1f48a000 ---p 0003b000 08:03 662381                     /usr/lib/x86_64-linux-gnu/libp11-kit.so.0.0.0
7f8d1f48a000-7f8d1f490000 r--p 0003a000 08:03 662381                     /usr/lib/x86_64-linux-gnu/libp11-kit.so.0.0.0
7f8d1f490000-7f8d1f492000 rw-p 00040000 08:03 662381                     /usr/lib/x86_64-linux-gnu/libp11-kit.so.0.0.0
7f8d1f492000-7f8d1f4a4000 r-xp 00000000 08:03 660196                     /usr/lib/x86_64-linux-gnu/libtasn1.so.6.2.0
7f8d1f4a4000-7f8d1f6a4000 ---p 00012000 08:03 660196                     /usr/lib/x86_64-linux-gnu/libtasn1.so.6.2.0
7f8d1f6a4000-7f8d1f6a5000 r--p 00012000 08:03 660196                     /usr/lib/x86_64-linux-gnu/libtasn1.so.6.2.0
7f8d1f6a5000-7f8d1f6a6000 rw-p 00013000 08:03 660196                     /usr/lib/x86_64-linux-gnu/libtasn1.so.6.2.0
7f8d1f6a6000-7f8d1f722000 r-xp 00000000 08:03 328824                     /lib/x86_64-linux-gnu/libgcrypt.so.11.8.2
7f8d1f722000-7f8d1f922000 ---p 0007c000 08:03 328824                     /lib/x86_64-linux-gnu/libgcrypt.so.11.8.2
7f8d1f922000-7f8d1f923000 r--p 0007c000 08:03 328824                     /lib/x86_64-linux-gnu/libgcrypt.so.11.8.2
7f8d1f923000-7f8d1f926000 rw-p 0007d000 08:03 328824                     /lib/x86_64-linux-gnu/libgcrypt.so.11.8.2
7f8d1f926000-7f8d1f930000 r-xp 00000000 08:03 661384                     /usr/lib/x86_64-linux-gnu/libkrb5support.so.0.1
7f8d1f930000-7f8d1fb2f000 ---p 0000a000 08:03 661384                     /usr/lib/x86_64-linux-gnu/libkrb5support.so.0.1
7f8d1fb2f000-7f8d1fb30000 r--p 00009000 08:03 661384                     /usr/lib/x86_64-linux-gnu/libkrb5support.so.0.1
7f8d1fb30000-7f8d1fb31000 rw-p 0000a000 08:03 661384                     /usr/lib/x86_64-linux-gnu/libkrb5support.so.0.1
7f8d1fb31000-7f8d1fb34000 r-xp 00000000 08:03 262686                     /lib/x86_64-linux-gnu/libcom_err.so.2.1
7f8d1fb34000-7f8d1fd33000 ---p 00003000 08:03 262686                     /lib/x86_64-linux-gnu/libcom_err.so.2.1
7f8d1fd33000-7f8d1fd34000 r--p 00002000 08:03 262686                     /lib/x86_64-linux-gnu/libcom_err.so.2.1
7f8d1fd34000-7f8d1fd35000 rw-p 00003000 08:03 262686                     /lib/x86_64-linux-gnu/libcom_err.so.2.1
7f8d1fd35000-7f8d1fdf1000 r-xp 00000000 08:03 661171                     /usr/lib/x86_64-linux-gnu/libkrb5.so.3.3
7f8d1fdf1000-7f8d1fff1000 ---p 000bc000 08:03 661171                     /usr/lib/x86_64-linux-gnu/libkrb5.so.3.3
7f8d1fff1000-7f8d1fffe000 r--p 000bc000 08:03 661171                     /usr/lib/x86_64-linux-gnu/libkrb5.so.3.3
7f8d1fffe000-7f8d20000000 rw-p 000c9000 08:03 661171                     /usr/lib/x86_64-linux-gnu/libkrb5.so.3.3
7f8d20000000-7f8d2013a000 rw-p 00000000 00:00 0 
7f8d2013a000-7f8d24000000 ---p 00000000 00:00 0 
7f8d24000000-7f8d24294000 rw-p 00000000 00:00 0 
7f8d24294000-7f8d28000000 ---p 00000000 00:00 0 
7f8d2803c000-7f8d2806d000 rw-p 00000000 00:00 0 
7f8d2806d000-7f8d28099000 r-xp 00000000 08:03 659364                     /usr/lib/x86_64-linux-gnu/libk5crypto.so.3.1
7f8d28099000-7f8d28298000 ---p 0002c000 08:03 659364                     /usr/lib/x86_64-linux-gnu/libk5crypto.so.3.1
7f8d28298000-7f8d2829a000 r--p 0002b000 08:03 659364                     /usr/lib/x86_64-linux-gnu/libk5crypto.so.3.1
7f8d2829a000-7f8d2829b000 rw-p 0002d000 08:03 659364                     /usr/lib/x86_64-linux-gnu/libk5crypto.so.3.1
7f8d2829b000-7f8d2829c000 rw-p 00000000 00:00 0 
7f8d2829c000-7f8d282a1000 r-xp 00000000 08:03 661665                     /usr/lib/x86_64-linux-gnu/libXdmcp.so.6.0.0
7f8d282a1000-7f8d284a0000 ---p 00005000 08:03 661665                     /usr/lib/x86_64-linux-gnu/libXdmcp.so.6.0.0
7f8d284a0000-7f8d284a1000 r--p 00004000 08:03 661665                     /usr/lib/x86_64-linux-gnu/libXdmcp.so.6.0.0
7f8d284a1000-7f8d284a2000 rw-p 00005000 08:03 661665                     /usr/lib/x86_64-linux-gnu/libXdmcp.so.6.0.0
7f8d284a2000-7f8d284a4000 r-xp 00000000 08:03 661654                     /usr/lib/x86_64-linux-gnu/libXau.so.6.0.0
7f8d284a4000-7f8d286a4000 ---p 00002000 08:03 661654                     /usr/lib/x86_64-linux-gnu/libXau.so.6.0.0
7f8d286a4000-7f8d286a5000 r--p 00002000 08:03 661654                     /usr/lib/x86_64-linux-gnu/libXau.so.6.0.0
7f8d286a5000-7f8d286a6000 rw-p 00003000 08:03 661654                     /usr/lib/x86_64-linux-gnu/libXau.so.6.0.0
7f8d286a6000-7f8d286ad000 r-xp 00000000 08:03 661932                     /usr/lib/x86_64-linux-gnu/libffi.so.6.0.1
7f8d286ad000-7f8d288ac000 ---p 00007000 08:03 661932                     /usr/lib/x86_64-linux-gnu/libffi.so.6.0.1
7f8d288ac000-7f8d288ad000 r--p 00006000 08:03 661932                     /usr/lib/x86_64-linux-gnu/libffi.so.6.0.1
7f8d288ad000-7f8d288ae000 rw-p 00007000 08:03 661932                     /usr/lib/x86_64-linux-gnu/libffi.so.6.0.1
7f8d288ae000-7f8d288c5000 r-xp 00000000 08:03 264763                     /lib/x86_64-linux-gnu/libresolv-2.19.so
7f8d288c5000-7f8d28ac5000 ---p 00017000 08:03 264763                     /lib/x86_64-linux-gnu/libresolv-2.19.so
7f8d28ac5000-7f8d28ac6000 r--p 00017000 08:03 264763                     /lib/x86_64-linux-gnu/libresolv-2.19.so
7f8d28ac6000-7f8d28ac7000 rw-p 00018000 08:03 264763                     /lib/x86_64-linux-gnu/libresolv-2.19.so
7f8d28ac7000-7f8d28ac9000 rw-p 00000000 00:00 0 
7f8d28ac9000-7f8d28ae9000 r-xp 00000000 08:03 264838                     /lib/x86_64-linux-gnu/libselinux.so.1
7f8d28ae9000-7f8d28ce8000 ---p 00020000 08:03 264838                     /lib/x86_64-linux-gnu/libselinux.so.1
7f8d28ce8000-7f8d28ce9000 r--p 0001f000 08:03 264838                     /lib/x86_64-linux-gnu/libselinux.so.1
7f8d28ce9000-7f8d28cea000 rw-p 00020000 08:03 264838                     /lib/x86_64-linux-gnu/libselinux.so.1
7f8d28cea000-7f8d28cec000 rw-p 00000000 00:00 0 
7f8d28cec000-7f8d28df2000 r-xp 00000000 08:03 274761                     /lib/x86_64-linux-gnu/libglib-2.0.so.0.4002.0
7f8d28df2000-7f8d28ff1000 ---p 00106000 08:03 274761                     /lib/x86_64-linux-gnu/libglib-2.0.so.0.4002.0
7f8d28ff1000-7f8d28ff2000 r--p 00105000 08:03 274761                     /lib/x86_64-linux-gnu/libglib-2.0.so.0.4002.0
7f8d28ff2000-7f8d28ff3000 rw-p 00106000 08:03 274761                     /lib/x86_64-linux-gnu/libglib-2.0.so.0.4002.0
7f8d28ff3000-7f8d28ff4000 rw-p 00000000 00:00 0 
7f8d28ff4000-7f8d28ff7000 r-xp 00000000 08:03 651823                     /usr/lib/x86_64-linux-gnu/libgmodule-2.0.so.0.4002.0
7f8d28ff7000-7f8d291f6000 ---p 00003000 08:03 651823                     /usr/lib/x86_64-linux-gnu/libgmodule-2.0.so.0.4002.0
7f8d291f6000-7f8d291f7000 r--p 00002000 08:03 651823                     /usr/lib/x86_64-linux-gnu/libgmodule-2.0.so.0.4002.0
7f8d291f7000-7f8d291f8000 rw-p 00003000 08:03 651823                     /usr/lib/x86_64-linux-gnu/libgmodule-2.0.so.0.4002.0
7f8d291f8000-7f8d2921f000 r-xp 00000000 08:03 264821                     /lib/x86_64-linux-gnu/libexpat.so.1.6.0
7f8d2921f000-7f8d2941f000 ---p 00027000 08:03 264821                     /lib/x86_64-linux-gnu/libexpat.so.1.6.0
7f8d2941f000-7f8d29421000 r--p 00027000 08:03 264821                     /lib/x86_64-linux-gnu/libexpat.so.1.6.0
7f8d29421000-7f8d29422000 rw-p 00029000 08:03 264821                     /lib/x86_64-linux-gnu/libexpat.so.1.6.0
7f8d29422000-7f8d294bf000 r-xp 00000000 08:03 693442                     /usr/lib/x86_64-linux-gnu/libfreetype.so.6.11.1
7f8d294bf000-7f8d296be000 ---p 0009d000 08:03 693442                     /usr/lib/x86_64-linux-gnu/libfreetype.so.6.11.1
7f8d296be000-7f8d296c4000 r--p 0009c000 08:03 693442                     /usr/lib/x86_64-linux-gnu/libfreetype.so.6.11.1
7f8d296c4000-7f8d296c5000 rw-p 000a2000 08:03 693442                     /usr/lib/x86_64-linux-gnu/libfreetype.so.6.11.1
7f8d296c5000-7f8d296d4000 r-xp 00000000 08:03 661758                     /usr/lib/x86_64-linux-gnu/libavahi-client.so.3.2.9
7f8d296d4000-7f8d298d4000 ---p 0000f000 08:03 661758                     /usr/lib/x86_64-linux-gnu/libavahi-client.so.3.2.9
7f8d298d4000-7f8d298d5000 r--p 0000f000 08:03 661758                     /usr/lib/x86_64-linux-gnu/libavahi-client.so.3.2.9
7f8d298d5000-7f8d298d6000 rw-p 00010000 08:03 661758                     /usr/lib/x86_64-linux-gnu/libavahi-client.so.3.2.9
7f8d298d6000-7f8d298e1000 r-xp 00000000 08:03 661760                     /usr/lib/x86_64-linux-gnu/libavahi-common.so.3.5.3
7f8d298e1000-7f8d29ae0000 ---p 0000b000 08:03 661760                     /usr/lib/x86_64-linux-gnu/libavahi-common.so.3.5.3
7f8d29ae0000-7f8d29ae1000 r--p 0000a000 08:03 661760                     /usr/lib/x86_64-linux-gnu/libavahi-common.so.3.5.3
7f8d29ae1000-7f8d29ae2000 rw-p 0000b000 08:03 661760                     /usr/lib/x86_64-linux-gnu/libavahi-common.so.3.5.3
7f8d29ae2000-7f8d29b98000 r-xp 00000000 08:03 679970                     /usr/lib/x86_64-linux-gnu/libgnutls.so.26.22.6
7f8d29b98000-7f8d29d98000 ---p 000b6000 08:03 679970                     /usr/lib/x86_64-linux-gnu/libgnutls.so.26.22.6
7f8d29d98000-7f8d29d9e000 r--p 000b6000 08:03 679970                     /usr/lib/x86_64-linux-gnu/libgnutls.so.26.22.6
7f8d29d9e000-7f8d29d9f000 rw-p 000bc000 08:03 679970                     /usr/lib/x86_64-linux-gnu/libgnutls.so.26.22.6
7f8d29d9f000-7f8d29da0000 rw-p 00000000 00:00 0 
7f8d29da0000-7f8d29de3000 r-xp 00000000 08:03 660101                     /usr/lib/x86_64-linux-gnu/libgssapi_krb5.so.2.2
7f8d29de3000-7f8d29fe3000 ---p 00043000 08:03 660101                     /usr/lib/x86_64-linux-gnu/libgssapi_krb5.so.2.2
7f8d29fe3000-7f8d29fe4000 r--p 00043000 08:03 660101                     /usr/lib/x86_64-linux-gnu/libgssapi_krb5.so.2.2
7f8d29fe4000-7f8d29fe6000 rw-p 00044000 08:03 660101                     /usr/lib/x86_64-linux-gnu/libgssapi_krb5.so.2.2
7f8d29fe6000-7f8d2a003000 r-xp 00000000 08:03 662722                     /usr/lib/x86_64-linux-gnu/libxcb.so.1.1.0
7f8d2a003000-7f8d2a203000 ---p 0001d000 08:03 662722                     /usr/lib/x86_64-linux-gnu/libxcb.so.1.1.0
7f8d2a203000-7f8d2a204000 r--p 0001d000 08:03 662722                     /usr/lib/x86_64-linux-gnu/libxcb.so.1.1.0
7f8d2a204000-7f8d2a205000 rw-p 0001e000 08:03 662722                     /usr/lib/x86_64-linux-gnu/libxcb.so.1.1.0
7f8d2a205000-7f8d2a254000 r-xp 00000000 08:03 651824                     /usr/lib/x86_64-linux-gnu/libgobject-2.0.so.0.4002.0
7f8d2a254000-7f8d2a454000 ---p 0004f000 08:03 651824                     /usr/lib/x86_64-linux-gnu/libgobject-2.0.so.0.4002.0
7f8d2a454000-7f8d2a455000 r--p 0004f000 08:03 651824                     /usr/lib/x86_64-linux-gnu/libgobject-2.0.so.0.4002.0
7f8d2a455000-7f8d2a456000 rw-p 00050000 08:03 651824                     /usr/lib/x86_64-linux-gnu/libgobject-2.0.so.0.4002.0
7f8d2a456000-7f8d2a5c2000 r-xp 00000000 08:03 651826                     /usr/lib/x86_64-linux-gnu/libgio-2.0.so.0.4002.0
7f8d2a5c2000-7f8d2a7c1000 ---p 0016c000 08:03 651826                     /usr/lib/x86_64-linux-gnu/libgio-2.0.so.0.4002.0
7f8d2a7c1000-7f8d2a7c5000 r--p 0016b000 08:03 651826                     /usr/lib/x86_64-linux-gnu/libgio-2.0.so.0.4002.0
7f8d2a7c5000-7f8d2a7c7000 rw-p 0016f000 08:03 651826                     /usr/lib/x86_64-linux-gnu/libgio-2.0.so.0.4002.0
7f8d2a7c7000-7f8d2a7c9000 rw-p 00000000 00:00 0 
7f8d2a7c9000-7f8d2a803000 r-xp 00000000 08:03 652565                     /usr/lib/x86_64-linux-gnu/libfontconfig.so.1.8.0
7f8d2a803000-7f8d2aa02000 ---p 0003a000 08:03 652565                     /usr/lib/x86_64-linux-gnu/libfontconfig.so.1.8.0
7f8d2aa02000-7f8d2aa04000 r--p 00039000 08:03 652565                     /usr/lib/x86_64-linux-gnu/libfontconfig.so.1.8.0
7f8d2aa04000-7f8d2aa05000 rw-p 0003b000 08:03 652565                     /usr/lib/x86_64-linux-gnu/libfontconfig.so.1.8.0
7f8d2aa05000-7f8d2aa71000 r-xp 00000000 08:03 654166                     /usr/lib/x86_64-linux-gnu/libcups.so.2
7f8d2aa71000-7f8d2ac71000 ---p 0006c000 08:03 654166                     /usr/lib/x86_64-linux-gnu/libcups.so.2
7f8d2ac71000-7f8d2ac78000 r--p 0006c000 08:03 654166                     /usr/lib/x86_64-linux-gnu/libcups.so.2
7f8d2ac78000-7f8d2ac79000 rw-p 00073000 08:03 654166                     /usr/lib/x86_64-linux-gnu/libcups.so.2
7f8d2ac79000-7f8d2ac88000 r-xp 00000000 08:03 663953                     /usr/lib/x86_64-linux-gnu/libXi.so.6.1.0
7f8d2ac88000-7f8d2ae87000 ---p 0000f000 08:03 663953                     /usr/lib/x86_64-linux-gnu/libXi.so.6.1.0
7f8d2ae87000-7f8d2ae88000 r--p 0000e000 08:03 663953                     /usr/lib/x86_64-linux-gnu/libXi.so.6.1.0
7f8d2ae88000-7f8d2ae89000 rw-p 0000f000 08:03 663953                     /usr/lib/x86_64-linux-gnu/libXi.so.6.1.0
7f8d2ae89000-7f8d2ae8e000 r-xp 00000000 08:03 661695                     /usr/lib/x86_64-linux-gnu/libXtst.so.6.1.0
7f8d2ae8e000-7f8d2b08d000 ---p 00005000 08:03 661695                     /usr/lib/x86_64-linux-gnu/libXtst.so.6.1.0
7f8d2b08d000-7f8d2b08e000 r--p 00004000 08:03 661695                     /usr/lib/x86_64-linux-gnu/libXtst.so.6.1.0
7f8d2b08e000-7f8d2b08f000 rw-p 00005000 08:03 661695                     /usr/lib/x86_64-linux-gnu/libXtst.so.6.1.0
7f8d2b08f000-7f8d2b098000 r-xp 00000000 08:03 666943                     /usr/lib/x86_64-linux-gnu/libXrender.so.1.3.0
7f8d2b098000-7f8d2b297000 ---p 00009000 08:03 666943                     /usr/lib/x86_64-linux-gnu/libXrender.so.1.3.0
7f8d2b297000-7f8d2b298000 r--p 00008000 08:03 666943                     /usr/lib/x86_64-linux-gnu/libXrender.so.1.3.0
7f8d2b298000-7f8d2b299000 rw-p 00009000 08:03 666943                     /usr/lib/x86_64-linux-gnu/libXrender.so.1.3.0
7f8d2b299000-7f8d2b3c9000 r-xp 00000000 08:03 661650                     /usr/lib/x86_64-linux-gnu/libX11.so.6.3.0
7f8d2b3c9000-7f8d2b5c9000 ---p 00130000 08:03 661650                     /usr/lib/x86_64-linux-gnu/libX11.so.6.3.0
7f8d2b5c9000-7f8d2b5ca000 r--p 00130000 08:03 661650                     /usr/lib/x86_64-linux-gnu/libX11.so.6.3.0
7f8d2b5ca000-7f8d2b5ce000 rw-p 00131000 08:03 661650                     /usr/lib/x86_64-linux-gnu/libX11.so.6.3.0
7f8d2b5ce000-7f8d2b5df000 r-xp 00000000 08:03 659453                     /usr/lib/x86_64-linux-gnu/libXext.so.6.4.0
7f8d2b5df000-7f8d2b7de000 ---p 00011000 08:03 659453                     /usr/lib/x86_64-linux-gnu/libXext.so.6.4.0
7f8d2b7de000-7f8d2b7df000 r--p 00010000 08:03 659453                     /usr/lib/x86_64-linux-gnu/libXext.so.6.4.0
7f8d2b7df000-7f8d2b7e0000 rw-p 00011000 08:03 659453                     /usr/lib/x86_64-linux-gnu/libXext.so.6.4.0
7f8d2b7e0000-7f8d2b828000 r-xp 00000000 08:03 274795                     /usr/lib/jvm/java-7-openjdk-amd64/jre/lib/amd64/xawt/libmawt.so
7f8d2b828000-7f8d2ba27000 ---p 00048000 08:03 274795                     /usr/lib/jvm/java-7-openjdk-amd64/jre/lib/amd64/xawt/libmawt.so
7f8d2ba27000-7f8d2ba28000 r--p 00047000 08:03 274795                     /usr/lib/jvm/java-7-openjdk-amd64/jre/lib/amd64/xawt/libmawt.so
7f8d2ba28000-7f8d2ba2b000 rw-p 00048000 08:03 274795                     /usr/lib/jvm/java-7-openjdk-amd64/jre/lib/amd64/xawt/libmawt.so
7f8d2ba2b000-7f8d2ba2c000 rw-p 00000000 00:00 0 
7f8d2ba2c000-7f8d2bacc000 r-xp 00000000 08:03 827154                     /usr/lib/jvm/java-7-openjdk-amd64/jre/lib/amd64/libawt.so
7f8d2bacc000-7f8d2bccc000 ---p 000a0000 08:03 827154                     /usr/lib/jvm/java-7-openjdk-amd64/jre/lib/amd64/libawt.so
7f8d2bccc000-7f8d2bccd000 r--p 000a0000 08:03 827154                     /usr/lib/jvm/java-7-openjdk-amd64/jre/lib/amd64/libawt.so
7f8d2bccd000-7f8d2bcd8000 rw-p 000a1000 08:03 827154                     /usr/lib/jvm/java-7-openjdk-amd64/jre/lib/amd64/libawt.so
7f8d2bcd8000-7f8d2bcfd000 rw-p 00000000 00:00 0 
7f8d2bcfd000-7f8d2bcfe000 ---p 00000000 00:00 0 
7f8d2bcfe000-7f8d2bdfe000 rw-p 00000000 00:00 0                          [stack:8177]
7f8d2bdfe000-7f8d2be01000 ---p 00000000 00:00 0 
7f8d2be01000-7f8d2beff000 rw-p 00000000 00:00 0                          [stack:8176]
7f8d2beff000-7f8d2bf02000 ---p 00000000 00:00 0 
7f8d2bf02000-7f8d2c000000 rw-p 00000000 00:00 0                          [stack:8175]
7f8d2c000000-7f8d2c021000 rw-p 00000000 00:00 0 
7f8d2c021000-7f8d30000000 ---p 00000000 00:00 0 
7f8d30000000-7f8d30021000 rw-p 00000000 00:00 0 
7f8d30021000-7f8d34000000 ---p 00000000 00:00 0 
7f8d34000000-7f8d34021000 rw-p 00000000 00:00 0 
7f8d34021000-7f8d38000000 ---p 00000000 00:00 0 
7f8d38000000-7f8d38021000 rw-p 00000000 00:00 0 
7f8d38021000-7f8d3c000000 ---p 00000000 00:00 0 
7f8d3c000000-7f8d3c021000 rw-p 00000000 00:00 0 
7f8d3c021000-7f8d40000000 ---p 00000000 00:00 0 
7f8d40000000-7f8d40021000 rw-p 00000000 00:00 0 
7f8d40021000-7f8d44000000 ---p 00000000 00:00 0 
7f8d44000000-7f8d44021000 rw-p 00000000 00:00 0 
7f8d44021000-7f8d48000000 ---p 00000000 00:00 0 
7f8d48021000-7f8d48046000 r--p 00000000 08:03 158814                     /usr/share/locale-langpack/pl/LC_MESSAGES/libc.mo
7f8d48046000-7f8d48049000 ---p 00000000 00:00 0 
7f8d48049000-7f8d48147000 rw-p 00000000 00:00 0                          [stack:8174]
7f8d48147000-7f8d4814a000 ---p 00000000 00:00 0 
7f8d4814a000-7f8d48248000 rw-p 00000000 00:00 0                          [stack:8173]
7f8d48248000-7f8d48a5b000 r--p 00000000 08:03 658465                     /usr/lib/locale/locale-archive
7f8d48a5b000-7f8d48a5e000 ---p 00000000 00:00 0 
7f8d48a5e000-7f8d48b5c000 rw-p 00000000 00:00 0                          [stack:8172]
7f8d48b5c000-7f8d48b5f000 ---p 00000000 00:00 0 
7f8d48b5f000-7f8d48c5d000 rw-p 00000000 00:00 0                          [stack:8171]
7f8d48c5d000-7f8d48c5e000 ---p 00000000 00:00 0 
7f8d48c5e000-7f8d4c000000 rw-p 00000000 00:00 0                          [stack:8170]
7f8d4c000000-7f8d4c021000 rw-p 00000000 00:00 0 
7f8d4c021000-7f8d50000000 ---p 00000000 00:00 0 
7f8d50016000-7f8d50020000 r--s 000ae000 08:03 827151                     /usr/lib/jvm/java-7-openjdk-amd64/jre/lib/resources.jar
7f8d50020000-7f8d500ab000 rw-p 00000000 00:00 0 
7f8d500ab000-7f8d5025c000 r--s 01d27000 08:03 827184                     /usr/lib/jvm/java-7-openjdk-amd64/jre/lib/rt.jar
7f8d5025c000-7f8d50560000 rw-p 00000000 00:00 0 
7f8d50560000-7f8d50561000 ---p 00000000 00:00 0 
7f8d50561000-7f8d50661000 rw-p 00000000 00:00 0                          [stack:8167]
7f8d50661000-7f8d50662000 ---p 00000000 00:00 0 
7f8d50662000-7f8d50762000 rw-p 00000000 00:00 0                          [stack:8166]
7f8d50762000-7f8d50763000 ---p 00000000 00:00 0 
7f8d50763000-7f8d50863000 rw-p 00000000 00:00 0                          [stack:8165]
7f8d50863000-7f8d50864000 ---p 00000000 00:00 0 
7f8d50864000-7f8d5096f000 rw-p 00000000 00:00 0                          [stack:8164]
7f8d5096f000-7f8d509b7000 rw-p 00000000 00:00 0 
7f8d509b7000-7f8d509c2000 rw-p 00000000 00:00 0 
7f8d509c2000-7f8d50a0a000 rw-p 00000000 00:00 0 
7f8d50a0a000-7f8d50a1e000 rw-p 00000000 00:00 0 
7f8d50a1e000-7f8d50b4a000 rw-p 00000000 00:00 0 
7f8d50b4a000-7f8d50b89000 rw-p 00000000 00:00 0 
7f8d50b89000-7f8d50bea000 rw-p 00000000 00:00 0 
7f8d50bea000-7f8d50beb000 rw-p 00000000 00:00 0 
7f8d50beb000-7f8d50e5b000 rwxp 00000000 00:00 0 
7f8d50e5b000-7f8d53beb000 rw-p 00000000 00:00 0 
7f8d53beb000-7f8d53bf3000 r-xp 00000000 08:03 827164                     /usr/lib/jvm/java-7-openjdk-amd64/jre/lib/amd64/libzip.so
7f8d53bf3000-7f8d53df2000 ---p 00008000 08:03 827164                     /usr/lib/jvm/java-7-openjdk-amd64/jre/lib/amd64/libzip.so
7f8d53df2000-7f8d53df3000 r--p 00007000 08:03 827164                     /usr/lib/jvm/java-7-openjdk-amd64/jre/lib/amd64/libzip.so
7f8d53df3000-7f8d53df4000 rw-p 00008000 08:03 827164                     /usr/lib/jvm/java-7-openjdk-amd64/jre/lib/amd64/libzip.so
7f8d53df4000-7f8d53dff000 r-xp 00000000 08:03 264778                     /lib/x86_64-linux-gnu/libnss_files-2.19.so
7f8d53dff000-7f8d53ffe000 ---p 0000b000 08:03 264778                     /lib/x86_64-linux-gnu/libnss_files-2.19.so
7f8d53ffe000-7f8d53fff000 r--p 0000a000 08:03 264778                     /lib/x86_64-linux-gnu/libnss_files-2.19.so
7f8d53fff000-7f8d54000000 rw-p 0000b000 08:03 264778                     /lib/x86_64-linux-gnu/libnss_files-2.19.so
7f8d54000000-7f8d542b3000 rw-p 00000000 00:00 0 
7f8d542b3000-7f8d58000000 ---p 00000000 00:00 0 
7f8d58007000-7f8d58008000 rw-p 00000000 00:00 0 
7f8d58008000-7f8d5800f000 r--s 00000000 08:03 791290                     /usr/lib/x86_64-linux-gnu/gconv/gconv-modules.cache
7f8d5800f000-7f8d58019000 r--s 00203000 08:03 827148                     /usr/lib/jvm/java-7-openjdk-amd64/jre/lib/charsets.jar
7f8d58019000-7f8d58055000 rw-p 00000000 00:00 0 
7f8d58055000-7f8d58181000 rw-p 00000000 00:00 0 
7f8d58181000-7f8d5818c000 r-xp 00000000 08:03 276097                     /lib/x86_64-linux-gnu/libnss_nis-2.19.so
7f8d5818c000-7f8d5838b000 ---p 0000b000 08:03 276097                     /lib/x86_64-linux-gnu/libnss_nis-2.19.so
7f8d5838b000-7f8d5838c000 r--p 0000a000 08:03 276097                     /lib/x86_64-linux-gnu/libnss_nis-2.19.so
7f8d5838c000-7f8d5838d000 rw-p 0000b000 08:03 276097                     /lib/x86_64-linux-gnu/libnss_nis-2.19.so
7f8d5838d000-7f8d583a4000 r-xp 00000000 08:03 269768                     /lib/x86_64-linux-gnu/libnsl-2.19.so
7f8d583a4000-7f8d585a3000 ---p 00017000 08:03 269768                     /lib/x86_64-linux-gnu/libnsl-2.19.so
7f8d585a3000-7f8d585a4000 r--p 00016000 08:03 269768                     /lib/x86_64-linux-gnu/libnsl-2.19.so
7f8d585a4000-7f8d585a5000 rw-p 00017000 08:03 269768                     /lib/x86_64-linux-gnu/libnsl-2.19.so
7f8d585a5000-7f8d585a7000 rw-p 00000000 00:00 0 
7f8d585a7000-7f8d585b0000 r-xp 00000000 08:03 268171                     /lib/x86_64-linux-gnu/libnss_compat-2.19.so
7f8d585b0000-7f8d587af000 ---p 00009000 08:03 268171                     /lib/x86_64-linux-gnu/libnss_compat-2.19.so
7f8d587af000-7f8d587b0000 r--p 00008000 08:03 268171                     /lib/x86_64-linux-gnu/libnss_compat-2.19.so
7f8d587b0000-7f8d587b1000 rw-p 00009000 08:03 268171                     /lib/x86_64-linux-gnu/libnss_compat-2.19.so
7f8d587b1000-7f8d587dc000 r-xp 00000000 08:03 827179                     /usr/lib/jvm/java-7-openjdk-amd64/jre/lib/amd64/libjava.so
7f8d587dc000-7f8d589dc000 ---p 0002b000 08:03 827179                     /usr/lib/jvm/java-7-openjdk-amd64/jre/lib/amd64/libjava.so
7f8d589dc000-7f8d589dd000 r--p 0002b000 08:03 827179                     /usr/lib/jvm/java-7-openjdk-amd64/jre/lib/amd64/libjava.so
7f8d589dd000-7f8d589df000 rw-p 0002c000 08:03 827179                     /usr/lib/jvm/java-7-openjdk-amd64/jre/lib/amd64/libjava.so
7f8d589df000-7f8d589ef000 r-xp 00000000 08:03 827176                     /usr/lib/jvm/java-7-openjdk-amd64/jre/lib/amd64/libverify.so
7f8d589ef000-7f8d58bee000 ---p 00010000 08:03 827176                     /usr/lib/jvm/java-7-openjdk-amd64/jre/lib/amd64/libverify.so
7f8d58bee000-7f8d58bf0000 r--p 0000f000 08:03 827176                     /usr/lib/jvm/java-7-openjdk-amd64/jre/lib/amd64/libverify.so
7f8d58bf0000-7f8d58bf1000 rw-p 00011000 08:03 827176                     /usr/lib/jvm/java-7-openjdk-amd64/jre/lib/amd64/libverify.so
7f8d58bf1000-7f8d58bf8000 r-xp 00000000 08:03 276085                     /lib/x86_64-linux-gnu/librt-2.19.so
7f8d58bf8000-7f8d58df7000 ---p 00007000 08:03 276085                     /lib/x86_64-linux-gnu/librt-2.19.so
7f8d58df7000-7f8d58df8000 r--p 00006000 08:03 276085                     /lib/x86_64-linux-gnu/librt-2.19.so
7f8d58df8000-7f8d58df9000 rw-p 00007000 08:03 276085                     /lib/x86_64-linux-gnu/librt-2.19.so
7f8d58df9000-7f8d58e0f000 r-xp 00000000 08:03 264776                     /lib/x86_64-linux-gnu/libgcc_s.so.1
7f8d58e0f000-7f8d5900e000 ---p 00016000 08:03 264776                     /lib/x86_64-linux-gnu/libgcc_s.so.1
7f8d5900e000-7f8d5900f000 rw-p 00015000 08:03 264776                     /lib/x86_64-linux-gnu/libgcc_s.so.1
7f8d5900f000-7f8d59114000 r-xp 00000000 08:03 264768                     /lib/x86_64-linux-gnu/libm-2.19.so
7f8d59114000-7f8d59313000 ---p 00105000 08:03 264768                     /lib/x86_64-linux-gnu/libm-2.19.so
7f8d59313000-7f8d59314000 r--p 00104000 08:03 264768                     /lib/x86_64-linux-gnu/libm-2.19.so
7f8d59314000-7f8d59315000 rw-p 00105000 08:03 264768                     /lib/x86_64-linux-gnu/libm-2.19.so
7f8d59315000-7f8d593fb000 r-xp 00000000 08:03 662560                     /usr/lib/x86_64-linux-gnu/libstdc++.so.6.0.19
7f8d593fb000-7f8d595fa000 ---p 000e6000 08:03 662560                     /usr/lib/x86_64-linux-gnu/libstdc++.so.6.0.19
7f8d595fa000-7f8d59602000 r--p 000e5000 08:03 662560                     /usr/lib/x86_64-linux-gnu/libstdc++.so.6.0.19
7f8d59602000-7f8d59604000 rw-p 000ed000 08:03 662560                     /usr/lib/x86_64-linux-gnu/libstdc++.so.6.0.19
7f8d59604000-7f8d59619000 rw-p 00000000 00:00 0 
7f8d59619000-7f8d5a131000 r-xp 00000000 08:03 333219                     /usr/lib/jvm/java-7-openjdk-amd64/jre/lib/amd64/server/libjvm.so
7f8d5a131000-7f8d5a331000 ---p 00b18000 08:03 333219                     /usr/lib/jvm/java-7-openjdk-amd64/jre/lib/amd64/server/libjvm.so
7f8d5a331000-7f8d5a3cb000 r--p 00b18000 08:03 333219                     /usr/lib/jvm/java-7-openjdk-amd64/jre/lib/amd64/server/libjvm.so
7f8d5a3cb000-7f8d5a3ee000 rw-p 00bb2000 08:03 333219                     /usr/lib/jvm/java-7-openjdk-amd64/jre/lib/amd64/server/libjvm.so
7f8d5a3ee000-7f8d5a41c000 rw-p 00000000 00:00 0 
7f8d5a41c000-7f8d5a434000 r-xp 00000000 08:03 264962                     /lib/x86_64-linux-gnu/libz.so.1.2.8
7f8d5a434000-7f8d5a633000 ---p 00018000 08:03 264962                     /lib/x86_64-linux-gnu/libz.so.1.2.8
7f8d5a633000-7f8d5a634000 r--p 00017000 08:03 264962                     /lib/x86_64-linux-gnu/libz.so.1.2.8
7f8d5a634000-7f8d5a635000 rw-p 00018000 08:03 264962                     /lib/x86_64-linux-gnu/libz.so.1.2.8
7f8d5a635000-7f8d5a64e000 r-xp 00000000 08:03 276077                     /lib/x86_64-linux-gnu/libpthread-2.19.so
7f8d5a64e000-7f8d5a84d000 ---p 00019000 08:03 276077                     /lib/x86_64-linux-gnu/libpthread-2.19.so
7f8d5a84d000-7f8d5a84e000 r--p 00018000 08:03 276077                     /lib/x86_64-linux-gnu/libpthread-2.19.so
7f8d5a84e000-7f8d5a84f000 rw-p 00019000 08:03 276077                     /lib/x86_64-linux-gnu/libpthread-2.19.so
7f8d5a84f000-7f8d5a853000 rw-p 00000000 00:00 0 
7f8d5a853000-7f8d5a856000 r-xp 00000000 08:03 265545                     /lib/x86_64-linux-gnu/libdl-2.19.so
7f8d5a856000-7f8d5aa55000 ---p 00003000 08:03 265545                     /lib/x86_64-linux-gnu/libdl-2.19.so
7f8d5aa55000-7f8d5aa56000 r--p 00002000 08:03 265545                     /lib/x86_64-linux-gnu/libdl-2.19.so
7f8d5aa56000-7f8d5aa57000 rw-p 00003000 08:03 265545                     /lib/x86_64-linux-gnu/libdl-2.19.so
7f8d5aa57000-7f8d5ac12000 r-xp 00000000 08:03 276073                     /lib/x86_64-linux-gnu/libc-2.19.so
7f8d5ac12000-7f8d5ae11000 ---p 001bb000 08:03 276073                     /lib/x86_64-linux-gnu/libc-2.19.so
7f8d5ae11000-7f8d5ae15000 r--p 001ba000 08:03 276073                     /lib/x86_64-linux-gnu/libc-2.19.so
7f8d5ae15000-7f8d5ae17000 rw-p 001be000 08:03 276073                     /lib/x86_64-linux-gnu/libc-2.19.so
7f8d5ae17000-7f8d5ae1c000 rw-p 00000000 00:00 0 
7f8d5ae1c000-7f8d5ae29000 r-xp 00000000 08:03 333216                     /usr/lib/jvm/java-7-openjdk-amd64/jre/lib/amd64/jli/libjli.so
7f8d5ae29000-7f8d5b028000 ---p 0000d000 08:03 333216                     /usr/lib/jvm/java-7-openjdk-amd64/jre/lib/amd64/jli/libjli.so
7f8d5b028000-7f8d5b029000 r--p 0000c000 08:03 333216                     /usr/lib/jvm/java-7-openjdk-amd64/jre/lib/amd64/jli/libjli.so
7f8d5b029000-7f8d5b02a000 rw-p 0000d000 08:03 333216                     /usr/lib/jvm/java-7-openjdk-amd64/jre/lib/amd64/jli/libjli.so
7f8d5b02a000-7f8d5b04d000 r-xp 00000000 08:03 269800                     /lib/x86_64-linux-gnu/ld-2.19.so
7f8d5b04d000-7f8d5b051000 rw-s 00000000 00:04 9830410                    /SYSV00000000 (deleted)
7f8d5b051000-7f8d5b071000 rw-p 00000000 00:00 0 
7f8d5b071000-7f8d5b127000 rw-p 00000000 00:00 0 
7f8d5b127000-7f8d5b12a000 ---p 00000000 00:00 0 
7f8d5b12a000-7f8d5b22d000 rw-p 00000000 00:00 0                          [stack:8163]
7f8d5b22d000-7f8d5b231000 r--s 00034000 08:03 333227                     /usr/lib/jvm/java-7-openjdk-amd64/jre/lib/ext/sunjce_provider.jar
7f8d5b231000-7f8d5b234000 r--s 0000f000 08:03 333221                     /usr/lib/jvm/java-7-openjdk-amd64/jre/lib/ext/icedtea-sound.jar
7f8d5b234000-7f8d5b238000 r--s 0003c000 08:03 333224                     /usr/lib/jvm/java-7-openjdk-amd64/jre/lib/ext/sunpkcs11.jar
7f8d5b238000-7f8d5b23b000 r--s 00086000 08:03 333225                     /usr/lib/jvm/java-7-openjdk-amd64/jre/lib/ext/localedata.jar
7f8d5b23b000-7f8d5b23c000 r--s 00002000 08:03 333223                     /usr/lib/jvm/java-7-openjdk-amd64/jre/lib/ext/dnsns.jar
7f8d5b23c000-7f8d5b23e000 r--s 00012000 08:03 333228                     /usr/lib/jvm/java-7-openjdk-amd64/jre/lib/ext/zipfs.jar
7f8d5b23e000-7f8d5b240000 r--s 00006000 08:03 5219                       /usr/share/java/java-atk-wrapper.jar
7f8d5b240000-7f8d5b248000 rw-s 00000000 08:03 555029                     /tmp/hsperfdata_super_marcin/8156
7f8d5b248000-7f8d5b249000 rw-p 00000000 00:00 0 
7f8d5b249000-7f8d5b24a000 ---p 00000000 00:00 0 
7f8d5b24a000-7f8d5b24c000 rw-p 00000000 00:00 0 
7f8d5b24c000-7f8d5b24d000 r--p 00022000 08:03 269800                     /lib/x86_64-linux-gnu/ld-2.19.so
7f8d5b24d000-7f8d5b24e000 rw-p 00023000 08:03 269800                     /lib/x86_64-linux-gnu/ld-2.19.so
7f8d5b24e000-7f8d5b24f000 rw-p 00000000 00:00 0 
7ffd6cbc5000-7ffd6cbe6000 rw-p 00000000 00:00 0                          [stack]
7ffd6cbeb000-7ffd6cbed000 r-xp 00000000 00:00 0                          [vdso]
ffffffffff600000-ffffffffff601000 r-xp 00000000 00:00 0                  [vsyscall]

VM Arguments:
jvm_args: -Dfile.encoding=UTF-8 
java_command: pl.super_marcin.life.Uruchom
Launcher Type: SUN_STANDARD

Environment Variables:
PATH=/usr/local/sbin:/usr/local/bin:/usr/sbin:/usr/bin:/sbin:/bin:/usr/games:/usr/local/games
SHELL=/bin/bash
DISPLAY=:0

Signal Handlers:
SIGSEGV: [libjvm.so+0x94b9a0], sa_mask[0]=0x7ffbfeff, sa_flags=0x10000004
SIGBUS: [libjvm.so+0x94b9a0], sa_mask[0]=0x7ffbfeff, sa_flags=0x10000004
SIGFPE: [libjvm.so+0x7c3880], sa_mask[0]=0x7ffbfeff, sa_flags=0x10000004
SIGPIPE: [libjvm.so+0x7c3880], sa_mask[0]=0x7ffbfeff, sa_flags=0x10000004
SIGXFSZ: [libjvm.so+0x7c3880], sa_mask[0]=0x7ffbfeff, sa_flags=0x10000004
SIGILL: [libjvm.so+0x7c3880], sa_mask[0]=0x7ffbfeff, sa_flags=0x10000004
SIGUSR1: SIG_DFL, sa_mask[0]=0x00000000, sa_flags=0x00000000
SIGUSR2: [libjvm.so+0x7c3720], sa_mask[0]=0x00000004, sa_flags=0x10000004
SIGHUP: [libjvm.so+0x7c3900], sa_mask[0]=0x7ffbfeff, sa_flags=0x10000004
SIGINT: [libjvm.so+0x7c3900], sa_mask[0]=0x7ffbfeff, sa_flags=0x10000004
SIGTERM: [libjvm.so+0x7c3900], sa_mask[0]=0x7ffbfeff, sa_flags=0x10000004
SIGQUIT: [libjvm.so+0x7c3900], sa_mask[0]=0x7ffbfeff, sa_flags=0x10000004
SIGTRAP: SIG_DFL, sa_mask[0]=0x00000000, sa_flags=0x00000000


---------------  S Y S T E M  ---------------

OS:Ubuntu 14.04 (trusty)
uname:Linux 3.13.0-52-generic #86-Ubuntu SMP Mon May 4 04:32:59 UTC 2015 x86_64
libc:glibc 2.19 NPTL 2.19 
rlimit: STACK 8192k, CORE 0k, NPROC 30545, NOFILE 4096, AS infinity
load average:2,43 2,51 1,89

/proc/meminfo:
MemTotal:        3931388 kB
MemFree:          116356 kB
Buffers:             364 kB
Cached:           422440 kB
SwapCached:            0 kB
Active:          3235920 kB
Inactive:         413080 kB
Active(anon):    3229604 kB
Inactive(anon):   390864 kB
Active(file):       6316 kB
Inactive(file):    22216 kB
Unevictable:         164 kB
Mlocked:             164 kB
SwapTotal:             0 kB
SwapFree:              0 kB
Dirty:               676 kB
Writeback:             0 kB
AnonPages:       3226788 kB
Mapped:           122148 kB
Shmem:            393844 kB
Slab:              57900 kB
SReclaimable:      23028 kB
SUnreclaim:        34872 kB
KernelStack:        7856 kB
PageTables:        41316 kB
NFS_Unstable:          0 kB
Bounce:                0 kB
WritebackTmp:          0 kB
CommitLimit:     1965692 kB
Committed_AS:    8817816 kB
VmallocTotal:   34359738367 kB
VmallocUsed:      401768 kB
VmallocChunk:   34359315068 kB
HardwareCorrupted:     0 kB
AnonHugePages:   1763328 kB
HugePages_Total:       0
HugePages_Free:        0
HugePages_Rsvd:        0
HugePages_Surp:        0
Hugepagesize:       2048 kB
DirectMap4k:       98380 kB
DirectMap2M:     3979264 kB


CPU:total 4 (2 cores per cpu, 2 threads per core) family 6 model 58 stepping 9, cmov, cx8, fxsr, mmx, sse, sse2, sse3, ssse3, sse4.1, sse4.2, popcnt, avx, aes, erms, ht, tsc, tscinvbit, tscinv

/proc/cpuinfo:
processor	: 0
vendor_id	: GenuineIntel
cpu family	: 6
model		: 58
model name	: Intel(R) Core(TM) i5-3230M CPU @ 2.60GHz
stepping	: 9
microcode	: 0x15
cpu MHz		: 2601.000
cache size	: 3072 KB
physical id	: 0
siblings	: 4
core id		: 0
cpu cores	: 2
apicid		: 0
initial apicid	: 0
fpu		: yes
fpu_exception	: yes
cpuid level	: 13
wp		: yes
flags		: fpu vme de pse tsc msr pae mce cx8 apic sep mtrr pge mca cmov pat pse36 clflush dts acpi mmx fxsr sse sse2 ss ht tm pbe syscall nx rdtscp lm constant_tsc arch_perfmon pebs bts rep_good nopl xtopology nonstop_tsc aperfmperf eagerfpu pni pclmulqdq dtes64 monitor ds_cpl vmx est tm2 ssse3 cx16 xtpr pdcm pcid sse4_1 sse4_2 x2apic popcnt tsc_deadline_timer aes xsave avx f16c rdrand lahf_lm ida arat epb xsaveopt pln pts dtherm tpr_shadow vnmi flexpriority ept vpid fsgsbase smep erms
bogomips	: 5188.51
clflush size	: 64
cache_alignment	: 64
address sizes	: 36 bits physical, 48 bits virtual
power management:

processor	: 1
vendor_id	: GenuineIntel
cpu family	: 6
model		: 58
model name	: Intel(R) Core(TM) i5-3230M CPU @ 2.60GHz
stepping	: 9
microcode	: 0x15
cpu MHz		: 1200.000
cache size	: 3072 KB
physical id	: 0
siblings	: 4
core id		: 1
cpu cores	: 2
apicid		: 2
initial apicid	: 2
fpu		: yes
fpu_exception	: yes
cpuid level	: 13
wp		: yes
flags		: fpu vme de pse tsc msr pae mce cx8 apic sep mtrr pge mca cmov pat pse36 clflush dts acpi mmx fxsr sse sse2 ss ht tm pbe syscall nx rdtscp lm constant_tsc arch_perfmon pebs bts rep_good nopl xtopology nonstop_tsc aperfmperf eagerfpu pni pclmulqdq dtes64 monitor ds_cpl vmx est tm2 ssse3 cx16 xtpr pdcm pcid sse4_1 sse4_2 x2apic popcnt tsc_deadline_timer aes xsave avx f16c rdrand lahf_lm ida arat epb xsaveopt pln pts dtherm tpr_shadow vnmi flexpriority ept vpid fsgsbase smep erms
bogomips	: 5188.51
clflush size	: 64
cache_alignment	: 64
address sizes	: 36 bits physical, 48 bits virtual
power management:

processor	: 2
vendor_id	: GenuineIntel
cpu family	: 6
model		: 58
model name	: Intel(R) Core(TM) i5-3230M CPU @ 2.60GHz
stepping	: 9
microcode	: 0x15
cpu MHz		: 2601.000
cache size	: 3072 KB
physical id	: 0
siblings	: 4
core id		: 0
cpu cores	: 2
apicid		: 1
initial apicid	: 1
fpu		: yes
fpu_exception	: yes
cpuid level	: 13
wp		: yes
flags		: fpu vme de pse tsc msr pae mce cx8 apic sep mtrr pge mca cmov pat pse36 clflush dts acpi mmx fxsr sse sse2 ss ht tm pbe syscall nx rdtscp lm constant_tsc arch_perfmon pebs bts rep_good nopl xtopology nonstop_tsc aperfmperf eagerfpu pni pclmulqdq dtes64 monitor ds_cpl vmx est tm2 ssse3 cx16 xtpr pdcm pcid sse4_1 sse4_2 x2apic popcnt tsc_deadline_timer aes xsave avx f16c rdrand lahf_lm ida arat epb xsaveopt pln pts dtherm tpr_shadow vnmi flexpriority ept vpid fsgsbase smep erms
bogomips	: 5188.51
clflush size	: 64
cache_alignment	: 64
address sizes	: 36 bits physical, 48 bits virtual
power management:

processor	: 3
vendor_id	: GenuineIntel
cpu family	: 6
model		: 58
model name	: Intel(R) Core(TM) i5-3230M CPU @ 2.60GHz
stepping	: 9
microcode	: 0x15
cpu MHz		: 2601.000
cache size	: 3072 KB
physical id	: 0
siblings	: 4
core id		: 1
cpu cores	: 2
apicid		: 3
initial apicid	: 3
fpu		: yes
fpu_exception	: yes
cpuid level	: 13
wp		: yes
flags		: fpu vme de pse tsc msr pae mce cx8 apic sep mtrr pge mca cmov pat pse36 clflush dts acpi mmx fxsr sse sse2 ss ht tm pbe syscall nx rdtscp lm constant_tsc arch_perfmon pebs bts rep_good nopl xtopology nonstop_tsc aperfmperf eagerfpu pni pclmulqdq dtes64 monitor ds_cpl vmx est tm2 ssse3 cx16 xtpr pdcm pcid sse4_1 sse4_2 x2apic popcnt tsc_deadline_timer aes xsave avx f16c rdrand lahf_lm ida arat epb xsaveopt pln pts dtherm tpr_shadow vnmi flexpriority ept vpid fsgsbase smep erms
bogomips	: 5188.51
clflush size	: 64
cache_alignment	: 64
address sizes	: 36 bits physical, 48 bits virtual
power management:



Memory: 4k page, physical 3931388k(116356k free), swap 0k(0k free)

vm_info: OpenJDK 64-Bit Server VM (24.79-b02) for linux-amd64 JRE (1.7.0_79-b14), built on Apr 16 2015 08:21:58 by "buildd" with gcc 4.8.2

time: Tue May 19 10:35:01 2015
elapsed time: 8 seconds

