#
# There is insufficient memory for the Java Runtime Environment to continue.
# Native memory allocation (malloc) failed to allocate 74973184 bytes for committing reserved memory.
# Possible reasons:
#   The system is out of physical RAM or swap space
#   In 32 bit mode, the process size limit was hit
# Possible solutions:
#   Reduce memory load on the system
#   Increase physical memory or swap space
#   Check if swap backing store is full
#   Use 64 bit Java on a 64 bit OS
#   Decrease Java heap size (-Xmx/-Xms)
#   Decrease number of Java threads
#   Decrease Java thread stack sizes (-Xss)
#   Set larger code cache with -XX:ReservedCodeCacheSize=
# This output file may be truncated or incomplete.
#
#  Out of Memory Error (os_linux.cpp:2809), pid=8030, tid=140116942743296
#
# JRE version: OpenJDK Runtime Environment (7.0_79-b14) (build 1.7.0_79-b14)
# Java VM: OpenJDK 64-Bit Server VM (24.79-b02 mixed mode linux-amd64 compressed oops)
# Derivative: IcedTea 2.5.5
# Distribution: Ubuntu 14.04 LTS, package 7u79-2.5.5-0ubuntu0.14.04.2
# Failed to write core dump. Core dumps have been disabled. To enable core dumping, try "ulimit -c unlimited" before starting Java again
#

---------------  T H R E A D  ---------------

Current thread (0x00007f6f80075800):  VMThread [stack: 0x00007f6f84896000,0x00007f6f84997000] [id=8041]

Stack: [0x00007f6f84896000,0x00007f6f84997000],  sp=0x00007f6f84995490,  free space=1021k
Native frames: (J=compiled Java code, j=interpreted, Vv=VM code, C=native code)
V  [libjvm.so+0x94aec5]  VMError::report_and_die()+0x175
V  [libjvm.so+0x48b9c4]  report_vm_out_of_memory(char const*, int, unsigned long, char const*)+0x74
V  [libjvm.so+0x7c806b]  os::pd_commit_memory(char*, unsigned long, unsigned long, bool)+0xeb
V  [libjvm.so+0x7c2b0f]  os::commit_memory(char*, unsigned long, unsigned long, bool)+0x1f
V  [libjvm.so+0x83500b]  PSVirtualSpace::expand_by(unsigned long)+0x5b
V  [libjvm.so+0x835e60]  PSYoungGen::resize_generation(unsigned long, unsigned long)+0xb0
V  [libjvm.so+0x83654b]  PSYoungGen::resize(unsigned long, unsigned long)+0x1b
V  [libjvm.so+0x832830]  PSScavenge::invoke_no_policy()+0xde0
V  [libjvm.so+0x833008]  PSScavenge::invoke()+0x38
V  [libjvm.so+0x7e96f3]  ParallelScavengeHeap::failed_mem_allocate(unsigned long)+0x63
V  [libjvm.so+0x94c8c4]  VM_ParallelGCFailedAllocation::doit()+0x84
V  [libjvm.so+0x950dc7]  VM_Operation::evaluate()+0x47
V  [libjvm.so+0x94f738]  VMThread::evaluate_operation(VM_Operation*)+0x318
V  [libjvm.so+0x94fb99]  VMThread::loop()+0x219
V  [libjvm.so+0x94ffe2]  VMThread::run()+0x72
V  [libjvm.so+0x7c4f32]  java_start(Thread*)+0xf2

VM_Operation (0x00007f6f89af6730): ParallelGCFailedAllocation, mode: safepoint, requested by thread 0x00007f6f8000a000


---------------  P R O C E S S  ---------------

Java Threads: ( => current thread )
  0x00007f6f3001d800 JavaThread "TimerQueue" daemon [_thread_blocked, id=8058, stack(0x00007f6f37eff000,0x00007f6f38000000)]
  0x00007f6f80255000 JavaThread "AWT-EventQueue-0" [_thread_blocked, id=8057, stack(0x00007f6f44098000,0x00007f6f44199000)]
  0x00007f6f80253800 JavaThread "AWT-Shutdown" [_thread_blocked, id=8056, stack(0x00007f6f44199000,0x00007f6f4429a000)]
  0x00007f6f801ef800 JavaThread "AWT-XAWT" daemon [_thread_blocked, id=8055, stack(0x00007f6f740e3000,0x00007f6f741e4000)]
  0x00007f6f801cf800 JavaThread "Java2D Disposer" daemon [_thread_blocked, id=8053, stack(0x00007f6f8404e000,0x00007f6f8414f000)]
  0x00007f6f800ae800 JavaThread "Service Thread" daemon [_thread_blocked, id=8049, stack(0x00007f6f84290000,0x00007f6f84391000)]
  0x00007f6f800ac000 JavaThread "C2 CompilerThread1" daemon [_thread_blocked, id=8048, stack(0x00007f6f84391000,0x00007f6f84492000)]
  0x00007f6f800a9000 JavaThread "C2 CompilerThread0" daemon [_thread_blocked, id=8047, stack(0x00007f6f84492000,0x00007f6f84593000)]
  0x00007f6f800a7000 JavaThread "Signal Dispatcher" daemon [_thread_blocked, id=8046, stack(0x00007f6f84593000,0x00007f6f84694000)]
  0x00007f6f8007c000 JavaThread "Finalizer" daemon [_thread_blocked, id=8043, stack(0x00007f6f84694000,0x00007f6f84795000)]
  0x00007f6f8007a000 JavaThread "Reference Handler" daemon [_thread_blocked, id=8042, stack(0x00007f6f84795000,0x00007f6f84896000)]
  0x00007f6f8000a000 JavaThread "main" [_thread_blocked, id=8036, stack(0x00007f6f899f7000,0x00007f6f89af8000)]

Other Threads:
=>0x00007f6f80075800 VMThread [stack: 0x00007f6f84896000,0x00007f6f84997000] [id=8041]
  0x00007f6f800b9000 WatcherThread [stack: 0x00007f6f8418f000,0x00007f6f84290000] [id=8050]

VM state:at safepoint (normal execution)

VM Mutex/Monitor currently owned by a thread:  ([mutex/lock_event])
[0x00007f6f800063a0] Threads_lock - owner thread: 0x00007f6f80075800
[0x00007f6f800068a0] Heap_lock - owner thread: 0x00007f6f8000a000

Heap
 PSYoungGen      total 124928K, used 64K [0x00000000ec000000, 0x00000000f3d00000, 0x0000000100000000)
  eden space 122368K, 0% used [0x00000000ec000000,0x00000000ec000000,0x00000000f3780000)
  from space 2560K, 2% used [0x00000000f3780000,0x00000000f3790000,0x00000000f3a00000)
  to   space 2048K, 0% used [0x00000000f3a00000,0x00000000f3a00000,0x00000000f3c00000)
 ParOldGen       total 40960K, used 1531K [0x00000000c4000000, 0x00000000c6800000, 0x00000000ec000000)
  object space 40960K, 3% used [0x00000000c4000000,0x00000000c417ec18,0x00000000c6800000)
 PSPermGen       total 21504K, used 12158K [0x00000000b9a00000, 0x00000000baf00000, 0x00000000c4000000)
  object space 21504K, 56% used [0x00000000b9a00000,0x00000000ba5dfb18,0x00000000baf00000)

Card table byte_map: [0x00007f6f86408000,0x00007f6f8663c000] byte_map_base: 0x00007f6f85e3b000

Polling page: 0x00007f6f89b19000

Code Cache  [0x00007f6f7d000000, 0x00007f6f7d270000, 0x00007f6f80000000)
 total_blobs=566 nmethods=103 adapters=416 free_code_cache=48477Kb largest_free_block=49615872

Compilation events (10 events):
Event: 7,926 Thread 0x00007f6f800ac000 nmethod 100 0x00007f6f7d0a7790 code [0x00007f6f7d0a78c0, 0x00007f6f7d0a7918]
Event: 7,957 Thread 0x00007f6f800ac000  101             java.awt.Component::getX (5 bytes)
Event: 7,957 Thread 0x00007f6f800ac000 nmethod 101 0x00007f6f7d0a7590 code [0x00007f6f7d0a76c0, 0x00007f6f7d0a7718]
Event: 7,957 Thread 0x00007f6f800ac000  102             java.awt.Component::getY (5 bytes)
Event: 7,957 Thread 0x00007f6f800ac000 nmethod 102 0x00007f6f7d0a4990 code [0x00007f6f7d0a4ac0, 0x00007f6f7d0a4b18]
Event: 7,986 Thread 0x00007f6f800ac000  103             java.awt.Rectangle::translate (197 bytes)
Event: 7,988 Thread 0x00007f6f800ac000 nmethod 103 0x00007f6f7d0a46d0 code [0x00007f6f7d0a4800, 0x00007f6f7d0a4918]
Event: 8,010 Thread 0x00007f6f800ac000  104             sun.nio.cs.UTF_8$Encoder::encodeArrayLoop (489 bytes)
Event: 8,053 Thread 0x00007f6f800a9000  105             java.awt.Component::getFont (5 bytes)
Event: 8,055 Thread 0x00007f6f800a9000 nmethod 105 0x00007f6f7d0a4390 code [0x00007f6f7d0a44e0, 0x00007f6f7d0a45a8]

GC Heap History (10 events):
Event: 7,009 GC heap after
Heap after GC invocations=4 (full 0):
 PSYoungGen      total 33280K, used 1538K [0x00000000ec000000, 0x00000000ee300000, 0x0000000100000000)
  eden space 30720K, 0% used [0x00000000ec000000,0x00000000ec000000,0x00000000ede00000)
  from space 2560K, 60% used [0x00000000ee080000,0x00000000ee200830,0x00000000ee300000)
  to   space 2560K, 0% used [0x00000000ede00000,0x00000000ede00000,0x00000000ee080000)
 ParOldGen       total 40960K, used 16K [0x00000000c4000000, 0x00000000c6800000, 0x00000000ec000000)
  object space 40960K, 0% used [0x00000000c4000000,0x00000000c4004000,0x00000000c6800000)
 PSPermGen       total 21504K, used 12120K [0x00000000b9a00000, 0x00000000baf00000, 0x00000000c4000000)
  object space 21504K, 56% used [0x00000000b9a00000,0x00000000ba5d61b8,0x00000000baf00000)
}
Event: 7,112 GC heap before
{Heap before GC invocations=5 (full 0):
 PSYoungGen      total 33280K, used 32258K [0x00000000ec000000, 0x00000000ee300000, 0x0000000100000000)
  eden space 30720K, 100% used [0x00000000ec000000,0x00000000ede00000,0x00000000ede00000)
  from space 2560K, 60% used [0x00000000ee080000,0x00000000ee200830,0x00000000ee300000)
  to   space 2560K, 0% used [0x00000000ede00000,0x00000000ede00000,0x00000000ee080000)
 ParOldGen       total 40960K, used 16K [0x00000000c4000000, 0x00000000c6800000, 0x00000000ec000000)
  object space 40960K, 0% used [0x00000000c4000000,0x00000000c4004000,0x00000000c6800000)
 PSPermGen       total 21504K, used 12122K [0x00000000b9a00000, 0x00000000baf00000, 0x00000000c4000000)
  object space 21504K, 56% used [0x00000000b9a00000,0x00000000ba5d6b00,0x00000000baf00000)
Event: 7,121 GC heap after
Heap after GC invocations=5 (full 0):
 PSYoungGen      total 33280K, used 1522K [0x00000000ec000000, 0x00000000f0000000, 0x0000000100000000)
  eden space 30720K, 0% used [0x00000000ec000000,0x00000000ec000000,0x00000000ede00000)
  from space 2560K, 59% used [0x00000000ede00000,0x00000000edf7c840,0x00000000ee080000)
  to   space 2048K, 0% used [0x00000000efe00000,0x00000000efe00000,0x00000000f0000000)
 ParOldGen       total 40960K, used 16K [0x00000000c4000000, 0x00000000c6800000, 0x00000000ec000000)
  object space 40960K, 0% used [0x00000000c4000000,0x00000000c4004000,0x00000000c6800000)
 PSPermGen       total 21504K, used 12122K [0x00000000b9a00000, 0x00000000baf00000, 0x00000000c4000000)
  object space 21504K, 56% used [0x00000000b9a00000,0x00000000ba5d6b00,0x00000000baf00000)
}
Event: 7,195 GC heap before
{Heap before GC invocations=6 (full 0):
 PSYoungGen      total 33280K, used 32242K [0x00000000ec000000, 0x00000000f0000000, 0x0000000100000000)
  eden space 30720K, 100% used [0x00000000ec000000,0x00000000ede00000,0x00000000ede00000)
  from space 2560K, 59% used [0x00000000ede00000,0x00000000edf7c840,0x00000000ee080000)
  to   space 2048K, 0% used [0x00000000efe00000,0x00000000efe00000,0x00000000f0000000)
 ParOldGen       total 40960K, used 16K [0x00000000c4000000, 0x00000000c6800000, 0x00000000ec000000)
  object space 40960K, 0% used [0x00000000c4000000,0x00000000c4004000,0x00000000c6800000)
 PSPermGen       total 21504K, used 12124K [0x00000000b9a00000, 0x00000000baf00000, 0x00000000c4000000)
  object space 21504K, 56% used [0x00000000b9a00000,0x00000000ba5d7368,0x00000000baf00000)
Event: 7,205 GC heap after
Heap after GC invocations=6 (full 0):
 PSYoungGen      total 63488K, used 1536K [0x00000000ec000000, 0x00000000f0000000, 0x0000000100000000)
  eden space 61440K, 0% used [0x00000000ec000000,0x00000000ec000000,0x00000000efc00000)
  from space 2048K, 75% used [0x00000000efe00000,0x00000000eff80020,0x00000000f0000000)
  to   space 2048K, 0% used [0x00000000efc00000,0x00000000efc00000,0x00000000efe00000)
 ParOldGen       total 40960K, used 24K [0x00000000c4000000, 0x00000000c6800000, 0x00000000ec000000)
  object space 40960K, 0% used [0x00000000c4000000,0x00000000c4006000,0x00000000c6800000)
 PSPermGen       total 21504K, used 12124K [0x00000000b9a00000, 0x00000000baf00000, 0x00000000c4000000)
  object space 21504K, 56% used [0x00000000b9a00000,0x00000000ba5d7368,0x00000000baf00000)
}
Event: 7,416 GC heap before
{Heap before GC invocations=7 (full 0):
 PSYoungGen      total 63488K, used 62976K [0x00000000ec000000, 0x00000000f0000000, 0x0000000100000000)
  eden space 61440K, 100% used [0x00000000ec000000,0x00000000efc00000,0x00000000efc00000)
  from space 2048K, 75% used [0x00000000efe00000,0x00000000eff80020,0x00000000f0000000)
  to   space 2048K, 0% used [0x00000000efc00000,0x00000000efc00000,0x00000000efe00000)
 ParOldGen       total 40960K, used 24K [0x00000000c4000000, 0x00000000c6800000, 0x00000000ec000000)
  object space 40960K, 0% used [0x00000000c4000000,0x00000000c4006000,0x00000000c6800000)
 PSPermGen       total 21504K, used 12137K [0x00000000b9a00000, 0x00000000baf00000, 0x00000000c4000000)
  object space 21504K, 56% used [0x00000000b9a00000,0x00000000ba5da608,0x00000000baf00000)
Event: 7,420 GC heap after
Heap after GC invocations=7 (full 0):
 PSYoungGen      total 63488K, used 96K [0x00000000ec000000, 0x00000000f3c00000, 0x0000000100000000)
  eden space 61440K, 0% used [0x00000000ec000000,0x00000000ec000000,0x00000000efc00000)
  from space 2048K, 4% used [0x00000000efc00000,0x00000000efc18000,0x00000000efe00000)
  to   space 2048K, 0% used [0x00000000f3a00000,0x00000000f3a00000,0x00000000f3c00000)
 ParOldGen       total 40960K, used 1515K [0x00000000c4000000, 0x00000000c6800000, 0x00000000ec000000)
  object space 40960K, 3% used [0x00000000c4000000,0x00000000c417ac18,0x00000000c6800000)
 PSPermGen       total 21504K, used 12137K [0x00000000b9a00000, 0x00000000baf00000, 0x00000000c4000000)
  object space 21504K, 56% used [0x00000000b9a00000,0x00000000ba5da608,0x00000000baf00000)
}
Event: 7,616 GC heap before
{Heap before GC invocations=8 (full 0):
 PSYoungGen      total 63488K, used 61536K [0x00000000ec000000, 0x00000000f3c00000, 0x0000000100000000)
  eden space 61440K, 100% used [0x00000000ec000000,0x00000000efc00000,0x00000000efc00000)
  from space 2048K, 4% used [0x00000000efc00000,0x00000000efc18000,0x00000000efe00000)
  to   space 2048K, 0% used [0x00000000f3a00000,0x00000000f3a00000,0x00000000f3c00000)
 ParOldGen       total 40960K, used 1515K [0x00000000c4000000, 0x00000000c6800000, 0x00000000ec000000)
  object space 40960K, 3% used [0x00000000c4000000,0x00000000c417ac18,0x00000000c6800000)
 PSPermGen       total 21504K, used 12142K [0x00000000b9a00000, 0x00000000baf00000, 0x00000000c4000000)
  object space 21504K, 56% used [0x00000000b9a00000,0x00000000ba5dbba0,0x00000000baf00000)
Event: 7,617 GC heap after
Heap after GC invocations=8 (full 0):
 PSYoungGen      total 124416K, used 32K [0x00000000ec000000, 0x00000000f3d00000, 0x0000000100000000)
  eden space 122368K, 0% used [0x00000000ec000000,0x00000000ec000000,0x00000000f3780000)
  from space 2048K, 1% used [0x00000000f3a00000,0x00000000f3a08000,0x00000000f3c00000)
  to   space 2560K, 0% used [0x00000000f3780000,0x00000000f3780000,0x00000000f3a00000)
 ParOldGen       total 40960K, used 1523K [0x00000000c4000000, 0x00000000c6800000, 0x00000000ec000000)
  object space 40960K, 3% used [0x00000000c4000000,0x00000000c417cc18,0x00000000c6800000)
 PSPermGen       total 21504K, used 12142K [0x00000000b9a00000, 0x00000000baf00000, 0x00000000c4000000)
  object space 21504K, 56% used [0x00000000b9a00000,0x00000000ba5dbba0,0x00000000baf00000)
}
Event: 8,072 GC heap before
{Heap before GC invocations=9 (full 0):
 PSYoungGen      total 124416K, used 122400K [0x00000000ec000000, 0x00000000f3d00000, 0x0000000100000000)
  eden space 122368K, 100% used [0x00000000ec000000,0x00000000f3780000,0x00000000f3780000)
  from space 2048K, 1% used [0x00000000f3a00000,0x00000000f3a08000,0x00000000f3c00000)
  to   space 2560K, 0% used [0x00000000f3780000,0x00000000f3780000,0x00000000f3a00000)
 ParOldGen       total 40960K, used 1523K [0x00000000c4000000, 0x00000000c6800000, 0x00000000ec000000)
  object space 40960K, 3% used [0x00000000c4000000,0x00000000c417cc18,0x00000000c6800000)
 PSPermGen       total 21504K, used 12158K [0x00000000b9a00000, 0x00000000baf00000, 0x00000000c4000000)
  object space 21504K, 56% used [0x00000000b9a00000,0x00000000ba5dfb18,0x00000000baf00000)

Deoptimization events (10 events):
Event: 2,602 Thread 0x00007f6f8000a000 Uncommon trap: reason=class_check action=maybe_recompile pc=0x00007f6f7d07ebfc method=java.util.Properties$LineReader.readLine()I @ 62
Event: 2,605 Thread 0x00007f6f8000a000 Uncommon trap: reason=class_check action=maybe_recompile pc=0x00007f6f7d07ebfc method=java.util.Properties$LineReader.readLine()I @ 62
Event: 2,607 Thread 0x00007f6f8000a000 Uncommon trap: reason=class_check action=maybe_recompile pc=0x00007f6f7d07ebfc method=java.util.Properties$LineReader.readLine()I @ 62
Event: 2,625 Thread 0x00007f6f8000a000 Uncommon trap: reason=class_check action=maybe_recompile pc=0x00007f6f7d0809ac method=java.util.Properties$LineReader.readLine()I @ 402
Event: 5,758 Thread 0x00007f6f80255000 Uncommon trap: reason=class_check action=maybe_recompile pc=0x00007f6f7d07b320 method=java.lang.String.equals(Ljava/lang/Object;)Z @ 8
Event: 5,758 Thread 0x00007f6f80255000 Uncommon trap: reason=class_check action=maybe_recompile pc=0x00007f6f7d07b320 method=java.lang.String.equals(Ljava/lang/Object;)Z @ 8
Event: 5,830 Thread 0x00007f6f80255000 Uncommon trap: reason=class_check action=maybe_recompile pc=0x00007f6f7d07b320 method=java.lang.String.equals(Ljava/lang/Object;)Z @ 8
Event: 5,830 Thread 0x00007f6f80255000 Uncommon trap: reason=class_check action=maybe_recompile pc=0x00007f6f7d07b320 method=java.lang.String.equals(Ljava/lang/Object;)Z @ 8
Event: 7,165 Thread 0x00007f6f80255000 Uncommon trap: reason=class_check action=maybe_recompile pc=0x00007f6f7d09babc method=javax.swing.RepaintManager.addDirtyRegion0(Ljava/awt/Container;IIII)V @ 16
Event: 7,668 Thread 0x00007f6f80255000 Uncommon trap: reason=class_check action=maybe_recompile pc=0x00007f6f7d09babc method=javax.swing.RepaintManager.addDirtyRegion0(Ljava/awt/Container;IIII)V @ 16

Internal exceptions (10 events):
Event: 6,497 Thread 0x00007f6f8000a000 Threw 0x00000000ec395ad8 at /build/buildd/openjdk-7-7u79-2.5.5/build/openjdk/hotspot/src/share/vm/prims/jvm.cpp:1284
Event: 6,498 Thread 0x00007f6f8000a000 Threw 0x00000000ec398858 at /build/buildd/openjdk-7-7u79-2.5.5/build/openjdk/hotspot/src/share/vm/prims/jvm.cpp:1284
Event: 6,498 Thread 0x00007f6f8000a000 Threw 0x00000000ec39b1d0 at /build/buildd/openjdk-7-7u79-2.5.5/build/openjdk/hotspot/src/share/vm/prims/jvm.cpp:1284
Event: 6,499 Thread 0x00007f6f8000a000 Threw 0x00000000ec39e208 at /build/buildd/openjdk-7-7u79-2.5.5/build/openjdk/hotspot/src/share/vm/prims/jvm.cpp:1284
Event: 6,499 Thread 0x00007f6f8000a000 Threw 0x00000000ec3a0a50 at /build/buildd/openjdk-7-7u79-2.5.5/build/openjdk/hotspot/src/share/vm/prims/jvm.cpp:1284
Event: 6,500 Thread 0x00007f6f8000a000 Threw 0x00000000ec3a37c8 at /build/buildd/openjdk-7-7u79-2.5.5/build/openjdk/hotspot/src/share/vm/prims/jvm.cpp:1284
Event: 6,512 Thread 0x00007f6f8000a000 Threw 0x00000000ec3f2c68 at /build/buildd/openjdk-7-7u79-2.5.5/build/openjdk/hotspot/src/share/vm/prims/jvm.cpp:1284
Event: 6,513 Thread 0x00007f6f8000a000 Threw 0x00000000ec3f5aa0 at /build/buildd/openjdk-7-7u79-2.5.5/build/openjdk/hotspot/src/share/vm/prims/jvm.cpp:1284
Event: 6,563 Thread 0x00007f6f8000a000 Threw 0x00000000ec40c708 at /build/buildd/openjdk-7-7u79-2.5.5/build/openjdk/hotspot/src/share/vm/prims/jvm.cpp:1284
Event: 6,658 Thread 0x00007f6f80255000 Threw 0x00000000ec2fe8c8 at /build/buildd/openjdk-7-7u79-2.5.5/build/openjdk/hotspot/src/share/vm/prims/jni.cpp:747

Events (10 events):
Event: 7,205 Executing VM operation: ParallelGCFailedAllocation done
Event: 7,416 Executing VM operation: ParallelGCFailedAllocation
Event: 7,420 Executing VM operation: ParallelGCFailedAllocation done
Event: 7,614 Executing VM operation: ParallelGCFailedAllocation
Event: 7,617 Executing VM operation: ParallelGCFailedAllocation done
Event: 7,648 Thread 0x00007f6f800ac000 flushing nmethod 0x00007f6f7d07e410
Event: 7,668 Thread 0x00007f6f80255000 Uncommon trap: trap_request=0xffffffde fr.pc=0x00007f6f7d09babc
Event: 7,668 Thread 0x00007f6f80255000 DEOPT PACKING pc=0x00007f6f7d09babc sp=0x00007f6f44196710
Event: 7,668 Thread 0x00007f6f80255000 DEOPT UNPACKING pc=0x00007f6f7d039445 sp=0x00007f6f44196700 mode 2
Event: 8,072 Executing VM operation: ParallelGCFailedAllocation


Dynamic libraries:
00400000-00401000 r-xp 00000000 08:03 328732                             /usr/lib/jvm/java-7-openjdk-amd64/jre/bin/java
00600000-00601000 r--p 00000000 08:03 328732                             /usr/lib/jvm/java-7-openjdk-amd64/jre/bin/java
00601000-00602000 rw-p 00001000 08:03 328732                             /usr/lib/jvm/java-7-openjdk-amd64/jre/bin/java
01cc4000-01ce5000 rw-p 00000000 00:00 0                                  [heap]
b9a00000-baf00000 rw-p 00000000 00:00 0 
baf00000-c4000000 rw-p 00000000 00:00 0 
c4000000-c6800000 rw-p 00000000 00:00 0 
c6800000-ec000000 rw-p 00000000 00:00 0 
ec000000-f3d00000 rw-p 00000000 00:00 0 
f8480000-100000000 rw-p 00000000 00:00 0 
7f6f2c000000-7f6f2c021000 rw-p 00000000 00:00 0 
7f6f2c021000-7f6f30000000 ---p 00000000 00:00 0 
7f6f30000000-7f6f30031000 rw-p 00000000 00:00 0 
7f6f30031000-7f6f34000000 ---p 00000000 00:00 0 
7f6f37d9e000-7f6f37eff000 rw-p 00000000 00:00 0 
7f6f37eff000-7f6f37f02000 ---p 00000000 00:00 0 
7f6f37f02000-7f6f38000000 rw-p 00000000 00:00 0                          [stack:8058]
7f6f38000000-7f6f38021000 rw-p 00000000 00:00 0 
7f6f38021000-7f6f3c000000 ---p 00000000 00:00 0 
7f6f3c000000-7f6f3c021000 rw-p 00000000 00:00 0 
7f6f3c021000-7f6f40000000 ---p 00000000 00:00 0 
7f6f40000000-7f6f40021000 rw-p 00000000 00:00 0 
7f6f40021000-7f6f44000000 ---p 00000000 00:00 0 
7f6f44098000-7f6f4409b000 ---p 00000000 00:00 0 
7f6f4409b000-7f6f44199000 rw-p 00000000 00:00 0                          [stack:8057]
7f6f44199000-7f6f4419c000 ---p 00000000 00:00 0 
7f6f4419c000-7f6f4429a000 rw-p 00000000 00:00 0                          [stack:8056]
7f6f4429a000-7f6f442aa000 r-xp 00000000 08:03 827168                     /usr/lib/jvm/java-7-openjdk-amd64/jre/lib/amd64/libnio.so
7f6f442aa000-7f6f444aa000 ---p 00010000 08:03 827168                     /usr/lib/jvm/java-7-openjdk-amd64/jre/lib/amd64/libnio.so
7f6f444aa000-7f6f444ab000 r--p 00010000 08:03 827168                     /usr/lib/jvm/java-7-openjdk-amd64/jre/lib/amd64/libnio.so
7f6f444ab000-7f6f444ac000 rw-p 00011000 08:03 827168                     /usr/lib/jvm/java-7-openjdk-amd64/jre/lib/amd64/libnio.so
7f6f444ac000-7f6f444c3000 r-xp 00000000 08:03 827180                     /usr/lib/jvm/java-7-openjdk-amd64/jre/lib/amd64/libnet.so
7f6f444c3000-7f6f446c2000 ---p 00017000 08:03 827180                     /usr/lib/jvm/java-7-openjdk-amd64/jre/lib/amd64/libnet.so
7f6f446c2000-7f6f446c3000 r--p 00016000 08:03 827180                     /usr/lib/jvm/java-7-openjdk-amd64/jre/lib/amd64/libnet.so
7f6f446c3000-7f6f446c4000 rw-p 00017000 08:03 827180                     /usr/lib/jvm/java-7-openjdk-amd64/jre/lib/amd64/libnet.so
7f6f446c4000-7f6f44716000 r-xp 00000000 08:03 827170                     /usr/lib/jvm/java-7-openjdk-amd64/jre/lib/amd64/libfontmanager.so
7f6f44716000-7f6f44915000 ---p 00052000 08:03 827170                     /usr/lib/jvm/java-7-openjdk-amd64/jre/lib/amd64/libfontmanager.so
7f6f44915000-7f6f44918000 r--p 00051000 08:03 827170                     /usr/lib/jvm/java-7-openjdk-amd64/jre/lib/amd64/libfontmanager.so
7f6f44918000-7f6f44919000 rw-p 00054000 08:03 827170                     /usr/lib/jvm/java-7-openjdk-amd64/jre/lib/amd64/libfontmanager.so
7f6f44919000-7f6f4491e000 r-xp 00000000 08:03 663399                     /usr/lib/x86_64-linux-gnu/libXfixes.so.3.1.0
7f6f4491e000-7f6f44b1d000 ---p 00005000 08:03 663399                     /usr/lib/x86_64-linux-gnu/libXfixes.so.3.1.0
7f6f44b1d000-7f6f44b1e000 r--p 00004000 08:03 663399                     /usr/lib/x86_64-linux-gnu/libXfixes.so.3.1.0
7f6f44b1e000-7f6f44b1f000 rw-p 00005000 08:03 663399                     /usr/lib/x86_64-linux-gnu/libXfixes.so.3.1.0
7f6f44b1f000-7f6f44b28000 r-xp 00000000 08:03 661661                     /usr/lib/x86_64-linux-gnu/libXcursor.so.1.0.2
7f6f44b28000-7f6f44d27000 ---p 00009000 08:03 661661                     /usr/lib/x86_64-linux-gnu/libXcursor.so.1.0.2
7f6f44d27000-7f6f44d28000 r--p 00008000 08:03 661661                     /usr/lib/x86_64-linux-gnu/libXcursor.so.1.0.2
7f6f44d28000-7f6f44d29000 rw-p 00009000 08:03 661661                     /usr/lib/x86_64-linux-gnu/libXcursor.so.1.0.2
7f6f44d29000-7f6f44d2d000 r-xp 00000000 08:03 264832                     /lib/x86_64-linux-gnu/libgpg-error.so.0.10.0
7f6f44d2d000-7f6f44f2c000 ---p 00004000 08:03 264832                     /lib/x86_64-linux-gnu/libgpg-error.so.0.10.0
7f6f44f2c000-7f6f44f2d000 r--p 00003000 08:03 264832                     /lib/x86_64-linux-gnu/libgpg-error.so.0.10.0
7f6f44f2d000-7f6f44f2e000 rw-p 00004000 08:03 264832                     /lib/x86_64-linux-gnu/libgpg-error.so.0.10.0
7f6f44f2e000-7f6f44f30000 r-xp 00000000 08:03 264842                     /lib/x86_64-linux-gnu/libkeyutils.so.1.4
7f6f44f30000-7f6f45130000 ---p 00002000 08:03 264842                     /lib/x86_64-linux-gnu/libkeyutils.so.1.4
7f6f45130000-7f6f45131000 r--p 00002000 08:03 264842                     /lib/x86_64-linux-gnu/libkeyutils.so.1.4
7f6f45131000-7f6f45132000 rw-p 00003000 08:03 264842                     /lib/x86_64-linux-gnu/libkeyutils.so.1.4
7f6f45132000-7f6f4516f000 r-xp 00000000 08:03 264902                     /lib/x86_64-linux-gnu/libpcre.so.3.13.1
7f6f4516f000-7f6f4536e000 ---p 0003d000 08:03 264902                     /lib/x86_64-linux-gnu/libpcre.so.3.13.1
7f6f4536e000-7f6f4536f000 r--p 0003c000 08:03 264902                     /lib/x86_64-linux-gnu/libpcre.so.3.13.1
7f6f4536f000-7f6f45370000 rw-p 0003d000 08:03 264902                     /lib/x86_64-linux-gnu/libpcre.so.3.13.1
7f6f45370000-7f6f45395000 r-xp 00000000 08:03 264914                     /lib/x86_64-linux-gnu/libpng12.so.0.50.0
7f6f45395000-7f6f45594000 ---p 00025000 08:03 264914                     /lib/x86_64-linux-gnu/libpng12.so.0.50.0
7f6f45594000-7f6f45595000 r--p 00024000 08:03 264914                     /lib/x86_64-linux-gnu/libpng12.so.0.50.0
7f6f45595000-7f6f45596000 rw-p 00025000 08:03 264914                     /lib/x86_64-linux-gnu/libpng12.so.0.50.0
7f6f45596000-7f6f455da000 r-xp 00000000 08:03 261284                     /lib/x86_64-linux-gnu/libdbus-1.so.3.7.6
7f6f455da000-7f6f457d9000 ---p 00044000 08:03 261284                     /lib/x86_64-linux-gnu/libdbus-1.so.3.7.6
7f6f457d9000-7f6f457da000 r--p 00043000 08:03 261284                     /lib/x86_64-linux-gnu/libdbus-1.so.3.7.6
7f6f457da000-7f6f457db000 rw-p 00044000 08:03 261284                     /lib/x86_64-linux-gnu/libdbus-1.so.3.7.6
7f6f457db000-7f6f45816000 r-xp 00000000 08:03 662381                     /usr/lib/x86_64-linux-gnu/libp11-kit.so.0.0.0
7f6f45816000-7f6f45a15000 ---p 0003b000 08:03 662381                     /usr/lib/x86_64-linux-gnu/libp11-kit.so.0.0.0
7f6f45a15000-7f6f45a1b000 r--p 0003a000 08:03 662381                     /usr/lib/x86_64-linux-gnu/libp11-kit.so.0.0.0
7f6f45a1b000-7f6f45a1d000 rw-p 00040000 08:03 662381                     /usr/lib/x86_64-linux-gnu/libp11-kit.so.0.0.0
7f6f45a1d000-7f6f45a2f000 r-xp 00000000 08:03 660196                     /usr/lib/x86_64-linux-gnu/libtasn1.so.6.2.0
7f6f45a2f000-7f6f45c2f000 ---p 00012000 08:03 660196                     /usr/lib/x86_64-linux-gnu/libtasn1.so.6.2.0
7f6f45c2f000-7f6f45c30000 r--p 00012000 08:03 660196                     /usr/lib/x86_64-linux-gnu/libtasn1.so.6.2.0
7f6f45c30000-7f6f45c31000 rw-p 00013000 08:03 660196                     /usr/lib/x86_64-linux-gnu/libtasn1.so.6.2.0
7f6f45c31000-7f6f45cad000 r-xp 00000000 08:03 328824                     /lib/x86_64-linux-gnu/libgcrypt.so.11.8.2
7f6f45cad000-7f6f45ead000 ---p 0007c000 08:03 328824                     /lib/x86_64-linux-gnu/libgcrypt.so.11.8.2
7f6f45ead000-7f6f45eae000 r--p 0007c000 08:03 328824                     /lib/x86_64-linux-gnu/libgcrypt.so.11.8.2
7f6f45eae000-7f6f45eb1000 rw-p 0007d000 08:03 328824                     /lib/x86_64-linux-gnu/libgcrypt.so.11.8.2
7f6f45eb1000-7f6f45ebb000 r-xp 00000000 08:03 661384                     /usr/lib/x86_64-linux-gnu/libkrb5support.so.0.1
7f6f45ebb000-7f6f460ba000 ---p 0000a000 08:03 661384                     /usr/lib/x86_64-linux-gnu/libkrb5support.so.0.1
7f6f460ba000-7f6f460bb000 r--p 00009000 08:03 661384                     /usr/lib/x86_64-linux-gnu/libkrb5support.so.0.1
7f6f460bb000-7f6f460bc000 rw-p 0000a000 08:03 661384                     /usr/lib/x86_64-linux-gnu/libkrb5support.so.0.1
7f6f460bc000-7f6f460bf000 r-xp 00000000 08:03 262686                     /lib/x86_64-linux-gnu/libcom_err.so.2.1
7f6f460bf000-7f6f462be000 ---p 00003000 08:03 262686                     /lib/x86_64-linux-gnu/libcom_err.so.2.1
7f6f462be000-7f6f462bf000 r--p 00002000 08:03 262686                     /lib/x86_64-linux-gnu/libcom_err.so.2.1
7f6f462bf000-7f6f462c0000 rw-p 00003000 08:03 262686                     /lib/x86_64-linux-gnu/libcom_err.so.2.1
7f6f462c0000-7f6f462ec000 r-xp 00000000 08:03 659364                     /usr/lib/x86_64-linux-gnu/libk5crypto.so.3.1
7f6f462ec000-7f6f464eb000 ---p 0002c000 08:03 659364                     /usr/lib/x86_64-linux-gnu/libk5crypto.so.3.1
7f6f464eb000-7f6f464ed000 r--p 0002b000 08:03 659364                     /usr/lib/x86_64-linux-gnu/libk5crypto.so.3.1
7f6f464ed000-7f6f464ee000 rw-p 0002d000 08:03 659364                     /usr/lib/x86_64-linux-gnu/libk5crypto.so.3.1
7f6f464ee000-7f6f464ef000 rw-p 00000000 00:00 0 
7f6f464ef000-7f6f465ab000 r-xp 00000000 08:03 661171                     /usr/lib/x86_64-linux-gnu/libkrb5.so.3.3
7f6f465ab000-7f6f467ab000 ---p 000bc000 08:03 661171                     /usr/lib/x86_64-linux-gnu/libkrb5.so.3.3
7f6f467ab000-7f6f467b8000 r--p 000bc000 08:03 661171                     /usr/lib/x86_64-linux-gnu/libkrb5.so.3.3
7f6f467b8000-7f6f467ba000 rw-p 000c9000 08:03 661171                     /usr/lib/x86_64-linux-gnu/libkrb5.so.3.3
7f6f467ba000-7f6f467bf000 r-xp 00000000 08:03 661665                     /usr/lib/x86_64-linux-gnu/libXdmcp.so.6.0.0
7f6f467bf000-7f6f469be000 ---p 00005000 08:03 661665                     /usr/lib/x86_64-linux-gnu/libXdmcp.so.6.0.0
7f6f469be000-7f6f469bf000 r--p 00004000 08:03 661665                     /usr/lib/x86_64-linux-gnu/libXdmcp.so.6.0.0
7f6f469bf000-7f6f469c0000 rw-p 00005000 08:03 661665                     /usr/lib/x86_64-linux-gnu/libXdmcp.so.6.0.0
7f6f469c0000-7f6f469c2000 r-xp 00000000 08:03 661654                     /usr/lib/x86_64-linux-gnu/libXau.so.6.0.0
7f6f469c2000-7f6f46bc2000 ---p 00002000 08:03 661654                     /usr/lib/x86_64-linux-gnu/libXau.so.6.0.0
7f6f46bc2000-7f6f46bc3000 r--p 00002000 08:03 661654                     /usr/lib/x86_64-linux-gnu/libXau.so.6.0.0
7f6f46bc3000-7f6f46bc4000 rw-p 00003000 08:03 661654                     /usr/lib/x86_64-linux-gnu/libXau.so.6.0.0
7f6f46bc4000-7f6f46bcb000 r-xp 00000000 08:03 661932                     /usr/lib/x86_64-linux-gnu/libffi.so.6.0.1
7f6f46bcb000-7f6f46dca000 ---p 00007000 08:03 661932                     /usr/lib/x86_64-linux-gnu/libffi.so.6.0.1
7f6f46dca000-7f6f46dcb000 r--p 00006000 08:03 661932                     /usr/lib/x86_64-linux-gnu/libffi.so.6.0.1
7f6f46dcb000-7f6f46dcc000 rw-p 00007000 08:03 661932                     /usr/lib/x86_64-linux-gnu/libffi.so.6.0.1
7f6f46dcc000-7f6f46de3000 r-xp 00000000 08:03 264763                     /lib/x86_64-linux-gnu/libresolv-2.19.so
7f6f46de3000-7f6f46fe3000 ---p 00017000 08:03 264763                     /lib/x86_64-linux-gnu/libresolv-2.19.so
7f6f46fe3000-7f6f46fe4000 r--p 00017000 08:03 264763                     /lib/x86_64-linux-gnu/libresolv-2.19.so
7f6f46fe4000-7f6f46fe5000 rw-p 00018000 08:03 264763                     /lib/x86_64-linux-gnu/libresolv-2.19.so
7f6f46fe5000-7f6f46fe7000 rw-p 00000000 00:00 0 
7f6f46fe7000-7f6f47007000 r-xp 00000000 08:03 264838                     /lib/x86_64-linux-gnu/libselinux.so.1
7f6f47007000-7f6f47206000 ---p 00020000 08:03 264838                     /lib/x86_64-linux-gnu/libselinux.so.1
7f6f47206000-7f6f47207000 r--p 0001f000 08:03 264838                     /lib/x86_64-linux-gnu/libselinux.so.1
7f6f47207000-7f6f47208000 rw-p 00020000 08:03 264838                     /lib/x86_64-linux-gnu/libselinux.so.1
7f6f47208000-7f6f4720a000 rw-p 00000000 00:00 0 
7f6f4720a000-7f6f47310000 r-xp 00000000 08:03 274761                     /lib/x86_64-linux-gnu/libglib-2.0.so.0.4002.0
7f6f47310000-7f6f4750f000 ---p 00106000 08:03 274761                     /lib/x86_64-linux-gnu/libglib-2.0.so.0.4002.0
7f6f4750f000-7f6f47510000 r--p 00105000 08:03 274761                     /lib/x86_64-linux-gnu/libglib-2.0.so.0.4002.0
7f6f47510000-7f6f47511000 rw-p 00106000 08:03 274761                     /lib/x86_64-linux-gnu/libglib-2.0.so.0.4002.0
7f6f47511000-7f6f47512000 rw-p 00000000 00:00 0 
7f6f47512000-7f6f47515000 r-xp 00000000 08:03 651823                     /usr/lib/x86_64-linux-gnu/libgmodule-2.0.so.0.4002.0
7f6f47515000-7f6f47714000 ---p 00003000 08:03 651823                     /usr/lib/x86_64-linux-gnu/libgmodule-2.0.so.0.4002.0
7f6f47714000-7f6f47715000 r--p 00002000 08:03 651823                     /usr/lib/x86_64-linux-gnu/libgmodule-2.0.so.0.4002.0
7f6f47715000-7f6f47716000 rw-p 00003000 08:03 651823                     /usr/lib/x86_64-linux-gnu/libgmodule-2.0.so.0.4002.0
7f6f47716000-7f6f4773d000 r-xp 00000000 08:03 264821                     /lib/x86_64-linux-gnu/libexpat.so.1.6.0
7f6f4773d000-7f6f4793d000 ---p 00027000 08:03 264821                     /lib/x86_64-linux-gnu/libexpat.so.1.6.0
7f6f4793d000-7f6f4793f000 r--p 00027000 08:03 264821                     /lib/x86_64-linux-gnu/libexpat.so.1.6.0
7f6f4793f000-7f6f47940000 rw-p 00029000 08:03 264821                     /lib/x86_64-linux-gnu/libexpat.so.1.6.0
7f6f47940000-7f6f479dd000 r-xp 00000000 08:03 693442                     /usr/lib/x86_64-linux-gnu/libfreetype.so.6.11.1
7f6f479dd000-7f6f47bdc000 ---p 0009d000 08:03 693442                     /usr/lib/x86_64-linux-gnu/libfreetype.so.6.11.1
7f6f47bdc000-7f6f47be2000 r--p 0009c000 08:03 693442                     /usr/lib/x86_64-linux-gnu/libfreetype.so.6.11.1
7f6f47be2000-7f6f47be3000 rw-p 000a2000 08:03 693442                     /usr/lib/x86_64-linux-gnu/libfreetype.so.6.11.1
7f6f47be3000-7f6f47bf2000 r-xp 00000000 08:03 661758                     /usr/lib/x86_64-linux-gnu/libavahi-client.so.3.2.9
7f6f47bf2000-7f6f47df2000 ---p 0000f000 08:03 661758                     /usr/lib/x86_64-linux-gnu/libavahi-client.so.3.2.9
7f6f47df2000-7f6f47df3000 r--p 0000f000 08:03 661758                     /usr/lib/x86_64-linux-gnu/libavahi-client.so.3.2.9
7f6f47df3000-7f6f47df4000 rw-p 00010000 08:03 661758                     /usr/lib/x86_64-linux-gnu/libavahi-client.so.3.2.9
7f6f47df4000-7f6f47dff000 r-xp 00000000 08:03 661760                     /usr/lib/x86_64-linux-gnu/libavahi-common.so.3.5.3
7f6f47dff000-7f6f47ffe000 ---p 0000b000 08:03 661760                     /usr/lib/x86_64-linux-gnu/libavahi-common.so.3.5.3
7f6f47ffe000-7f6f47fff000 r--p 0000a000 08:03 661760                     /usr/lib/x86_64-linux-gnu/libavahi-common.so.3.5.3
7f6f47fff000-7f6f48000000 rw-p 0000b000 08:03 661760                     /usr/lib/x86_64-linux-gnu/libavahi-common.so.3.5.3
7f6f48000000-7f6f48021000 rw-p 00000000 00:00 0 
7f6f48021000-7f6f4c000000 ---p 00000000 00:00 0 
7f6f4c000000-7f6f4c021000 rw-p 00000000 00:00 0 
7f6f4c021000-7f6f50000000 ---p 00000000 00:00 0 
7f6f50000000-7f6f502d5000 rw-p 00000000 00:00 0 
7f6f502d5000-7f6f54000000 ---p 00000000 00:00 0 
7f6f54000000-7f6f5423e000 rw-p 00000000 00:00 0 
7f6f5423e000-7f6f58000000 ---p 00000000 00:00 0 
7f6f58000000-7f6f58021000 rw-p 00000000 00:00 0 
7f6f58021000-7f6f5c000000 ---p 00000000 00:00 0 
7f6f5c000000-7f6f5c021000 rw-p 00000000 00:00 0 
7f6f5c021000-7f6f60000000 ---p 00000000 00:00 0 
7f6f60000000-7f6f60021000 rw-p 00000000 00:00 0 
7f6f60021000-7f6f64000000 ---p 00000000 00:00 0 
7f6f64000000-7f6f64021000 rw-p 00000000 00:00 0 
7f6f64021000-7f6f68000000 ---p 00000000 00:00 0 
7f6f68000000-7f6f68021000 rw-p 00000000 00:00 0 
7f6f68021000-7f6f6c000000 ---p 00000000 00:00 0 
7f6f6c000000-7f6f6c021000 rw-p 00000000 00:00 0 
7f6f6c021000-7f6f70000000 ---p 00000000 00:00 0 
7f6f70000000-7f6f70021000 rw-p 00000000 00:00 0 
7f6f70021000-7f6f74000000 ---p 00000000 00:00 0 
7f6f7400a000-7f6f740e3000 rw-p 00000000 00:00 0 
7f6f740e3000-7f6f740e6000 ---p 00000000 00:00 0 
7f6f740e6000-7f6f741e4000 rw-p 00000000 00:00 0                          [stack:8055]
7f6f741e4000-7f6f7429a000 r-xp 00000000 08:03 679970                     /usr/lib/x86_64-linux-gnu/libgnutls.so.26.22.6
7f6f7429a000-7f6f7449a000 ---p 000b6000 08:03 679970                     /usr/lib/x86_64-linux-gnu/libgnutls.so.26.22.6
7f6f7449a000-7f6f744a0000 r--p 000b6000 08:03 679970                     /usr/lib/x86_64-linux-gnu/libgnutls.so.26.22.6
7f6f744a0000-7f6f744a1000 rw-p 000bc000 08:03 679970                     /usr/lib/x86_64-linux-gnu/libgnutls.so.26.22.6
7f6f744a1000-7f6f744a2000 rw-p 00000000 00:00 0 
7f6f744a2000-7f6f744e5000 r-xp 00000000 08:03 660101                     /usr/lib/x86_64-linux-gnu/libgssapi_krb5.so.2.2
7f6f744e5000-7f6f746e5000 ---p 00043000 08:03 660101                     /usr/lib/x86_64-linux-gnu/libgssapi_krb5.so.2.2
7f6f746e5000-7f6f746e6000 r--p 00043000 08:03 660101                     /usr/lib/x86_64-linux-gnu/libgssapi_krb5.so.2.2
7f6f746e6000-7f6f746e8000 rw-p 00044000 08:03 660101                     /usr/lib/x86_64-linux-gnu/libgssapi_krb5.so.2.2
7f6f746e8000-7f6f74705000 r-xp 00000000 08:03 662722                     /usr/lib/x86_64-linux-gnu/libxcb.so.1.1.0
7f6f74705000-7f6f74905000 ---p 0001d000 08:03 662722                     /usr/lib/x86_64-linux-gnu/libxcb.so.1.1.0
7f6f74905000-7f6f74906000 r--p 0001d000 08:03 662722                     /usr/lib/x86_64-linux-gnu/libxcb.so.1.1.0
7f6f74906000-7f6f74907000 rw-p 0001e000 08:03 662722                     /usr/lib/x86_64-linux-gnu/libxcb.so.1.1.0
7f6f74907000-7f6f74956000 r-xp 00000000 08:03 651824                     /usr/lib/x86_64-linux-gnu/libgobject-2.0.so.0.4002.0
7f6f74956000-7f6f74b56000 ---p 0004f000 08:03 651824                     /usr/lib/x86_64-linux-gnu/libgobject-2.0.so.0.4002.0
7f6f74b56000-7f6f74b57000 r--p 0004f000 08:03 651824                     /usr/lib/x86_64-linux-gnu/libgobject-2.0.so.0.4002.0
7f6f74b57000-7f6f74b58000 rw-p 00050000 08:03 651824                     /usr/lib/x86_64-linux-gnu/libgobject-2.0.so.0.4002.0
7f6f74b58000-7f6f74cc4000 r-xp 00000000 08:03 651826                     /usr/lib/x86_64-linux-gnu/libgio-2.0.so.0.4002.0
7f6f74cc4000-7f6f74ec3000 ---p 0016c000 08:03 651826                     /usr/lib/x86_64-linux-gnu/libgio-2.0.so.0.4002.0
7f6f74ec3000-7f6f74ec7000 r--p 0016b000 08:03 651826                     /usr/lib/x86_64-linux-gnu/libgio-2.0.so.0.4002.0
7f6f74ec7000-7f6f74ec9000 rw-p 0016f000 08:03 651826                     /usr/lib/x86_64-linux-gnu/libgio-2.0.so.0.4002.0
7f6f74ec9000-7f6f74ecb000 rw-p 00000000 00:00 0 
7f6f74ecb000-7f6f74f05000 r-xp 00000000 08:03 652565                     /usr/lib/x86_64-linux-gnu/libfontconfig.so.1.8.0
7f6f74f05000-7f6f75104000 ---p 0003a000 08:03 652565                     /usr/lib/x86_64-linux-gnu/libfontconfig.so.1.8.0
7f6f75104000-7f6f75106000 r--p 00039000 08:03 652565                     /usr/lib/x86_64-linux-gnu/libfontconfig.so.1.8.0
7f6f75106000-7f6f75107000 rw-p 0003b000 08:03 652565                     /usr/lib/x86_64-linux-gnu/libfontconfig.so.1.8.0
7f6f75107000-7f6f75173000 r-xp 00000000 08:03 654166                     /usr/lib/x86_64-linux-gnu/libcups.so.2
7f6f75173000-7f6f75373000 ---p 0006c000 08:03 654166                     /usr/lib/x86_64-linux-gnu/libcups.so.2
7f6f75373000-7f6f7537a000 r--p 0006c000 08:03 654166                     /usr/lib/x86_64-linux-gnu/libcups.so.2
7f6f7537a000-7f6f7537b000 rw-p 00073000 08:03 654166                     /usr/lib/x86_64-linux-gnu/libcups.so.2
7f6f7537b000-7f6f7538a000 r-xp 00000000 08:03 663953                     /usr/lib/x86_64-linux-gnu/libXi.so.6.1.0
7f6f7538a000-7f6f75589000 ---p 0000f000 08:03 663953                     /usr/lib/x86_64-linux-gnu/libXi.so.6.1.0
7f6f75589000-7f6f7558a000 r--p 0000e000 08:03 663953                     /usr/lib/x86_64-linux-gnu/libXi.so.6.1.0
7f6f7558a000-7f6f7558b000 rw-p 0000f000 08:03 663953                     /usr/lib/x86_64-linux-gnu/libXi.so.6.1.0
7f6f7558b000-7f6f75590000 r-xp 00000000 08:03 661695                     /usr/lib/x86_64-linux-gnu/libXtst.so.6.1.0
7f6f75590000-7f6f7578f000 ---p 00005000 08:03 661695                     /usr/lib/x86_64-linux-gnu/libXtst.so.6.1.0
7f6f7578f000-7f6f75790000 r--p 00004000 08:03 661695                     /usr/lib/x86_64-linux-gnu/libXtst.so.6.1.0
7f6f75790000-7f6f75791000 rw-p 00005000 08:03 661695                     /usr/lib/x86_64-linux-gnu/libXtst.so.6.1.0
7f6f75791000-7f6f7579a000 r-xp 00000000 08:03 666943                     /usr/lib/x86_64-linux-gnu/libXrender.so.1.3.0
7f6f7579a000-7f6f75999000 ---p 00009000 08:03 666943                     /usr/lib/x86_64-linux-gnu/libXrender.so.1.3.0
7f6f75999000-7f6f7599a000 r--p 00008000 08:03 666943                     /usr/lib/x86_64-linux-gnu/libXrender.so.1.3.0
7f6f7599a000-7f6f7599b000 rw-p 00009000 08:03 666943                     /usr/lib/x86_64-linux-gnu/libXrender.so.1.3.0
7f6f7599b000-7f6f75acb000 r-xp 00000000 08:03 661650                     /usr/lib/x86_64-linux-gnu/libX11.so.6.3.0
7f6f75acb000-7f6f75ccb000 ---p 00130000 08:03 661650                     /usr/lib/x86_64-linux-gnu/libX11.so.6.3.0
7f6f75ccb000-7f6f75ccc000 r--p 00130000 08:03 661650                     /usr/lib/x86_64-linux-gnu/libX11.so.6.3.0
7f6f75ccc000-7f6f75cd0000 rw-p 00131000 08:03 661650                     /usr/lib/x86_64-linux-gnu/libX11.so.6.3.0
7f6f75cd0000-7f6f78000000 rw-p 00000000 00:00 0 
7f6f78000000-7f6f78021000 rw-p 00000000 00:00 0 
7f6f78021000-7f6f7c000000 ---p 00000000 00:00 0 
7f6f7c0be000-7f6f7c0cf000 r-xp 00000000 08:03 659453                     /usr/lib/x86_64-linux-gnu/libXext.so.6.4.0
7f6f7c0cf000-7f6f7c2ce000 ---p 00011000 08:03 659453                     /usr/lib/x86_64-linux-gnu/libXext.so.6.4.0
7f6f7c2ce000-7f6f7c2cf000 r--p 00010000 08:03 659453                     /usr/lib/x86_64-linux-gnu/libXext.so.6.4.0
7f6f7c2cf000-7f6f7c2d0000 rw-p 00011000 08:03 659453                     /usr/lib/x86_64-linux-gnu/libXext.so.6.4.0
7f6f7c2d0000-7f6f7c318000 r-xp 00000000 08:03 274795                     /usr/lib/jvm/java-7-openjdk-amd64/jre/lib/amd64/xawt/libmawt.so
7f6f7c318000-7f6f7c517000 ---p 00048000 08:03 274795                     /usr/lib/jvm/java-7-openjdk-amd64/jre/lib/amd64/xawt/libmawt.so
7f6f7c517000-7f6f7c518000 r--p 00047000 08:03 274795                     /usr/lib/jvm/java-7-openjdk-amd64/jre/lib/amd64/xawt/libmawt.so
7f6f7c518000-7f6f7c51b000 rw-p 00048000 08:03 274795                     /usr/lib/jvm/java-7-openjdk-amd64/jre/lib/amd64/xawt/libmawt.so
7f6f7c51b000-7f6f7c51c000 rw-p 00000000 00:00 0 
7f6f7c51c000-7f6f7c5bc000 r-xp 00000000 08:03 827154                     /usr/lib/jvm/java-7-openjdk-amd64/jre/lib/amd64/libawt.so
7f6f7c5bc000-7f6f7c7bc000 ---p 000a0000 08:03 827154                     /usr/lib/jvm/java-7-openjdk-amd64/jre/lib/amd64/libawt.so
7f6f7c7bc000-7f6f7c7bd000 r--p 000a0000 08:03 827154                     /usr/lib/jvm/java-7-openjdk-amd64/jre/lib/amd64/libawt.so
7f6f7c7bd000-7f6f7c7c8000 rw-p 000a1000 08:03 827154                     /usr/lib/jvm/java-7-openjdk-amd64/jre/lib/amd64/libawt.so
7f6f7c7c8000-7f6f7c7ed000 rw-p 00000000 00:00 0 
7f6f7c7ed000-7f6f7d000000 r--p 00000000 08:03 658465                     /usr/lib/locale/locale-archive
7f6f7d000000-7f6f7d270000 rwxp 00000000 00:00 0 
7f6f7d270000-7f6f802ac000 rw-p 00000000 00:00 0 
7f6f802ac000-7f6f84000000 ---p 00000000 00:00 0 
7f6f8401d000-7f6f8404e000 rw-p 00000000 00:00 0 
7f6f8404e000-7f6f84051000 ---p 00000000 00:00 0 
7f6f84051000-7f6f8414f000 rw-p 00000000 00:00 0                          [stack:8053]
7f6f8414f000-7f6f84159000 r--s 000ae000 08:03 827151                     /usr/lib/jvm/java-7-openjdk-amd64/jre/lib/resources.jar
7f6f84159000-7f6f84160000 r--s 00000000 08:03 791290                     /usr/lib/x86_64-linux-gnu/gconv/gconv-modules.cache
7f6f84160000-7f6f84185000 r--p 00000000 08:03 158814                     /usr/share/locale-langpack/pl/LC_MESSAGES/libc.mo
7f6f84185000-7f6f8418f000 r--s 00203000 08:03 827148                     /usr/lib/jvm/java-7-openjdk-amd64/jre/lib/charsets.jar
7f6f8418f000-7f6f84190000 ---p 00000000 00:00 0 
7f6f84190000-7f6f84290000 rw-p 00000000 00:00 0                          [stack:8050]
7f6f84290000-7f6f84293000 ---p 00000000 00:00 0 
7f6f84293000-7f6f84391000 rw-p 00000000 00:00 0                          [stack:8049]
7f6f84391000-7f6f84394000 ---p 00000000 00:00 0 
7f6f84394000-7f6f84492000 rw-p 00000000 00:00 0                          [stack:8048]
7f6f84492000-7f6f84495000 ---p 00000000 00:00 0 
7f6f84495000-7f6f84593000 rw-p 00000000 00:00 0                          [stack:8047]
7f6f84593000-7f6f84596000 ---p 00000000 00:00 0 
7f6f84596000-7f6f84694000 rw-p 00000000 00:00 0                          [stack:8046]
7f6f84694000-7f6f84697000 ---p 00000000 00:00 0 
7f6f84697000-7f6f84795000 rw-p 00000000 00:00 0                          [stack:8043]
7f6f84795000-7f6f84798000 ---p 00000000 00:00 0 
7f6f84798000-7f6f84896000 rw-p 00000000 00:00 0                          [stack:8042]
7f6f84896000-7f6f84897000 ---p 00000000 00:00 0 
7f6f84897000-7f6f85994000 rw-p 00000000 00:00 0                          [stack:8041]
7f6f85994000-7f6f85b45000 r--s 01d27000 08:03 827184                     /usr/lib/jvm/java-7-openjdk-amd64/jre/lib/rt.jar
7f6f85b45000-7f6f85e71000 rw-p 00000000 00:00 0 
7f6f85e71000-7f6f85e72000 ---p 00000000 00:00 0 
7f6f85e72000-7f6f85f72000 rw-p 00000000 00:00 0                          [stack:8040]
7f6f85f72000-7f6f85f73000 ---p 00000000 00:00 0 
7f6f85f73000-7f6f86073000 rw-p 00000000 00:00 0                          [stack:8039]
7f6f86073000-7f6f86074000 ---p 00000000 00:00 0 
7f6f86074000-7f6f86174000 rw-p 00000000 00:00 0                          [stack:8038]
7f6f86174000-7f6f86175000 ---p 00000000 00:00 0 
7f6f86175000-7f6f86280000 rw-p 00000000 00:00 0                          [stack:8037]
7f6f86280000-7f6f862c8000 rw-p 00000000 00:00 0 
7f6f862c8000-7f6f862dc000 rw-p 00000000 00:00 0 
7f6f862dc000-7f6f86408000 rw-p 00000000 00:00 0 
7f6f86408000-7f6f86413000 rw-p 00000000 00:00 0 
7f6f86413000-7f6f8645b000 rw-p 00000000 00:00 0 
7f6f8645b000-7f6f8646f000 rw-p 00000000 00:00 0 
7f6f8646f000-7f6f8659b000 rw-p 00000000 00:00 0 
7f6f8659b000-7f6f865da000 rw-p 00000000 00:00 0 
7f6f865da000-7f6f8663b000 rw-p 00000000 00:00 0 
7f6f8663b000-7f6f8663c000 rw-p 00000000 00:00 0 
7f6f8663c000-7f6f86644000 r-xp 00000000 08:03 827164                     /usr/lib/jvm/java-7-openjdk-amd64/jre/lib/amd64/libzip.so
7f6f86644000-7f6f86843000 ---p 00008000 08:03 827164                     /usr/lib/jvm/java-7-openjdk-amd64/jre/lib/amd64/libzip.so
7f6f86843000-7f6f86844000 r--p 00007000 08:03 827164                     /usr/lib/jvm/java-7-openjdk-amd64/jre/lib/amd64/libzip.so
7f6f86844000-7f6f86845000 rw-p 00008000 08:03 827164                     /usr/lib/jvm/java-7-openjdk-amd64/jre/lib/amd64/libzip.so
7f6f86845000-7f6f86850000 r-xp 00000000 08:03 264778                     /lib/x86_64-linux-gnu/libnss_files-2.19.so
7f6f86850000-7f6f86a4f000 ---p 0000b000 08:03 264778                     /lib/x86_64-linux-gnu/libnss_files-2.19.so
7f6f86a4f000-7f6f86a50000 r--p 0000a000 08:03 264778                     /lib/x86_64-linux-gnu/libnss_files-2.19.so
7f6f86a50000-7f6f86a51000 rw-p 0000b000 08:03 264778                     /lib/x86_64-linux-gnu/libnss_files-2.19.so
7f6f86a51000-7f6f86a5c000 r-xp 00000000 08:03 276097                     /lib/x86_64-linux-gnu/libnss_nis-2.19.so
7f6f86a5c000-7f6f86c5b000 ---p 0000b000 08:03 276097                     /lib/x86_64-linux-gnu/libnss_nis-2.19.so
7f6f86c5b000-7f6f86c5c000 r--p 0000a000 08:03 276097                     /lib/x86_64-linux-gnu/libnss_nis-2.19.so
7f6f86c5c000-7f6f86c5d000 rw-p 0000b000 08:03 276097                     /lib/x86_64-linux-gnu/libnss_nis-2.19.so
7f6f86c5d000-7f6f86c74000 r-xp 00000000 08:03 269768                     /lib/x86_64-linux-gnu/libnsl-2.19.so
7f6f86c74000-7f6f86e73000 ---p 00017000 08:03 269768                     /lib/x86_64-linux-gnu/libnsl-2.19.so
7f6f86e73000-7f6f86e74000 r--p 00016000 08:03 269768                     /lib/x86_64-linux-gnu/libnsl-2.19.so
7f6f86e74000-7f6f86e75000 rw-p 00017000 08:03 269768                     /lib/x86_64-linux-gnu/libnsl-2.19.so
7f6f86e75000-7f6f86e77000 rw-p 00000000 00:00 0 
7f6f86e77000-7f6f86e80000 r-xp 00000000 08:03 268171                     /lib/x86_64-linux-gnu/libnss_compat-2.19.so
7f6f86e80000-7f6f8707f000 ---p 00009000 08:03 268171                     /lib/x86_64-linux-gnu/libnss_compat-2.19.so
7f6f8707f000-7f6f87080000 r--p 00008000 08:03 268171                     /lib/x86_64-linux-gnu/libnss_compat-2.19.so
7f6f87080000-7f6f87081000 rw-p 00009000 08:03 268171                     /lib/x86_64-linux-gnu/libnss_compat-2.19.so
7f6f87081000-7f6f870ac000 r-xp 00000000 08:03 827179                     /usr/lib/jvm/java-7-openjdk-amd64/jre/lib/amd64/libjava.so
7f6f870ac000-7f6f872ac000 ---p 0002b000 08:03 827179                     /usr/lib/jvm/java-7-openjdk-amd64/jre/lib/amd64/libjava.so
7f6f872ac000-7f6f872ad000 r--p 0002b000 08:03 827179                     /usr/lib/jvm/java-7-openjdk-amd64/jre/lib/amd64/libjava.so
7f6f872ad000-7f6f872af000 rw-p 0002c000 08:03 827179                     /usr/lib/jvm/java-7-openjdk-amd64/jre/lib/amd64/libjava.so
7f6f872af000-7f6f872bf000 r-xp 00000000 08:03 827176                     /usr/lib/jvm/java-7-openjdk-amd64/jre/lib/amd64/libverify.so
7f6f872bf000-7f6f874be000 ---p 00010000 08:03 827176                     /usr/lib/jvm/java-7-openjdk-amd64/jre/lib/amd64/libverify.so
7f6f874be000-7f6f874c0000 r--p 0000f000 08:03 827176                     /usr/lib/jvm/java-7-openjdk-amd64/jre/lib/amd64/libverify.so
7f6f874c0000-7f6f874c1000 rw-p 00011000 08:03 827176                     /usr/lib/jvm/java-7-openjdk-amd64/jre/lib/amd64/libverify.so
7f6f874c1000-7f6f874c8000 r-xp 00000000 08:03 276085                     /lib/x86_64-linux-gnu/librt-2.19.so
7f6f874c8000-7f6f876c7000 ---p 00007000 08:03 276085                     /lib/x86_64-linux-gnu/librt-2.19.so
7f6f876c7000-7f6f876c8000 r--p 00006000 08:03 276085                     /lib/x86_64-linux-gnu/librt-2.19.so
7f6f876c8000-7f6f876c9000 rw-p 00007000 08:03 276085                     /lib/x86_64-linux-gnu/librt-2.19.so
7f6f876c9000-7f6f876df000 r-xp 00000000 08:03 264776                     /lib/x86_64-linux-gnu/libgcc_s.so.1
7f6f876df000-7f6f878de000 ---p 00016000 08:03 264776                     /lib/x86_64-linux-gnu/libgcc_s.so.1
7f6f878de000-7f6f878df000 rw-p 00015000 08:03 264776                     /lib/x86_64-linux-gnu/libgcc_s.so.1
7f6f878df000-7f6f879e4000 r-xp 00000000 08:03 264768                     /lib/x86_64-linux-gnu/libm-2.19.so
7f6f879e4000-7f6f87be3000 ---p 00105000 08:03 264768                     /lib/x86_64-linux-gnu/libm-2.19.so
7f6f87be3000-7f6f87be4000 r--p 00104000 08:03 264768                     /lib/x86_64-linux-gnu/libm-2.19.so
7f6f87be4000-7f6f87be5000 rw-p 00105000 08:03 264768                     /lib/x86_64-linux-gnu/libm-2.19.so
7f6f87be5000-7f6f87ccb000 r-xp 00000000 08:03 662560                     /usr/lib/x86_64-linux-gnu/libstdc++.so.6.0.19
7f6f87ccb000-7f6f87eca000 ---p 000e6000 08:03 662560                     /usr/lib/x86_64-linux-gnu/libstdc++.so.6.0.19
7f6f87eca000-7f6f87ed2000 r--p 000e5000 08:03 662560                     /usr/lib/x86_64-linux-gnu/libstdc++.so.6.0.19
7f6f87ed2000-7f6f87ed4000 rw-p 000ed000 08:03 662560                     /usr/lib/x86_64-linux-gnu/libstdc++.so.6.0.19
7f6f87ed4000-7f6f87ee9000 rw-p 00000000 00:00 0 
7f6f87ee9000-7f6f88a01000 r-xp 00000000 08:03 333219                     /usr/lib/jvm/java-7-openjdk-amd64/jre/lib/amd64/server/libjvm.so
7f6f88a01000-7f6f88c01000 ---p 00b18000 08:03 333219                     /usr/lib/jvm/java-7-openjdk-amd64/jre/lib/amd64/server/libjvm.so
7f6f88c01000-7f6f88c9b000 r--p 00b18000 08:03 333219                     /usr/lib/jvm/java-7-openjdk-amd64/jre/lib/amd64/server/libjvm.so
7f6f88c9b000-7f6f88cbe000 rw-p 00bb2000 08:03 333219                     /usr/lib/jvm/java-7-openjdk-amd64/jre/lib/amd64/server/libjvm.so
7f6f88cbe000-7f6f88cec000 rw-p 00000000 00:00 0 
7f6f88cec000-7f6f88d04000 r-xp 00000000 08:03 264962                     /lib/x86_64-linux-gnu/libz.so.1.2.8
7f6f88d04000-7f6f88f03000 ---p 00018000 08:03 264962                     /lib/x86_64-linux-gnu/libz.so.1.2.8
7f6f88f03000-7f6f88f04000 r--p 00017000 08:03 264962                     /lib/x86_64-linux-gnu/libz.so.1.2.8
7f6f88f04000-7f6f88f05000 rw-p 00018000 08:03 264962                     /lib/x86_64-linux-gnu/libz.so.1.2.8
7f6f88f05000-7f6f88f1e000 r-xp 00000000 08:03 276077                     /lib/x86_64-linux-gnu/libpthread-2.19.so
7f6f88f1e000-7f6f8911d000 ---p 00019000 08:03 276077                     /lib/x86_64-linux-gnu/libpthread-2.19.so
7f6f8911d000-7f6f8911e000 r--p 00018000 08:03 276077                     /lib/x86_64-linux-gnu/libpthread-2.19.so
7f6f8911e000-7f6f8911f000 rw-p 00019000 08:03 276077                     /lib/x86_64-linux-gnu/libpthread-2.19.so
7f6f8911f000-7f6f89123000 rw-p 00000000 00:00 0 
7f6f89123000-7f6f89126000 r-xp 00000000 08:03 265545                     /lib/x86_64-linux-gnu/libdl-2.19.so
7f6f89126000-7f6f89325000 ---p 00003000 08:03 265545                     /lib/x86_64-linux-gnu/libdl-2.19.so
7f6f89325000-7f6f89326000 r--p 00002000 08:03 265545                     /lib/x86_64-linux-gnu/libdl-2.19.so
7f6f89326000-7f6f89327000 rw-p 00003000 08:03 265545                     /lib/x86_64-linux-gnu/libdl-2.19.so
7f6f89327000-7f6f894e2000 r-xp 00000000 08:03 276073                     /lib/x86_64-linux-gnu/libc-2.19.so
7f6f894e2000-7f6f896e1000 ---p 001bb000 08:03 276073                     /lib/x86_64-linux-gnu/libc-2.19.so
7f6f896e1000-7f6f896e5000 r--p 001ba000 08:03 276073                     /lib/x86_64-linux-gnu/libc-2.19.so
7f6f896e5000-7f6f896e7000 rw-p 001be000 08:03 276073                     /lib/x86_64-linux-gnu/libc-2.19.so
7f6f896e7000-7f6f896ec000 rw-p 00000000 00:00 0 
7f6f896ec000-7f6f896f9000 r-xp 00000000 08:03 333216                     /usr/lib/jvm/java-7-openjdk-amd64/jre/lib/amd64/jli/libjli.so
7f6f896f9000-7f6f898f8000 ---p 0000d000 08:03 333216                     /usr/lib/jvm/java-7-openjdk-amd64/jre/lib/amd64/jli/libjli.so
7f6f898f8000-7f6f898f9000 r--p 0000c000 08:03 333216                     /usr/lib/jvm/java-7-openjdk-amd64/jre/lib/amd64/jli/libjli.so
7f6f898f9000-7f6f898fa000 rw-p 0000d000 08:03 333216                     /usr/lib/jvm/java-7-openjdk-amd64/jre/lib/amd64/jli/libjli.so
7f6f898fa000-7f6f8991d000 r-xp 00000000 08:03 269800                     /lib/x86_64-linux-gnu/ld-2.19.so
7f6f89920000-7f6f89941000 rw-p 00000000 00:00 0 
7f6f89941000-7f6f899f7000 rw-p 00000000 00:00 0 
7f6f899f7000-7f6f899fa000 ---p 00000000 00:00 0 
7f6f899fa000-7f6f89afd000 rw-p 00000000 00:00 0                          [stack:8036]
7f6f89afd000-7f6f89b01000 r--s 00034000 08:03 333227                     /usr/lib/jvm/java-7-openjdk-amd64/jre/lib/ext/sunjce_provider.jar
7f6f89b01000-7f6f89b04000 r--s 0000f000 08:03 333221                     /usr/lib/jvm/java-7-openjdk-amd64/jre/lib/ext/icedtea-sound.jar
7f6f89b04000-7f6f89b08000 r--s 0003c000 08:03 333224                     /usr/lib/jvm/java-7-openjdk-amd64/jre/lib/ext/sunpkcs11.jar
7f6f89b08000-7f6f89b0b000 r--s 00086000 08:03 333225                     /usr/lib/jvm/java-7-openjdk-amd64/jre/lib/ext/localedata.jar
7f6f89b0b000-7f6f89b0c000 r--s 00002000 08:03 333223                     /usr/lib/jvm/java-7-openjdk-amd64/jre/lib/ext/dnsns.jar
7f6f89b0c000-7f6f89b0e000 r--s 00012000 08:03 333228                     /usr/lib/jvm/java-7-openjdk-amd64/jre/lib/ext/zipfs.jar
7f6f89b0e000-7f6f89b10000 r--s 00006000 08:03 5219                       /usr/share/java/java-atk-wrapper.jar
7f6f89b10000-7f6f89b18000 rw-s 00000000 08:03 555021                     /tmp/hsperfdata_super_marcin/8030
7f6f89b18000-7f6f89b19000 rw-p 00000000 00:00 0 
7f6f89b19000-7f6f89b1a000 ---p 00000000 00:00 0 
7f6f89b1a000-7f6f89b1c000 rw-p 00000000 00:00 0 
7f6f89b1c000-7f6f89b1d000 r--p 00022000 08:03 269800                     /lib/x86_64-linux-gnu/ld-2.19.so
7f6f89b1d000-7f6f89b1e000 rw-p 00023000 08:03 269800                     /lib/x86_64-linux-gnu/ld-2.19.so
7f6f89b1e000-7f6f89b1f000 rw-p 00000000 00:00 0 
7ffc34b8a000-7ffc34bab000 rw-p 00000000 00:00 0                          [stack]
7ffc34beb000-7ffc34bed000 r-xp 00000000 00:00 0                          [vdso]
ffffffffff600000-ffffffffff601000 r-xp 00000000 00:00 0                  [vsyscall]

VM Arguments:
jvm_args: -Dfile.encoding=UTF-8 
java_command: pl.super_marcin.life.Uruchom
Launcher Type: SUN_STANDARD

Environment Variables:
PATH=/usr/local/sbin:/usr/local/bin:/usr/sbin:/usr/bin:/sbin:/bin:/usr/games:/usr/local/games
SHELL=/bin/bash
DISPLAY=:0

Signal Handlers:
SIGSEGV: [libjvm.so+0x94b9a0], sa_mask[0]=0x7ffbfeff, sa_flags=0x10000004
SIGBUS: [libjvm.so+0x94b9a0], sa_mask[0]=0x7ffbfeff, sa_flags=0x10000004
SIGFPE: [libjvm.so+0x7c3880], sa_mask[0]=0x7ffbfeff, sa_flags=0x10000004
SIGPIPE: [libjvm.so+0x7c3880], sa_mask[0]=0x7ffbfeff, sa_flags=0x10000004
SIGXFSZ: [libjvm.so+0x7c3880], sa_mask[0]=0x7ffbfeff, sa_flags=0x10000004
SIGILL: [libjvm.so+0x7c3880], sa_mask[0]=0x7ffbfeff, sa_flags=0x10000004
SIGUSR1: SIG_DFL, sa_mask[0]=0x00000000, sa_flags=0x00000000
SIGUSR2: [libjvm.so+0x7c3720], sa_mask[0]=0x00000004, sa_flags=0x10000004
SIGHUP: [libjvm.so+0x7c3900], sa_mask[0]=0x7ffbfeff, sa_flags=0x10000004
SIGINT: [libjvm.so+0x7c3900], sa_mask[0]=0x7ffbfeff, sa_flags=0x10000004
SIGTERM: [libjvm.so+0x7c3900], sa_mask[0]=0x7ffbfeff, sa_flags=0x10000004
SIGQUIT: [libjvm.so+0x7c3900], sa_mask[0]=0x7ffbfeff, sa_flags=0x10000004
SIGTRAP: SIG_DFL, sa_mask[0]=0x00000000, sa_flags=0x00000000


---------------  S Y S T E M  ---------------

OS:Ubuntu 14.04 (trusty)
uname:Linux 3.13.0-52-generic #86-Ubuntu SMP Mon May 4 04:32:59 UTC 2015 x86_64
libc:glibc 2.19 NPTL 2.19 
rlimit: STACK 8192k, CORE 0k, NPROC 30545, NOFILE 4096, AS infinity
load average:2,39 2,45 1,74

/proc/meminfo:
MemTotal:        3931388 kB
MemFree:          127136 kB
Buffers:             308 kB
Cached:           410184 kB
SwapCached:            0 kB
Active:          3237008 kB
Inactive:         400552 kB
Active(anon):    3230308 kB
Inactive(anon):   382820 kB
Active(file):       6700 kB
Inactive(file):    17732 kB
Unevictable:         164 kB
Mlocked:             164 kB
SwapTotal:             0 kB
SwapFree:              0 kB
Dirty:               480 kB
Writeback:             0 kB
AnonPages:       3227532 kB
Mapped:           119756 kB
Shmem:            385760 kB
Slab:              57972 kB
SReclaimable:      23076 kB
SUnreclaim:        34896 kB
KernelStack:        7832 kB
PageTables:        41312 kB
NFS_Unstable:          0 kB
Bounce:                0 kB
WritebackTmp:          0 kB
CommitLimit:     1965692 kB
Committed_AS:    8833940 kB
VmallocTotal:   34359738367 kB
VmallocUsed:      401768 kB
VmallocChunk:   34359315068 kB
HardwareCorrupted:     0 kB
AnonHugePages:   1765376 kB
HugePages_Total:       0
HugePages_Free:        0
HugePages_Rsvd:        0
HugePages_Surp:        0
Hugepagesize:       2048 kB
DirectMap4k:       98380 kB
DirectMap2M:     3979264 kB


CPU:total 4 (2 cores per cpu, 2 threads per core) family 6 model 58 stepping 9, cmov, cx8, fxsr, mmx, sse, sse2, sse3, ssse3, sse4.1, sse4.2, popcnt, avx, aes, erms, ht, tsc, tscinvbit, tscinv

/proc/cpuinfo:
processor	: 0
vendor_id	: GenuineIntel
cpu family	: 6
model		: 58
model name	: Intel(R) Core(TM) i5-3230M CPU @ 2.60GHz
stepping	: 9
microcode	: 0x15
cpu MHz		: 2601.000
cache size	: 3072 KB
physical id	: 0
siblings	: 4
core id		: 0
cpu cores	: 2
apicid		: 0
initial apicid	: 0
fpu		: yes
fpu_exception	: yes
cpuid level	: 13
wp		: yes
flags		: fpu vme de pse tsc msr pae mce cx8 apic sep mtrr pge mca cmov pat pse36 clflush dts acpi mmx fxsr sse sse2 ss ht tm pbe syscall nx rdtscp lm constant_tsc arch_perfmon pebs bts rep_good nopl xtopology nonstop_tsc aperfmperf eagerfpu pni pclmulqdq dtes64 monitor ds_cpl vmx est tm2 ssse3 cx16 xtpr pdcm pcid sse4_1 sse4_2 x2apic popcnt tsc_deadline_timer aes xsave avx f16c rdrand lahf_lm ida arat epb xsaveopt pln pts dtherm tpr_shadow vnmi flexpriority ept vpid fsgsbase smep erms
bogomips	: 5188.51
clflush size	: 64
cache_alignment	: 64
address sizes	: 36 bits physical, 48 bits virtual
power management:

processor	: 1
vendor_id	: GenuineIntel
cpu family	: 6
model		: 58
model name	: Intel(R) Core(TM) i5-3230M CPU @ 2.60GHz
stepping	: 9
microcode	: 0x15
cpu MHz		: 1800.000
cache size	: 3072 KB
physical id	: 0
siblings	: 4
core id		: 1
cpu cores	: 2
apicid		: 2
initial apicid	: 2
fpu		: yes
fpu_exception	: yes
cpuid level	: 13
wp		: yes
flags		: fpu vme de pse tsc msr pae mce cx8 apic sep mtrr pge mca cmov pat pse36 clflush dts acpi mmx fxsr sse sse2 ss ht tm pbe syscall nx rdtscp lm constant_tsc arch_perfmon pebs bts rep_good nopl xtopology nonstop_tsc aperfmperf eagerfpu pni pclmulqdq dtes64 monitor ds_cpl vmx est tm2 ssse3 cx16 xtpr pdcm pcid sse4_1 sse4_2 x2apic popcnt tsc_deadline_timer aes xsave avx f16c rdrand lahf_lm ida arat epb xsaveopt pln pts dtherm tpr_shadow vnmi flexpriority ept vpid fsgsbase smep erms
bogomips	: 5188.51
clflush size	: 64
cache_alignment	: 64
address sizes	: 36 bits physical, 48 bits virtual
power management:

processor	: 2
vendor_id	: GenuineIntel
cpu family	: 6
model		: 58
model name	: Intel(R) Core(TM) i5-3230M CPU @ 2.60GHz
stepping	: 9
microcode	: 0x15
cpu MHz		: 2601.000
cache size	: 3072 KB
physical id	: 0
siblings	: 4
core id		: 0
cpu cores	: 2
apicid		: 1
initial apicid	: 1
fpu		: yes
fpu_exception	: yes
cpuid level	: 13
wp		: yes
flags		: fpu vme de pse tsc msr pae mce cx8 apic sep mtrr pge mca cmov pat pse36 clflush dts acpi mmx fxsr sse sse2 ss ht tm pbe syscall nx rdtscp lm constant_tsc arch_perfmon pebs bts rep_good nopl xtopology nonstop_tsc aperfmperf eagerfpu pni pclmulqdq dtes64 monitor ds_cpl vmx est tm2 ssse3 cx16 xtpr pdcm pcid sse4_1 sse4_2 x2apic popcnt tsc_deadline_timer aes xsave avx f16c rdrand lahf_lm ida arat epb xsaveopt pln pts dtherm tpr_shadow vnmi flexpriority ept vpid fsgsbase smep erms
bogomips	: 5188.51
clflush size	: 64
cache_alignment	: 64
address sizes	: 36 bits physical, 48 bits virtual
power management:

processor	: 3
vendor_id	: GenuineIntel
cpu family	: 6
model		: 58
model name	: Intel(R) Core(TM) i5-3230M CPU @ 2.60GHz
stepping	: 9
microcode	: 0x15
cpu MHz		: 2601.000
cache size	: 3072 KB
physical id	: 0
siblings	: 4
core id		: 1
cpu cores	: 2
apicid		: 3
initial apicid	: 3
fpu		: yes
fpu_exception	: yes
cpuid level	: 13
wp		: yes
flags		: fpu vme de pse tsc msr pae mce cx8 apic sep mtrr pge mca cmov pat pse36 clflush dts acpi mmx fxsr sse sse2 ss ht tm pbe syscall nx rdtscp lm constant_tsc arch_perfmon pebs bts rep_good nopl xtopology nonstop_tsc aperfmperf eagerfpu pni pclmulqdq dtes64 monitor ds_cpl vmx est tm2 ssse3 cx16 xtpr pdcm pcid sse4_1 sse4_2 x2apic popcnt tsc_deadline_timer aes xsave avx f16c rdrand lahf_lm ida arat epb xsaveopt pln pts dtherm tpr_shadow vnmi flexpriority ept vpid fsgsbase smep erms
bogomips	: 5188.51
clflush size	: 64
cache_alignment	: 64
address sizes	: 36 bits physical, 48 bits virtual
power management:



Memory: 4k page, physical 3931388k(127136k free), swap 0k(0k free)

vm_info: OpenJDK 64-Bit Server VM (24.79-b02) for linux-amd64 JRE (1.7.0_79-b14), built on Apr 16 2015 08:21:58 by "buildd" with gcc 4.8.2

time: Tue May 19 10:32:06 2015
elapsed time: 9 seconds

