#
# There is insufficient memory for the Java Runtime Environment to continue.
# Native memory allocation (malloc) failed to allocate 3670016 bytes for committing reserved memory.
# Possible reasons:
#   The system is out of physical RAM or swap space
#   In 32 bit mode, the process size limit was hit
# Possible solutions:
#   Reduce memory load on the system
#   Increase physical memory or swap space
#   Check if swap backing store is full
#   Use 64 bit Java on a 64 bit OS
#   Decrease Java heap size (-Xmx/-Xms)
#   Decrease number of Java threads
#   Decrease Java thread stack sizes (-Xss)
#   Set larger code cache with -XX:ReservedCodeCacheSize=
# This output file may be truncated or incomplete.
#
#  Out of Memory Error (os_linux.cpp:2809), pid=7497, tid=140367943464704
#
# JRE version: OpenJDK Runtime Environment (7.0_79-b14) (build 1.7.0_79-b14)
# Java VM: OpenJDK 64-Bit Server VM (24.79-b02 mixed mode linux-amd64 compressed oops)
# Derivative: IcedTea 2.5.5
# Distribution: Ubuntu 14.04 LTS, package 7u79-2.5.5-0ubuntu0.14.04.2
# Failed to write core dump. Core dumps have been disabled. To enable core dumping, try "ulimit -c unlimited" before starting Java again
#

---------------  T H R E A D  ---------------

Current thread (0x00007faa00075800):  VMThread [stack: 0x00007fa9f5587000,0x00007fa9f5688000] [id=7507]

Stack: [0x00007fa9f5587000,0x00007fa9f5688000],  sp=0x00007fa9f5686490,  free space=1021k
Native frames: (J=compiled Java code, j=interpreted, Vv=VM code, C=native code)
V  [libjvm.so+0x94aec5]  VMError::report_and_die()+0x175
V  [libjvm.so+0x48b9c4]  report_vm_out_of_memory(char const*, int, unsigned long, char const*)+0x74
V  [libjvm.so+0x7c806b]  os::pd_commit_memory(char*, unsigned long, unsigned long, bool)+0xeb
V  [libjvm.so+0x7c2b0f]  os::commit_memory(char*, unsigned long, unsigned long, bool)+0x1f
V  [libjvm.so+0x83500b]  PSVirtualSpace::expand_by(unsigned long)+0x5b
V  [libjvm.so+0x835e60]  PSYoungGen::resize_generation(unsigned long, unsigned long)+0xb0
V  [libjvm.so+0x83654b]  PSYoungGen::resize(unsigned long, unsigned long)+0x1b
V  [libjvm.so+0x832830]  PSScavenge::invoke_no_policy()+0xde0
V  [libjvm.so+0x833008]  PSScavenge::invoke()+0x38
V  [libjvm.so+0x7e96f3]  ParallelScavengeHeap::failed_mem_allocate(unsigned long)+0x63
V  [libjvm.so+0x94c8c4]  VM_ParallelGCFailedAllocation::doit()+0x84
V  [libjvm.so+0x950dc7]  VM_Operation::evaluate()+0x47
V  [libjvm.so+0x94f738]  VMThread::evaluate_operation(VM_Operation*)+0x318
V  [libjvm.so+0x94fb99]  VMThread::loop()+0x219
V  [libjvm.so+0x94ffe2]  VMThread::run()+0x72
V  [libjvm.so+0x7c4f32]  java_start(Thread*)+0xf2

VM_Operation (0x00007faa07b3e690): ParallelGCFailedAllocation, mode: safepoint, requested by thread 0x00007faa0000a000


---------------  P R O C E S S  ---------------

Java Threads: ( => current thread )
  0x00007fa9ac01d800 JavaThread "TimerQueue" daemon [_thread_blocked, id=7542, stack(0x00007fa9c2167000,0x00007fa9c2268000)]
  0x00007faa00285000 JavaThread "AWT-EventQueue-0" [_thread_blocked, id=7518, stack(0x00007fa9c2268000,0x00007fa9c2369000)]
  0x00007faa00283800 JavaThread "AWT-Shutdown" [_thread_blocked, id=7517, stack(0x00007fa9c2369000,0x00007fa9c246a000)]
  0x00007faa00208000 JavaThread "AWT-XAWT" daemon [_thread_blocked, id=7516, stack(0x00007fa9c2b1a000,0x00007fa9c2c1b000)]
  0x00007faa001e7800 JavaThread "Java2D Disposer" daemon [_thread_blocked, id=7515, stack(0x00007fa9f402a000,0x00007fa9f412b000)]
  0x00007faa000ae800 JavaThread "Service Thread" daemon [_thread_blocked, id=7513, stack(0x00007fa9f476e000,0x00007fa9f486f000)]
  0x00007faa000ac000 JavaThread "C2 CompilerThread1" daemon [_thread_blocked, id=7512, stack(0x00007fa9f486f000,0x00007fa9f4970000)]
  0x00007faa000a9000 JavaThread "C2 CompilerThread0" daemon [_thread_blocked, id=7511, stack(0x00007fa9f4970000,0x00007fa9f4a71000)]
  0x00007faa000a7000 JavaThread "Signal Dispatcher" daemon [_thread_blocked, id=7510, stack(0x00007fa9f4a71000,0x00007fa9f4b72000)]
  0x00007faa0007c000 JavaThread "Finalizer" daemon [_thread_blocked, id=7509, stack(0x00007fa9f5385000,0x00007fa9f5486000)]
  0x00007faa0007a000 JavaThread "Reference Handler" daemon [_thread_blocked, id=7508, stack(0x00007fa9f5486000,0x00007fa9f5587000)]
  0x00007faa0000a000 JavaThread "main" [_thread_blocked, id=7502, stack(0x00007faa07a3f000,0x00007faa07b40000)]

Other Threads:
=>0x00007faa00075800 VMThread [stack: 0x00007fa9f5587000,0x00007fa9f5688000] [id=7507]
  0x00007faa000b9000 WatcherThread [stack: 0x00007fa9f466d000,0x00007fa9f476e000] [id=7514]

VM state:at safepoint (normal execution)

VM Mutex/Monitor currently owned by a thread:  ([mutex/lock_event])
[0x00007faa000063a0] Threads_lock - owner thread: 0x00007faa00075800
[0x00007faa000068a0] Heap_lock - owner thread: 0x00007faa0000a000

Heap
 PSYoungGen      total 301056K, used 13792K [0x00000000ec000000, 0x00000000ffc80000, 0x0000000100000000)
  eden space 278016K, 0% used [0x00000000ec000000,0x00000000ec000000,0x00000000fcf80000)
  from space 23040K, 59% used [0x00000000fe600000,0x00000000ff378000,0x00000000ffc80000)
  to   space 9728K, 0% used [0x00000000fcf80000,0x00000000fcf80000,0x00000000fd900000)
 ParOldGen       total 70144K, used 52486K [0x00000000c4000000, 0x00000000c8480000, 0x00000000ec000000)
  object space 70144K, 74% used [0x00000000c4000000,0x00000000c7341940,0x00000000c8480000)
 PSPermGen       total 27648K, used 12165K [0x00000000b9a00000, 0x00000000bb500000, 0x00000000c4000000)
  object space 27648K, 44% used [0x00000000b9a00000,0x00000000ba5e17a8,0x00000000bb500000)

Card table byte_map: [0x00007faa04450000,0x00007faa04684000] byte_map_base: 0x00007faa03e83000

Polling page: 0x00007faa07b61000

Code Cache  [0x00007fa9fd000000, 0x00007fa9fd270000, 0x00007faa00000000)
 total_blobs=542 nmethods=78 adapters=418 free_code_cache=48489Kb largest_free_block=49623872

Compilation events (10 events):
Event: 15,534 Thread 0x00007faa000ac000   74             java.util.HashMap::indexFor (6 bytes)
Event: 15,534 Thread 0x00007faa000ac000 nmethod 74 0x00007fa9fd08d610 code [0x00007fa9fd08d740, 0x00007fa9fd08d778]
Event: 15,552 Thread 0x00007faa000ac000   75             sun.util.logging.PlatformLogger::finest (12 bytes)
Event: 15,555 Thread 0x00007faa000ac000 nmethod 75 0x00007fa9fd09e990 code [0x00007fa9fd09eb00, 0x00007fa9fd09ec98]
Event: 17,300 Thread 0x00007faa000a9000   76             java.lang.String::length (6 bytes)
Event: 17,300 Thread 0x00007faa000a9000 nmethod 76 0x00007fa9fd09e750 code [0x00007fa9fd09e880, 0x00007fa9fd09e8f8]
Event: 20,537 Thread 0x00007faa000ac000   77             java.lang.AbstractStringBuilder::ensureCapacityInternal (16 bytes)
Event: 20,540 Thread 0x00007faa000ac000 nmethod 77 0x00007fa9fd09e210 code [0x00007fa9fd09e360, 0x00007fa9fd09e5d8]
Event: 23,363 Thread 0x00007faa000a9000   78             java.util.IdentityHashMap::clear (39 bytes)
Event: 23,366 Thread 0x00007faa000a9000 nmethod 78 0x00007fa9fd09df10 code [0x00007fa9fd09e060, 0x00007fa9fd09e158]

GC Heap History (10 events):
Event: 304,241 GC heap after
Heap after GC invocations=375 (full 2):
 PSYoungGen      total 285696K, used 6144K [0x00000000ec000000, 0x00000000ffe80000, 0x0000000100000000)
  eden space 279552K, 0% used [0x00000000ec000000,0x00000000ec000000,0x00000000fd100000)
  from space 6144K, 100% used [0x00000000fd100000,0x00000000fd700000,0x00000000fd700000)
  to   space 23040K, 0% used [0x00000000fe800000,0x00000000fe800000,0x00000000ffe80000)
 ParOldGen       total 70144K, used 52486K [0x00000000c4000000, 0x00000000c8480000, 0x00000000ec000000)
  object space 70144K, 74% used [0x00000000c4000000,0x00000000c7341940,0x00000000c8480000)
 PSPermGen       total 27648K, used 12165K [0x00000000b9a00000, 0x00000000bb500000, 0x00000000c4000000)
  object space 27648K, 44% used [0x00000000b9a00000,0x00000000ba5e17a8,0x00000000bb500000)
}
Event: 304,930 GC heap before
{Heap before GC invocations=376 (full 2):
 PSYoungGen      total 285696K, used 285696K [0x00000000ec000000, 0x00000000ffe80000, 0x0000000100000000)
  eden space 279552K, 100% used [0x00000000ec000000,0x00000000fd100000,0x00000000fd100000)
  from space 6144K, 100% used [0x00000000fd100000,0x00000000fd700000,0x00000000fd700000)
  to   space 23040K, 0% used [0x00000000fe800000,0x00000000fe800000,0x00000000ffe80000)
 ParOldGen       total 70144K, used 52486K [0x00000000c4000000, 0x00000000c8480000, 0x00000000ec000000)
  object space 70144K, 74% used [0x00000000c4000000,0x00000000c7341940,0x00000000c8480000)
 PSPermGen       total 27648K, used 12165K [0x00000000b9a00000, 0x00000000bb500000, 0x00000000c4000000)
  object space 27648K, 44% used [0x00000000b9a00000,0x00000000ba5e17a8,0x00000000bb500000)
Event: 304,942 GC heap after
Heap after GC invocations=376 (full 2):
 PSYoungGen      total 303104K, used 12096K [0x00000000ec000000, 0x0000000100000000, 0x0000000100000000)
  eden space 280064K, 0% used [0x00000000ec000000,0x00000000ec000000,0x00000000fd180000)
  from space 23040K, 52% used [0x00000000fe800000,0x00000000ff3d0000,0x00000000ffe80000)
  to   space 23040K, 0% used [0x00000000fd180000,0x00000000fd180000,0x00000000fe800000)
 ParOldGen       total 70144K, used 52486K [0x00000000c4000000, 0x00000000c8480000, 0x00000000ec000000)
  object space 70144K, 74% used [0x00000000c4000000,0x00000000c7341940,0x00000000c8480000)
 PSPermGen       total 27648K, used 12165K [0x00000000b9a00000, 0x00000000bb500000, 0x00000000c4000000)
  object space 27648K, 44% used [0x00000000b9a00000,0x00000000ba5e17a8,0x00000000bb500000)
}
Event: 305,863 GC heap before
{Heap before GC invocations=377 (full 2):
 PSYoungGen      total 303104K, used 292160K [0x00000000ec000000, 0x0000000100000000, 0x0000000100000000)
  eden space 280064K, 100% used [0x00000000ec000000,0x00000000fd180000,0x00000000fd180000)
  from space 23040K, 52% used [0x00000000fe800000,0x00000000ff3d0000,0x00000000ffe80000)
  to   space 23040K, 0% used [0x00000000fd180000,0x00000000fd180000,0x00000000fe800000)
 ParOldGen       total 70144K, used 52486K [0x00000000c4000000, 0x00000000c8480000, 0x00000000ec000000)
  object space 70144K, 74% used [0x00000000c4000000,0x00000000c7341940,0x00000000c8480000)
 PSPermGen       total 27648K, used 12165K [0x00000000b9a00000, 0x00000000bb500000, 0x00000000c4000000)
  object space 27648K, 44% used [0x00000000b9a00000,0x00000000ba5e17a8,0x00000000bb500000)
Event: 305,890 GC heap after
Heap after GC invocations=377 (full 2):
 PSYoungGen      total 299008K, used 18560K [0x00000000ec000000, 0x0000000100000000, 0x0000000100000000)
  eden space 280064K, 0% used [0x00000000ec000000,0x00000000ec000000,0x00000000fd180000)
  from space 18944K, 97% used [0x00000000fd180000,0x00000000fe3a0000,0x00000000fe400000)
  to   space 25088K, 0% used [0x00000000fe780000,0x00000000fe780000,0x0000000100000000)
 ParOldGen       total 70144K, used 52486K [0x00000000c4000000, 0x00000000c8480000, 0x00000000ec000000)
  object space 70144K, 74% used [0x00000000c4000000,0x00000000c7341940,0x00000000c8480000)
 PSPermGen       total 27648K, used 12165K [0x00000000b9a00000, 0x00000000bb500000, 0x00000000c4000000)
  object space 27648K, 44% used [0x00000000b9a00000,0x00000000ba5e17a8,0x00000000bb500000)
}
Event: 307,212 GC heap before
{Heap before GC invocations=378 (full 2):
 PSYoungGen      total 299008K, used 298624K [0x00000000ec000000, 0x0000000100000000, 0x0000000100000000)
  eden space 280064K, 100% used [0x00000000ec000000,0x00000000fd180000,0x00000000fd180000)
  from space 18944K, 97% used [0x00000000fd180000,0x00000000fe3a0000,0x00000000fe400000)
  to   space 25088K, 0% used [0x00000000fe780000,0x00000000fe780000,0x0000000100000000)
 ParOldGen       total 70144K, used 52486K [0x00000000c4000000, 0x00000000c8480000, 0x00000000ec000000)
  object space 70144K, 74% used [0x00000000c4000000,0x00000000c7341940,0x00000000c8480000)
 PSPermGen       total 27648K, used 12165K [0x00000000b9a00000, 0x00000000bb500000, 0x00000000c4000000)
  object space 27648K, 44% used [0x00000000b9a00000,0x00000000ba5e17a8,0x00000000bb500000)
Event: 307,217 GC heap after
Heap after GC invocations=378 (full 2):
 PSYoungGen      total 303104K, used 4992K [0x00000000ec000000, 0x0000000100000000, 0x0000000100000000)
  eden space 278016K, 0% used [0x00000000ec000000,0x00000000ec000000,0x00000000fcf80000)
  from space 25088K, 19% used [0x00000000fe780000,0x00000000fec60000,0x0000000100000000)
  to   space 24576K, 0% used [0x00000000fcf80000,0x00000000fcf80000,0x00000000fe780000)
 ParOldGen       total 70144K, used 52486K [0x00000000c4000000, 0x00000000c8480000, 0x00000000ec000000)
  object space 70144K, 74% used [0x00000000c4000000,0x00000000c7341940,0x00000000c8480000)
 PSPermGen       total 27648K, used 12165K [0x00000000b9a00000, 0x00000000bb500000, 0x00000000c4000000)
  object space 27648K, 44% used [0x00000000b9a00000,0x00000000ba5e17a8,0x00000000bb500000)
}
Event: 308,715 GC heap before
{Heap before GC invocations=379 (full 2):
 PSYoungGen      total 303104K, used 283008K [0x00000000ec000000, 0x0000000100000000, 0x0000000100000000)
  eden space 278016K, 100% used [0x00000000ec000000,0x00000000fcf80000,0x00000000fcf80000)
  from space 25088K, 19% used [0x00000000fe780000,0x00000000fec60000,0x0000000100000000)
  to   space 24576K, 0% used [0x00000000fcf80000,0x00000000fcf80000,0x00000000fe780000)
 ParOldGen       total 70144K, used 52486K [0x00000000c4000000, 0x00000000c8480000, 0x00000000ec000000)
  object space 70144K, 74% used [0x00000000c4000000,0x00000000c7341940,0x00000000c8480000)
 PSPermGen       total 27648K, used 12165K [0x00000000b9a00000, 0x00000000bb500000, 0x00000000c4000000)
  object space 27648K, 44% used [0x00000000b9a00000,0x00000000ba5e17a8,0x00000000bb500000)
Event: 311,761 GC heap after
Heap after GC invocations=379 (full 2):
 PSYoungGen      total 287744K, used 9408K [0x00000000ec000000, 0x00000000ffc80000, 0x0000000100000000)
  eden space 278016K, 0% used [0x00000000ec000000,0x00000000ec000000,0x00000000fcf80000)
  from space 9728K, 96% used [0x00000000fcf80000,0x00000000fd8b0000,0x00000000fd900000)
  to   space 23040K, 0% used [0x00000000fe600000,0x00000000fe600000,0x00000000ffc80000)
 ParOldGen       total 70144K, used 52486K [0x00000000c4000000, 0x00000000c8480000, 0x00000000ec000000)
  object space 70144K, 74% used [0x00000000c4000000,0x00000000c7341940,0x00000000c8480000)
 PSPermGen       total 27648K, used 12165K [0x00000000b9a00000, 0x00000000bb500000, 0x00000000c4000000)
  object space 27648K, 44% used [0x00000000b9a00000,0x00000000ba5e17a8,0x00000000bb500000)
}
Event: 315,136 GC heap before
{Heap before GC invocations=380 (full 2):
 PSYoungGen      total 287744K, used 287424K [0x00000000ec000000, 0x00000000ffc80000, 0x0000000100000000)
  eden space 278016K, 100% used [0x00000000ec000000,0x00000000fcf80000,0x00000000fcf80000)
  from space 9728K, 96% used [0x00000000fcf80000,0x00000000fd8b0000,0x00000000fd900000)
  to   space 23040K, 0% used [0x00000000fe600000,0x00000000fe600000,0x00000000ffc80000)
 ParOldGen       total 70144K, used 52486K [0x00000000c4000000, 0x00000000c8480000, 0x00000000ec000000)
  object space 70144K, 74% used [0x00000000c4000000,0x00000000c7341940,0x00000000c8480000)
 PSPermGen       total 27648K, used 12165K [0x00000000b9a00000, 0x00000000bb500000, 0x00000000c4000000)
  object space 27648K, 44% used [0x00000000b9a00000,0x00000000ba5e17a8,0x00000000bb500000)

Deoptimization events (10 events):
Event: 15,072 Thread 0x00007faa00285000 Uncommon trap: reason=class_check action=maybe_recompile pc=0x00007fa9fd0988f4 method=sun.java2d.SunGraphics2D.validateColor()V @ 94
Event: 15,275 Thread 0x00007faa00285000 Uncommon trap: reason=class_check action=maybe_recompile pc=0x00007fa9fd0988f4 method=sun.java2d.SunGraphics2D.validateColor()V @ 94
Event: 15,275 Thread 0x00007faa00285000 Uncommon trap: reason=class_check action=maybe_recompile pc=0x00007fa9fd099e28 method=sun.java2d.SunGraphics2D.fillRect(IIII)V @ 10
Event: 15,275 Thread 0x00007faa00285000 Uncommon trap: reason=unreached action=reinterpret pc=0x00007fa9fd09a8b4 method=sun.java2d.x11.X11SurfaceData.getGC(Lsun/java2d/pipe/Region;ILjava/awt/Composite;IZ)J @ 22
Event: 15,281 Thread 0x00007faa00285000 Uncommon trap: reason=class_check action=maybe_recompile pc=0x00007fa9fd099e28 method=sun.java2d.SunGraphics2D.fillRect(IIII)V @ 10
Event: 15,609 Thread 0x00007faa00285000 Uncommon trap: reason=class_check action=maybe_recompile pc=0x00007fa9fd0988f4 method=sun.java2d.SunGraphics2D.validateColor()V @ 94
Event: 15,609 Thread 0x00007faa00285000 Uncommon trap: reason=class_check action=maybe_recompile pc=0x00007fa9fd0988f4 method=sun.java2d.SunGraphics2D.validateColor()V @ 94
Event: 15,609 Thread 0x00007faa00285000 Uncommon trap: reason=class_check action=maybe_recompile pc=0x00007fa9fd099e28 method=sun.java2d.SunGraphics2D.fillRect(IIII)V @ 10
Event: 15,610 Thread 0x00007faa00285000 Uncommon trap: reason=class_check action=maybe_recompile pc=0x00007fa9fd099e28 method=sun.java2d.SunGraphics2D.fillRect(IIII)V @ 10
Event: 17,219 Thread 0x00007faa00285000 Uncommon trap: reason=unreached action=reinterpret pc=0x00007fa9fd099868 method=sun.java2d.SunGraphics2D.validateColor()V @ 38

Internal exceptions (10 events):
Event: 14,297 Thread 0x00007faa0000a000 Threw 0x00000000ec8bf900 at /build/buildd/openjdk-7-7u79-2.5.5/build/openjdk/hotspot/src/share/vm/prims/jvm.cpp:1284
Event: 14,298 Thread 0x00007faa0000a000 Threw 0x00000000ec8c2680 at /build/buildd/openjdk-7-7u79-2.5.5/build/openjdk/hotspot/src/share/vm/prims/jvm.cpp:1284
Event: 14,298 Thread 0x00007faa0000a000 Threw 0x00000000ec8c4ff8 at /build/buildd/openjdk-7-7u79-2.5.5/build/openjdk/hotspot/src/share/vm/prims/jvm.cpp:1284
Event: 14,298 Thread 0x00007faa0000a000 Threw 0x00000000ec8c8030 at /build/buildd/openjdk-7-7u79-2.5.5/build/openjdk/hotspot/src/share/vm/prims/jvm.cpp:1284
Event: 14,299 Thread 0x00007faa0000a000 Threw 0x00000000ec8ca878 at /build/buildd/openjdk-7-7u79-2.5.5/build/openjdk/hotspot/src/share/vm/prims/jvm.cpp:1284
Event: 14,299 Thread 0x00007faa0000a000 Threw 0x00000000ec8cd5f0 at /build/buildd/openjdk-7-7u79-2.5.5/build/openjdk/hotspot/src/share/vm/prims/jvm.cpp:1284
Event: 14,302 Thread 0x00007faa0000a000 Threw 0x00000000ec8cfcd0 at /build/buildd/openjdk-7-7u79-2.5.5/build/openjdk/hotspot/src/share/vm/prims/jvm.cpp:1284
Event: 14,303 Thread 0x00007faa0000a000 Threw 0x00000000ec8d2b08 at /build/buildd/openjdk-7-7u79-2.5.5/build/openjdk/hotspot/src/share/vm/prims/jvm.cpp:1284
Event: 14,323 Thread 0x00007faa0000a000 Threw 0x00000000ec8e9608 at /build/buildd/openjdk-7-7u79-2.5.5/build/openjdk/hotspot/src/share/vm/prims/jvm.cpp:1284
Event: 15,275 Thread 0x00007faa00285000 Threw 0x00000000ec39e1e8 at /build/buildd/openjdk-7-7u79-2.5.5/build/openjdk/hotspot/src/share/vm/prims/jni.cpp:747

Events (10 events):
Event: 304,241 Executing VM operation: ParallelGCFailedAllocation done
Event: 304,930 Executing VM operation: ParallelGCFailedAllocation
Event: 304,942 Executing VM operation: ParallelGCFailedAllocation done
Event: 305,862 Executing VM operation: ParallelGCFailedAllocation
Event: 305,891 Executing VM operation: ParallelGCFailedAllocation done
Event: 307,191 Executing VM operation: ParallelGCFailedAllocation
Event: 307,217 Executing VM operation: ParallelGCFailedAllocation done
Event: 308,066 Executing VM operation: ParallelGCFailedAllocation
Event: 312,697 Executing VM operation: ParallelGCFailedAllocation done
Event: 313,717 Executing VM operation: ParallelGCFailedAllocation


Dynamic libraries:
00400000-00401000 r-xp 00000000 08:03 328732                             /usr/lib/jvm/java-7-openjdk-amd64/jre/bin/java
00600000-00601000 r--p 00000000 08:03 328732                             /usr/lib/jvm/java-7-openjdk-amd64/jre/bin/java
00601000-00602000 rw-p 00001000 08:03 328732                             /usr/lib/jvm/java-7-openjdk-amd64/jre/bin/java
0098c000-009ad000 rw-p 00000000 00:00 0                                  [heap]
b9a00000-bb500000 rw-p 00000000 00:00 0 
bb500000-c4000000 rw-p 00000000 00:00 0 
c4000000-c8480000 rw-p 00000000 00:00 0 
c8480000-ec000000 rw-p 00000000 00:00 0 
ec000000-ffc80000 rw-p 00000000 00:00 0 
7fa9ac000000-7fa9ac039000 rw-p 00000000 00:00 0 
7fa9ac039000-7fa9b0000000 ---p 00000000 00:00 0 
7fa9b0000000-7fa9b0021000 rw-p 00000000 00:00 0 
7fa9b0021000-7fa9b4000000 ---p 00000000 00:00 0 
7fa9b4000000-7fa9b4021000 rw-p 00000000 00:00 0 
7fa9b4021000-7fa9b8000000 ---p 00000000 00:00 0 
7fa9b8000000-7fa9b8021000 rw-p 00000000 00:00 0 
7fa9b8021000-7fa9bc000000 ---p 00000000 00:00 0 
7fa9bc000000-7fa9bc021000 rw-p 00000000 00:00 0 
7fa9bc021000-7fa9c0000000 ---p 00000000 00:00 0 
7fa9c1f2d000-7fa9c2167000 rw-p 00000000 00:00 0 
7fa9c2167000-7fa9c216a000 ---p 00000000 00:00 0 
7fa9c216a000-7fa9c2268000 rw-p 00000000 00:00 0                          [stack:7542]
7fa9c2268000-7fa9c226b000 ---p 00000000 00:00 0 
7fa9c226b000-7fa9c2369000 rw-p 00000000 00:00 0                          [stack:7518]
7fa9c2369000-7fa9c236c000 ---p 00000000 00:00 0 
7fa9c236c000-7fa9c246a000 rw-p 00000000 00:00 0                          [stack:7517]
7fa9c246a000-7fa9c247a000 r-xp 00000000 08:03 827168                     /usr/lib/jvm/java-7-openjdk-amd64/jre/lib/amd64/libnio.so
7fa9c247a000-7fa9c267a000 ---p 00010000 08:03 827168                     /usr/lib/jvm/java-7-openjdk-amd64/jre/lib/amd64/libnio.so
7fa9c267a000-7fa9c267b000 r--p 00010000 08:03 827168                     /usr/lib/jvm/java-7-openjdk-amd64/jre/lib/amd64/libnio.so
7fa9c267b000-7fa9c267c000 rw-p 00011000 08:03 827168                     /usr/lib/jvm/java-7-openjdk-amd64/jre/lib/amd64/libnio.so
7fa9c267c000-7fa9c26ad000 rw-p 00000000 00:00 0 
7fa9c26ad000-7fa9c26c4000 r-xp 00000000 08:03 827180                     /usr/lib/jvm/java-7-openjdk-amd64/jre/lib/amd64/libnet.so
7fa9c26c4000-7fa9c28c3000 ---p 00017000 08:03 827180                     /usr/lib/jvm/java-7-openjdk-amd64/jre/lib/amd64/libnet.so
7fa9c28c3000-7fa9c28c4000 r--p 00016000 08:03 827180                     /usr/lib/jvm/java-7-openjdk-amd64/jre/lib/amd64/libnet.so
7fa9c28c4000-7fa9c28c5000 rw-p 00017000 08:03 827180                     /usr/lib/jvm/java-7-openjdk-amd64/jre/lib/amd64/libnet.so
7fa9c28c5000-7fa9c2917000 r-xp 00000000 08:03 827170                     /usr/lib/jvm/java-7-openjdk-amd64/jre/lib/amd64/libfontmanager.so
7fa9c2917000-7fa9c2b16000 ---p 00052000 08:03 827170                     /usr/lib/jvm/java-7-openjdk-amd64/jre/lib/amd64/libfontmanager.so
7fa9c2b16000-7fa9c2b19000 r--p 00051000 08:03 827170                     /usr/lib/jvm/java-7-openjdk-amd64/jre/lib/amd64/libfontmanager.so
7fa9c2b19000-7fa9c2b1a000 rw-p 00054000 08:03 827170                     /usr/lib/jvm/java-7-openjdk-amd64/jre/lib/amd64/libfontmanager.so
7fa9c2b1a000-7fa9c2b1d000 ---p 00000000 00:00 0 
7fa9c2b1d000-7fa9c2c1b000 rw-p 00000000 00:00 0                          [stack:7516]
7fa9c2c1b000-7fa9c2c20000 r-xp 00000000 08:03 663399                     /usr/lib/x86_64-linux-gnu/libXfixes.so.3.1.0
7fa9c2c20000-7fa9c2e1f000 ---p 00005000 08:03 663399                     /usr/lib/x86_64-linux-gnu/libXfixes.so.3.1.0
7fa9c2e1f000-7fa9c2e20000 r--p 00004000 08:03 663399                     /usr/lib/x86_64-linux-gnu/libXfixes.so.3.1.0
7fa9c2e20000-7fa9c2e21000 rw-p 00005000 08:03 663399                     /usr/lib/x86_64-linux-gnu/libXfixes.so.3.1.0
7fa9c2e21000-7fa9c2e2a000 r-xp 00000000 08:03 661661                     /usr/lib/x86_64-linux-gnu/libXcursor.so.1.0.2
7fa9c2e2a000-7fa9c3029000 ---p 00009000 08:03 661661                     /usr/lib/x86_64-linux-gnu/libXcursor.so.1.0.2
7fa9c3029000-7fa9c302a000 r--p 00008000 08:03 661661                     /usr/lib/x86_64-linux-gnu/libXcursor.so.1.0.2
7fa9c302a000-7fa9c302b000 rw-p 00009000 08:03 661661                     /usr/lib/x86_64-linux-gnu/libXcursor.so.1.0.2
7fa9c302b000-7fa9c302f000 r-xp 00000000 08:03 264832                     /lib/x86_64-linux-gnu/libgpg-error.so.0.10.0
7fa9c302f000-7fa9c322e000 ---p 00004000 08:03 264832                     /lib/x86_64-linux-gnu/libgpg-error.so.0.10.0
7fa9c322e000-7fa9c322f000 r--p 00003000 08:03 264832                     /lib/x86_64-linux-gnu/libgpg-error.so.0.10.0
7fa9c322f000-7fa9c3230000 rw-p 00004000 08:03 264832                     /lib/x86_64-linux-gnu/libgpg-error.so.0.10.0
7fa9c3230000-7fa9c3232000 r-xp 00000000 08:03 264842                     /lib/x86_64-linux-gnu/libkeyutils.so.1.4
7fa9c3232000-7fa9c3432000 ---p 00002000 08:03 264842                     /lib/x86_64-linux-gnu/libkeyutils.so.1.4
7fa9c3432000-7fa9c3433000 r--p 00002000 08:03 264842                     /lib/x86_64-linux-gnu/libkeyutils.so.1.4
7fa9c3433000-7fa9c3434000 rw-p 00003000 08:03 264842                     /lib/x86_64-linux-gnu/libkeyutils.so.1.4
7fa9c3434000-7fa9c3471000 r-xp 00000000 08:03 264902                     /lib/x86_64-linux-gnu/libpcre.so.3.13.1
7fa9c3471000-7fa9c3670000 ---p 0003d000 08:03 264902                     /lib/x86_64-linux-gnu/libpcre.so.3.13.1
7fa9c3670000-7fa9c3671000 r--p 0003c000 08:03 264902                     /lib/x86_64-linux-gnu/libpcre.so.3.13.1
7fa9c3671000-7fa9c3672000 rw-p 0003d000 08:03 264902                     /lib/x86_64-linux-gnu/libpcre.so.3.13.1
7fa9c3672000-7fa9c3697000 r-xp 00000000 08:03 264914                     /lib/x86_64-linux-gnu/libpng12.so.0.50.0
7fa9c3697000-7fa9c3896000 ---p 00025000 08:03 264914                     /lib/x86_64-linux-gnu/libpng12.so.0.50.0
7fa9c3896000-7fa9c3897000 r--p 00024000 08:03 264914                     /lib/x86_64-linux-gnu/libpng12.so.0.50.0
7fa9c3897000-7fa9c3898000 rw-p 00025000 08:03 264914                     /lib/x86_64-linux-gnu/libpng12.so.0.50.0
7fa9c3898000-7fa9c38dc000 r-xp 00000000 08:03 261284                     /lib/x86_64-linux-gnu/libdbus-1.so.3.7.6
7fa9c38dc000-7fa9c3adb000 ---p 00044000 08:03 261284                     /lib/x86_64-linux-gnu/libdbus-1.so.3.7.6
7fa9c3adb000-7fa9c3adc000 r--p 00043000 08:03 261284                     /lib/x86_64-linux-gnu/libdbus-1.so.3.7.6
7fa9c3adc000-7fa9c3add000 rw-p 00044000 08:03 261284                     /lib/x86_64-linux-gnu/libdbus-1.so.3.7.6
7fa9c3add000-7fa9c3b18000 r-xp 00000000 08:03 662381                     /usr/lib/x86_64-linux-gnu/libp11-kit.so.0.0.0
7fa9c3b18000-7fa9c3d17000 ---p 0003b000 08:03 662381                     /usr/lib/x86_64-linux-gnu/libp11-kit.so.0.0.0
7fa9c3d17000-7fa9c3d1d000 r--p 0003a000 08:03 662381                     /usr/lib/x86_64-linux-gnu/libp11-kit.so.0.0.0
7fa9c3d1d000-7fa9c3d1f000 rw-p 00040000 08:03 662381                     /usr/lib/x86_64-linux-gnu/libp11-kit.so.0.0.0
7fa9c3d1f000-7fa9c3d31000 r-xp 00000000 08:03 660196                     /usr/lib/x86_64-linux-gnu/libtasn1.so.6.2.0
7fa9c3d31000-7fa9c3f31000 ---p 00012000 08:03 660196                     /usr/lib/x86_64-linux-gnu/libtasn1.so.6.2.0
7fa9c3f31000-7fa9c3f32000 r--p 00012000 08:03 660196                     /usr/lib/x86_64-linux-gnu/libtasn1.so.6.2.0
7fa9c3f32000-7fa9c3f33000 rw-p 00013000 08:03 660196                     /usr/lib/x86_64-linux-gnu/libtasn1.so.6.2.0
7fa9c3f33000-7fa9c3faf000 r-xp 00000000 08:03 328824                     /lib/x86_64-linux-gnu/libgcrypt.so.11.8.2
7fa9c3faf000-7fa9c41af000 ---p 0007c000 08:03 328824                     /lib/x86_64-linux-gnu/libgcrypt.so.11.8.2
7fa9c41af000-7fa9c41b0000 r--p 0007c000 08:03 328824                     /lib/x86_64-linux-gnu/libgcrypt.so.11.8.2
7fa9c41b0000-7fa9c41b3000 rw-p 0007d000 08:03 328824                     /lib/x86_64-linux-gnu/libgcrypt.so.11.8.2
7fa9c41b3000-7fa9c41bd000 r-xp 00000000 08:03 661384                     /usr/lib/x86_64-linux-gnu/libkrb5support.so.0.1
7fa9c41bd000-7fa9c43bc000 ---p 0000a000 08:03 661384                     /usr/lib/x86_64-linux-gnu/libkrb5support.so.0.1
7fa9c43bc000-7fa9c43bd000 r--p 00009000 08:03 661384                     /usr/lib/x86_64-linux-gnu/libkrb5support.so.0.1
7fa9c43bd000-7fa9c43be000 rw-p 0000a000 08:03 661384                     /usr/lib/x86_64-linux-gnu/libkrb5support.so.0.1
7fa9c43be000-7fa9c43c1000 r-xp 00000000 08:03 262686                     /lib/x86_64-linux-gnu/libcom_err.so.2.1
7fa9c43c1000-7fa9c45c0000 ---p 00003000 08:03 262686                     /lib/x86_64-linux-gnu/libcom_err.so.2.1
7fa9c45c0000-7fa9c45c1000 r--p 00002000 08:03 262686                     /lib/x86_64-linux-gnu/libcom_err.so.2.1
7fa9c45c1000-7fa9c45c2000 rw-p 00003000 08:03 262686                     /lib/x86_64-linux-gnu/libcom_err.so.2.1
7fa9c45c2000-7fa9c45ee000 r-xp 00000000 08:03 659364                     /usr/lib/x86_64-linux-gnu/libk5crypto.so.3.1
7fa9c45ee000-7fa9c47ed000 ---p 0002c000 08:03 659364                     /usr/lib/x86_64-linux-gnu/libk5crypto.so.3.1
7fa9c47ed000-7fa9c47ef000 r--p 0002b000 08:03 659364                     /usr/lib/x86_64-linux-gnu/libk5crypto.so.3.1
7fa9c47ef000-7fa9c47f0000 rw-p 0002d000 08:03 659364                     /usr/lib/x86_64-linux-gnu/libk5crypto.so.3.1
7fa9c47f0000-7fa9c47f1000 rw-p 00000000 00:00 0 
7fa9c47f1000-7fa9c48ad000 r-xp 00000000 08:03 661171                     /usr/lib/x86_64-linux-gnu/libkrb5.so.3.3
7fa9c48ad000-7fa9c4aad000 ---p 000bc000 08:03 661171                     /usr/lib/x86_64-linux-gnu/libkrb5.so.3.3
7fa9c4aad000-7fa9c4aba000 r--p 000bc000 08:03 661171                     /usr/lib/x86_64-linux-gnu/libkrb5.so.3.3
7fa9c4aba000-7fa9c4abc000 rw-p 000c9000 08:03 661171                     /usr/lib/x86_64-linux-gnu/libkrb5.so.3.3
7fa9c4abc000-7fa9c4ac1000 r-xp 00000000 08:03 661665                     /usr/lib/x86_64-linux-gnu/libXdmcp.so.6.0.0
7fa9c4ac1000-7fa9c4cc0000 ---p 00005000 08:03 661665                     /usr/lib/x86_64-linux-gnu/libXdmcp.so.6.0.0
7fa9c4cc0000-7fa9c4cc1000 r--p 00004000 08:03 661665                     /usr/lib/x86_64-linux-gnu/libXdmcp.so.6.0.0
7fa9c4cc1000-7fa9c4cc2000 rw-p 00005000 08:03 661665                     /usr/lib/x86_64-linux-gnu/libXdmcp.so.6.0.0
7fa9c4cc2000-7fa9c4cc4000 r-xp 00000000 08:03 661654                     /usr/lib/x86_64-linux-gnu/libXau.so.6.0.0
7fa9c4cc4000-7fa9c4ec4000 ---p 00002000 08:03 661654                     /usr/lib/x86_64-linux-gnu/libXau.so.6.0.0
7fa9c4ec4000-7fa9c4ec5000 r--p 00002000 08:03 661654                     /usr/lib/x86_64-linux-gnu/libXau.so.6.0.0
7fa9c4ec5000-7fa9c4ec6000 rw-p 00003000 08:03 661654                     /usr/lib/x86_64-linux-gnu/libXau.so.6.0.0
7fa9c4ec6000-7fa9c4ecd000 r-xp 00000000 08:03 661932                     /usr/lib/x86_64-linux-gnu/libffi.so.6.0.1
7fa9c4ecd000-7fa9c50cc000 ---p 00007000 08:03 661932                     /usr/lib/x86_64-linux-gnu/libffi.so.6.0.1
7fa9c50cc000-7fa9c50cd000 r--p 00006000 08:03 661932                     /usr/lib/x86_64-linux-gnu/libffi.so.6.0.1
7fa9c50cd000-7fa9c50ce000 rw-p 00007000 08:03 661932                     /usr/lib/x86_64-linux-gnu/libffi.so.6.0.1
7fa9c50ce000-7fa9c50e5000 r-xp 00000000 08:03 264763                     /lib/x86_64-linux-gnu/libresolv-2.19.so
7fa9c50e5000-7fa9c52e5000 ---p 00017000 08:03 264763                     /lib/x86_64-linux-gnu/libresolv-2.19.so
7fa9c52e5000-7fa9c52e6000 r--p 00017000 08:03 264763                     /lib/x86_64-linux-gnu/libresolv-2.19.so
7fa9c52e6000-7fa9c52e7000 rw-p 00018000 08:03 264763                     /lib/x86_64-linux-gnu/libresolv-2.19.so
7fa9c52e7000-7fa9c52e9000 rw-p 00000000 00:00 0 
7fa9c52e9000-7fa9c5309000 r-xp 00000000 08:03 264838                     /lib/x86_64-linux-gnu/libselinux.so.1
7fa9c5309000-7fa9c5508000 ---p 00020000 08:03 264838                     /lib/x86_64-linux-gnu/libselinux.so.1
7fa9c5508000-7fa9c5509000 r--p 0001f000 08:03 264838                     /lib/x86_64-linux-gnu/libselinux.so.1
7fa9c5509000-7fa9c550a000 rw-p 00020000 08:03 264838                     /lib/x86_64-linux-gnu/libselinux.so.1
7fa9c550a000-7fa9c550c000 rw-p 00000000 00:00 0 
7fa9c550c000-7fa9c5612000 r-xp 00000000 08:03 274761                     /lib/x86_64-linux-gnu/libglib-2.0.so.0.4002.0
7fa9c5612000-7fa9c5811000 ---p 00106000 08:03 274761                     /lib/x86_64-linux-gnu/libglib-2.0.so.0.4002.0
7fa9c5811000-7fa9c5812000 r--p 00105000 08:03 274761                     /lib/x86_64-linux-gnu/libglib-2.0.so.0.4002.0
7fa9c5812000-7fa9c5813000 rw-p 00106000 08:03 274761                     /lib/x86_64-linux-gnu/libglib-2.0.so.0.4002.0
7fa9c5813000-7fa9c5814000 rw-p 00000000 00:00 0 
7fa9c5814000-7fa9c5817000 r-xp 00000000 08:03 651823                     /usr/lib/x86_64-linux-gnu/libgmodule-2.0.so.0.4002.0
7fa9c5817000-7fa9c5a16000 ---p 00003000 08:03 651823                     /usr/lib/x86_64-linux-gnu/libgmodule-2.0.so.0.4002.0
7fa9c5a16000-7fa9c5a17000 r--p 00002000 08:03 651823                     /usr/lib/x86_64-linux-gnu/libgmodule-2.0.so.0.4002.0
7fa9c5a17000-7fa9c5a18000 rw-p 00003000 08:03 651823                     /usr/lib/x86_64-linux-gnu/libgmodule-2.0.so.0.4002.0
7fa9c5a18000-7fa9c5a3f000 r-xp 00000000 08:03 264821                     /lib/x86_64-linux-gnu/libexpat.so.1.6.0
7fa9c5a3f000-7fa9c5c3f000 ---p 00027000 08:03 264821                     /lib/x86_64-linux-gnu/libexpat.so.1.6.0
7fa9c5c3f000-7fa9c5c41000 r--p 00027000 08:03 264821                     /lib/x86_64-linux-gnu/libexpat.so.1.6.0
7fa9c5c41000-7fa9c5c42000 rw-p 00029000 08:03 264821                     /lib/x86_64-linux-gnu/libexpat.so.1.6.0
7fa9c5c42000-7fa9c5cdf000 r-xp 00000000 08:03 693442                     /usr/lib/x86_64-linux-gnu/libfreetype.so.6.11.1
7fa9c5cdf000-7fa9c5ede000 ---p 0009d000 08:03 693442                     /usr/lib/x86_64-linux-gnu/libfreetype.so.6.11.1
7fa9c5ede000-7fa9c5ee4000 r--p 0009c000 08:03 693442                     /usr/lib/x86_64-linux-gnu/libfreetype.so.6.11.1
7fa9c5ee4000-7fa9c5ee5000 rw-p 000a2000 08:03 693442                     /usr/lib/x86_64-linux-gnu/libfreetype.so.6.11.1
7fa9c5ee5000-7fa9c5ef4000 r-xp 00000000 08:03 661758                     /usr/lib/x86_64-linux-gnu/libavahi-client.so.3.2.9
7fa9c5ef4000-7fa9c60f4000 ---p 0000f000 08:03 661758                     /usr/lib/x86_64-linux-gnu/libavahi-client.so.3.2.9
7fa9c60f4000-7fa9c60f5000 r--p 0000f000 08:03 661758                     /usr/lib/x86_64-linux-gnu/libavahi-client.so.3.2.9
7fa9c60f5000-7fa9c60f6000 rw-p 00010000 08:03 661758                     /usr/lib/x86_64-linux-gnu/libavahi-client.so.3.2.9
7fa9c60f6000-7fa9c6101000 r-xp 00000000 08:03 661760                     /usr/lib/x86_64-linux-gnu/libavahi-common.so.3.5.3
7fa9c6101000-7fa9c6300000 ---p 0000b000 08:03 661760                     /usr/lib/x86_64-linux-gnu/libavahi-common.so.3.5.3
7fa9c6300000-7fa9c6301000 r--p 0000a000 08:03 661760                     /usr/lib/x86_64-linux-gnu/libavahi-common.so.3.5.3
7fa9c6301000-7fa9c6302000 rw-p 0000b000 08:03 661760                     /usr/lib/x86_64-linux-gnu/libavahi-common.so.3.5.3
7fa9c6302000-7fa9c63b8000 r-xp 00000000 08:03 679970                     /usr/lib/x86_64-linux-gnu/libgnutls.so.26.22.6
7fa9c63b8000-7fa9c65b8000 ---p 000b6000 08:03 679970                     /usr/lib/x86_64-linux-gnu/libgnutls.so.26.22.6
7fa9c65b8000-7fa9c65be000 r--p 000b6000 08:03 679970                     /usr/lib/x86_64-linux-gnu/libgnutls.so.26.22.6
7fa9c65be000-7fa9c65bf000 rw-p 000bc000 08:03 679970                     /usr/lib/x86_64-linux-gnu/libgnutls.so.26.22.6
7fa9c65bf000-7fa9c65c0000 rw-p 00000000 00:00 0 
7fa9c65c0000-7fa9c6603000 r-xp 00000000 08:03 660101                     /usr/lib/x86_64-linux-gnu/libgssapi_krb5.so.2.2
7fa9c6603000-7fa9c6803000 ---p 00043000 08:03 660101                     /usr/lib/x86_64-linux-gnu/libgssapi_krb5.so.2.2
7fa9c6803000-7fa9c6804000 r--p 00043000 08:03 660101                     /usr/lib/x86_64-linux-gnu/libgssapi_krb5.so.2.2
7fa9c6804000-7fa9c6806000 rw-p 00044000 08:03 660101                     /usr/lib/x86_64-linux-gnu/libgssapi_krb5.so.2.2
7fa9c6806000-7fa9c6823000 r-xp 00000000 08:03 662722                     /usr/lib/x86_64-linux-gnu/libxcb.so.1.1.0
7fa9c6823000-7fa9c6a23000 ---p 0001d000 08:03 662722                     /usr/lib/x86_64-linux-gnu/libxcb.so.1.1.0
7fa9c6a23000-7fa9c6a24000 r--p 0001d000 08:03 662722                     /usr/lib/x86_64-linux-gnu/libxcb.so.1.1.0
7fa9c6a24000-7fa9c6a25000 rw-p 0001e000 08:03 662722                     /usr/lib/x86_64-linux-gnu/libxcb.so.1.1.0
7fa9c6a25000-7fa9c6a74000 r-xp 00000000 08:03 651824                     /usr/lib/x86_64-linux-gnu/libgobject-2.0.so.0.4002.0
7fa9c6a74000-7fa9c6c74000 ---p 0004f000 08:03 651824                     /usr/lib/x86_64-linux-gnu/libgobject-2.0.so.0.4002.0
7fa9c6c74000-7fa9c6c75000 r--p 0004f000 08:03 651824                     /usr/lib/x86_64-linux-gnu/libgobject-2.0.so.0.4002.0
7fa9c6c75000-7fa9c6c76000 rw-p 00050000 08:03 651824                     /usr/lib/x86_64-linux-gnu/libgobject-2.0.so.0.4002.0
7fa9c6c76000-7fa9c6de2000 r-xp 00000000 08:03 651826                     /usr/lib/x86_64-linux-gnu/libgio-2.0.so.0.4002.0
7fa9c6de2000-7fa9c6fe1000 ---p 0016c000 08:03 651826                     /usr/lib/x86_64-linux-gnu/libgio-2.0.so.0.4002.0
7fa9c6fe1000-7fa9c6fe5000 r--p 0016b000 08:03 651826                     /usr/lib/x86_64-linux-gnu/libgio-2.0.so.0.4002.0
7fa9c6fe5000-7fa9c6fe7000 rw-p 0016f000 08:03 651826                     /usr/lib/x86_64-linux-gnu/libgio-2.0.so.0.4002.0
7fa9c6fe7000-7fa9c6fe9000 rw-p 00000000 00:00 0 
7fa9c6fe9000-7fa9c7023000 r-xp 00000000 08:03 652565                     /usr/lib/x86_64-linux-gnu/libfontconfig.so.1.8.0
7fa9c7023000-7fa9c7222000 ---p 0003a000 08:03 652565                     /usr/lib/x86_64-linux-gnu/libfontconfig.so.1.8.0
7fa9c7222000-7fa9c7224000 r--p 00039000 08:03 652565                     /usr/lib/x86_64-linux-gnu/libfontconfig.so.1.8.0
7fa9c7224000-7fa9c7225000 rw-p 0003b000 08:03 652565                     /usr/lib/x86_64-linux-gnu/libfontconfig.so.1.8.0
7fa9c7225000-7fa9c7291000 r-xp 00000000 08:03 654166                     /usr/lib/x86_64-linux-gnu/libcups.so.2
7fa9c7291000-7fa9c7491000 ---p 0006c000 08:03 654166                     /usr/lib/x86_64-linux-gnu/libcups.so.2
7fa9c7491000-7fa9c7498000 r--p 0006c000 08:03 654166                     /usr/lib/x86_64-linux-gnu/libcups.so.2
7fa9c7498000-7fa9c7499000 rw-p 00073000 08:03 654166                     /usr/lib/x86_64-linux-gnu/libcups.so.2
7fa9c7499000-7fa9c74a8000 r-xp 00000000 08:03 663953                     /usr/lib/x86_64-linux-gnu/libXi.so.6.1.0
7fa9c74a8000-7fa9c76a7000 ---p 0000f000 08:03 663953                     /usr/lib/x86_64-linux-gnu/libXi.so.6.1.0
7fa9c76a7000-7fa9c76a8000 r--p 0000e000 08:03 663953                     /usr/lib/x86_64-linux-gnu/libXi.so.6.1.0
7fa9c76a8000-7fa9c76a9000 rw-p 0000f000 08:03 663953                     /usr/lib/x86_64-linux-gnu/libXi.so.6.1.0
7fa9c76a9000-7fa9c76ae000 r-xp 00000000 08:03 661695                     /usr/lib/x86_64-linux-gnu/libXtst.so.6.1.0
7fa9c76ae000-7fa9c78ad000 ---p 00005000 08:03 661695                     /usr/lib/x86_64-linux-gnu/libXtst.so.6.1.0
7fa9c78ad000-7fa9c78ae000 r--p 00004000 08:03 661695                     /usr/lib/x86_64-linux-gnu/libXtst.so.6.1.0
7fa9c78ae000-7fa9c78af000 rw-p 00005000 08:03 661695                     /usr/lib/x86_64-linux-gnu/libXtst.so.6.1.0
7fa9c78af000-7fa9c78b8000 r-xp 00000000 08:03 666943                     /usr/lib/x86_64-linux-gnu/libXrender.so.1.3.0
7fa9c78b8000-7fa9c7ab7000 ---p 00009000 08:03 666943                     /usr/lib/x86_64-linux-gnu/libXrender.so.1.3.0
7fa9c7ab7000-7fa9c7ab8000 r--p 00008000 08:03 666943                     /usr/lib/x86_64-linux-gnu/libXrender.so.1.3.0
7fa9c7ab8000-7fa9c7ab9000 rw-p 00009000 08:03 666943                     /usr/lib/x86_64-linux-gnu/libXrender.so.1.3.0
7fa9c7ab9000-7fa9c7be9000 r-xp 00000000 08:03 661650                     /usr/lib/x86_64-linux-gnu/libX11.so.6.3.0
7fa9c7be9000-7fa9c7de9000 ---p 00130000 08:03 661650                     /usr/lib/x86_64-linux-gnu/libX11.so.6.3.0
7fa9c7de9000-7fa9c7dea000 r--p 00130000 08:03 661650                     /usr/lib/x86_64-linux-gnu/libX11.so.6.3.0
7fa9c7dea000-7fa9c7dee000 rw-p 00131000 08:03 661650                     /usr/lib/x86_64-linux-gnu/libX11.so.6.3.0
7fa9c7dee000-7fa9c7dff000 r-xp 00000000 08:03 659453                     /usr/lib/x86_64-linux-gnu/libXext.so.6.4.0
7fa9c7dff000-7fa9c7ffe000 ---p 00011000 08:03 659453                     /usr/lib/x86_64-linux-gnu/libXext.so.6.4.0
7fa9c7ffe000-7fa9c7fff000 r--p 00010000 08:03 659453                     /usr/lib/x86_64-linux-gnu/libXext.so.6.4.0
7fa9c7fff000-7fa9c8000000 rw-p 00011000 08:03 659453                     /usr/lib/x86_64-linux-gnu/libXext.so.6.4.0
7fa9c8000000-7fa9c8021000 rw-p 00000000 00:00 0 
7fa9c8021000-7fa9cc000000 ---p 00000000 00:00 0 
7fa9cc000000-7fa9cc021000 rw-p 00000000 00:00 0 
7fa9cc021000-7fa9d0000000 ---p 00000000 00:00 0 
7fa9d0000000-7fa9d032c000 rw-p 00000000 00:00 0 
7fa9d032c000-7fa9d4000000 ---p 00000000 00:00 0 
7fa9d4000000-7fa9d425e000 rw-p 00000000 00:00 0 
7fa9d425e000-7fa9d8000000 ---p 00000000 00:00 0 
7fa9d8000000-7fa9d8021000 rw-p 00000000 00:00 0 
7fa9d8021000-7fa9dc000000 ---p 00000000 00:00 0 
7fa9dc000000-7fa9dc021000 rw-p 00000000 00:00 0 
7fa9dc021000-7fa9e0000000 ---p 00000000 00:00 0 
7fa9e0000000-7fa9e0021000 rw-p 00000000 00:00 0 
7fa9e0021000-7fa9e4000000 ---p 00000000 00:00 0 
7fa9e4000000-7fa9e4021000 rw-p 00000000 00:00 0 
7fa9e4021000-7fa9e8000000 ---p 00000000 00:00 0 
7fa9e8000000-7fa9e8021000 rw-p 00000000 00:00 0 
7fa9e8021000-7fa9ec000000 ---p 00000000 00:00 0 
7fa9ec000000-7fa9ec021000 rw-p 00000000 00:00 0 
7fa9ec021000-7fa9f0000000 ---p 00000000 00:00 0 
7fa9f0000000-7fa9f0021000 rw-p 00000000 00:00 0 
7fa9f0021000-7fa9f4000000 ---p 00000000 00:00 0 
7fa9f402a000-7fa9f402d000 ---p 00000000 00:00 0 
7fa9f402d000-7fa9f412b000 rw-p 00000000 00:00 0                          [stack:7515]
7fa9f412b000-7fa9f4150000 r--p 00000000 08:03 158814                     /usr/share/locale-langpack/pl/LC_MESSAGES/libc.mo
7fa9f4150000-7fa9f4198000 r-xp 00000000 08:03 274795                     /usr/lib/jvm/java-7-openjdk-amd64/jre/lib/amd64/xawt/libmawt.so
7fa9f4198000-7fa9f4397000 ---p 00048000 08:03 274795                     /usr/lib/jvm/java-7-openjdk-amd64/jre/lib/amd64/xawt/libmawt.so
7fa9f4397000-7fa9f4398000 r--p 00047000 08:03 274795                     /usr/lib/jvm/java-7-openjdk-amd64/jre/lib/amd64/xawt/libmawt.so
7fa9f4398000-7fa9f439b000 rw-p 00048000 08:03 274795                     /usr/lib/jvm/java-7-openjdk-amd64/jre/lib/amd64/xawt/libmawt.so
7fa9f439b000-7fa9f439c000 rw-p 00000000 00:00 0 
7fa9f439c000-7fa9f443c000 r-xp 00000000 08:03 827154                     /usr/lib/jvm/java-7-openjdk-amd64/jre/lib/amd64/libawt.so
7fa9f443c000-7fa9f463c000 ---p 000a0000 08:03 827154                     /usr/lib/jvm/java-7-openjdk-amd64/jre/lib/amd64/libawt.so
7fa9f463c000-7fa9f463d000 r--p 000a0000 08:03 827154                     /usr/lib/jvm/java-7-openjdk-amd64/jre/lib/amd64/libawt.so
7fa9f463d000-7fa9f4648000 rw-p 000a1000 08:03 827154                     /usr/lib/jvm/java-7-openjdk-amd64/jre/lib/amd64/libawt.so
7fa9f4648000-7fa9f466d000 rw-p 00000000 00:00 0 
7fa9f466d000-7fa9f466e000 ---p 00000000 00:00 0 
7fa9f466e000-7fa9f476e000 rw-p 00000000 00:00 0                          [stack:7514]
7fa9f476e000-7fa9f4771000 ---p 00000000 00:00 0 
7fa9f4771000-7fa9f486f000 rw-p 00000000 00:00 0                          [stack:7513]
7fa9f486f000-7fa9f4872000 ---p 00000000 00:00 0 
7fa9f4872000-7fa9f4970000 rw-p 00000000 00:00 0                          [stack:7512]
7fa9f4970000-7fa9f4973000 ---p 00000000 00:00 0 
7fa9f4973000-7fa9f4a71000 rw-p 00000000 00:00 0                          [stack:7511]
7fa9f4a71000-7fa9f4a74000 ---p 00000000 00:00 0 
7fa9f4a74000-7fa9f4b72000 rw-p 00000000 00:00 0                          [stack:7510]
7fa9f4b72000-7fa9f5385000 r--p 00000000 08:03 658465                     /usr/lib/locale/locale-archive
7fa9f5385000-7fa9f5388000 ---p 00000000 00:00 0 
7fa9f5388000-7fa9f5486000 rw-p 00000000 00:00 0                          [stack:7509]
7fa9f5486000-7fa9f5489000 ---p 00000000 00:00 0 
7fa9f5489000-7fa9f5587000 rw-p 00000000 00:00 0                          [stack:7508]
7fa9f5587000-7fa9f5588000 ---p 00000000 00:00 0 
7fa9f5588000-7fa9f8000000 rw-p 00000000 00:00 0                          [stack:7507]
7fa9f8000000-7fa9f8021000 rw-p 00000000 00:00 0 
7fa9f8021000-7fa9fc000000 ---p 00000000 00:00 0 
7fa9fc006000-7fa9fc010000 r--s 000ae000 08:03 827151                     /usr/lib/jvm/java-7-openjdk-amd64/jre/lib/resources.jar
7fa9fc010000-7fa9fc9a4000 rw-p 00000000 00:00 0 
7fa9fc9a4000-7fa9fcb55000 r--s 01d27000 08:03 827184                     /usr/lib/jvm/java-7-openjdk-amd64/jre/lib/rt.jar
7fa9fcb55000-7fa9fcdfe000 rw-p 00000000 00:00 0 
7fa9fcdfe000-7fa9fcdff000 ---p 00000000 00:00 0 
7fa9fcdff000-7fa9fceff000 rw-p 00000000 00:00 0                          [stack:7506]
7fa9fceff000-7fa9fcf00000 ---p 00000000 00:00 0 
7fa9fcf00000-7fa9fd000000 rw-p 00000000 00:00 0                          [stack:7505]
7fa9fd000000-7fa9fd270000 rwxp 00000000 00:00 0 
7fa9fd270000-7faa002d5000 rw-p 00000000 00:00 0 
7faa002d5000-7faa04000000 ---p 00000000 00:00 0 
7faa04006000-7faa0400d000 r--s 00000000 08:03 791290                     /usr/lib/x86_64-linux-gnu/gconv/gconv-modules.cache
7faa0400d000-7faa04017000 r--s 00203000 08:03 827148                     /usr/lib/jvm/java-7-openjdk-amd64/jre/lib/charsets.jar
7faa04017000-7faa040bb000 rw-p 00000000 00:00 0 
7faa040bb000-7faa040bc000 ---p 00000000 00:00 0 
7faa040bc000-7faa041bc000 rw-p 00000000 00:00 0                          [stack:7504]
7faa041bc000-7faa041bd000 ---p 00000000 00:00 0 
7faa041bd000-7faa042cb000 rw-p 00000000 00:00 0                          [stack:7503]
7faa042cb000-7faa04310000 rw-p 00000000 00:00 0 
7faa04310000-7faa04333000 rw-p 00000000 00:00 0 
7faa04333000-7faa04450000 rw-p 00000000 00:00 0 
7faa04450000-7faa0445e000 rw-p 00000000 00:00 0 
7faa0445e000-7faa044a3000 rw-p 00000000 00:00 0 
7faa044a3000-7faa044c6000 rw-p 00000000 00:00 0 
7faa044c6000-7faa045e3000 rw-p 00000000 00:00 0 
7faa045e3000-7faa04682000 rw-p 00000000 00:00 0 
7faa04682000-7faa04683000 ---p 00000000 00:00 0 
7faa04683000-7faa04684000 rw-p 00000000 00:00 0 
7faa04684000-7faa0468c000 r-xp 00000000 08:03 827164                     /usr/lib/jvm/java-7-openjdk-amd64/jre/lib/amd64/libzip.so
7faa0468c000-7faa0488b000 ---p 00008000 08:03 827164                     /usr/lib/jvm/java-7-openjdk-amd64/jre/lib/amd64/libzip.so
7faa0488b000-7faa0488c000 r--p 00007000 08:03 827164                     /usr/lib/jvm/java-7-openjdk-amd64/jre/lib/amd64/libzip.so
7faa0488c000-7faa0488d000 rw-p 00008000 08:03 827164                     /usr/lib/jvm/java-7-openjdk-amd64/jre/lib/amd64/libzip.so
7faa0488d000-7faa04898000 r-xp 00000000 08:03 264778                     /lib/x86_64-linux-gnu/libnss_files-2.19.so
7faa04898000-7faa04a97000 ---p 0000b000 08:03 264778                     /lib/x86_64-linux-gnu/libnss_files-2.19.so
7faa04a97000-7faa04a98000 r--p 0000a000 08:03 264778                     /lib/x86_64-linux-gnu/libnss_files-2.19.so
7faa04a98000-7faa04a99000 rw-p 0000b000 08:03 264778                     /lib/x86_64-linux-gnu/libnss_files-2.19.so
7faa04a99000-7faa04aa4000 r-xp 00000000 08:03 276097                     /lib/x86_64-linux-gnu/libnss_nis-2.19.so
7faa04aa4000-7faa04ca3000 ---p 0000b000 08:03 276097                     /lib/x86_64-linux-gnu/libnss_nis-2.19.so
7faa04ca3000-7faa04ca4000 r--p 0000a000 08:03 276097                     /lib/x86_64-linux-gnu/libnss_nis-2.19.so
7faa04ca4000-7faa04ca5000 rw-p 0000b000 08:03 276097                     /lib/x86_64-linux-gnu/libnss_nis-2.19.so
7faa04ca5000-7faa04cbc000 r-xp 00000000 08:03 269768                     /lib/x86_64-linux-gnu/libnsl-2.19.so
7faa04cbc000-7faa04ebb000 ---p 00017000 08:03 269768                     /lib/x86_64-linux-gnu/libnsl-2.19.so
7faa04ebb000-7faa04ebc000 r--p 00016000 08:03 269768                     /lib/x86_64-linux-gnu/libnsl-2.19.so
7faa04ebc000-7faa04ebd000 rw-p 00017000 08:03 269768                     /lib/x86_64-linux-gnu/libnsl-2.19.so
7faa04ebd000-7faa04ebf000 rw-p 00000000 00:00 0 
7faa04ebf000-7faa04ec8000 r-xp 00000000 08:03 268171                     /lib/x86_64-linux-gnu/libnss_compat-2.19.so
7faa04ec8000-7faa050c7000 ---p 00009000 08:03 268171                     /lib/x86_64-linux-gnu/libnss_compat-2.19.so
7faa050c7000-7faa050c8000 r--p 00008000 08:03 268171                     /lib/x86_64-linux-gnu/libnss_compat-2.19.so
7faa050c8000-7faa050c9000 rw-p 00009000 08:03 268171                     /lib/x86_64-linux-gnu/libnss_compat-2.19.so
7faa050c9000-7faa050f4000 r-xp 00000000 08:03 827179                     /usr/lib/jvm/java-7-openjdk-amd64/jre/lib/amd64/libjava.so
7faa050f4000-7faa052f4000 ---p 0002b000 08:03 827179                     /usr/lib/jvm/java-7-openjdk-amd64/jre/lib/amd64/libjava.so
7faa052f4000-7faa052f5000 r--p 0002b000 08:03 827179                     /usr/lib/jvm/java-7-openjdk-amd64/jre/lib/amd64/libjava.so
7faa052f5000-7faa052f7000 rw-p 0002c000 08:03 827179                     /usr/lib/jvm/java-7-openjdk-amd64/jre/lib/amd64/libjava.so
7faa052f7000-7faa05307000 r-xp 00000000 08:03 827176                     /usr/lib/jvm/java-7-openjdk-amd64/jre/lib/amd64/libverify.so
7faa05307000-7faa05506000 ---p 00010000 08:03 827176                     /usr/lib/jvm/java-7-openjdk-amd64/jre/lib/amd64/libverify.so
7faa05506000-7faa05508000 r--p 0000f000 08:03 827176                     /usr/lib/jvm/java-7-openjdk-amd64/jre/lib/amd64/libverify.so
7faa05508000-7faa05509000 rw-p 00011000 08:03 827176                     /usr/lib/jvm/java-7-openjdk-amd64/jre/lib/amd64/libverify.so
7faa05509000-7faa05510000 r-xp 00000000 08:03 276085                     /lib/x86_64-linux-gnu/librt-2.19.so
7faa05510000-7faa0570f000 ---p 00007000 08:03 276085                     /lib/x86_64-linux-gnu/librt-2.19.so
7faa0570f000-7faa05710000 r--p 00006000 08:03 276085                     /lib/x86_64-linux-gnu/librt-2.19.so
7faa05710000-7faa05711000 rw-p 00007000 08:03 276085                     /lib/x86_64-linux-gnu/librt-2.19.so
7faa05711000-7faa05727000 r-xp 00000000 08:03 264776                     /lib/x86_64-linux-gnu/libgcc_s.so.1
7faa05727000-7faa05926000 ---p 00016000 08:03 264776                     /lib/x86_64-linux-gnu/libgcc_s.so.1
7faa05926000-7faa05927000 rw-p 00015000 08:03 264776                     /lib/x86_64-linux-gnu/libgcc_s.so.1
7faa05927000-7faa05a2c000 r-xp 00000000 08:03 264768                     /lib/x86_64-linux-gnu/libm-2.19.so
7faa05a2c000-7faa05c2b000 ---p 00105000 08:03 264768                     /lib/x86_64-linux-gnu/libm-2.19.so
7faa05c2b000-7faa05c2c000 r--p 00104000 08:03 264768                     /lib/x86_64-linux-gnu/libm-2.19.so
7faa05c2c000-7faa05c2d000 rw-p 00105000 08:03 264768                     /lib/x86_64-linux-gnu/libm-2.19.so
7faa05c2d000-7faa05d13000 r-xp 00000000 08:03 662560                     /usr/lib/x86_64-linux-gnu/libstdc++.so.6.0.19
7faa05d13000-7faa05f12000 ---p 000e6000 08:03 662560                     /usr/lib/x86_64-linux-gnu/libstdc++.so.6.0.19
7faa05f12000-7faa05f1a000 r--p 000e5000 08:03 662560                     /usr/lib/x86_64-linux-gnu/libstdc++.so.6.0.19
7faa05f1a000-7faa05f1c000 rw-p 000ed000 08:03 662560                     /usr/lib/x86_64-linux-gnu/libstdc++.so.6.0.19
7faa05f1c000-7faa05f31000 rw-p 00000000 00:00 0 
7faa05f31000-7faa06a49000 r-xp 00000000 08:03 333219                     /usr/lib/jvm/java-7-openjdk-amd64/jre/lib/amd64/server/libjvm.so
7faa06a49000-7faa06c49000 ---p 00b18000 08:03 333219                     /usr/lib/jvm/java-7-openjdk-amd64/jre/lib/amd64/server/libjvm.so
7faa06c49000-7faa06ce3000 r--p 00b18000 08:03 333219                     /usr/lib/jvm/java-7-openjdk-amd64/jre/lib/amd64/server/libjvm.so
7faa06ce3000-7faa06d06000 rw-p 00bb2000 08:03 333219                     /usr/lib/jvm/java-7-openjdk-amd64/jre/lib/amd64/server/libjvm.so
7faa06d06000-7faa06d34000 rw-p 00000000 00:00 0 
7faa06d34000-7faa06d4c000 r-xp 00000000 08:03 264962                     /lib/x86_64-linux-gnu/libz.so.1.2.8
7faa06d4c000-7faa06f4b000 ---p 00018000 08:03 264962                     /lib/x86_64-linux-gnu/libz.so.1.2.8
7faa06f4b000-7faa06f4c000 r--p 00017000 08:03 264962                     /lib/x86_64-linux-gnu/libz.so.1.2.8
7faa06f4c000-7faa06f4d000 rw-p 00018000 08:03 264962                     /lib/x86_64-linux-gnu/libz.so.1.2.8
7faa06f4d000-7faa06f66000 r-xp 00000000 08:03 276077                     /lib/x86_64-linux-gnu/libpthread-2.19.so
7faa06f66000-7faa07165000 ---p 00019000 08:03 276077                     /lib/x86_64-linux-gnu/libpthread-2.19.so
7faa07165000-7faa07166000 r--p 00018000 08:03 276077                     /lib/x86_64-linux-gnu/libpthread-2.19.so
7faa07166000-7faa07167000 rw-p 00019000 08:03 276077                     /lib/x86_64-linux-gnu/libpthread-2.19.so
7faa07167000-7faa0716b000 rw-p 00000000 00:00 0 
7faa0716b000-7faa0716e000 r-xp 00000000 08:03 265545                     /lib/x86_64-linux-gnu/libdl-2.19.so
7faa0716e000-7faa0736d000 ---p 00003000 08:03 265545                     /lib/x86_64-linux-gnu/libdl-2.19.so
7faa0736d000-7faa0736e000 r--p 00002000 08:03 265545                     /lib/x86_64-linux-gnu/libdl-2.19.so
7faa0736e000-7faa0736f000 rw-p 00003000 08:03 265545                     /lib/x86_64-linux-gnu/libdl-2.19.so
7faa0736f000-7faa0752a000 r-xp 00000000 08:03 276073                     /lib/x86_64-linux-gnu/libc-2.19.so
7faa0752a000-7faa07729000 ---p 001bb000 08:03 276073                     /lib/x86_64-linux-gnu/libc-2.19.so
7faa07729000-7faa0772d000 r--p 001ba000 08:03 276073                     /lib/x86_64-linux-gnu/libc-2.19.so
7faa0772d000-7faa0772f000 rw-p 001be000 08:03 276073                     /lib/x86_64-linux-gnu/libc-2.19.so
7faa0772f000-7faa07734000 rw-p 00000000 00:00 0 
7faa07734000-7faa07741000 r-xp 00000000 08:03 333216                     /usr/lib/jvm/java-7-openjdk-amd64/jre/lib/amd64/jli/libjli.so
7faa07741000-7faa07940000 ---p 0000d000 08:03 333216                     /usr/lib/jvm/java-7-openjdk-amd64/jre/lib/amd64/jli/libjli.so
7faa07940000-7faa07941000 r--p 0000c000 08:03 333216                     /usr/lib/jvm/java-7-openjdk-amd64/jre/lib/amd64/jli/libjli.so
7faa07941000-7faa07942000 rw-p 0000d000 08:03 333216                     /usr/lib/jvm/java-7-openjdk-amd64/jre/lib/amd64/jli/libjli.so
7faa07942000-7faa07965000 r-xp 00000000 08:03 269800                     /lib/x86_64-linux-gnu/ld-2.19.so
7faa07968000-7faa07989000 rw-p 00000000 00:00 0 
7faa07989000-7faa07a3f000 rw-p 00000000 00:00 0 
7faa07a3f000-7faa07a42000 ---p 00000000 00:00 0 
7faa07a42000-7faa07b45000 rw-p 00000000 00:00 0                          [stack:7502]
7faa07b45000-7faa07b49000 r--s 00034000 08:03 333227                     /usr/lib/jvm/java-7-openjdk-amd64/jre/lib/ext/sunjce_provider.jar
7faa07b49000-7faa07b4c000 r--s 0000f000 08:03 333221                     /usr/lib/jvm/java-7-openjdk-amd64/jre/lib/ext/icedtea-sound.jar
7faa07b4c000-7faa07b50000 r--s 0003c000 08:03 333224                     /usr/lib/jvm/java-7-openjdk-amd64/jre/lib/ext/sunpkcs11.jar
7faa07b50000-7faa07b53000 r--s 00086000 08:03 333225                     /usr/lib/jvm/java-7-openjdk-amd64/jre/lib/ext/localedata.jar
7faa07b53000-7faa07b54000 r--s 00002000 08:03 333223                     /usr/lib/jvm/java-7-openjdk-amd64/jre/lib/ext/dnsns.jar
7faa07b54000-7faa07b56000 r--s 00012000 08:03 333228                     /usr/lib/jvm/java-7-openjdk-amd64/jre/lib/ext/zipfs.jar
7faa07b56000-7faa07b58000 r--s 00006000 08:03 5219                       /usr/share/java/java-atk-wrapper.jar
7faa07b58000-7faa07b60000 rw-s 00000000 08:03 554941                     /tmp/hsperfdata_super_marcin/7497
7faa07b60000-7faa07b61000 rw-p 00000000 00:00 0 
7faa07b61000-7faa07b62000 ---p 00000000 00:00 0 
7faa07b62000-7faa07b64000 rw-p 00000000 00:00 0 
7faa07b64000-7faa07b65000 r--p 00022000 08:03 269800                     /lib/x86_64-linux-gnu/ld-2.19.so
7faa07b65000-7faa07b66000 rw-p 00023000 08:03 269800                     /lib/x86_64-linux-gnu/ld-2.19.so
7faa07b66000-7faa07b67000 rw-p 00000000 00:00 0 
7ffdcf79d000-7ffdcf7be000 rw-p 00000000 00:00 0                          [stack]
7ffdcf7be000-7ffdcf7c0000 r-xp 00000000 00:00 0                          [vdso]
ffffffffff600000-ffffffffff601000 r-xp 00000000 00:00 0                  [vsyscall]

VM Arguments:
jvm_args: -Dfile.encoding=UTF-8 
java_command: pl.super_marcin.life.Uruchom
Launcher Type: SUN_STANDARD

Environment Variables:
PATH=/usr/local/sbin:/usr/local/bin:/usr/sbin:/usr/bin:/sbin:/bin:/usr/games:/usr/local/games
SHELL=/bin/bash
DISPLAY=:0

Signal Handlers:
SIGSEGV: [libjvm.so+0x94b9a0], sa_mask[0]=0x7ffbfeff, sa_flags=0x10000004
SIGBUS: [libjvm.so+0x94b9a0], sa_mask[0]=0x7ffbfeff, sa_flags=0x10000004
SIGFPE: [libjvm.so+0x7c3880], sa_mask[0]=0x7ffbfeff, sa_flags=0x10000004
SIGPIPE: [libjvm.so+0x7c3880], sa_mask[0]=0x7ffbfeff, sa_flags=0x10000004
SIGXFSZ: [libjvm.so+0x7c3880], sa_mask[0]=0x7ffbfeff, sa_flags=0x10000004
SIGILL: [libjvm.so+0x7c3880], sa_mask[0]=0x7ffbfeff, sa_flags=0x10000004
SIGUSR1: SIG_DFL, sa_mask[0]=0x00000000, sa_flags=0x00000000
SIGUSR2: [libjvm.so+0x7c3720], sa_mask[0]=0x00000004, sa_flags=0x10000004
SIGHUP: [libjvm.so+0x7c3900], sa_mask[0]=0x7ffbfeff, sa_flags=0x10000004
SIGINT: [libjvm.so+0x7c3900], sa_mask[0]=0x7ffbfeff, sa_flags=0x10000004
SIGTERM: [libjvm.so+0x7c3900], sa_mask[0]=0x7ffbfeff, sa_flags=0x10000004
SIGQUIT: [libjvm.so+0x7c3900], sa_mask[0]=0x7ffbfeff, sa_flags=0x10000004
SIGTRAP: SIG_DFL, sa_mask[0]=0x00000000, sa_flags=0x00000000


---------------  S Y S T E M  ---------------

OS:Ubuntu 14.04 (trusty)
uname:Linux 3.13.0-52-generic #86-Ubuntu SMP Mon May 4 04:32:59 UTC 2015 x86_64
libc:glibc 2.19 NPTL 2.19 
rlimit: STACK 8192k, CORE 0k, NPROC 30545, NOFILE 4096, AS infinity
load average:5,89 2,83 1,47

/proc/meminfo:
MemTotal:        3931388 kB
MemFree:          231320 kB
Buffers:             244 kB
Cached:           419520 kB
SwapCached:            0 kB
Active:          3122332 kB
Inactive:         411956 kB
Active(anon):    3117656 kB
Inactive(anon):   391732 kB
Active(file):       4676 kB
Inactive(file):    20224 kB
Unevictable:         164 kB
Mlocked:             164 kB
SwapTotal:             0 kB
SwapFree:              0 kB
Dirty:               656 kB
Writeback:             0 kB
AnonPages:       3114836 kB
Mapped:           115288 kB
Shmem:            394716 kB
Slab:              58256 kB
SReclaimable:      23576 kB
SUnreclaim:        34680 kB
KernelStack:        7624 kB
PageTables:        40544 kB
NFS_Unstable:          0 kB
Bounce:                0 kB
WritebackTmp:          0 kB
CommitLimit:     1965692 kB
Committed_AS:    8558544 kB
VmallocTotal:   34359738367 kB
VmallocUsed:      401768 kB
VmallocChunk:   34359315068 kB
HardwareCorrupted:     0 kB
AnonHugePages:   1781760 kB
HugePages_Total:       0
HugePages_Free:        0
HugePages_Rsvd:        0
HugePages_Surp:        0
Hugepagesize:       2048 kB
DirectMap4k:       98380 kB
DirectMap2M:     3979264 kB


CPU:total 4 (2 cores per cpu, 2 threads per core) family 6 model 58 stepping 9, cmov, cx8, fxsr, mmx, sse, sse2, sse3, ssse3, sse4.1, sse4.2, popcnt, avx, aes, erms, ht, tsc, tscinvbit, tscinv

/proc/cpuinfo:
processor	: 0
vendor_id	: GenuineIntel
cpu family	: 6
model		: 58
model name	: Intel(R) Core(TM) i5-3230M CPU @ 2.60GHz
stepping	: 9
microcode	: 0x15
cpu MHz		: 2601.000
cache size	: 3072 KB
physical id	: 0
siblings	: 4
core id		: 0
cpu cores	: 2
apicid		: 0
initial apicid	: 0
fpu		: yes
fpu_exception	: yes
cpuid level	: 13
wp		: yes
flags		: fpu vme de pse tsc msr pae mce cx8 apic sep mtrr pge mca cmov pat pse36 clflush dts acpi mmx fxsr sse sse2 ss ht tm pbe syscall nx rdtscp lm constant_tsc arch_perfmon pebs bts rep_good nopl xtopology nonstop_tsc aperfmperf eagerfpu pni pclmulqdq dtes64 monitor ds_cpl vmx est tm2 ssse3 cx16 xtpr pdcm pcid sse4_1 sse4_2 x2apic popcnt tsc_deadline_timer aes xsave avx f16c rdrand lahf_lm ida arat epb xsaveopt pln pts dtherm tpr_shadow vnmi flexpriority ept vpid fsgsbase smep erms
bogomips	: 5188.51
clflush size	: 64
cache_alignment	: 64
address sizes	: 36 bits physical, 48 bits virtual
power management:

processor	: 1
vendor_id	: GenuineIntel
cpu family	: 6
model		: 58
model name	: Intel(R) Core(TM) i5-3230M CPU @ 2.60GHz
stepping	: 9
microcode	: 0x15
cpu MHz		: 2601.000
cache size	: 3072 KB
physical id	: 0
siblings	: 4
core id		: 1
cpu cores	: 2
apicid		: 2
initial apicid	: 2
fpu		: yes
fpu_exception	: yes
cpuid level	: 13
wp		: yes
flags		: fpu vme de pse tsc msr pae mce cx8 apic sep mtrr pge mca cmov pat pse36 clflush dts acpi mmx fxsr sse sse2 ss ht tm pbe syscall nx rdtscp lm constant_tsc arch_perfmon pebs bts rep_good nopl xtopology nonstop_tsc aperfmperf eagerfpu pni pclmulqdq dtes64 monitor ds_cpl vmx est tm2 ssse3 cx16 xtpr pdcm pcid sse4_1 sse4_2 x2apic popcnt tsc_deadline_timer aes xsave avx f16c rdrand lahf_lm ida arat epb xsaveopt pln pts dtherm tpr_shadow vnmi flexpriority ept vpid fsgsbase smep erms
bogomips	: 5188.51
clflush size	: 64
cache_alignment	: 64
address sizes	: 36 bits physical, 48 bits virtual
power management:

processor	: 2
vendor_id	: GenuineIntel
cpu family	: 6
model		: 58
model name	: Intel(R) Core(TM) i5-3230M CPU @ 2.60GHz
stepping	: 9
microcode	: 0x15
cpu MHz		: 2601.000
cache size	: 3072 KB
physical id	: 0
siblings	: 4
core id		: 0
cpu cores	: 2
apicid		: 1
initial apicid	: 1
fpu		: yes
fpu_exception	: yes
cpuid level	: 13
wp		: yes
flags		: fpu vme de pse tsc msr pae mce cx8 apic sep mtrr pge mca cmov pat pse36 clflush dts acpi mmx fxsr sse sse2 ss ht tm pbe syscall nx rdtscp lm constant_tsc arch_perfmon pebs bts rep_good nopl xtopology nonstop_tsc aperfmperf eagerfpu pni pclmulqdq dtes64 monitor ds_cpl vmx est tm2 ssse3 cx16 xtpr pdcm pcid sse4_1 sse4_2 x2apic popcnt tsc_deadline_timer aes xsave avx f16c rdrand lahf_lm ida arat epb xsaveopt pln pts dtherm tpr_shadow vnmi flexpriority ept vpid fsgsbase smep erms
bogomips	: 5188.51
clflush size	: 64
cache_alignment	: 64
address sizes	: 36 bits physical, 48 bits virtual
power management:

processor	: 3
vendor_id	: GenuineIntel
cpu family	: 6
model		: 58
model name	: Intel(R) Core(TM) i5-3230M CPU @ 2.60GHz
stepping	: 9
microcode	: 0x15
cpu MHz		: 1200.000
cache size	: 3072 KB
physical id	: 0
siblings	: 4
core id		: 1
cpu cores	: 2
apicid		: 3
initial apicid	: 3
fpu		: yes
fpu_exception	: yes
cpuid level	: 13
wp		: yes
flags		: fpu vme de pse tsc msr pae mce cx8 apic sep mtrr pge mca cmov pat pse36 clflush dts acpi mmx fxsr sse sse2 ss ht tm pbe syscall nx rdtscp lm constant_tsc arch_perfmon pebs bts rep_good nopl xtopology nonstop_tsc aperfmperf eagerfpu pni pclmulqdq dtes64 monitor ds_cpl vmx est tm2 ssse3 cx16 xtpr pdcm pcid sse4_1 sse4_2 x2apic popcnt tsc_deadline_timer aes xsave avx f16c rdrand lahf_lm ida arat epb xsaveopt pln pts dtherm tpr_shadow vnmi flexpriority ept vpid fsgsbase smep erms
bogomips	: 5188.51
clflush size	: 64
cache_alignment	: 64
address sizes	: 36 bits physical, 48 bits virtual
power management:



Memory: 4k page, physical 3931388k(231320k free), swap 0k(0k free)

vm_info: OpenJDK 64-Bit Server VM (24.79-b02) for linux-amd64 JRE (1.7.0_79-b14), built on Apr 16 2015 08:21:58 by "buildd" with gcc 4.8.2

time: Tue May 19 10:25:11 2015
elapsed time: 323 seconds

