#
# There is insufficient memory for the Java Runtime Environment to continue.
# Native memory allocation (malloc) failed to allocate 74973184 bytes for committing reserved memory.
# Possible reasons:
#   The system is out of physical RAM or swap space
#   In 32 bit mode, the process size limit was hit
# Possible solutions:
#   Reduce memory load on the system
#   Increase physical memory or swap space
#   Check if swap backing store is full
#   Use 64 bit Java on a 64 bit OS
#   Decrease Java heap size (-Xmx/-Xms)
#   Decrease number of Java threads
#   Decrease Java thread stack sizes (-Xss)
#   Set larger code cache with -XX:ReservedCodeCacheSize=
# This output file may be truncated or incomplete.
#
#  Out of Memory Error (os_linux.cpp:2809), pid=7831, tid=139742489216768
#
# JRE version: OpenJDK Runtime Environment (7.0_79-b14) (build 1.7.0_79-b14)
# Java VM: OpenJDK 64-Bit Server VM (24.79-b02 mixed mode linux-amd64 compressed oops)
# Derivative: IcedTea 2.5.5
# Distribution: Ubuntu 14.04 LTS, package 7u79-2.5.5-0ubuntu0.14.04.2
# Failed to write core dump. Core dumps have been disabled. To enable core dumping, try "ulimit -c unlimited" before starting Java again
#

---------------  T H R E A D  ---------------

Current thread (0x00007f185c075800):  VMThread [stack: 0x00007f18555e0000,0x00007f18556e1000] [id=7842]

Stack: [0x00007f18555e0000,0x00007f18556e1000],  sp=0x00007f18556df490,  free space=1021k
Native frames: (J=compiled Java code, j=interpreted, Vv=VM code, C=native code)
V  [libjvm.so+0x94aec5]  VMError::report_and_die()+0x175
V  [libjvm.so+0x48b9c4]  report_vm_out_of_memory(char const*, int, unsigned long, char const*)+0x74
V  [libjvm.so+0x7c806b]  os::pd_commit_memory(char*, unsigned long, unsigned long, bool)+0xeb
V  [libjvm.so+0x7c2b0f]  os::commit_memory(char*, unsigned long, unsigned long, bool)+0x1f
V  [libjvm.so+0x83500b]  PSVirtualSpace::expand_by(unsigned long)+0x5b
V  [libjvm.so+0x835e60]  PSYoungGen::resize_generation(unsigned long, unsigned long)+0xb0
V  [libjvm.so+0x83654b]  PSYoungGen::resize(unsigned long, unsigned long)+0x1b
V  [libjvm.so+0x832830]  PSScavenge::invoke_no_policy()+0xde0
V  [libjvm.so+0x833008]  PSScavenge::invoke()+0x38
V  [libjvm.so+0x7e96f3]  ParallelScavengeHeap::failed_mem_allocate(unsigned long)+0x63
V  [libjvm.so+0x94c8c4]  VM_ParallelGCFailedAllocation::doit()+0x84
V  [libjvm.so+0x950dc7]  VM_Operation::evaluate()+0x47
V  [libjvm.so+0x94f738]  VMThread::evaluate_operation(VM_Operation*)+0x318
V  [libjvm.so+0x94fb99]  VMThread::loop()+0x219
V  [libjvm.so+0x94ffe2]  VMThread::run()+0x72
V  [libjvm.so+0x7c4f32]  java_start(Thread*)+0xf2

VM_Operation (0x00007f1863b7a690): ParallelGCFailedAllocation, mode: safepoint, requested by thread 0x00007f185c00a000


---------------  P R O C E S S  ---------------

Java Threads: ( => current thread )
  0x00007f180801d800 JavaThread "TimerQueue" daemon [_thread_blocked, id=7855, stack(0x00007f181e0e6000,0x00007f181e1e7000)]
  0x00007f185c277000 JavaThread "AWT-EventQueue-0" [_thread_blocked, id=7853, stack(0x00007f181e1e7000,0x00007f181e2e8000)]
  0x00007f185c275800 JavaThread "AWT-Shutdown" [_thread_blocked, id=7852, stack(0x00007f181e2e8000,0x00007f181e3e9000)]
  0x00007f185c1fa000 JavaThread "AWT-XAWT" daemon [_thread_blocked, id=7851, stack(0x00007f18240b2000,0x00007f18241b3000)]
  0x00007f185c1d9800 JavaThread "Java2D Disposer" daemon [_thread_blocked, id=7850, stack(0x00007f1854072000,0x00007f1854173000)]
  0x00007f185c0b0800 JavaThread "Service Thread" daemon [_thread_blocked, id=7848, stack(0x00007f18547c7000,0x00007f18548c8000)]
  0x00007f185c0ae000 JavaThread "C2 CompilerThread1" daemon [_thread_blocked, id=7847, stack(0x00007f18548c8000,0x00007f18549c9000)]
  0x00007f185c0ab000 JavaThread "C2 CompilerThread0" daemon [_thread_blocked, id=7846, stack(0x00007f18549c9000,0x00007f1854aca000)]
  0x00007f185c0a9000 JavaThread "Signal Dispatcher" daemon [_thread_blocked, id=7845, stack(0x00007f1854aca000,0x00007f1854bcb000)]
  0x00007f185c07c000 JavaThread "Finalizer" daemon [_thread_blocked, id=7844, stack(0x00007f18553de000,0x00007f18554df000)]
  0x00007f185c07a000 JavaThread "Reference Handler" daemon [_thread_blocked, id=7843, stack(0x00007f18554df000,0x00007f18555e0000)]
  0x00007f185c00a000 JavaThread "main" [_thread_blocked, id=7833, stack(0x00007f1863a7b000,0x00007f1863b7c000)]

Other Threads:
=>0x00007f185c075800 VMThread [stack: 0x00007f18555e0000,0x00007f18556e1000] [id=7842]
  0x00007f185c0bb000 WatcherThread [stack: 0x00007f18546c6000,0x00007f18547c7000] [id=7849]

VM state:at safepoint (normal execution)

VM Mutex/Monitor currently owned by a thread:  ([mutex/lock_event])
[0x00007f185c0063a0] Threads_lock - owner thread: 0x00007f185c075800
[0x00007f185c0068a0] Heap_lock - owner thread: 0x00007f185c00a000

Heap
 PSYoungGen      total 125952K, used 192K [0x00000000ec000000, 0x00000000f3f00000, 0x0000000100000000)
  eden space 122368K, 0% used [0x00000000ec000000,0x00000000ec000000,0x00000000f3780000)
  from space 3584K, 5% used [0x00000000f3780000,0x00000000f37b0000,0x00000000f3b00000)
  to   space 3072K, 0% used [0x00000000f3b00000,0x00000000f3b00000,0x00000000f3e00000)
 ParOldGen       total 40960K, used 1951K [0x00000000c4000000, 0x00000000c6800000, 0x00000000ec000000)
  object space 40960K, 4% used [0x00000000c4000000,0x00000000c41e7ec8,0x00000000c6800000)
 PSPermGen       total 21504K, used 12183K [0x00000000b9a00000, 0x00000000baf00000, 0x00000000c4000000)
  object space 21504K, 56% used [0x00000000b9a00000,0x00000000ba5e5ea8,0x00000000baf00000)

Card table byte_map: [0x00007f186048c000,0x00007f18606c0000] byte_map_base: 0x00007f185febf000

Polling page: 0x00007f1863b9d000

Code Cache  [0x00007f1859000000, 0x00007f1859270000, 0x00007f185c000000)
 total_blobs=539 nmethods=75 adapters=418 free_code_cache=48491Kb largest_free_block=49635392

Compilation events (10 events):
Event: 4,952 Thread 0x00007f185c0ae000   72   !         sun.java2d.SunGraphics2D::fillRect (74 bytes)
Event: 4,961 Thread 0x00007f185c0ab000 nmethod 67 0x00007f18590a2690 code [0x00007f18590a28a0, 0x00007f18590a2fe8]
Event: 4,989 Thread 0x00007f185c0ae000 nmethod 72 0x00007f18590a6450 code [0x00007f18590a66c0, 0x00007f18590a6fb8]
Event: 5,082 Thread 0x00007f185c0ab000   73             java.lang.Math::min (11 bytes)
Event: 5,083 Thread 0x00007f185c0ab000 nmethod 73 0x00007f18590811d0 code [0x00007f1859081300, 0x00007f1859081338]
Event: 5,284 Thread 0x00007f185c0ae000   74             java.util.HashMap::indexFor (6 bytes)
Event: 5,285 Thread 0x00007f185c0ae000 nmethod 74 0x00007f185908f290 code [0x00007f185908f3c0, 0x00007f185908f3f8]
Event: 5,468 Thread 0x00007f185c0ab000   75             java.util.IdentityHashMap::clear (39 bytes)
Event: 5,515 Thread 0x00007f185c0ab000 nmethod 75 0x00007f18590a2350 code [0x00007f18590a24a0, 0x00007f18590a2598]
Event: 6,648 Thread 0x00007f185c0ae000   76             java.util.IdentityHashMap$IdentityHashMapIterator::hasNext (50 bytes)

GC Heap History (10 events):
Event: 5,216 GC heap after
Heap after GC invocations=4 (full 0):
 PSYoungGen      total 33280K, used 2244K [0x00000000ec000000, 0x00000000ee300000, 0x0000000100000000)
  eden space 30720K, 0% used [0x00000000ec000000,0x00000000ec000000,0x00000000ede00000)
  from space 2560K, 87% used [0x00000000ee080000,0x00000000ee2b1040,0x00000000ee300000)
  to   space 2560K, 0% used [0x00000000ede00000,0x00000000ede00000,0x00000000ee080000)
 ParOldGen       total 40960K, used 8K [0x00000000c4000000, 0x00000000c6800000, 0x00000000ec000000)
  object space 40960K, 0% used [0x00000000c4000000,0x00000000c4002000,0x00000000c6800000)
 PSPermGen       total 21504K, used 12178K [0x00000000b9a00000, 0x00000000baf00000, 0x00000000c4000000)
  object space 21504K, 56% used [0x00000000b9a00000,0x00000000ba5e4938,0x00000000baf00000)
}
Event: 5,427 GC heap before
{Heap before GC invocations=5 (full 0):
 PSYoungGen      total 33280K, used 32964K [0x00000000ec000000, 0x00000000ee300000, 0x0000000100000000)
  eden space 30720K, 100% used [0x00000000ec000000,0x00000000ede00000,0x00000000ede00000)
  from space 2560K, 87% used [0x00000000ee080000,0x00000000ee2b1040,0x00000000ee300000)
  to   space 2560K, 0% used [0x00000000ede00000,0x00000000ede00000,0x00000000ee080000)
 ParOldGen       total 40960K, used 8K [0x00000000c4000000, 0x00000000c6800000, 0x00000000ec000000)
  object space 40960K, 0% used [0x00000000c4000000,0x00000000c4002000,0x00000000c6800000)
 PSPermGen       total 21504K, used 12179K [0x00000000b9a00000, 0x00000000baf00000, 0x00000000c4000000)
  object space 21504K, 56% used [0x00000000b9a00000,0x00000000ba5e4d88,0x00000000baf00000)
Event: 5,437 GC heap after
Heap after GC invocations=5 (full 0):
 PSYoungGen      total 33280K, used 2468K [0x00000000ec000000, 0x00000000f0100000, 0x0000000100000000)
  eden space 30720K, 0% used [0x00000000ec000000,0x00000000ec000000,0x00000000ede00000)
  from space 2560K, 96% used [0x00000000ede00000,0x00000000ee069040,0x00000000ee080000)
  to   space 2560K, 0% used [0x00000000efe80000,0x00000000efe80000,0x00000000f0100000)
 ParOldGen       total 40960K, used 8K [0x00000000c4000000, 0x00000000c6800000, 0x00000000ec000000)
  object space 40960K, 0% used [0x00000000c4000000,0x00000000c4002000,0x00000000c6800000)
 PSPermGen       total 21504K, used 12179K [0x00000000b9a00000, 0x00000000baf00000, 0x00000000c4000000)
  object space 21504K, 56% used [0x00000000b9a00000,0x00000000ba5e4d88,0x00000000baf00000)
}
Event: 5,557 GC heap before
{Heap before GC invocations=6 (full 0):
 PSYoungGen      total 33280K, used 33188K [0x00000000ec000000, 0x00000000f0100000, 0x0000000100000000)
  eden space 30720K, 100% used [0x00000000ec000000,0x00000000ede00000,0x00000000ede00000)
  from space 2560K, 96% used [0x00000000ede00000,0x00000000ee069040,0x00000000ee080000)
  to   space 2560K, 0% used [0x00000000efe80000,0x00000000efe80000,0x00000000f0100000)
 ParOldGen       total 40960K, used 8K [0x00000000c4000000, 0x00000000c6800000, 0x00000000ec000000)
  object space 40960K, 0% used [0x00000000c4000000,0x00000000c4002000,0x00000000c6800000)
 PSPermGen       total 21504K, used 12179K [0x00000000b9a00000, 0x00000000baf00000, 0x00000000c4000000)
  object space 21504K, 56% used [0x00000000b9a00000,0x00000000ba5e4f28,0x00000000baf00000)
Event: 5,562 GC heap after
Heap after GC invocations=6 (full 0):
 PSYoungGen      total 64000K, used 2130K [0x00000000ec000000, 0x00000000f0100000, 0x0000000100000000)
  eden space 61440K, 0% used [0x00000000ec000000,0x00000000ec000000,0x00000000efc00000)
  from space 2560K, 83% used [0x00000000efe80000,0x00000000f0094820,0x00000000f0100000)
  to   space 2560K, 0% used [0x00000000efc00000,0x00000000efc00000,0x00000000efe80000)
 ParOldGen       total 40960K, used 8K [0x00000000c4000000, 0x00000000c6800000, 0x00000000ec000000)
  object space 40960K, 0% used [0x00000000c4000000,0x00000000c4002000,0x00000000c6800000)
 PSPermGen       total 21504K, used 12179K [0x00000000b9a00000, 0x00000000baf00000, 0x00000000c4000000)
  object space 21504K, 56% used [0x00000000b9a00000,0x00000000ba5e4f28,0x00000000baf00000)
}
Event: 5,864 GC heap before
{Heap before GC invocations=7 (full 0):
 PSYoungGen      total 64000K, used 63570K [0x00000000ec000000, 0x00000000f0100000, 0x0000000100000000)
  eden space 61440K, 100% used [0x00000000ec000000,0x00000000efc00000,0x00000000efc00000)
  from space 2560K, 83% used [0x00000000efe80000,0x00000000f0094820,0x00000000f0100000)
  to   space 2560K, 0% used [0x00000000efc00000,0x00000000efc00000,0x00000000efe80000)
 ParOldGen       total 40960K, used 8K [0x00000000c4000000, 0x00000000c6800000, 0x00000000ec000000)
  object space 40960K, 0% used [0x00000000c4000000,0x00000000c4002000,0x00000000c6800000)
 PSPermGen       total 21504K, used 12181K [0x00000000b9a00000, 0x00000000baf00000, 0x00000000c4000000)
  object space 21504K, 56% used [0x00000000b9a00000,0x00000000ba5e5630,0x00000000baf00000)
Event: 5,877 GC heap after
Heap after GC invocations=7 (full 0):
 PSYoungGen      total 64000K, used 416K [0x00000000ec000000, 0x00000000f3e00000, 0x0000000100000000)
  eden space 61440K, 0% used [0x00000000ec000000,0x00000000ec000000,0x00000000efc00000)
  from space 2560K, 16% used [0x00000000efc00000,0x00000000efc68000,0x00000000efe80000)
  to   space 3072K, 0% used [0x00000000f3b00000,0x00000000f3b00000,0x00000000f3e00000)
 ParOldGen       total 40960K, used 1943K [0x00000000c4000000, 0x00000000c6800000, 0x00000000ec000000)
  object space 40960K, 4% used [0x00000000c4000000,0x00000000c41e5ec8,0x00000000c6800000)
 PSPermGen       total 21504K, used 12181K [0x00000000b9a00000, 0x00000000baf00000, 0x00000000c4000000)
  object space 21504K, 56% used [0x00000000b9a00000,0x00000000ba5e5630,0x00000000baf00000)
}
Event: 6,126 GC heap before
{Heap before GC invocations=8 (full 0):
 PSYoungGen      total 64000K, used 61856K [0x00000000ec000000, 0x00000000f3e00000, 0x0000000100000000)
  eden space 61440K, 100% used [0x00000000ec000000,0x00000000efc00000,0x00000000efc00000)
  from space 2560K, 16% used [0x00000000efc00000,0x00000000efc68000,0x00000000efe80000)
  to   space 3072K, 0% used [0x00000000f3b00000,0x00000000f3b00000,0x00000000f3e00000)
 ParOldGen       total 40960K, used 1943K [0x00000000c4000000, 0x00000000c6800000, 0x00000000ec000000)
  object space 40960K, 4% used [0x00000000c4000000,0x00000000c41e5ec8,0x00000000c6800000)
 PSPermGen       total 21504K, used 12182K [0x00000000b9a00000, 0x00000000baf00000, 0x00000000c4000000)
  object space 21504K, 56% used [0x00000000b9a00000,0x00000000ba5e5818,0x00000000baf00000)
Event: 6,127 GC heap after
Heap after GC invocations=8 (full 0):
 PSYoungGen      total 125440K, used 192K [0x00000000ec000000, 0x00000000f3f00000, 0x0000000100000000)
  eden space 122368K, 0% used [0x00000000ec000000,0x00000000ec000000,0x00000000f3780000)
  from space 3072K, 6% used [0x00000000f3b00000,0x00000000f3b30000,0x00000000f3e00000)
  to   space 3584K, 0% used [0x00000000f3780000,0x00000000f3780000,0x00000000f3b00000)
 ParOldGen       total 40960K, used 1943K [0x00000000c4000000, 0x00000000c6800000, 0x00000000ec000000)
  object space 40960K, 4% used [0x00000000c4000000,0x00000000c41e5ec8,0x00000000c6800000)
 PSPermGen       total 21504K, used 12182K [0x00000000b9a00000, 0x00000000baf00000, 0x00000000c4000000)
  object space 21504K, 56% used [0x00000000b9a00000,0x00000000ba5e5818,0x00000000baf00000)
}
Event: 6,717 GC heap before
{Heap before GC invocations=9 (full 0):
 PSYoungGen      total 125440K, used 122560K [0x00000000ec000000, 0x00000000f3f00000, 0x0000000100000000)
  eden space 122368K, 100% used [0x00000000ec000000,0x00000000f3780000,0x00000000f3780000)
  from space 3072K, 6% used [0x00000000f3b00000,0x00000000f3b30000,0x00000000f3e00000)
  to   space 3584K, 0% used [0x00000000f3780000,0x00000000f3780000,0x00000000f3b00000)
 ParOldGen       total 40960K, used 1943K [0x00000000c4000000, 0x00000000c6800000, 0x00000000ec000000)
  object space 40960K, 4% used [0x00000000c4000000,0x00000000c41e5ec8,0x00000000c6800000)
 PSPermGen       total 21504K, used 12183K [0x00000000b9a00000, 0x00000000baf00000, 0x00000000c4000000)
  object space 21504K, 56% used [0x00000000b9a00000,0x00000000ba5e5ea8,0x00000000baf00000)

Deoptimization events (10 events):
Event: 3,259 Thread 0x00007f185c277000 Uncommon trap: reason=class_check action=maybe_recompile pc=0x00007f185907b314 method=java.lang.String.equals(Ljava/lang/Object;)Z @ 8
Event: 3,259 Thread 0x00007f185c277000 Uncommon trap: reason=class_check action=maybe_recompile pc=0x00007f185907b314 method=java.lang.String.equals(Ljava/lang/Object;)Z @ 8
Event: 4,729 Thread 0x00007f185c00a000 Uncommon trap: reason=unreached action=reinterpret pc=0x00007f1859092514 method=pl.super_marcin.life.model.Plansza.iteruj()V @ 105
Event: 4,729 Thread 0x00007f185c00a000 Uncommon trap: reason=unreached action=reinterpret pc=0x00007f1859091b74 method=pl.super_marcin.life.model.Plansza.iteruj()V @ 232
Event: 4,927 Thread 0x00007f185c277000 Uncommon trap: reason=class_check action=maybe_recompile pc=0x00007f185909e57c method=sun.java2d.SunGraphics2D.fillRect(IIII)V @ 10
Event: 4,927 Thread 0x00007f185c277000 Uncommon trap: reason=unreached action=reinterpret pc=0x00007f185909b034 method=sun.java2d.x11.X11SurfaceData.getGC(Lsun/java2d/pipe/Region;ILjava/awt/Composite;IZ)J @ 22
Event: 4,927 Thread 0x00007f185c277000 Uncommon trap: reason=class_check action=maybe_recompile pc=0x00007f185909e57c method=sun.java2d.SunGraphics2D.fillRect(IIII)V @ 10
Event: 4,946 Thread 0x00007f185c277000 Uncommon trap: reason=class_check action=maybe_recompile pc=0x00007f185909e57c method=sun.java2d.SunGraphics2D.fillRect(IIII)V @ 10
Event: 4,946 Thread 0x00007f185c277000 Uncommon trap: reason=unreached action=reinterpret pc=0x00007f1859096c10 method=sun.java2d.x11.X11SurfaceData.getGC(Lsun/java2d/pipe/Region;ILjava/awt/Composite;IZ)J @ 22
Event: 4,946 Thread 0x00007f185c277000 Uncommon trap: reason=class_check action=maybe_recompile pc=0x00007f185909e57c method=sun.java2d.SunGraphics2D.fillRect(IIII)V @ 10

Internal exceptions (10 events):
Event: 4,585 Thread 0x00007f185c00a000 Threw 0x00000000ec404780 at /build/buildd/openjdk-7-7u79-2.5.5/build/openjdk/hotspot/src/share/vm/prims/jvm.cpp:1284
Event: 4,586 Thread 0x00007f185c00a000 Threw 0x00000000ec407500 at /build/buildd/openjdk-7-7u79-2.5.5/build/openjdk/hotspot/src/share/vm/prims/jvm.cpp:1284
Event: 4,586 Thread 0x00007f185c00a000 Threw 0x00000000ec409e78 at /build/buildd/openjdk-7-7u79-2.5.5/build/openjdk/hotspot/src/share/vm/prims/jvm.cpp:1284
Event: 4,586 Thread 0x00007f185c00a000 Threw 0x00000000ec40ceb0 at /build/buildd/openjdk-7-7u79-2.5.5/build/openjdk/hotspot/src/share/vm/prims/jvm.cpp:1284
Event: 4,587 Thread 0x00007f185c00a000 Threw 0x00000000ec40f6f8 at /build/buildd/openjdk-7-7u79-2.5.5/build/openjdk/hotspot/src/share/vm/prims/jvm.cpp:1284
Event: 4,587 Thread 0x00007f185c00a000 Threw 0x00000000ec412470 at /build/buildd/openjdk-7-7u79-2.5.5/build/openjdk/hotspot/src/share/vm/prims/jvm.cpp:1284
Event: 4,587 Thread 0x00007f185c00a000 Threw 0x00000000ec414b50 at /build/buildd/openjdk-7-7u79-2.5.5/build/openjdk/hotspot/src/share/vm/prims/jvm.cpp:1284
Event: 4,588 Thread 0x00007f185c00a000 Threw 0x00000000ec417988 at /build/buildd/openjdk-7-7u79-2.5.5/build/openjdk/hotspot/src/share/vm/prims/jvm.cpp:1284
Event: 4,628 Thread 0x00007f185c00a000 Threw 0x00000000ec42afc8 at /build/buildd/openjdk-7-7u79-2.5.5/build/openjdk/hotspot/src/share/vm/prims/jvm.cpp:1284
Event: 4,926 Thread 0x00007f185c277000 Threw 0x00000000ec16f448 at /build/buildd/openjdk-7-7u79-2.5.5/build/openjdk/hotspot/src/share/vm/prims/jni.cpp:747

Events (10 events):
Event: 5,216 Executing VM operation: ParallelGCFailedAllocation done
Event: 5,427 Executing VM operation: ParallelGCFailedAllocation
Event: 5,437 Executing VM operation: ParallelGCFailedAllocation done
Event: 5,556 Executing VM operation: ParallelGCFailedAllocation
Event: 5,563 Executing VM operation: ParallelGCFailedAllocation done
Event: 5,860 Executing VM operation: ParallelGCFailedAllocation
Event: 5,877 Executing VM operation: ParallelGCFailedAllocation done
Event: 6,126 Executing VM operation: ParallelGCFailedAllocation
Event: 6,127 Executing VM operation: ParallelGCFailedAllocation done
Event: 6,717 Executing VM operation: ParallelGCFailedAllocation


Dynamic libraries:
00400000-00401000 r-xp 00000000 08:03 328732                             /usr/lib/jvm/java-7-openjdk-amd64/jre/bin/java
00600000-00601000 r--p 00000000 08:03 328732                             /usr/lib/jvm/java-7-openjdk-amd64/jre/bin/java
00601000-00602000 rw-p 00001000 08:03 328732                             /usr/lib/jvm/java-7-openjdk-amd64/jre/bin/java
0131d000-0133e000 rw-p 00000000 00:00 0                                  [heap]
b9a00000-baf00000 rw-p 00000000 00:00 0 
baf00000-c4000000 rw-p 00000000 00:00 0 
c4000000-c6800000 rw-p 00000000 00:00 0 
c6800000-ec000000 rw-p 00000000 00:00 0 
ec000000-f3f00000 rw-p 00000000 00:00 0 
f8680000-100000000 rw-p 00000000 00:00 0 
7f1808000000-7f1808033000 rw-p 00000000 00:00 0 
7f1808033000-7f180c000000 ---p 00000000 00:00 0 
7f180c000000-7f180c021000 rw-p 00000000 00:00 0 
7f180c021000-7f1810000000 ---p 00000000 00:00 0 
7f1810000000-7f1810021000 rw-p 00000000 00:00 0 
7f1810021000-7f1814000000 ---p 00000000 00:00 0 
7f1814000000-7f1814021000 rw-p 00000000 00:00 0 
7f1814021000-7f1818000000 ---p 00000000 00:00 0 
7f1818000000-7f1818021000 rw-p 00000000 00:00 0 
7f1818021000-7f181c000000 ---p 00000000 00:00 0 
7f181deac000-7f181e0e6000 rw-p 00000000 00:00 0 
7f181e0e6000-7f181e0e9000 ---p 00000000 00:00 0 
7f181e0e9000-7f181e1e7000 rw-p 00000000 00:00 0                          [stack:7855]
7f181e1e7000-7f181e1ea000 ---p 00000000 00:00 0 
7f181e1ea000-7f181e2e8000 rw-p 00000000 00:00 0                          [stack:7853]
7f181e2e8000-7f181e2eb000 ---p 00000000 00:00 0 
7f181e2eb000-7f181e3e9000 rw-p 00000000 00:00 0                          [stack:7852]
7f181e3e9000-7f181e3f9000 r-xp 00000000 08:03 827168                     /usr/lib/jvm/java-7-openjdk-amd64/jre/lib/amd64/libnio.so
7f181e3f9000-7f181e5f9000 ---p 00010000 08:03 827168                     /usr/lib/jvm/java-7-openjdk-amd64/jre/lib/amd64/libnio.so
7f181e5f9000-7f181e5fa000 r--p 00010000 08:03 827168                     /usr/lib/jvm/java-7-openjdk-amd64/jre/lib/amd64/libnio.so
7f181e5fa000-7f181e5fb000 rw-p 00011000 08:03 827168                     /usr/lib/jvm/java-7-openjdk-amd64/jre/lib/amd64/libnio.so
7f181e5fb000-7f181e612000 r-xp 00000000 08:03 827180                     /usr/lib/jvm/java-7-openjdk-amd64/jre/lib/amd64/libnet.so
7f181e612000-7f181e811000 ---p 00017000 08:03 827180                     /usr/lib/jvm/java-7-openjdk-amd64/jre/lib/amd64/libnet.so
7f181e811000-7f181e812000 r--p 00016000 08:03 827180                     /usr/lib/jvm/java-7-openjdk-amd64/jre/lib/amd64/libnet.so
7f181e812000-7f181e813000 rw-p 00017000 08:03 827180                     /usr/lib/jvm/java-7-openjdk-amd64/jre/lib/amd64/libnet.so
7f181e813000-7f181e865000 r-xp 00000000 08:03 827170                     /usr/lib/jvm/java-7-openjdk-amd64/jre/lib/amd64/libfontmanager.so
7f181e865000-7f181ea64000 ---p 00052000 08:03 827170                     /usr/lib/jvm/java-7-openjdk-amd64/jre/lib/amd64/libfontmanager.so
7f181ea64000-7f181ea67000 r--p 00051000 08:03 827170                     /usr/lib/jvm/java-7-openjdk-amd64/jre/lib/amd64/libfontmanager.so
7f181ea67000-7f181ea68000 rw-p 00054000 08:03 827170                     /usr/lib/jvm/java-7-openjdk-amd64/jre/lib/amd64/libfontmanager.so
7f181ea68000-7f181ea6d000 r-xp 00000000 08:03 663399                     /usr/lib/x86_64-linux-gnu/libXfixes.so.3.1.0
7f181ea6d000-7f181ec6c000 ---p 00005000 08:03 663399                     /usr/lib/x86_64-linux-gnu/libXfixes.so.3.1.0
7f181ec6c000-7f181ec6d000 r--p 00004000 08:03 663399                     /usr/lib/x86_64-linux-gnu/libXfixes.so.3.1.0
7f181ec6d000-7f181ec6e000 rw-p 00005000 08:03 663399                     /usr/lib/x86_64-linux-gnu/libXfixes.so.3.1.0
7f181ec6e000-7f181ec77000 r-xp 00000000 08:03 661661                     /usr/lib/x86_64-linux-gnu/libXcursor.so.1.0.2
7f181ec77000-7f181ee76000 ---p 00009000 08:03 661661                     /usr/lib/x86_64-linux-gnu/libXcursor.so.1.0.2
7f181ee76000-7f181ee77000 r--p 00008000 08:03 661661                     /usr/lib/x86_64-linux-gnu/libXcursor.so.1.0.2
7f181ee77000-7f181ee78000 rw-p 00009000 08:03 661661                     /usr/lib/x86_64-linux-gnu/libXcursor.so.1.0.2
7f181ee78000-7f181ee7c000 r-xp 00000000 08:03 264832                     /lib/x86_64-linux-gnu/libgpg-error.so.0.10.0
7f181ee7c000-7f181f07b000 ---p 00004000 08:03 264832                     /lib/x86_64-linux-gnu/libgpg-error.so.0.10.0
7f181f07b000-7f181f07c000 r--p 00003000 08:03 264832                     /lib/x86_64-linux-gnu/libgpg-error.so.0.10.0
7f181f07c000-7f181f07d000 rw-p 00004000 08:03 264832                     /lib/x86_64-linux-gnu/libgpg-error.so.0.10.0
7f181f07d000-7f181f07f000 r-xp 00000000 08:03 264842                     /lib/x86_64-linux-gnu/libkeyutils.so.1.4
7f181f07f000-7f181f27f000 ---p 00002000 08:03 264842                     /lib/x86_64-linux-gnu/libkeyutils.so.1.4
7f181f27f000-7f181f280000 r--p 00002000 08:03 264842                     /lib/x86_64-linux-gnu/libkeyutils.so.1.4
7f181f280000-7f181f281000 rw-p 00003000 08:03 264842                     /lib/x86_64-linux-gnu/libkeyutils.so.1.4
7f181f281000-7f181f2be000 r-xp 00000000 08:03 264902                     /lib/x86_64-linux-gnu/libpcre.so.3.13.1
7f181f2be000-7f181f4bd000 ---p 0003d000 08:03 264902                     /lib/x86_64-linux-gnu/libpcre.so.3.13.1
7f181f4bd000-7f181f4be000 r--p 0003c000 08:03 264902                     /lib/x86_64-linux-gnu/libpcre.so.3.13.1
7f181f4be000-7f181f4bf000 rw-p 0003d000 08:03 264902                     /lib/x86_64-linux-gnu/libpcre.so.3.13.1
7f181f4bf000-7f181f4e4000 r-xp 00000000 08:03 264914                     /lib/x86_64-linux-gnu/libpng12.so.0.50.0
7f181f4e4000-7f181f6e3000 ---p 00025000 08:03 264914                     /lib/x86_64-linux-gnu/libpng12.so.0.50.0
7f181f6e3000-7f181f6e4000 r--p 00024000 08:03 264914                     /lib/x86_64-linux-gnu/libpng12.so.0.50.0
7f181f6e4000-7f181f6e5000 rw-p 00025000 08:03 264914                     /lib/x86_64-linux-gnu/libpng12.so.0.50.0
7f181f6e5000-7f181f729000 r-xp 00000000 08:03 261284                     /lib/x86_64-linux-gnu/libdbus-1.so.3.7.6
7f181f729000-7f181f928000 ---p 00044000 08:03 261284                     /lib/x86_64-linux-gnu/libdbus-1.so.3.7.6
7f181f928000-7f181f929000 r--p 00043000 08:03 261284                     /lib/x86_64-linux-gnu/libdbus-1.so.3.7.6
7f181f929000-7f181f92a000 rw-p 00044000 08:03 261284                     /lib/x86_64-linux-gnu/libdbus-1.so.3.7.6
7f181f92a000-7f181f965000 r-xp 00000000 08:03 662381                     /usr/lib/x86_64-linux-gnu/libp11-kit.so.0.0.0
7f181f965000-7f181fb64000 ---p 0003b000 08:03 662381                     /usr/lib/x86_64-linux-gnu/libp11-kit.so.0.0.0
7f181fb64000-7f181fb6a000 r--p 0003a000 08:03 662381                     /usr/lib/x86_64-linux-gnu/libp11-kit.so.0.0.0
7f181fb6a000-7f181fb6c000 rw-p 00040000 08:03 662381                     /usr/lib/x86_64-linux-gnu/libp11-kit.so.0.0.0
7f181fb6c000-7f181fb7e000 r-xp 00000000 08:03 660196                     /usr/lib/x86_64-linux-gnu/libtasn1.so.6.2.0
7f181fb7e000-7f181fd7e000 ---p 00012000 08:03 660196                     /usr/lib/x86_64-linux-gnu/libtasn1.so.6.2.0
7f181fd7e000-7f181fd7f000 r--p 00012000 08:03 660196                     /usr/lib/x86_64-linux-gnu/libtasn1.so.6.2.0
7f181fd7f000-7f181fd80000 rw-p 00013000 08:03 660196                     /usr/lib/x86_64-linux-gnu/libtasn1.so.6.2.0
7f181fd80000-7f181fdfc000 r-xp 00000000 08:03 328824                     /lib/x86_64-linux-gnu/libgcrypt.so.11.8.2
7f181fdfc000-7f181fffc000 ---p 0007c000 08:03 328824                     /lib/x86_64-linux-gnu/libgcrypt.so.11.8.2
7f181fffc000-7f181fffd000 r--p 0007c000 08:03 328824                     /lib/x86_64-linux-gnu/libgcrypt.so.11.8.2
7f181fffd000-7f1820000000 rw-p 0007d000 08:03 328824                     /lib/x86_64-linux-gnu/libgcrypt.so.11.8.2
7f1820000000-7f1820021000 rw-p 00000000 00:00 0 
7f1820021000-7f1824000000 ---p 00000000 00:00 0 
7f18240b2000-7f18240b5000 ---p 00000000 00:00 0 
7f18240b5000-7f18241b3000 rw-p 00000000 00:00 0                          [stack:7851]
7f18241b3000-7f18241bd000 r-xp 00000000 08:03 661384                     /usr/lib/x86_64-linux-gnu/libkrb5support.so.0.1
7f18241bd000-7f18243bc000 ---p 0000a000 08:03 661384                     /usr/lib/x86_64-linux-gnu/libkrb5support.so.0.1
7f18243bc000-7f18243bd000 r--p 00009000 08:03 661384                     /usr/lib/x86_64-linux-gnu/libkrb5support.so.0.1
7f18243bd000-7f18243be000 rw-p 0000a000 08:03 661384                     /usr/lib/x86_64-linux-gnu/libkrb5support.so.0.1
7f18243be000-7f18243c1000 r-xp 00000000 08:03 262686                     /lib/x86_64-linux-gnu/libcom_err.so.2.1
7f18243c1000-7f18245c0000 ---p 00003000 08:03 262686                     /lib/x86_64-linux-gnu/libcom_err.so.2.1
7f18245c0000-7f18245c1000 r--p 00002000 08:03 262686                     /lib/x86_64-linux-gnu/libcom_err.so.2.1
7f18245c1000-7f18245c2000 rw-p 00003000 08:03 262686                     /lib/x86_64-linux-gnu/libcom_err.so.2.1
7f18245c2000-7f18245ee000 r-xp 00000000 08:03 659364                     /usr/lib/x86_64-linux-gnu/libk5crypto.so.3.1
7f18245ee000-7f18247ed000 ---p 0002c000 08:03 659364                     /usr/lib/x86_64-linux-gnu/libk5crypto.so.3.1
7f18247ed000-7f18247ef000 r--p 0002b000 08:03 659364                     /usr/lib/x86_64-linux-gnu/libk5crypto.so.3.1
7f18247ef000-7f18247f0000 rw-p 0002d000 08:03 659364                     /usr/lib/x86_64-linux-gnu/libk5crypto.so.3.1
7f18247f0000-7f18247f1000 rw-p 00000000 00:00 0 
7f18247f1000-7f18248ad000 r-xp 00000000 08:03 661171                     /usr/lib/x86_64-linux-gnu/libkrb5.so.3.3
7f18248ad000-7f1824aad000 ---p 000bc000 08:03 661171                     /usr/lib/x86_64-linux-gnu/libkrb5.so.3.3
7f1824aad000-7f1824aba000 r--p 000bc000 08:03 661171                     /usr/lib/x86_64-linux-gnu/libkrb5.so.3.3
7f1824aba000-7f1824abc000 rw-p 000c9000 08:03 661171                     /usr/lib/x86_64-linux-gnu/libkrb5.so.3.3
7f1824abc000-7f1824ac1000 r-xp 00000000 08:03 661665                     /usr/lib/x86_64-linux-gnu/libXdmcp.so.6.0.0
7f1824ac1000-7f1824cc0000 ---p 00005000 08:03 661665                     /usr/lib/x86_64-linux-gnu/libXdmcp.so.6.0.0
7f1824cc0000-7f1824cc1000 r--p 00004000 08:03 661665                     /usr/lib/x86_64-linux-gnu/libXdmcp.so.6.0.0
7f1824cc1000-7f1824cc2000 rw-p 00005000 08:03 661665                     /usr/lib/x86_64-linux-gnu/libXdmcp.so.6.0.0
7f1824cc2000-7f1824cc4000 r-xp 00000000 08:03 661654                     /usr/lib/x86_64-linux-gnu/libXau.so.6.0.0
7f1824cc4000-7f1824ec4000 ---p 00002000 08:03 661654                     /usr/lib/x86_64-linux-gnu/libXau.so.6.0.0
7f1824ec4000-7f1824ec5000 r--p 00002000 08:03 661654                     /usr/lib/x86_64-linux-gnu/libXau.so.6.0.0
7f1824ec5000-7f1824ec6000 rw-p 00003000 08:03 661654                     /usr/lib/x86_64-linux-gnu/libXau.so.6.0.0
7f1824ec6000-7f1824ecd000 r-xp 00000000 08:03 661932                     /usr/lib/x86_64-linux-gnu/libffi.so.6.0.1
7f1824ecd000-7f18250cc000 ---p 00007000 08:03 661932                     /usr/lib/x86_64-linux-gnu/libffi.so.6.0.1
7f18250cc000-7f18250cd000 r--p 00006000 08:03 661932                     /usr/lib/x86_64-linux-gnu/libffi.so.6.0.1
7f18250cd000-7f18250ce000 rw-p 00007000 08:03 661932                     /usr/lib/x86_64-linux-gnu/libffi.so.6.0.1
7f18250ce000-7f18250e5000 r-xp 00000000 08:03 264763                     /lib/x86_64-linux-gnu/libresolv-2.19.so
7f18250e5000-7f18252e5000 ---p 00017000 08:03 264763                     /lib/x86_64-linux-gnu/libresolv-2.19.so
7f18252e5000-7f18252e6000 r--p 00017000 08:03 264763                     /lib/x86_64-linux-gnu/libresolv-2.19.so
7f18252e6000-7f18252e7000 rw-p 00018000 08:03 264763                     /lib/x86_64-linux-gnu/libresolv-2.19.so
7f18252e7000-7f18252e9000 rw-p 00000000 00:00 0 
7f18252e9000-7f1825309000 r-xp 00000000 08:03 264838                     /lib/x86_64-linux-gnu/libselinux.so.1
7f1825309000-7f1825508000 ---p 00020000 08:03 264838                     /lib/x86_64-linux-gnu/libselinux.so.1
7f1825508000-7f1825509000 r--p 0001f000 08:03 264838                     /lib/x86_64-linux-gnu/libselinux.so.1
7f1825509000-7f182550a000 rw-p 00020000 08:03 264838                     /lib/x86_64-linux-gnu/libselinux.so.1
7f182550a000-7f182550c000 rw-p 00000000 00:00 0 
7f182550c000-7f1825612000 r-xp 00000000 08:03 274761                     /lib/x86_64-linux-gnu/libglib-2.0.so.0.4002.0
7f1825612000-7f1825811000 ---p 00106000 08:03 274761                     /lib/x86_64-linux-gnu/libglib-2.0.so.0.4002.0
7f1825811000-7f1825812000 r--p 00105000 08:03 274761                     /lib/x86_64-linux-gnu/libglib-2.0.so.0.4002.0
7f1825812000-7f1825813000 rw-p 00106000 08:03 274761                     /lib/x86_64-linux-gnu/libglib-2.0.so.0.4002.0
7f1825813000-7f1825814000 rw-p 00000000 00:00 0 
7f1825814000-7f1825817000 r-xp 00000000 08:03 651823                     /usr/lib/x86_64-linux-gnu/libgmodule-2.0.so.0.4002.0
7f1825817000-7f1825a16000 ---p 00003000 08:03 651823                     /usr/lib/x86_64-linux-gnu/libgmodule-2.0.so.0.4002.0
7f1825a16000-7f1825a17000 r--p 00002000 08:03 651823                     /usr/lib/x86_64-linux-gnu/libgmodule-2.0.so.0.4002.0
7f1825a17000-7f1825a18000 rw-p 00003000 08:03 651823                     /usr/lib/x86_64-linux-gnu/libgmodule-2.0.so.0.4002.0
7f1825a18000-7f1825a3f000 r-xp 00000000 08:03 264821                     /lib/x86_64-linux-gnu/libexpat.so.1.6.0
7f1825a3f000-7f1825c3f000 ---p 00027000 08:03 264821                     /lib/x86_64-linux-gnu/libexpat.so.1.6.0
7f1825c3f000-7f1825c41000 r--p 00027000 08:03 264821                     /lib/x86_64-linux-gnu/libexpat.so.1.6.0
7f1825c41000-7f1825c42000 rw-p 00029000 08:03 264821                     /lib/x86_64-linux-gnu/libexpat.so.1.6.0
7f1825c42000-7f1825cdf000 r-xp 00000000 08:03 693442                     /usr/lib/x86_64-linux-gnu/libfreetype.so.6.11.1
7f1825cdf000-7f1825ede000 ---p 0009d000 08:03 693442                     /usr/lib/x86_64-linux-gnu/libfreetype.so.6.11.1
7f1825ede000-7f1825ee4000 r--p 0009c000 08:03 693442                     /usr/lib/x86_64-linux-gnu/libfreetype.so.6.11.1
7f1825ee4000-7f1825ee5000 rw-p 000a2000 08:03 693442                     /usr/lib/x86_64-linux-gnu/libfreetype.so.6.11.1
7f1825ee5000-7f1825ef4000 r-xp 00000000 08:03 661758                     /usr/lib/x86_64-linux-gnu/libavahi-client.so.3.2.9
7f1825ef4000-7f18260f4000 ---p 0000f000 08:03 661758                     /usr/lib/x86_64-linux-gnu/libavahi-client.so.3.2.9
7f18260f4000-7f18260f5000 r--p 0000f000 08:03 661758                     /usr/lib/x86_64-linux-gnu/libavahi-client.so.3.2.9
7f18260f5000-7f18260f6000 rw-p 00010000 08:03 661758                     /usr/lib/x86_64-linux-gnu/libavahi-client.so.3.2.9
7f18260f6000-7f1826101000 r-xp 00000000 08:03 661760                     /usr/lib/x86_64-linux-gnu/libavahi-common.so.3.5.3
7f1826101000-7f1826300000 ---p 0000b000 08:03 661760                     /usr/lib/x86_64-linux-gnu/libavahi-common.so.3.5.3
7f1826300000-7f1826301000 r--p 0000a000 08:03 661760                     /usr/lib/x86_64-linux-gnu/libavahi-common.so.3.5.3
7f1826301000-7f1826302000 rw-p 0000b000 08:03 661760                     /usr/lib/x86_64-linux-gnu/libavahi-common.so.3.5.3
7f1826302000-7f18263b8000 r-xp 00000000 08:03 679970                     /usr/lib/x86_64-linux-gnu/libgnutls.so.26.22.6
7f18263b8000-7f18265b8000 ---p 000b6000 08:03 679970                     /usr/lib/x86_64-linux-gnu/libgnutls.so.26.22.6
7f18265b8000-7f18265be000 r--p 000b6000 08:03 679970                     /usr/lib/x86_64-linux-gnu/libgnutls.so.26.22.6
7f18265be000-7f18265bf000 rw-p 000bc000 08:03 679970                     /usr/lib/x86_64-linux-gnu/libgnutls.so.26.22.6
7f18265bf000-7f18265c0000 rw-p 00000000 00:00 0 
7f18265c0000-7f1826603000 r-xp 00000000 08:03 660101                     /usr/lib/x86_64-linux-gnu/libgssapi_krb5.so.2.2
7f1826603000-7f1826803000 ---p 00043000 08:03 660101                     /usr/lib/x86_64-linux-gnu/libgssapi_krb5.so.2.2
7f1826803000-7f1826804000 r--p 00043000 08:03 660101                     /usr/lib/x86_64-linux-gnu/libgssapi_krb5.so.2.2
7f1826804000-7f1826806000 rw-p 00044000 08:03 660101                     /usr/lib/x86_64-linux-gnu/libgssapi_krb5.so.2.2
7f1826806000-7f1826823000 r-xp 00000000 08:03 662722                     /usr/lib/x86_64-linux-gnu/libxcb.so.1.1.0
7f1826823000-7f1826a23000 ---p 0001d000 08:03 662722                     /usr/lib/x86_64-linux-gnu/libxcb.so.1.1.0
7f1826a23000-7f1826a24000 r--p 0001d000 08:03 662722                     /usr/lib/x86_64-linux-gnu/libxcb.so.1.1.0
7f1826a24000-7f1826a25000 rw-p 0001e000 08:03 662722                     /usr/lib/x86_64-linux-gnu/libxcb.so.1.1.0
7f1826a25000-7f1826a74000 r-xp 00000000 08:03 651824                     /usr/lib/x86_64-linux-gnu/libgobject-2.0.so.0.4002.0
7f1826a74000-7f1826c74000 ---p 0004f000 08:03 651824                     /usr/lib/x86_64-linux-gnu/libgobject-2.0.so.0.4002.0
7f1826c74000-7f1826c75000 r--p 0004f000 08:03 651824                     /usr/lib/x86_64-linux-gnu/libgobject-2.0.so.0.4002.0
7f1826c75000-7f1826c76000 rw-p 00050000 08:03 651824                     /usr/lib/x86_64-linux-gnu/libgobject-2.0.so.0.4002.0
7f1826c76000-7f1826de2000 r-xp 00000000 08:03 651826                     /usr/lib/x86_64-linux-gnu/libgio-2.0.so.0.4002.0
7f1826de2000-7f1826fe1000 ---p 0016c000 08:03 651826                     /usr/lib/x86_64-linux-gnu/libgio-2.0.so.0.4002.0
7f1826fe1000-7f1826fe5000 r--p 0016b000 08:03 651826                     /usr/lib/x86_64-linux-gnu/libgio-2.0.so.0.4002.0
7f1826fe5000-7f1826fe7000 rw-p 0016f000 08:03 651826                     /usr/lib/x86_64-linux-gnu/libgio-2.0.so.0.4002.0
7f1826fe7000-7f1826fe9000 rw-p 00000000 00:00 0 
7f1826fe9000-7f1827023000 r-xp 00000000 08:03 652565                     /usr/lib/x86_64-linux-gnu/libfontconfig.so.1.8.0
7f1827023000-7f1827222000 ---p 0003a000 08:03 652565                     /usr/lib/x86_64-linux-gnu/libfontconfig.so.1.8.0
7f1827222000-7f1827224000 r--p 00039000 08:03 652565                     /usr/lib/x86_64-linux-gnu/libfontconfig.so.1.8.0
7f1827224000-7f1827225000 rw-p 0003b000 08:03 652565                     /usr/lib/x86_64-linux-gnu/libfontconfig.so.1.8.0
7f1827225000-7f1827291000 r-xp 00000000 08:03 654166                     /usr/lib/x86_64-linux-gnu/libcups.so.2
7f1827291000-7f1827491000 ---p 0006c000 08:03 654166                     /usr/lib/x86_64-linux-gnu/libcups.so.2
7f1827491000-7f1827498000 r--p 0006c000 08:03 654166                     /usr/lib/x86_64-linux-gnu/libcups.so.2
7f1827498000-7f1827499000 rw-p 00073000 08:03 654166                     /usr/lib/x86_64-linux-gnu/libcups.so.2
7f1827499000-7f18274a8000 r-xp 00000000 08:03 663953                     /usr/lib/x86_64-linux-gnu/libXi.so.6.1.0
7f18274a8000-7f18276a7000 ---p 0000f000 08:03 663953                     /usr/lib/x86_64-linux-gnu/libXi.so.6.1.0
7f18276a7000-7f18276a8000 r--p 0000e000 08:03 663953                     /usr/lib/x86_64-linux-gnu/libXi.so.6.1.0
7f18276a8000-7f18276a9000 rw-p 0000f000 08:03 663953                     /usr/lib/x86_64-linux-gnu/libXi.so.6.1.0
7f18276a9000-7f18276ae000 r-xp 00000000 08:03 661695                     /usr/lib/x86_64-linux-gnu/libXtst.so.6.1.0
7f18276ae000-7f18278ad000 ---p 00005000 08:03 661695                     /usr/lib/x86_64-linux-gnu/libXtst.so.6.1.0
7f18278ad000-7f18278ae000 r--p 00004000 08:03 661695                     /usr/lib/x86_64-linux-gnu/libXtst.so.6.1.0
7f18278ae000-7f18278af000 rw-p 00005000 08:03 661695                     /usr/lib/x86_64-linux-gnu/libXtst.so.6.1.0
7f18278af000-7f18278b8000 r-xp 00000000 08:03 666943                     /usr/lib/x86_64-linux-gnu/libXrender.so.1.3.0
7f18278b8000-7f1827ab7000 ---p 00009000 08:03 666943                     /usr/lib/x86_64-linux-gnu/libXrender.so.1.3.0
7f1827ab7000-7f1827ab8000 r--p 00008000 08:03 666943                     /usr/lib/x86_64-linux-gnu/libXrender.so.1.3.0
7f1827ab8000-7f1827ab9000 rw-p 00009000 08:03 666943                     /usr/lib/x86_64-linux-gnu/libXrender.so.1.3.0
7f1827ab9000-7f1827be9000 r-xp 00000000 08:03 661650                     /usr/lib/x86_64-linux-gnu/libX11.so.6.3.0
7f1827be9000-7f1827de9000 ---p 00130000 08:03 661650                     /usr/lib/x86_64-linux-gnu/libX11.so.6.3.0
7f1827de9000-7f1827dea000 r--p 00130000 08:03 661650                     /usr/lib/x86_64-linux-gnu/libX11.so.6.3.0
7f1827dea000-7f1827dee000 rw-p 00131000 08:03 661650                     /usr/lib/x86_64-linux-gnu/libX11.so.6.3.0
7f1827dee000-7f1827dff000 r-xp 00000000 08:03 659453                     /usr/lib/x86_64-linux-gnu/libXext.so.6.4.0
7f1827dff000-7f1827ffe000 ---p 00011000 08:03 659453                     /usr/lib/x86_64-linux-gnu/libXext.so.6.4.0
7f1827ffe000-7f1827fff000 r--p 00010000 08:03 659453                     /usr/lib/x86_64-linux-gnu/libXext.so.6.4.0
7f1827fff000-7f1828000000 rw-p 00011000 08:03 659453                     /usr/lib/x86_64-linux-gnu/libXext.so.6.4.0
7f1828000000-7f18281df000 rw-p 00000000 00:00 0 
7f18281df000-7f182c000000 ---p 00000000 00:00 0 
7f182c000000-7f182c021000 rw-p 00000000 00:00 0 
7f182c021000-7f1830000000 ---p 00000000 00:00 0 
7f1830000000-7f1830021000 rw-p 00000000 00:00 0 
7f1830021000-7f1834000000 ---p 00000000 00:00 0 
7f1834000000-7f1834252000 rw-p 00000000 00:00 0 
7f1834252000-7f1838000000 ---p 00000000 00:00 0 
7f1838000000-7f1838021000 rw-p 00000000 00:00 0 
7f1838021000-7f183c000000 ---p 00000000 00:00 0 
7f183c000000-7f183c021000 rw-p 00000000 00:00 0 
7f183c021000-7f1840000000 ---p 00000000 00:00 0 
7f1840000000-7f1840021000 rw-p 00000000 00:00 0 
7f1840021000-7f1844000000 ---p 00000000 00:00 0 
7f1844000000-7f1844021000 rw-p 00000000 00:00 0 
7f1844021000-7f1848000000 ---p 00000000 00:00 0 
7f1848000000-7f1848021000 rw-p 00000000 00:00 0 
7f1848021000-7f184c000000 ---p 00000000 00:00 0 
7f184c000000-7f184c021000 rw-p 00000000 00:00 0 
7f184c021000-7f1850000000 ---p 00000000 00:00 0 
7f1850000000-7f1850021000 rw-p 00000000 00:00 0 
7f1850021000-7f1854000000 ---p 00000000 00:00 0 
7f1854041000-7f1854072000 rw-p 00000000 00:00 0 
7f1854072000-7f1854075000 ---p 00000000 00:00 0 
7f1854075000-7f1854173000 rw-p 00000000 00:00 0                          [stack:7850]
7f1854173000-7f185417d000 r--s 000ae000 08:03 827151                     /usr/lib/jvm/java-7-openjdk-amd64/jre/lib/resources.jar
7f185417d000-7f1854184000 r--s 00000000 08:03 791290                     /usr/lib/x86_64-linux-gnu/gconv/gconv-modules.cache
7f1854184000-7f18541a9000 r--p 00000000 08:03 158814                     /usr/share/locale-langpack/pl/LC_MESSAGES/libc.mo
7f18541a9000-7f18541f1000 r-xp 00000000 08:03 274795                     /usr/lib/jvm/java-7-openjdk-amd64/jre/lib/amd64/xawt/libmawt.so
7f18541f1000-7f18543f0000 ---p 00048000 08:03 274795                     /usr/lib/jvm/java-7-openjdk-amd64/jre/lib/amd64/xawt/libmawt.so
7f18543f0000-7f18543f1000 r--p 00047000 08:03 274795                     /usr/lib/jvm/java-7-openjdk-amd64/jre/lib/amd64/xawt/libmawt.so
7f18543f1000-7f18543f4000 rw-p 00048000 08:03 274795                     /usr/lib/jvm/java-7-openjdk-amd64/jre/lib/amd64/xawt/libmawt.so
7f18543f4000-7f18543f5000 rw-p 00000000 00:00 0 
7f18543f5000-7f1854495000 r-xp 00000000 08:03 827154                     /usr/lib/jvm/java-7-openjdk-amd64/jre/lib/amd64/libawt.so
7f1854495000-7f1854695000 ---p 000a0000 08:03 827154                     /usr/lib/jvm/java-7-openjdk-amd64/jre/lib/amd64/libawt.so
7f1854695000-7f1854696000 r--p 000a0000 08:03 827154                     /usr/lib/jvm/java-7-openjdk-amd64/jre/lib/amd64/libawt.so
7f1854696000-7f18546a1000 rw-p 000a1000 08:03 827154                     /usr/lib/jvm/java-7-openjdk-amd64/jre/lib/amd64/libawt.so
7f18546a1000-7f18546c6000 rw-p 00000000 00:00 0 
7f18546c6000-7f18546c7000 ---p 00000000 00:00 0 
7f18546c7000-7f18547c7000 rw-p 00000000 00:00 0                          [stack:7849]
7f18547c7000-7f18547ca000 ---p 00000000 00:00 0 
7f18547ca000-7f18548c8000 rw-p 00000000 00:00 0                          [stack:7848]
7f18548c8000-7f18548cb000 ---p 00000000 00:00 0 
7f18548cb000-7f18549c9000 rw-p 00000000 00:00 0                          [stack:7847]
7f18549c9000-7f18549cc000 ---p 00000000 00:00 0 
7f18549cc000-7f1854aca000 rw-p 00000000 00:00 0                          [stack:7846]
7f1854aca000-7f1854acd000 ---p 00000000 00:00 0 
7f1854acd000-7f1854bcb000 rw-p 00000000 00:00 0                          [stack:7845]
7f1854bcb000-7f18553de000 r--p 00000000 08:03 658465                     /usr/lib/locale/locale-archive
7f18553de000-7f18553e1000 ---p 00000000 00:00 0 
7f18553e1000-7f18554df000 rw-p 00000000 00:00 0                          [stack:7844]
7f18554df000-7f18554e2000 ---p 00000000 00:00 0 
7f18554e2000-7f18555e0000 rw-p 00000000 00:00 0                          [stack:7843]
7f18555e0000-7f18555e1000 ---p 00000000 00:00 0 
7f18555e1000-7f1856674000 rw-p 00000000 00:00 0                          [stack:7842]
7f1856674000-7f1856825000 r--s 01d27000 08:03 827184                     /usr/lib/jvm/java-7-openjdk-amd64/jre/lib/rt.jar
7f1856825000-7f1858dfe000 rw-p 00000000 00:00 0 
7f1858dfe000-7f1858dff000 ---p 00000000 00:00 0 
7f1858dff000-7f1858eff000 rw-p 00000000 00:00 0                          [stack:7839]
7f1858eff000-7f1858f00000 ---p 00000000 00:00 0 
7f1858f00000-7f1859000000 rw-p 00000000 00:00 0                          [stack:7837]
7f1859000000-7f1859270000 rwxp 00000000 00:00 0 
7f1859270000-7f185c2cd000 rw-p 00000000 00:00 0 
7f185c2cd000-7f1860000000 ---p 00000000 00:00 0 
7f1860000000-7f186000a000 r--s 00203000 08:03 827148                     /usr/lib/jvm/java-7-openjdk-amd64/jre/lib/charsets.jar
7f186000a000-7f18600f7000 rw-p 00000000 00:00 0 
7f18600f7000-7f18600f8000 ---p 00000000 00:00 0 
7f18600f8000-7f18601f8000 rw-p 00000000 00:00 0                          [stack:7836]
7f18601f8000-7f18601f9000 ---p 00000000 00:00 0 
7f18601f9000-7f1860304000 rw-p 00000000 00:00 0                          [stack:7835]
7f1860304000-7f186034c000 rw-p 00000000 00:00 0 
7f186034c000-7f1860360000 rw-p 00000000 00:00 0 
7f1860360000-7f186048c000 rw-p 00000000 00:00 0 
7f186048c000-7f1860497000 rw-p 00000000 00:00 0 
7f1860497000-7f18604df000 rw-p 00000000 00:00 0 
7f18604df000-7f18604f3000 rw-p 00000000 00:00 0 
7f18604f3000-7f186061f000 rw-p 00000000 00:00 0 
7f186061f000-7f186065f000 rw-p 00000000 00:00 0 
7f186065f000-7f18606bf000 rw-p 00000000 00:00 0 
7f18606bf000-7f18606c0000 rw-p 00000000 00:00 0 
7f18606c0000-7f18606c8000 r-xp 00000000 08:03 827164                     /usr/lib/jvm/java-7-openjdk-amd64/jre/lib/amd64/libzip.so
7f18606c8000-7f18608c7000 ---p 00008000 08:03 827164                     /usr/lib/jvm/java-7-openjdk-amd64/jre/lib/amd64/libzip.so
7f18608c7000-7f18608c8000 r--p 00007000 08:03 827164                     /usr/lib/jvm/java-7-openjdk-amd64/jre/lib/amd64/libzip.so
7f18608c8000-7f18608c9000 rw-p 00008000 08:03 827164                     /usr/lib/jvm/java-7-openjdk-amd64/jre/lib/amd64/libzip.so
7f18608c9000-7f18608d4000 r-xp 00000000 08:03 264778                     /lib/x86_64-linux-gnu/libnss_files-2.19.so
7f18608d4000-7f1860ad3000 ---p 0000b000 08:03 264778                     /lib/x86_64-linux-gnu/libnss_files-2.19.so
7f1860ad3000-7f1860ad4000 r--p 0000a000 08:03 264778                     /lib/x86_64-linux-gnu/libnss_files-2.19.so
7f1860ad4000-7f1860ad5000 rw-p 0000b000 08:03 264778                     /lib/x86_64-linux-gnu/libnss_files-2.19.so
7f1860ad5000-7f1860ae0000 r-xp 00000000 08:03 276097                     /lib/x86_64-linux-gnu/libnss_nis-2.19.so
7f1860ae0000-7f1860cdf000 ---p 0000b000 08:03 276097                     /lib/x86_64-linux-gnu/libnss_nis-2.19.so
7f1860cdf000-7f1860ce0000 r--p 0000a000 08:03 276097                     /lib/x86_64-linux-gnu/libnss_nis-2.19.so
7f1860ce0000-7f1860ce1000 rw-p 0000b000 08:03 276097                     /lib/x86_64-linux-gnu/libnss_nis-2.19.so
7f1860ce1000-7f1860cf8000 r-xp 00000000 08:03 269768                     /lib/x86_64-linux-gnu/libnsl-2.19.so
7f1860cf8000-7f1860ef7000 ---p 00017000 08:03 269768                     /lib/x86_64-linux-gnu/libnsl-2.19.so
7f1860ef7000-7f1860ef8000 r--p 00016000 08:03 269768                     /lib/x86_64-linux-gnu/libnsl-2.19.so
7f1860ef8000-7f1860ef9000 rw-p 00017000 08:03 269768                     /lib/x86_64-linux-gnu/libnsl-2.19.so
7f1860ef9000-7f1860efb000 rw-p 00000000 00:00 0 
7f1860efb000-7f1860f04000 r-xp 00000000 08:03 268171                     /lib/x86_64-linux-gnu/libnss_compat-2.19.so
7f1860f04000-7f1861103000 ---p 00009000 08:03 268171                     /lib/x86_64-linux-gnu/libnss_compat-2.19.so
7f1861103000-7f1861104000 r--p 00008000 08:03 268171                     /lib/x86_64-linux-gnu/libnss_compat-2.19.so
7f1861104000-7f1861105000 rw-p 00009000 08:03 268171                     /lib/x86_64-linux-gnu/libnss_compat-2.19.so
7f1861105000-7f1861130000 r-xp 00000000 08:03 827179                     /usr/lib/jvm/java-7-openjdk-amd64/jre/lib/amd64/libjava.so
7f1861130000-7f1861330000 ---p 0002b000 08:03 827179                     /usr/lib/jvm/java-7-openjdk-amd64/jre/lib/amd64/libjava.so
7f1861330000-7f1861331000 r--p 0002b000 08:03 827179                     /usr/lib/jvm/java-7-openjdk-amd64/jre/lib/amd64/libjava.so
7f1861331000-7f1861333000 rw-p 0002c000 08:03 827179                     /usr/lib/jvm/java-7-openjdk-amd64/jre/lib/amd64/libjava.so
7f1861333000-7f1861343000 r-xp 00000000 08:03 827176                     /usr/lib/jvm/java-7-openjdk-amd64/jre/lib/amd64/libverify.so
7f1861343000-7f1861542000 ---p 00010000 08:03 827176                     /usr/lib/jvm/java-7-openjdk-amd64/jre/lib/amd64/libverify.so
7f1861542000-7f1861544000 r--p 0000f000 08:03 827176                     /usr/lib/jvm/java-7-openjdk-amd64/jre/lib/amd64/libverify.so
7f1861544000-7f1861545000 rw-p 00011000 08:03 827176                     /usr/lib/jvm/java-7-openjdk-amd64/jre/lib/amd64/libverify.so
7f1861545000-7f186154c000 r-xp 00000000 08:03 276085                     /lib/x86_64-linux-gnu/librt-2.19.so
7f186154c000-7f186174b000 ---p 00007000 08:03 276085                     /lib/x86_64-linux-gnu/librt-2.19.so
7f186174b000-7f186174c000 r--p 00006000 08:03 276085                     /lib/x86_64-linux-gnu/librt-2.19.so
7f186174c000-7f186174d000 rw-p 00007000 08:03 276085                     /lib/x86_64-linux-gnu/librt-2.19.so
7f186174d000-7f1861763000 r-xp 00000000 08:03 264776                     /lib/x86_64-linux-gnu/libgcc_s.so.1
7f1861763000-7f1861962000 ---p 00016000 08:03 264776                     /lib/x86_64-linux-gnu/libgcc_s.so.1
7f1861962000-7f1861963000 rw-p 00015000 08:03 264776                     /lib/x86_64-linux-gnu/libgcc_s.so.1
7f1861963000-7f1861a68000 r-xp 00000000 08:03 264768                     /lib/x86_64-linux-gnu/libm-2.19.so
7f1861a68000-7f1861c67000 ---p 00105000 08:03 264768                     /lib/x86_64-linux-gnu/libm-2.19.so
7f1861c67000-7f1861c68000 r--p 00104000 08:03 264768                     /lib/x86_64-linux-gnu/libm-2.19.so
7f1861c68000-7f1861c69000 rw-p 00105000 08:03 264768                     /lib/x86_64-linux-gnu/libm-2.19.so
7f1861c69000-7f1861d4f000 r-xp 00000000 08:03 662560                     /usr/lib/x86_64-linux-gnu/libstdc++.so.6.0.19
7f1861d4f000-7f1861f4e000 ---p 000e6000 08:03 662560                     /usr/lib/x86_64-linux-gnu/libstdc++.so.6.0.19
7f1861f4e000-7f1861f56000 r--p 000e5000 08:03 662560                     /usr/lib/x86_64-linux-gnu/libstdc++.so.6.0.19
7f1861f56000-7f1861f58000 rw-p 000ed000 08:03 662560                     /usr/lib/x86_64-linux-gnu/libstdc++.so.6.0.19
7f1861f58000-7f1861f6d000 rw-p 00000000 00:00 0 
7f1861f6d000-7f1862a85000 r-xp 00000000 08:03 333219                     /usr/lib/jvm/java-7-openjdk-amd64/jre/lib/amd64/server/libjvm.so
7f1862a85000-7f1862c85000 ---p 00b18000 08:03 333219                     /usr/lib/jvm/java-7-openjdk-amd64/jre/lib/amd64/server/libjvm.so
7f1862c85000-7f1862d1f000 r--p 00b18000 08:03 333219                     /usr/lib/jvm/java-7-openjdk-amd64/jre/lib/amd64/server/libjvm.so
7f1862d1f000-7f1862d42000 rw-p 00bb2000 08:03 333219                     /usr/lib/jvm/java-7-openjdk-amd64/jre/lib/amd64/server/libjvm.so
7f1862d42000-7f1862d70000 rw-p 00000000 00:00 0 
7f1862d70000-7f1862d88000 r-xp 00000000 08:03 264962                     /lib/x86_64-linux-gnu/libz.so.1.2.8
7f1862d88000-7f1862f87000 ---p 00018000 08:03 264962                     /lib/x86_64-linux-gnu/libz.so.1.2.8
7f1862f87000-7f1862f88000 r--p 00017000 08:03 264962                     /lib/x86_64-linux-gnu/libz.so.1.2.8
7f1862f88000-7f1862f89000 rw-p 00018000 08:03 264962                     /lib/x86_64-linux-gnu/libz.so.1.2.8
7f1862f89000-7f1862fa2000 r-xp 00000000 08:03 276077                     /lib/x86_64-linux-gnu/libpthread-2.19.so
7f1862fa2000-7f18631a1000 ---p 00019000 08:03 276077                     /lib/x86_64-linux-gnu/libpthread-2.19.so
7f18631a1000-7f18631a2000 r--p 00018000 08:03 276077                     /lib/x86_64-linux-gnu/libpthread-2.19.so
7f18631a2000-7f18631a3000 rw-p 00019000 08:03 276077                     /lib/x86_64-linux-gnu/libpthread-2.19.so
7f18631a3000-7f18631a7000 rw-p 00000000 00:00 0 
7f18631a7000-7f18631aa000 r-xp 00000000 08:03 265545                     /lib/x86_64-linux-gnu/libdl-2.19.so
7f18631aa000-7f18633a9000 ---p 00003000 08:03 265545                     /lib/x86_64-linux-gnu/libdl-2.19.so
7f18633a9000-7f18633aa000 r--p 00002000 08:03 265545                     /lib/x86_64-linux-gnu/libdl-2.19.so
7f18633aa000-7f18633ab000 rw-p 00003000 08:03 265545                     /lib/x86_64-linux-gnu/libdl-2.19.so
7f18633ab000-7f1863566000 r-xp 00000000 08:03 276073                     /lib/x86_64-linux-gnu/libc-2.19.so
7f1863566000-7f1863765000 ---p 001bb000 08:03 276073                     /lib/x86_64-linux-gnu/libc-2.19.so
7f1863765000-7f1863769000 r--p 001ba000 08:03 276073                     /lib/x86_64-linux-gnu/libc-2.19.so
7f1863769000-7f186376b000 rw-p 001be000 08:03 276073                     /lib/x86_64-linux-gnu/libc-2.19.so
7f186376b000-7f1863770000 rw-p 00000000 00:00 0 
7f1863770000-7f186377d000 r-xp 00000000 08:03 333216                     /usr/lib/jvm/java-7-openjdk-amd64/jre/lib/amd64/jli/libjli.so
7f186377d000-7f186397c000 ---p 0000d000 08:03 333216                     /usr/lib/jvm/java-7-openjdk-amd64/jre/lib/amd64/jli/libjli.so
7f186397c000-7f186397d000 r--p 0000c000 08:03 333216                     /usr/lib/jvm/java-7-openjdk-amd64/jre/lib/amd64/jli/libjli.so
7f186397d000-7f186397e000 rw-p 0000d000 08:03 333216                     /usr/lib/jvm/java-7-openjdk-amd64/jre/lib/amd64/jli/libjli.so
7f186397e000-7f18639a1000 r-xp 00000000 08:03 269800                     /lib/x86_64-linux-gnu/ld-2.19.so
7f18639a4000-7f18639c5000 rw-p 00000000 00:00 0 
7f18639c5000-7f1863a7b000 rw-p 00000000 00:00 0 
7f1863a7b000-7f1863a7e000 ---p 00000000 00:00 0 
7f1863a7e000-7f1863b81000 rw-p 00000000 00:00 0                          [stack:7833]
7f1863b81000-7f1863b85000 r--s 00034000 08:03 333227                     /usr/lib/jvm/java-7-openjdk-amd64/jre/lib/ext/sunjce_provider.jar
7f1863b85000-7f1863b88000 r--s 0000f000 08:03 333221                     /usr/lib/jvm/java-7-openjdk-amd64/jre/lib/ext/icedtea-sound.jar
7f1863b88000-7f1863b8c000 r--s 0003c000 08:03 333224                     /usr/lib/jvm/java-7-openjdk-amd64/jre/lib/ext/sunpkcs11.jar
7f1863b8c000-7f1863b8f000 r--s 00086000 08:03 333225                     /usr/lib/jvm/java-7-openjdk-amd64/jre/lib/ext/localedata.jar
7f1863b8f000-7f1863b90000 r--s 00002000 08:03 333223                     /usr/lib/jvm/java-7-openjdk-amd64/jre/lib/ext/dnsns.jar
7f1863b90000-7f1863b92000 r--s 00012000 08:03 333228                     /usr/lib/jvm/java-7-openjdk-amd64/jre/lib/ext/zipfs.jar
7f1863b92000-7f1863b94000 r--s 00006000 08:03 5219                       /usr/share/java/java-atk-wrapper.jar
7f1863b94000-7f1863b9c000 rw-s 00000000 08:03 554958                     /tmp/hsperfdata_super_marcin/7831
7f1863b9c000-7f1863b9d000 rw-p 00000000 00:00 0 
7f1863b9d000-7f1863b9e000 ---p 00000000 00:00 0 
7f1863b9e000-7f1863ba0000 rw-p 00000000 00:00 0 
7f1863ba0000-7f1863ba1000 r--p 00022000 08:03 269800                     /lib/x86_64-linux-gnu/ld-2.19.so
7f1863ba1000-7f1863ba2000 rw-p 00023000 08:03 269800                     /lib/x86_64-linux-gnu/ld-2.19.so
7f1863ba2000-7f1863ba3000 rw-p 00000000 00:00 0 
7fff1ddb9000-7fff1ddda000 rw-p 00000000 00:00 0                          [stack]
7fff1dde9000-7fff1ddeb000 r-xp 00000000 00:00 0                          [vdso]
ffffffffff600000-ffffffffff601000 r-xp 00000000 00:00 0                  [vsyscall]

VM Arguments:
jvm_args: -Dfile.encoding=UTF-8 
java_command: pl.super_marcin.life.Uruchom
Launcher Type: SUN_STANDARD

Environment Variables:
PATH=/usr/local/sbin:/usr/local/bin:/usr/sbin:/usr/bin:/sbin:/bin:/usr/games:/usr/local/games
SHELL=/bin/bash
DISPLAY=:0

Signal Handlers:
SIGSEGV: [libjvm.so+0x94b9a0], sa_mask[0]=0x7ffbfeff, sa_flags=0x10000004
SIGBUS: [libjvm.so+0x94b9a0], sa_mask[0]=0x7ffbfeff, sa_flags=0x10000004
SIGFPE: [libjvm.so+0x7c3880], sa_mask[0]=0x7ffbfeff, sa_flags=0x10000004
SIGPIPE: [libjvm.so+0x7c3880], sa_mask[0]=0x7ffbfeff, sa_flags=0x10000004
SIGXFSZ: [libjvm.so+0x7c3880], sa_mask[0]=0x7ffbfeff, sa_flags=0x10000004
SIGILL: [libjvm.so+0x7c3880], sa_mask[0]=0x7ffbfeff, sa_flags=0x10000004
SIGUSR1: SIG_DFL, sa_mask[0]=0x00000000, sa_flags=0x00000000
SIGUSR2: [libjvm.so+0x7c3720], sa_mask[0]=0x00000004, sa_flags=0x10000004
SIGHUP: [libjvm.so+0x7c3900], sa_mask[0]=0x7ffbfeff, sa_flags=0x10000004
SIGINT: [libjvm.so+0x7c3900], sa_mask[0]=0x7ffbfeff, sa_flags=0x10000004
SIGTERM: [libjvm.so+0x7c3900], sa_mask[0]=0x7ffbfeff, sa_flags=0x10000004
SIGQUIT: [libjvm.so+0x7c3900], sa_mask[0]=0x7ffbfeff, sa_flags=0x10000004
SIGTRAP: SIG_DFL, sa_mask[0]=0x00000000, sa_flags=0x00000000


---------------  S Y S T E M  ---------------

OS:Ubuntu 14.04 (trusty)
uname:Linux 3.13.0-52-generic #86-Ubuntu SMP Mon May 4 04:32:59 UTC 2015 x86_64
libc:glibc 2.19 NPTL 2.19 
rlimit: STACK 8192k, CORE 0k, NPROC 30545, NOFILE 4096, AS infinity
load average:3,10 2,15 1,24

/proc/meminfo:
MemTotal:        3931388 kB
MemFree:           95620 kB
Buffers:             128 kB
Cached:           402984 kB
SwapCached:            0 kB
Active:          3269556 kB
Inactive:         396832 kB
Active(anon):    3266836 kB
Inactive(anon):   391836 kB
Active(file):       2720 kB
Inactive(file):     4996 kB
Unevictable:         164 kB
Mlocked:             164 kB
SwapTotal:             0 kB
SwapFree:              0 kB
Dirty:               744 kB
Writeback:             0 kB
AnonPages:       3263872 kB
Mapped:           112488 kB
Shmem:            394964 kB
Slab:              58856 kB
SReclaimable:      24220 kB
SUnreclaim:        34636 kB
KernelStack:        7776 kB
PageTables:        41292 kB
NFS_Unstable:          0 kB
Bounce:                0 kB
WritebackTmp:          0 kB
CommitLimit:     1965692 kB
Committed_AS:    8836216 kB
VmallocTotal:   34359738367 kB
VmallocUsed:      401768 kB
VmallocChunk:   34359315068 kB
HardwareCorrupted:     0 kB
AnonHugePages:   1781760 kB
HugePages_Total:       0
HugePages_Free:        0
HugePages_Rsvd:        0
HugePages_Surp:        0
Hugepagesize:       2048 kB
DirectMap4k:       98380 kB
DirectMap2M:     3979264 kB


CPU:total 4 (2 cores per cpu, 2 threads per core) family 6 model 58 stepping 9, cmov, cx8, fxsr, mmx, sse, sse2, sse3, ssse3, sse4.1, sse4.2, popcnt, avx, aes, erms, ht, tsc, tscinvbit, tscinv

/proc/cpuinfo:
processor	: 0
vendor_id	: GenuineIntel
cpu family	: 6
model		: 58
model name	: Intel(R) Core(TM) i5-3230M CPU @ 2.60GHz
stepping	: 9
microcode	: 0x15
cpu MHz		: 2601.000
cache size	: 3072 KB
physical id	: 0
siblings	: 4
core id		: 0
cpu cores	: 2
apicid		: 0
initial apicid	: 0
fpu		: yes
fpu_exception	: yes
cpuid level	: 13
wp		: yes
flags		: fpu vme de pse tsc msr pae mce cx8 apic sep mtrr pge mca cmov pat pse36 clflush dts acpi mmx fxsr sse sse2 ss ht tm pbe syscall nx rdtscp lm constant_tsc arch_perfmon pebs bts rep_good nopl xtopology nonstop_tsc aperfmperf eagerfpu pni pclmulqdq dtes64 monitor ds_cpl vmx est tm2 ssse3 cx16 xtpr pdcm pcid sse4_1 sse4_2 x2apic popcnt tsc_deadline_timer aes xsave avx f16c rdrand lahf_lm ida arat epb xsaveopt pln pts dtherm tpr_shadow vnmi flexpriority ept vpid fsgsbase smep erms
bogomips	: 5188.51
clflush size	: 64
cache_alignment	: 64
address sizes	: 36 bits physical, 48 bits virtual
power management:

processor	: 1
vendor_id	: GenuineIntel
cpu family	: 6
model		: 58
model name	: Intel(R) Core(TM) i5-3230M CPU @ 2.60GHz
stepping	: 9
microcode	: 0x15
cpu MHz		: 2601.000
cache size	: 3072 KB
physical id	: 0
siblings	: 4
core id		: 1
cpu cores	: 2
apicid		: 2
initial apicid	: 2
fpu		: yes
fpu_exception	: yes
cpuid level	: 13
wp		: yes
flags		: fpu vme de pse tsc msr pae mce cx8 apic sep mtrr pge mca cmov pat pse36 clflush dts acpi mmx fxsr sse sse2 ss ht tm pbe syscall nx rdtscp lm constant_tsc arch_perfmon pebs bts rep_good nopl xtopology nonstop_tsc aperfmperf eagerfpu pni pclmulqdq dtes64 monitor ds_cpl vmx est tm2 ssse3 cx16 xtpr pdcm pcid sse4_1 sse4_2 x2apic popcnt tsc_deadline_timer aes xsave avx f16c rdrand lahf_lm ida arat epb xsaveopt pln pts dtherm tpr_shadow vnmi flexpriority ept vpid fsgsbase smep erms
bogomips	: 5188.51
clflush size	: 64
cache_alignment	: 64
address sizes	: 36 bits physical, 48 bits virtual
power management:

processor	: 2
vendor_id	: GenuineIntel
cpu family	: 6
model		: 58
model name	: Intel(R) Core(TM) i5-3230M CPU @ 2.60GHz
stepping	: 9
microcode	: 0x15
cpu MHz		: 1200.000
cache size	: 3072 KB
physical id	: 0
siblings	: 4
core id		: 0
cpu cores	: 2
apicid		: 1
initial apicid	: 1
fpu		: yes
fpu_exception	: yes
cpuid level	: 13
wp		: yes
flags		: fpu vme de pse tsc msr pae mce cx8 apic sep mtrr pge mca cmov pat pse36 clflush dts acpi mmx fxsr sse sse2 ss ht tm pbe syscall nx rdtscp lm constant_tsc arch_perfmon pebs bts rep_good nopl xtopology nonstop_tsc aperfmperf eagerfpu pni pclmulqdq dtes64 monitor ds_cpl vmx est tm2 ssse3 cx16 xtpr pdcm pcid sse4_1 sse4_2 x2apic popcnt tsc_deadline_timer aes xsave avx f16c rdrand lahf_lm ida arat epb xsaveopt pln pts dtherm tpr_shadow vnmi flexpriority ept vpid fsgsbase smep erms
bogomips	: 5188.51
clflush size	: 64
cache_alignment	: 64
address sizes	: 36 bits physical, 48 bits virtual
power management:

processor	: 3
vendor_id	: GenuineIntel
cpu family	: 6
model		: 58
model name	: Intel(R) Core(TM) i5-3230M CPU @ 2.60GHz
stepping	: 9
microcode	: 0x15
cpu MHz		: 1200.000
cache size	: 3072 KB
physical id	: 0
siblings	: 4
core id		: 1
cpu cores	: 2
apicid		: 3
initial apicid	: 3
fpu		: yes
fpu_exception	: yes
cpuid level	: 13
wp		: yes
flags		: fpu vme de pse tsc msr pae mce cx8 apic sep mtrr pge mca cmov pat pse36 clflush dts acpi mmx fxsr sse sse2 ss ht tm pbe syscall nx rdtscp lm constant_tsc arch_perfmon pebs bts rep_good nopl xtopology nonstop_tsc aperfmperf eagerfpu pni pclmulqdq dtes64 monitor ds_cpl vmx est tm2 ssse3 cx16 xtpr pdcm pcid sse4_1 sse4_2 x2apic popcnt tsc_deadline_timer aes xsave avx f16c rdrand lahf_lm ida arat epb xsaveopt pln pts dtherm tpr_shadow vnmi flexpriority ept vpid fsgsbase smep erms
bogomips	: 5188.51
clflush size	: 64
cache_alignment	: 64
address sizes	: 36 bits physical, 48 bits virtual
power management:



Memory: 4k page, physical 3931388k(95620k free), swap 0k(0k free)

vm_info: OpenJDK 64-Bit Server VM (24.79-b02) for linux-amd64 JRE (1.7.0_79-b14), built on Apr 16 2015 08:21:58 by "buildd" with gcc 4.8.2

time: Tue May 19 10:25:00 2015
elapsed time: 11 seconds

