#
# There is insufficient memory for the Java Runtime Environment to continue.
# Native memory allocation (malloc) failed to allocate 76546048 bytes for committing reserved memory.
# Possible reasons:
#   The system is out of physical RAM or swap space
#   In 32 bit mode, the process size limit was hit
# Possible solutions:
#   Reduce memory load on the system
#   Increase physical memory or swap space
#   Check if swap backing store is full
#   Use 64 bit Java on a 64 bit OS
#   Decrease Java heap size (-Xmx/-Xms)
#   Decrease number of Java threads
#   Decrease Java thread stack sizes (-Xss)
#   Set larger code cache with -XX:ReservedCodeCacheSize=
# This output file may be truncated or incomplete.
#
#  Out of Memory Error (os_linux.cpp:2809), pid=7981, tid=140060154377984
#
# JRE version: OpenJDK Runtime Environment (7.0_79-b14) (build 1.7.0_79-b14)
# Java VM: OpenJDK 64-Bit Server VM (24.79-b02 mixed mode linux-amd64 compressed oops)
# Derivative: IcedTea 2.5.5
# Distribution: Ubuntu 14.04 LTS, package 7u79-2.5.5-0ubuntu0.14.04.2
# Failed to write core dump. Core dumps have been disabled. To enable core dumping, try "ulimit -c unlimited" before starting Java again
#

---------------  T H R E A D  ---------------

Current thread (0x00007f6254075800):  VMThread [stack: 0x00007f624bafb000,0x00007f624bbfc000] [id=7991]

Stack: [0x00007f624bafb000,0x00007f624bbfc000],  sp=0x00007f624bbfa490,  free space=1021k
Native frames: (J=compiled Java code, j=interpreted, Vv=VM code, C=native code)
V  [libjvm.so+0x94aec5]  VMError::report_and_die()+0x175
V  [libjvm.so+0x48b9c4]  report_vm_out_of_memory(char const*, int, unsigned long, char const*)+0x74
V  [libjvm.so+0x7c806b]  os::pd_commit_memory(char*, unsigned long, unsigned long, bool)+0xeb
V  [libjvm.so+0x7c2b0f]  os::commit_memory(char*, unsigned long, unsigned long, bool)+0x1f
V  [libjvm.so+0x83500b]  PSVirtualSpace::expand_by(unsigned long)+0x5b
V  [libjvm.so+0x835e60]  PSYoungGen::resize_generation(unsigned long, unsigned long)+0xb0
V  [libjvm.so+0x83654b]  PSYoungGen::resize(unsigned long, unsigned long)+0x1b
V  [libjvm.so+0x832830]  PSScavenge::invoke_no_policy()+0xde0
V  [libjvm.so+0x833008]  PSScavenge::invoke()+0x38
V  [libjvm.so+0x7e96f3]  ParallelScavengeHeap::failed_mem_allocate(unsigned long)+0x63
V  [libjvm.so+0x94c8c4]  VM_ParallelGCFailedAllocation::doit()+0x84
V  [libjvm.so+0x950dc7]  VM_Operation::evaluate()+0x47
V  [libjvm.so+0x94f738]  VMThread::evaluate_operation(VM_Operation*)+0x318
V  [libjvm.so+0x94fb99]  VMThread::loop()+0x219
V  [libjvm.so+0x94ffe2]  VMThread::run()+0x72
V  [libjvm.so+0x7c4f32]  java_start(Thread*)+0xf2

VM_Operation (0x00007f625e11e5d0): ParallelGCFailedAllocation, mode: safepoint, requested by thread 0x00007f625400a000


---------------  P R O C E S S  ---------------

Java Threads: ( => current thread )
  0x00007f620401d800 JavaThread "TimerQueue" daemon [_thread_blocked, id=8010, stack(0x00007f621867f000,0x00007f6218780000)]
  0x00007f625424d000 JavaThread "AWT-EventQueue-0" [_thread_blocked, id=8004, stack(0x00007f6218780000,0x00007f6218881000)]
  0x00007f625424b800 JavaThread "AWT-Shutdown" [_thread_blocked, id=8003, stack(0x00007f6218881000,0x00007f6218982000)]
  0x00007f62541e8000 JavaThread "AWT-XAWT" daemon [_thread_blocked, id=8002, stack(0x00007f6219001000,0x00007f6219102000)]
  0x00007f62541c7800 JavaThread "Java2D Disposer" daemon [_thread_blocked, id=8001, stack(0x00007f6219512000,0x00007f6219613000)]
  0x00007f62540ae800 JavaThread "Service Thread" daemon [_thread_blocked, id=7999, stack(0x00007f624ace2000,0x00007f624ade3000)]
  0x00007f62540ac000 JavaThread "C2 CompilerThread1" daemon [_thread_blocked, id=7998, stack(0x00007f624ade3000,0x00007f624aee4000)]
  0x00007f62540a9000 JavaThread "C2 CompilerThread0" daemon [_thread_blocked, id=7997, stack(0x00007f624aee4000,0x00007f624afe5000)]
  0x00007f62540a7000 JavaThread "Signal Dispatcher" daemon [_thread_blocked, id=7996, stack(0x00007f624afe5000,0x00007f624b0e6000)]
  0x00007f625407c000 JavaThread "Finalizer" daemon [_thread_blocked, id=7995, stack(0x00007f624b8f9000,0x00007f624b9fa000)]
  0x00007f625407a000 JavaThread "Reference Handler" daemon [_thread_blocked, id=7994, stack(0x00007f624b9fa000,0x00007f624bafb000)]
  0x00007f625400a000 JavaThread "main" [_thread_blocked, id=7986, stack(0x00007f625e01f000,0x00007f625e120000)]

Other Threads:
=>0x00007f6254075800 VMThread [stack: 0x00007f624bafb000,0x00007f624bbfc000] [id=7991]
  0x00007f62540b9000 WatcherThread [stack: 0x00007f624abe1000,0x00007f624ace2000] [id=8000]

VM state:at safepoint (normal execution)

VM Mutex/Monitor currently owned by a thread:  ([mutex/lock_event])
[0x00007f62540063a0] Threads_lock - owner thread: 0x00007f6254075800
[0x00007f62540068a0] Heap_lock - owner thread: 0x00007f625400a000

Heap
 PSYoungGen      total 125440K, used 96K [0x00000000ec000000, 0x00000000f3d00000, 0x0000000100000000)
  eden space 122880K, 0% used [0x00000000ec000000,0x00000000ec000000,0x00000000f3800000)
  from space 2560K, 3% used [0x00000000f3800000,0x00000000f3818000,0x00000000f3a80000)
  to   space 2560K, 0% used [0x00000000f3a80000,0x00000000f3a80000,0x00000000f3d00000)
 ParOldGen       total 40960K, used 1727K [0x00000000c4000000, 0x00000000c6800000, 0x00000000ec000000)
  object space 40960K, 4% used [0x00000000c4000000,0x00000000c41afec8,0x00000000c6800000)
 PSPermGen       total 21504K, used 12122K [0x00000000b9a00000, 0x00000000baf00000, 0x00000000c4000000)
  object space 21504K, 56% used [0x00000000b9a00000,0x00000000ba5d6ad8,0x00000000baf00000)

Card table byte_map: [0x00007f625aa30000,0x00007f625ac64000] byte_map_base: 0x00007f625a463000

Polling page: 0x00007f625e141000

Code Cache  [0x00007f6251000000, 0x00007f6251270000, 0x00007f6254000000)
 total_blobs=530 nmethods=68 adapters=416 free_code_cache=48510Kb largest_free_block=49649664

Compilation events (10 events):
Event: 7,129 Thread 0x00007f62540ac000 nmethod 64 0x00007f62510811d0 code [0x00007f6251081300, 0x00007f6251081338]
Event: 7,148 Thread 0x00007f62540a9000 nmethod 58% 0x00007f62510a3a10 code [0x00007f62510a3d60, 0x00007f62510a4f30]
Event: 7,201 Thread 0x00007f62540ac000   65             sun.util.logging.PlatformLogger$DefaultLoggerProxy::isLoggable (29 bytes)
Event: 7,203 Thread 0x00007f62540ac000 nmethod 65 0x00007f62510a21d0 code [0x00007f62510a2320, 0x00007f62510a23f8]
Event: 7,272 Thread 0x00007f62540a9000   66             java.util.IdentityHashMap::clear (39 bytes)
Event: 7,275 Thread 0x00007f62540a9000 nmethod 66 0x00007f62510a1ed0 code [0x00007f62510a2020, 0x00007f62510a2118]
Event: 7,447 Thread 0x00007f62540ac000   67             java.util.HashMap::indexFor (6 bytes)
Event: 7,447 Thread 0x00007f62540ac000 nmethod 67 0x00007f625108bd10 code [0x00007f625108be40, 0x00007f625108be78]
Event: 8,065 Thread 0x00007f62540ac000   68             java.util.IdentityHashMap$IdentityHashMapIterator::hasNext (50 bytes)
Event: 8,068 Thread 0x00007f62540ac000 nmethod 68 0x00007f62510a1b10 code [0x00007f62510a1c60, 0x00007f62510a1df8]

GC Heap History (10 events):
Event: 7,181 GC heap after
Heap after GC invocations=4 (full 0):
 PSYoungGen      total 33280K, used 1890K [0x00000000ec000000, 0x00000000ee300000, 0x0000000100000000)
  eden space 30720K, 0% used [0x00000000ec000000,0x00000000ec000000,0x00000000ede00000)
  from space 2560K, 73% used [0x00000000ee080000,0x00000000ee258830,0x00000000ee300000)
  to   space 2560K, 0% used [0x00000000ede00000,0x00000000ede00000,0x00000000ee080000)
 ParOldGen       total 40960K, used 16K [0x00000000c4000000, 0x00000000c6800000, 0x00000000ec000000)
  object space 40960K, 0% used [0x00000000c4000000,0x00000000c4004000,0x00000000c6800000)
 PSPermGen       total 21504K, used 12114K [0x00000000b9a00000, 0x00000000baf00000, 0x00000000c4000000)
  object space 21504K, 56% used [0x00000000b9a00000,0x00000000ba5d48d8,0x00000000baf00000)
}
Event: 7,289 GC heap before
{Heap before GC invocations=5 (full 0):
 PSYoungGen      total 33280K, used 32610K [0x00000000ec000000, 0x00000000ee300000, 0x0000000100000000)
  eden space 30720K, 100% used [0x00000000ec000000,0x00000000ede00000,0x00000000ede00000)
  from space 2560K, 73% used [0x00000000ee080000,0x00000000ee258830,0x00000000ee300000)
  to   space 2560K, 0% used [0x00000000ede00000,0x00000000ede00000,0x00000000ee080000)
 ParOldGen       total 40960K, used 16K [0x00000000c4000000, 0x00000000c6800000, 0x00000000ec000000)
  object space 40960K, 0% used [0x00000000c4000000,0x00000000c4004000,0x00000000c6800000)
 PSPermGen       total 21504K, used 12115K [0x00000000b9a00000, 0x00000000baf00000, 0x00000000c4000000)
  object space 21504K, 56% used [0x00000000b9a00000,0x00000000ba5d4ea8,0x00000000baf00000)
Event: 7,294 GC heap after
Heap after GC invocations=5 (full 0):
 PSYoungGen      total 33280K, used 1842K [0x00000000ec000000, 0x00000000f0000000, 0x0000000100000000)
  eden space 30720K, 0% used [0x00000000ec000000,0x00000000ec000000,0x00000000ede00000)
  from space 2560K, 71% used [0x00000000ede00000,0x00000000edfcc840,0x00000000ee080000)
  to   space 2048K, 0% used [0x00000000efe00000,0x00000000efe00000,0x00000000f0000000)
 ParOldGen       total 40960K, used 24K [0x00000000c4000000, 0x00000000c6800000, 0x00000000ec000000)
  object space 40960K, 0% used [0x00000000c4000000,0x00000000c4006000,0x00000000c6800000)
 PSPermGen       total 21504K, used 12115K [0x00000000b9a00000, 0x00000000baf00000, 0x00000000c4000000)
  object space 21504K, 56% used [0x00000000b9a00000,0x00000000ba5d4ea8,0x00000000baf00000)
}
Event: 7,380 GC heap before
{Heap before GC invocations=6 (full 0):
 PSYoungGen      total 33280K, used 32562K [0x00000000ec000000, 0x00000000f0000000, 0x0000000100000000)
  eden space 30720K, 100% used [0x00000000ec000000,0x00000000ede00000,0x00000000ede00000)
  from space 2560K, 71% used [0x00000000ede00000,0x00000000edfcc840,0x00000000ee080000)
  to   space 2048K, 0% used [0x00000000efe00000,0x00000000efe00000,0x00000000f0000000)
 ParOldGen       total 40960K, used 24K [0x00000000c4000000, 0x00000000c6800000, 0x00000000ec000000)
  object space 40960K, 0% used [0x00000000c4000000,0x00000000c4006000,0x00000000c6800000)
 PSPermGen       total 21504K, used 12116K [0x00000000b9a00000, 0x00000000baf00000, 0x00000000c4000000)
  object space 21504K, 56% used [0x00000000b9a00000,0x00000000ba5d52c0,0x00000000baf00000)
Event: 7,393 GC heap after
Heap after GC invocations=6 (full 0):
 PSYoungGen      total 63488K, used 1872K [0x00000000ec000000, 0x00000000f0000000, 0x0000000100000000)
  eden space 61440K, 0% used [0x00000000ec000000,0x00000000ec000000,0x00000000efc00000)
  from space 2048K, 91% used [0x00000000efe00000,0x00000000effd4010,0x00000000f0000000)
  to   space 2048K, 0% used [0x00000000efc00000,0x00000000efc00000,0x00000000efe00000)
 ParOldGen       total 40960K, used 24K [0x00000000c4000000, 0x00000000c6800000, 0x00000000ec000000)
  object space 40960K, 0% used [0x00000000c4000000,0x00000000c4006000,0x00000000c6800000)
 PSPermGen       total 21504K, used 12116K [0x00000000b9a00000, 0x00000000baf00000, 0x00000000c4000000)
  object space 21504K, 56% used [0x00000000b9a00000,0x00000000ba5d52c0,0x00000000baf00000)
}
Event: 7,575 GC heap before
{Heap before GC invocations=7 (full 0):
 PSYoungGen      total 63488K, used 63312K [0x00000000ec000000, 0x00000000f0000000, 0x0000000100000000)
  eden space 61440K, 100% used [0x00000000ec000000,0x00000000efc00000,0x00000000efc00000)
  from space 2048K, 91% used [0x00000000efe00000,0x00000000effd4010,0x00000000f0000000)
  to   space 2048K, 0% used [0x00000000efc00000,0x00000000efc00000,0x00000000efe00000)
 ParOldGen       total 40960K, used 24K [0x00000000c4000000, 0x00000000c6800000, 0x00000000ec000000)
  object space 40960K, 0% used [0x00000000c4000000,0x00000000c4006000,0x00000000c6800000)
 PSPermGen       total 21504K, used 12118K [0x00000000b9a00000, 0x00000000baf00000, 0x00000000c4000000)
  object space 21504K, 56% used [0x00000000b9a00000,0x00000000ba5d5a48,0x00000000baf00000)
Event: 7,583 GC heap after
Heap after GC invocations=7 (full 0):
 PSYoungGen      total 63488K, used 224K [0x00000000ec000000, 0x00000000f3d00000, 0x0000000100000000)
  eden space 61440K, 0% used [0x00000000ec000000,0x00000000ec000000,0x00000000efc00000)
  from space 2048K, 10% used [0x00000000efc00000,0x00000000efc38000,0x00000000efe00000)
  to   space 2560K, 0% used [0x00000000f3a80000,0x00000000f3a80000,0x00000000f3d00000)
 ParOldGen       total 40960K, used 1711K [0x00000000c4000000, 0x00000000c6800000, 0x00000000ec000000)
  object space 40960K, 4% used [0x00000000c4000000,0x00000000c41abec8,0x00000000c6800000)
 PSPermGen       total 21504K, used 12118K [0x00000000b9a00000, 0x00000000baf00000, 0x00000000c4000000)
  object space 21504K, 56% used [0x00000000b9a00000,0x00000000ba5d5a48,0x00000000baf00000)
}
Event: 7,760 GC heap before
{Heap before GC invocations=8 (full 0):
 PSYoungGen      total 63488K, used 61664K [0x00000000ec000000, 0x00000000f3d00000, 0x0000000100000000)
  eden space 61440K, 100% used [0x00000000ec000000,0x00000000efc00000,0x00000000efc00000)
  from space 2048K, 10% used [0x00000000efc00000,0x00000000efc38000,0x00000000efe00000)
  to   space 2560K, 0% used [0x00000000f3a80000,0x00000000f3a80000,0x00000000f3d00000)
 ParOldGen       total 40960K, used 1711K [0x00000000c4000000, 0x00000000c6800000, 0x00000000ec000000)
  object space 40960K, 4% used [0x00000000c4000000,0x00000000c41abec8,0x00000000c6800000)
 PSPermGen       total 21504K, used 12120K [0x00000000b9a00000, 0x00000000baf00000, 0x00000000c4000000)
  object space 21504K, 56% used [0x00000000b9a00000,0x00000000ba5d6080,0x00000000baf00000)
Event: 7,761 GC heap after
Heap after GC invocations=8 (full 0):
 PSYoungGen      total 125440K, used 160K [0x00000000ec000000, 0x00000000f3d00000, 0x0000000100000000)
  eden space 122880K, 0% used [0x00000000ec000000,0x00000000ec000000,0x00000000f3800000)
  from space 2560K, 6% used [0x00000000f3a80000,0x00000000f3aa8000,0x00000000f3d00000)
  to   space 2560K, 0% used [0x00000000f3800000,0x00000000f3800000,0x00000000f3a80000)
 ParOldGen       total 40960K, used 1719K [0x00000000c4000000, 0x00000000c6800000, 0x00000000ec000000)
  object space 40960K, 4% used [0x00000000c4000000,0x00000000c41adec8,0x00000000c6800000)
 PSPermGen       total 21504K, used 12120K [0x00000000b9a00000, 0x00000000baf00000, 0x00000000c4000000)
  object space 21504K, 56% used [0x00000000b9a00000,0x00000000ba5d6080,0x00000000baf00000)
}
Event: 8,152 GC heap before
{Heap before GC invocations=9 (full 0):
 PSYoungGen      total 125440K, used 123040K [0x00000000ec000000, 0x00000000f3d00000, 0x0000000100000000)
  eden space 122880K, 100% used [0x00000000ec000000,0x00000000f3800000,0x00000000f3800000)
  from space 2560K, 6% used [0x00000000f3a80000,0x00000000f3aa8000,0x00000000f3d00000)
  to   space 2560K, 0% used [0x00000000f3800000,0x00000000f3800000,0x00000000f3a80000)
 ParOldGen       total 40960K, used 1719K [0x00000000c4000000, 0x00000000c6800000, 0x00000000ec000000)
  object space 40960K, 4% used [0x00000000c4000000,0x00000000c41adec8,0x00000000c6800000)
 PSPermGen       total 21504K, used 12122K [0x00000000b9a00000, 0x00000000baf00000, 0x00000000c4000000)
  object space 21504K, 56% used [0x00000000b9a00000,0x00000000ba5d6ad8,0x00000000baf00000)

Deoptimization events (10 events):
Event: 5,922 Thread 0x00007f625424d000 Uncommon trap: reason=class_check action=maybe_recompile pc=0x00007f625107b320 method=java.lang.String.equals(Ljava/lang/Object;)Z @ 8
Event: 5,922 Thread 0x00007f625424d000 Uncommon trap: reason=class_check action=maybe_recompile pc=0x00007f625107b320 method=java.lang.String.equals(Ljava/lang/Object;)Z @ 8
Event: 6,991 Thread 0x00007f625424d000 Uncommon trap: reason=unreached action=reinterpret pc=0x00007f62510952dc method=sun.java2d.x11.X11SurfaceData.getGC(Lsun/java2d/pipe/Region;ILjava/awt/Composite;IZ)J @ 22
Event: 7,000 Thread 0x00007f625424d000 Uncommon trap: reason=unreached action=reinterpret pc=0x00007f6251093c28 method=sun.java2d.x11.X11SurfaceData.getGC(Lsun/java2d/pipe/Region;ILjava/awt/Composite;IZ)J @ 22
Event: 7,018 Thread 0x00007f625424d000 Uncommon trap: reason=class_check action=maybe_recompile pc=0x00007f6251099cec method=sun.java2d.SunGraphics2D.fillRect(IIII)V @ 10
Event: 7,018 Thread 0x00007f625424d000 Uncommon trap: reason=unreached action=reinterpret pc=0x00007f6251098b64 method=sun.java2d.x11.X11SurfaceData.getGC(Lsun/java2d/pipe/Region;ILjava/awt/Composite;IZ)J @ 22
Event: 7,018 Thread 0x00007f625424d000 Uncommon trap: reason=class_check action=maybe_recompile pc=0x00007f6251099cec method=sun.java2d.SunGraphics2D.fillRect(IIII)V @ 10
Event: 7,022 Thread 0x00007f625424d000 Uncommon trap: reason=class_check action=maybe_recompile pc=0x00007f6251099cec method=sun.java2d.SunGraphics2D.fillRect(IIII)V @ 10
Event: 7,022 Thread 0x00007f625424d000 Uncommon trap: reason=unreached action=reinterpret pc=0x00007f62510943cc method=sun.java2d.x11.X11SurfaceData.getGC(Lsun/java2d/pipe/Region;ILjava/awt/Composite;IZ)J @ 22
Event: 7,022 Thread 0x00007f625424d000 Uncommon trap: reason=class_check action=maybe_recompile pc=0x00007f6251099cec method=sun.java2d.SunGraphics2D.fillRect(IIII)V @ 10

Internal exceptions (10 events):
Event: 6,742 Thread 0x00007f625400a000 Threw 0x00000000ec414c60 at /build/buildd/openjdk-7-7u79-2.5.5/build/openjdk/hotspot/src/share/vm/prims/jvm.cpp:1284
Event: 6,742 Thread 0x00007f625400a000 Threw 0x00000000ec4179e0 at /build/buildd/openjdk-7-7u79-2.5.5/build/openjdk/hotspot/src/share/vm/prims/jvm.cpp:1284
Event: 6,743 Thread 0x00007f625400a000 Threw 0x00000000ec41a358 at /build/buildd/openjdk-7-7u79-2.5.5/build/openjdk/hotspot/src/share/vm/prims/jvm.cpp:1284
Event: 6,743 Thread 0x00007f625400a000 Threw 0x00000000ec41d390 at /build/buildd/openjdk-7-7u79-2.5.5/build/openjdk/hotspot/src/share/vm/prims/jvm.cpp:1284
Event: 6,744 Thread 0x00007f625400a000 Threw 0x00000000ec41fbd8 at /build/buildd/openjdk-7-7u79-2.5.5/build/openjdk/hotspot/src/share/vm/prims/jvm.cpp:1284
Event: 6,744 Thread 0x00007f625400a000 Threw 0x00000000ec422950 at /build/buildd/openjdk-7-7u79-2.5.5/build/openjdk/hotspot/src/share/vm/prims/jvm.cpp:1284
Event: 6,745 Thread 0x00007f625400a000 Threw 0x00000000ec425030 at /build/buildd/openjdk-7-7u79-2.5.5/build/openjdk/hotspot/src/share/vm/prims/jvm.cpp:1284
Event: 6,746 Thread 0x00007f625400a000 Threw 0x00000000ec427e68 at /build/buildd/openjdk-7-7u79-2.5.5/build/openjdk/hotspot/src/share/vm/prims/jvm.cpp:1284
Event: 6,786 Thread 0x00007f625400a000 Threw 0x00000000ec43e5d8 at /build/buildd/openjdk-7-7u79-2.5.5/build/openjdk/hotspot/src/share/vm/prims/jvm.cpp:1284
Event: 6,990 Thread 0x00007f625424d000 Threw 0x00000000ec0bc460 at /build/buildd/openjdk-7-7u79-2.5.5/build/openjdk/hotspot/src/share/vm/prims/jni.cpp:747

Events (10 events):
Event: 7,181 Executing VM operation: ParallelGCFailedAllocation done
Event: 7,289 Executing VM operation: ParallelGCFailedAllocation
Event: 7,294 Executing VM operation: ParallelGCFailedAllocation done
Event: 7,380 Executing VM operation: ParallelGCFailedAllocation
Event: 7,393 Executing VM operation: ParallelGCFailedAllocation done
Event: 7,570 Executing VM operation: ParallelGCFailedAllocation
Event: 7,583 Executing VM operation: ParallelGCFailedAllocation done
Event: 7,760 Executing VM operation: ParallelGCFailedAllocation
Event: 7,761 Executing VM operation: ParallelGCFailedAllocation done
Event: 8,152 Executing VM operation: ParallelGCFailedAllocation


Dynamic libraries:
00400000-00401000 r-xp 00000000 08:03 328732                             /usr/lib/jvm/java-7-openjdk-amd64/jre/bin/java
00600000-00601000 r--p 00000000 08:03 328732                             /usr/lib/jvm/java-7-openjdk-amd64/jre/bin/java
00601000-00602000 rw-p 00001000 08:03 328732                             /usr/lib/jvm/java-7-openjdk-amd64/jre/bin/java
02379000-0239a000 rw-p 00000000 00:00 0                                  [heap]
b9a00000-baf00000 rw-p 00000000 00:00 0 
baf00000-c4000000 rw-p 00000000 00:00 0 
c4000000-c6800000 rw-p 00000000 00:00 0 
c6800000-ec000000 rw-p 00000000 00:00 0 
ec000000-f3d00000 rw-p 00000000 00:00 0 
f8600000-100000000 rw-p 00000000 00:00 0 
7f6204000000-7f6204033000 rw-p 00000000 00:00 0 
7f6204033000-7f6208000000 ---p 00000000 00:00 0 
7f6208000000-7f6208021000 rw-p 00000000 00:00 0 
7f6208021000-7f620c000000 ---p 00000000 00:00 0 
7f620c000000-7f620c021000 rw-p 00000000 00:00 0 
7f620c021000-7f6210000000 ---p 00000000 00:00 0 
7f6210000000-7f6210021000 rw-p 00000000 00:00 0 
7f6210021000-7f6214000000 ---p 00000000 00:00 0 
7f6214000000-7f6214021000 rw-p 00000000 00:00 0 
7f6214021000-7f6218000000 ---p 00000000 00:00 0 
7f621851e000-7f621867f000 rw-p 00000000 00:00 0 
7f621867f000-7f6218682000 ---p 00000000 00:00 0 
7f6218682000-7f6218780000 rw-p 00000000 00:00 0                          [stack:8010]
7f6218780000-7f6218783000 ---p 00000000 00:00 0 
7f6218783000-7f6218881000 rw-p 00000000 00:00 0                          [stack:8004]
7f6218881000-7f6218884000 ---p 00000000 00:00 0 
7f6218884000-7f6218982000 rw-p 00000000 00:00 0                          [stack:8003]
7f6218982000-7f6218992000 r-xp 00000000 08:03 827168                     /usr/lib/jvm/java-7-openjdk-amd64/jre/lib/amd64/libnio.so
7f6218992000-7f6218b92000 ---p 00010000 08:03 827168                     /usr/lib/jvm/java-7-openjdk-amd64/jre/lib/amd64/libnio.so
7f6218b92000-7f6218b93000 r--p 00010000 08:03 827168                     /usr/lib/jvm/java-7-openjdk-amd64/jre/lib/amd64/libnio.so
7f6218b93000-7f6218b94000 rw-p 00011000 08:03 827168                     /usr/lib/jvm/java-7-openjdk-amd64/jre/lib/amd64/libnio.so
7f6218b94000-7f6218bab000 r-xp 00000000 08:03 827180                     /usr/lib/jvm/java-7-openjdk-amd64/jre/lib/amd64/libnet.so
7f6218bab000-7f6218daa000 ---p 00017000 08:03 827180                     /usr/lib/jvm/java-7-openjdk-amd64/jre/lib/amd64/libnet.so
7f6218daa000-7f6218dab000 r--p 00016000 08:03 827180                     /usr/lib/jvm/java-7-openjdk-amd64/jre/lib/amd64/libnet.so
7f6218dab000-7f6218dac000 rw-p 00017000 08:03 827180                     /usr/lib/jvm/java-7-openjdk-amd64/jre/lib/amd64/libnet.so
7f6218dac000-7f6218dfe000 r-xp 00000000 08:03 827170                     /usr/lib/jvm/java-7-openjdk-amd64/jre/lib/amd64/libfontmanager.so
7f6218dfe000-7f6218ffd000 ---p 00052000 08:03 827170                     /usr/lib/jvm/java-7-openjdk-amd64/jre/lib/amd64/libfontmanager.so
7f6218ffd000-7f6219000000 r--p 00051000 08:03 827170                     /usr/lib/jvm/java-7-openjdk-amd64/jre/lib/amd64/libfontmanager.so
7f6219000000-7f6219001000 rw-p 00054000 08:03 827170                     /usr/lib/jvm/java-7-openjdk-amd64/jre/lib/amd64/libfontmanager.so
7f6219001000-7f6219004000 ---p 00000000 00:00 0 
7f6219004000-7f6219102000 rw-p 00000000 00:00 0                          [stack:8002]
7f6219102000-7f6219107000 r-xp 00000000 08:03 663399                     /usr/lib/x86_64-linux-gnu/libXfixes.so.3.1.0
7f6219107000-7f6219306000 ---p 00005000 08:03 663399                     /usr/lib/x86_64-linux-gnu/libXfixes.so.3.1.0
7f6219306000-7f6219307000 r--p 00004000 08:03 663399                     /usr/lib/x86_64-linux-gnu/libXfixes.so.3.1.0
7f6219307000-7f6219308000 rw-p 00005000 08:03 663399                     /usr/lib/x86_64-linux-gnu/libXfixes.so.3.1.0
7f6219308000-7f6219311000 r-xp 00000000 08:03 661661                     /usr/lib/x86_64-linux-gnu/libXcursor.so.1.0.2
7f6219311000-7f6219510000 ---p 00009000 08:03 661661                     /usr/lib/x86_64-linux-gnu/libXcursor.so.1.0.2
7f6219510000-7f6219511000 r--p 00008000 08:03 661661                     /usr/lib/x86_64-linux-gnu/libXcursor.so.1.0.2
7f6219511000-7f6219512000 rw-p 00009000 08:03 661661                     /usr/lib/x86_64-linux-gnu/libXcursor.so.1.0.2
7f6219512000-7f6219515000 ---p 00000000 00:00 0 
7f6219515000-7f6219613000 rw-p 00000000 00:00 0                          [stack:8001]
7f6219613000-7f6219617000 r-xp 00000000 08:03 264832                     /lib/x86_64-linux-gnu/libgpg-error.so.0.10.0
7f6219617000-7f6219816000 ---p 00004000 08:03 264832                     /lib/x86_64-linux-gnu/libgpg-error.so.0.10.0
7f6219816000-7f6219817000 r--p 00003000 08:03 264832                     /lib/x86_64-linux-gnu/libgpg-error.so.0.10.0
7f6219817000-7f6219818000 rw-p 00004000 08:03 264832                     /lib/x86_64-linux-gnu/libgpg-error.so.0.10.0
7f6219818000-7f621981a000 r-xp 00000000 08:03 264842                     /lib/x86_64-linux-gnu/libkeyutils.so.1.4
7f621981a000-7f6219a1a000 ---p 00002000 08:03 264842                     /lib/x86_64-linux-gnu/libkeyutils.so.1.4
7f6219a1a000-7f6219a1b000 r--p 00002000 08:03 264842                     /lib/x86_64-linux-gnu/libkeyutils.so.1.4
7f6219a1b000-7f6219a1c000 rw-p 00003000 08:03 264842                     /lib/x86_64-linux-gnu/libkeyutils.so.1.4
7f6219a1c000-7f6219a59000 r-xp 00000000 08:03 264902                     /lib/x86_64-linux-gnu/libpcre.so.3.13.1
7f6219a59000-7f6219c58000 ---p 0003d000 08:03 264902                     /lib/x86_64-linux-gnu/libpcre.so.3.13.1
7f6219c58000-7f6219c59000 r--p 0003c000 08:03 264902                     /lib/x86_64-linux-gnu/libpcre.so.3.13.1
7f6219c59000-7f6219c5a000 rw-p 0003d000 08:03 264902                     /lib/x86_64-linux-gnu/libpcre.so.3.13.1
7f6219c5a000-7f6219c7f000 r-xp 00000000 08:03 264914                     /lib/x86_64-linux-gnu/libpng12.so.0.50.0
7f6219c7f000-7f6219e7e000 ---p 00025000 08:03 264914                     /lib/x86_64-linux-gnu/libpng12.so.0.50.0
7f6219e7e000-7f6219e7f000 r--p 00024000 08:03 264914                     /lib/x86_64-linux-gnu/libpng12.so.0.50.0
7f6219e7f000-7f6219e80000 rw-p 00025000 08:03 264914                     /lib/x86_64-linux-gnu/libpng12.so.0.50.0
7f6219e80000-7f6219ec4000 r-xp 00000000 08:03 261284                     /lib/x86_64-linux-gnu/libdbus-1.so.3.7.6
7f6219ec4000-7f621a0c3000 ---p 00044000 08:03 261284                     /lib/x86_64-linux-gnu/libdbus-1.so.3.7.6
7f621a0c3000-7f621a0c4000 r--p 00043000 08:03 261284                     /lib/x86_64-linux-gnu/libdbus-1.so.3.7.6
7f621a0c4000-7f621a0c5000 rw-p 00044000 08:03 261284                     /lib/x86_64-linux-gnu/libdbus-1.so.3.7.6
7f621a0c5000-7f621a100000 r-xp 00000000 08:03 662381                     /usr/lib/x86_64-linux-gnu/libp11-kit.so.0.0.0
7f621a100000-7f621a2ff000 ---p 0003b000 08:03 662381                     /usr/lib/x86_64-linux-gnu/libp11-kit.so.0.0.0
7f621a2ff000-7f621a305000 r--p 0003a000 08:03 662381                     /usr/lib/x86_64-linux-gnu/libp11-kit.so.0.0.0
7f621a305000-7f621a307000 rw-p 00040000 08:03 662381                     /usr/lib/x86_64-linux-gnu/libp11-kit.so.0.0.0
7f621a307000-7f621a319000 r-xp 00000000 08:03 660196                     /usr/lib/x86_64-linux-gnu/libtasn1.so.6.2.0
7f621a319000-7f621a519000 ---p 00012000 08:03 660196                     /usr/lib/x86_64-linux-gnu/libtasn1.so.6.2.0
7f621a519000-7f621a51a000 r--p 00012000 08:03 660196                     /usr/lib/x86_64-linux-gnu/libtasn1.so.6.2.0
7f621a51a000-7f621a51b000 rw-p 00013000 08:03 660196                     /usr/lib/x86_64-linux-gnu/libtasn1.so.6.2.0
7f621a51b000-7f621a597000 r-xp 00000000 08:03 328824                     /lib/x86_64-linux-gnu/libgcrypt.so.11.8.2
7f621a597000-7f621a797000 ---p 0007c000 08:03 328824                     /lib/x86_64-linux-gnu/libgcrypt.so.11.8.2
7f621a797000-7f621a798000 r--p 0007c000 08:03 328824                     /lib/x86_64-linux-gnu/libgcrypt.so.11.8.2
7f621a798000-7f621a79b000 rw-p 0007d000 08:03 328824                     /lib/x86_64-linux-gnu/libgcrypt.so.11.8.2
7f621a79b000-7f621a7a5000 r-xp 00000000 08:03 661384                     /usr/lib/x86_64-linux-gnu/libkrb5support.so.0.1
7f621a7a5000-7f621a9a4000 ---p 0000a000 08:03 661384                     /usr/lib/x86_64-linux-gnu/libkrb5support.so.0.1
7f621a9a4000-7f621a9a5000 r--p 00009000 08:03 661384                     /usr/lib/x86_64-linux-gnu/libkrb5support.so.0.1
7f621a9a5000-7f621a9a6000 rw-p 0000a000 08:03 661384                     /usr/lib/x86_64-linux-gnu/libkrb5support.so.0.1
7f621a9a6000-7f621a9a9000 r-xp 00000000 08:03 262686                     /lib/x86_64-linux-gnu/libcom_err.so.2.1
7f621a9a9000-7f621aba8000 ---p 00003000 08:03 262686                     /lib/x86_64-linux-gnu/libcom_err.so.2.1
7f621aba8000-7f621aba9000 r--p 00002000 08:03 262686                     /lib/x86_64-linux-gnu/libcom_err.so.2.1
7f621aba9000-7f621abaa000 rw-p 00003000 08:03 262686                     /lib/x86_64-linux-gnu/libcom_err.so.2.1
7f621abaa000-7f621abd6000 r-xp 00000000 08:03 659364                     /usr/lib/x86_64-linux-gnu/libk5crypto.so.3.1
7f621abd6000-7f621add5000 ---p 0002c000 08:03 659364                     /usr/lib/x86_64-linux-gnu/libk5crypto.so.3.1
7f621add5000-7f621add7000 r--p 0002b000 08:03 659364                     /usr/lib/x86_64-linux-gnu/libk5crypto.so.3.1
7f621add7000-7f621add8000 rw-p 0002d000 08:03 659364                     /usr/lib/x86_64-linux-gnu/libk5crypto.so.3.1
7f621add8000-7f621add9000 rw-p 00000000 00:00 0 
7f621add9000-7f621ae95000 r-xp 00000000 08:03 661171                     /usr/lib/x86_64-linux-gnu/libkrb5.so.3.3
7f621ae95000-7f621b095000 ---p 000bc000 08:03 661171                     /usr/lib/x86_64-linux-gnu/libkrb5.so.3.3
7f621b095000-7f621b0a2000 r--p 000bc000 08:03 661171                     /usr/lib/x86_64-linux-gnu/libkrb5.so.3.3
7f621b0a2000-7f621b0a4000 rw-p 000c9000 08:03 661171                     /usr/lib/x86_64-linux-gnu/libkrb5.so.3.3
7f621b0a4000-7f621b0a9000 r-xp 00000000 08:03 661665                     /usr/lib/x86_64-linux-gnu/libXdmcp.so.6.0.0
7f621b0a9000-7f621b2a8000 ---p 00005000 08:03 661665                     /usr/lib/x86_64-linux-gnu/libXdmcp.so.6.0.0
7f621b2a8000-7f621b2a9000 r--p 00004000 08:03 661665                     /usr/lib/x86_64-linux-gnu/libXdmcp.so.6.0.0
7f621b2a9000-7f621b2aa000 rw-p 00005000 08:03 661665                     /usr/lib/x86_64-linux-gnu/libXdmcp.so.6.0.0
7f621b2aa000-7f621b2ac000 r-xp 00000000 08:03 661654                     /usr/lib/x86_64-linux-gnu/libXau.so.6.0.0
7f621b2ac000-7f621b4ac000 ---p 00002000 08:03 661654                     /usr/lib/x86_64-linux-gnu/libXau.so.6.0.0
7f621b4ac000-7f621b4ad000 r--p 00002000 08:03 661654                     /usr/lib/x86_64-linux-gnu/libXau.so.6.0.0
7f621b4ad000-7f621b4ae000 rw-p 00003000 08:03 661654                     /usr/lib/x86_64-linux-gnu/libXau.so.6.0.0
7f621b4ae000-7f621b4b5000 r-xp 00000000 08:03 661932                     /usr/lib/x86_64-linux-gnu/libffi.so.6.0.1
7f621b4b5000-7f621b6b4000 ---p 00007000 08:03 661932                     /usr/lib/x86_64-linux-gnu/libffi.so.6.0.1
7f621b6b4000-7f621b6b5000 r--p 00006000 08:03 661932                     /usr/lib/x86_64-linux-gnu/libffi.so.6.0.1
7f621b6b5000-7f621b6b6000 rw-p 00007000 08:03 661932                     /usr/lib/x86_64-linux-gnu/libffi.so.6.0.1
7f621b6b6000-7f621b6cd000 r-xp 00000000 08:03 264763                     /lib/x86_64-linux-gnu/libresolv-2.19.so
7f621b6cd000-7f621b8cd000 ---p 00017000 08:03 264763                     /lib/x86_64-linux-gnu/libresolv-2.19.so
7f621b8cd000-7f621b8ce000 r--p 00017000 08:03 264763                     /lib/x86_64-linux-gnu/libresolv-2.19.so
7f621b8ce000-7f621b8cf000 rw-p 00018000 08:03 264763                     /lib/x86_64-linux-gnu/libresolv-2.19.so
7f621b8cf000-7f621b8d1000 rw-p 00000000 00:00 0 
7f621b8d1000-7f621b8f1000 r-xp 00000000 08:03 264838                     /lib/x86_64-linux-gnu/libselinux.so.1
7f621b8f1000-7f621baf0000 ---p 00020000 08:03 264838                     /lib/x86_64-linux-gnu/libselinux.so.1
7f621baf0000-7f621baf1000 r--p 0001f000 08:03 264838                     /lib/x86_64-linux-gnu/libselinux.so.1
7f621baf1000-7f621baf2000 rw-p 00020000 08:03 264838                     /lib/x86_64-linux-gnu/libselinux.so.1
7f621baf2000-7f621baf4000 rw-p 00000000 00:00 0 
7f621baf4000-7f621bbfa000 r-xp 00000000 08:03 274761                     /lib/x86_64-linux-gnu/libglib-2.0.so.0.4002.0
7f621bbfa000-7f621bdf9000 ---p 00106000 08:03 274761                     /lib/x86_64-linux-gnu/libglib-2.0.so.0.4002.0
7f621bdf9000-7f621bdfa000 r--p 00105000 08:03 274761                     /lib/x86_64-linux-gnu/libglib-2.0.so.0.4002.0
7f621bdfa000-7f621bdfb000 rw-p 00106000 08:03 274761                     /lib/x86_64-linux-gnu/libglib-2.0.so.0.4002.0
7f621bdfb000-7f621bdfc000 rw-p 00000000 00:00 0 
7f621bdfc000-7f621bdff000 r-xp 00000000 08:03 651823                     /usr/lib/x86_64-linux-gnu/libgmodule-2.0.so.0.4002.0
7f621bdff000-7f621bffe000 ---p 00003000 08:03 651823                     /usr/lib/x86_64-linux-gnu/libgmodule-2.0.so.0.4002.0
7f621bffe000-7f621bfff000 r--p 00002000 08:03 651823                     /usr/lib/x86_64-linux-gnu/libgmodule-2.0.so.0.4002.0
7f621bfff000-7f621c000000 rw-p 00003000 08:03 651823                     /usr/lib/x86_64-linux-gnu/libgmodule-2.0.so.0.4002.0
7f621c000000-7f621c021000 rw-p 00000000 00:00 0 
7f621c021000-7f6220000000 ---p 00000000 00:00 0 
7f6220000000-7f6220021000 rw-p 00000000 00:00 0 
7f6220021000-7f6224000000 ---p 00000000 00:00 0 
7f6224000000-7f62242a7000 rw-p 00000000 00:00 0 
7f62242a7000-7f6228000000 ---p 00000000 00:00 0 
7f6228000000-7f62281cc000 rw-p 00000000 00:00 0 
7f62281cc000-7f622c000000 ---p 00000000 00:00 0 
7f622c000000-7f622c021000 rw-p 00000000 00:00 0 
7f622c021000-7f6230000000 ---p 00000000 00:00 0 
7f6230000000-7f6230021000 rw-p 00000000 00:00 0 
7f6230021000-7f6234000000 ---p 00000000 00:00 0 
7f6234000000-7f6234021000 rw-p 00000000 00:00 0 
7f6234021000-7f6238000000 ---p 00000000 00:00 0 
7f6238000000-7f6238021000 rw-p 00000000 00:00 0 
7f6238021000-7f623c000000 ---p 00000000 00:00 0 
7f623c000000-7f623c021000 rw-p 00000000 00:00 0 
7f623c021000-7f6240000000 ---p 00000000 00:00 0 
7f6240000000-7f6240021000 rw-p 00000000 00:00 0 
7f6240021000-7f6244000000 ---p 00000000 00:00 0 
7f6244000000-7f6244021000 rw-p 00000000 00:00 0 
7f6244021000-7f6248000000 ---p 00000000 00:00 0 
7f6248003000-7f62480dc000 rw-p 00000000 00:00 0 
7f62480dc000-7f6248103000 r-xp 00000000 08:03 264821                     /lib/x86_64-linux-gnu/libexpat.so.1.6.0
7f6248103000-7f6248303000 ---p 00027000 08:03 264821                     /lib/x86_64-linux-gnu/libexpat.so.1.6.0
7f6248303000-7f6248305000 r--p 00027000 08:03 264821                     /lib/x86_64-linux-gnu/libexpat.so.1.6.0
7f6248305000-7f6248306000 rw-p 00029000 08:03 264821                     /lib/x86_64-linux-gnu/libexpat.so.1.6.0
7f6248306000-7f62483a3000 r-xp 00000000 08:03 693442                     /usr/lib/x86_64-linux-gnu/libfreetype.so.6.11.1
7f62483a3000-7f62485a2000 ---p 0009d000 08:03 693442                     /usr/lib/x86_64-linux-gnu/libfreetype.so.6.11.1
7f62485a2000-7f62485a8000 r--p 0009c000 08:03 693442                     /usr/lib/x86_64-linux-gnu/libfreetype.so.6.11.1
7f62485a8000-7f62485a9000 rw-p 000a2000 08:03 693442                     /usr/lib/x86_64-linux-gnu/libfreetype.so.6.11.1
7f62485a9000-7f62485b8000 r-xp 00000000 08:03 661758                     /usr/lib/x86_64-linux-gnu/libavahi-client.so.3.2.9
7f62485b8000-7f62487b8000 ---p 0000f000 08:03 661758                     /usr/lib/x86_64-linux-gnu/libavahi-client.so.3.2.9
7f62487b8000-7f62487b9000 r--p 0000f000 08:03 661758                     /usr/lib/x86_64-linux-gnu/libavahi-client.so.3.2.9
7f62487b9000-7f62487ba000 rw-p 00010000 08:03 661758                     /usr/lib/x86_64-linux-gnu/libavahi-client.so.3.2.9
7f62487ba000-7f62487c5000 r-xp 00000000 08:03 661760                     /usr/lib/x86_64-linux-gnu/libavahi-common.so.3.5.3
7f62487c5000-7f62489c4000 ---p 0000b000 08:03 661760                     /usr/lib/x86_64-linux-gnu/libavahi-common.so.3.5.3
7f62489c4000-7f62489c5000 r--p 0000a000 08:03 661760                     /usr/lib/x86_64-linux-gnu/libavahi-common.so.3.5.3
7f62489c5000-7f62489c6000 rw-p 0000b000 08:03 661760                     /usr/lib/x86_64-linux-gnu/libavahi-common.so.3.5.3
7f62489c6000-7f6248a7c000 r-xp 00000000 08:03 679970                     /usr/lib/x86_64-linux-gnu/libgnutls.so.26.22.6
7f6248a7c000-7f6248c7c000 ---p 000b6000 08:03 679970                     /usr/lib/x86_64-linux-gnu/libgnutls.so.26.22.6
7f6248c7c000-7f6248c82000 r--p 000b6000 08:03 679970                     /usr/lib/x86_64-linux-gnu/libgnutls.so.26.22.6
7f6248c82000-7f6248c83000 rw-p 000bc000 08:03 679970                     /usr/lib/x86_64-linux-gnu/libgnutls.so.26.22.6
7f6248c83000-7f6248c84000 rw-p 00000000 00:00 0 
7f6248c84000-7f6248cc7000 r-xp 00000000 08:03 660101                     /usr/lib/x86_64-linux-gnu/libgssapi_krb5.so.2.2
7f6248cc7000-7f6248ec7000 ---p 00043000 08:03 660101                     /usr/lib/x86_64-linux-gnu/libgssapi_krb5.so.2.2
7f6248ec7000-7f6248ec8000 r--p 00043000 08:03 660101                     /usr/lib/x86_64-linux-gnu/libgssapi_krb5.so.2.2
7f6248ec8000-7f6248eca000 rw-p 00044000 08:03 660101                     /usr/lib/x86_64-linux-gnu/libgssapi_krb5.so.2.2
7f6248eca000-7f6248ee7000 r-xp 00000000 08:03 662722                     /usr/lib/x86_64-linux-gnu/libxcb.so.1.1.0
7f6248ee7000-7f62490e7000 ---p 0001d000 08:03 662722                     /usr/lib/x86_64-linux-gnu/libxcb.so.1.1.0
7f62490e7000-7f62490e8000 r--p 0001d000 08:03 662722                     /usr/lib/x86_64-linux-gnu/libxcb.so.1.1.0
7f62490e8000-7f62490e9000 rw-p 0001e000 08:03 662722                     /usr/lib/x86_64-linux-gnu/libxcb.so.1.1.0
7f62490e9000-7f6249138000 r-xp 00000000 08:03 651824                     /usr/lib/x86_64-linux-gnu/libgobject-2.0.so.0.4002.0
7f6249138000-7f6249338000 ---p 0004f000 08:03 651824                     /usr/lib/x86_64-linux-gnu/libgobject-2.0.so.0.4002.0
7f6249338000-7f6249339000 r--p 0004f000 08:03 651824                     /usr/lib/x86_64-linux-gnu/libgobject-2.0.so.0.4002.0
7f6249339000-7f624933a000 rw-p 00050000 08:03 651824                     /usr/lib/x86_64-linux-gnu/libgobject-2.0.so.0.4002.0
7f624933a000-7f62494a6000 r-xp 00000000 08:03 651826                     /usr/lib/x86_64-linux-gnu/libgio-2.0.so.0.4002.0
7f62494a6000-7f62496a5000 ---p 0016c000 08:03 651826                     /usr/lib/x86_64-linux-gnu/libgio-2.0.so.0.4002.0
7f62496a5000-7f62496a9000 r--p 0016b000 08:03 651826                     /usr/lib/x86_64-linux-gnu/libgio-2.0.so.0.4002.0
7f62496a9000-7f62496ab000 rw-p 0016f000 08:03 651826                     /usr/lib/x86_64-linux-gnu/libgio-2.0.so.0.4002.0
7f62496ab000-7f62496ad000 rw-p 00000000 00:00 0 
7f62496ad000-7f62496e7000 r-xp 00000000 08:03 652565                     /usr/lib/x86_64-linux-gnu/libfontconfig.so.1.8.0
7f62496e7000-7f62498e6000 ---p 0003a000 08:03 652565                     /usr/lib/x86_64-linux-gnu/libfontconfig.so.1.8.0
7f62498e6000-7f62498e8000 r--p 00039000 08:03 652565                     /usr/lib/x86_64-linux-gnu/libfontconfig.so.1.8.0
7f62498e8000-7f62498e9000 rw-p 0003b000 08:03 652565                     /usr/lib/x86_64-linux-gnu/libfontconfig.so.1.8.0
7f62498e9000-7f6249955000 r-xp 00000000 08:03 654166                     /usr/lib/x86_64-linux-gnu/libcups.so.2
7f6249955000-7f6249b55000 ---p 0006c000 08:03 654166                     /usr/lib/x86_64-linux-gnu/libcups.so.2
7f6249b55000-7f6249b5c000 r--p 0006c000 08:03 654166                     /usr/lib/x86_64-linux-gnu/libcups.so.2
7f6249b5c000-7f6249b5d000 rw-p 00073000 08:03 654166                     /usr/lib/x86_64-linux-gnu/libcups.so.2
7f6249b5d000-7f6249b6c000 r-xp 00000000 08:03 663953                     /usr/lib/x86_64-linux-gnu/libXi.so.6.1.0
7f6249b6c000-7f6249d6b000 ---p 0000f000 08:03 663953                     /usr/lib/x86_64-linux-gnu/libXi.so.6.1.0
7f6249d6b000-7f6249d6c000 r--p 0000e000 08:03 663953                     /usr/lib/x86_64-linux-gnu/libXi.so.6.1.0
7f6249d6c000-7f6249d6d000 rw-p 0000f000 08:03 663953                     /usr/lib/x86_64-linux-gnu/libXi.so.6.1.0
7f6249d6d000-7f6249d72000 r-xp 00000000 08:03 661695                     /usr/lib/x86_64-linux-gnu/libXtst.so.6.1.0
7f6249d72000-7f6249f71000 ---p 00005000 08:03 661695                     /usr/lib/x86_64-linux-gnu/libXtst.so.6.1.0
7f6249f71000-7f6249f72000 r--p 00004000 08:03 661695                     /usr/lib/x86_64-linux-gnu/libXtst.so.6.1.0
7f6249f72000-7f6249f73000 rw-p 00005000 08:03 661695                     /usr/lib/x86_64-linux-gnu/libXtst.so.6.1.0
7f6249f73000-7f6249f7c000 r-xp 00000000 08:03 666943                     /usr/lib/x86_64-linux-gnu/libXrender.so.1.3.0
7f6249f7c000-7f624a17b000 ---p 00009000 08:03 666943                     /usr/lib/x86_64-linux-gnu/libXrender.so.1.3.0
7f624a17b000-7f624a17c000 r--p 00008000 08:03 666943                     /usr/lib/x86_64-linux-gnu/libXrender.so.1.3.0
7f624a17c000-7f624a17d000 rw-p 00009000 08:03 666943                     /usr/lib/x86_64-linux-gnu/libXrender.so.1.3.0
7f624a17d000-7f624a2ad000 r-xp 00000000 08:03 661650                     /usr/lib/x86_64-linux-gnu/libX11.so.6.3.0
7f624a2ad000-7f624a4ad000 ---p 00130000 08:03 661650                     /usr/lib/x86_64-linux-gnu/libX11.so.6.3.0
7f624a4ad000-7f624a4ae000 r--p 00130000 08:03 661650                     /usr/lib/x86_64-linux-gnu/libX11.so.6.3.0
7f624a4ae000-7f624a4b2000 rw-p 00131000 08:03 661650                     /usr/lib/x86_64-linux-gnu/libX11.so.6.3.0
7f624a4b2000-7f624a4c3000 r-xp 00000000 08:03 659453                     /usr/lib/x86_64-linux-gnu/libXext.so.6.4.0
7f624a4c3000-7f624a6c2000 ---p 00011000 08:03 659453                     /usr/lib/x86_64-linux-gnu/libXext.so.6.4.0
7f624a6c2000-7f624a6c3000 r--p 00010000 08:03 659453                     /usr/lib/x86_64-linux-gnu/libXext.so.6.4.0
7f624a6c3000-7f624a6c4000 rw-p 00011000 08:03 659453                     /usr/lib/x86_64-linux-gnu/libXext.so.6.4.0
7f624a6c4000-7f624a70c000 r-xp 00000000 08:03 274795                     /usr/lib/jvm/java-7-openjdk-amd64/jre/lib/amd64/xawt/libmawt.so
7f624a70c000-7f624a90b000 ---p 00048000 08:03 274795                     /usr/lib/jvm/java-7-openjdk-amd64/jre/lib/amd64/xawt/libmawt.so
7f624a90b000-7f624a90c000 r--p 00047000 08:03 274795                     /usr/lib/jvm/java-7-openjdk-amd64/jre/lib/amd64/xawt/libmawt.so
7f624a90c000-7f624a90f000 rw-p 00048000 08:03 274795                     /usr/lib/jvm/java-7-openjdk-amd64/jre/lib/amd64/xawt/libmawt.so
7f624a90f000-7f624a910000 rw-p 00000000 00:00 0 
7f624a910000-7f624a9b0000 r-xp 00000000 08:03 827154                     /usr/lib/jvm/java-7-openjdk-amd64/jre/lib/amd64/libawt.so
7f624a9b0000-7f624abb0000 ---p 000a0000 08:03 827154                     /usr/lib/jvm/java-7-openjdk-amd64/jre/lib/amd64/libawt.so
7f624abb0000-7f624abb1000 r--p 000a0000 08:03 827154                     /usr/lib/jvm/java-7-openjdk-amd64/jre/lib/amd64/libawt.so
7f624abb1000-7f624abbc000 rw-p 000a1000 08:03 827154                     /usr/lib/jvm/java-7-openjdk-amd64/jre/lib/amd64/libawt.so
7f624abbc000-7f624abe1000 rw-p 00000000 00:00 0 
7f624abe1000-7f624abe2000 ---p 00000000 00:00 0 
7f624abe2000-7f624ace2000 rw-p 00000000 00:00 0                          [stack:8000]
7f624ace2000-7f624ace5000 ---p 00000000 00:00 0 
7f624ace5000-7f624ade3000 rw-p 00000000 00:00 0                          [stack:7999]
7f624ade3000-7f624ade6000 ---p 00000000 00:00 0 
7f624ade6000-7f624aee4000 rw-p 00000000 00:00 0                          [stack:7998]
7f624aee4000-7f624aee7000 ---p 00000000 00:00 0 
7f624aee7000-7f624afe5000 rw-p 00000000 00:00 0                          [stack:7997]
7f624afe5000-7f624afe8000 ---p 00000000 00:00 0 
7f624afe8000-7f624b0e6000 rw-p 00000000 00:00 0                          [stack:7996]
7f624b0e6000-7f624b8f9000 r--p 00000000 08:03 658465                     /usr/lib/locale/locale-archive
7f624b8f9000-7f624b8fc000 ---p 00000000 00:00 0 
7f624b8fc000-7f624b9fa000 rw-p 00000000 00:00 0                          [stack:7995]
7f624b9fa000-7f624b9fd000 ---p 00000000 00:00 0 
7f624b9fd000-7f624bafb000 rw-p 00000000 00:00 0                          [stack:7994]
7f624bafb000-7f624bafc000 ---p 00000000 00:00 0 
7f624bafc000-7f624c000000 rw-p 00000000 00:00 0                          [stack:7991]
7f624c000000-7f624c021000 rw-p 00000000 00:00 0 
7f624c021000-7f6250000000 ---p 00000000 00:00 0 
7f625001c000-7f625004d000 rw-p 00000000 00:00 0 
7f625004d000-7f6250057000 r--s 000ae000 08:03 827151                     /usr/lib/jvm/java-7-openjdk-amd64/jre/lib/resources.jar
7f6250057000-7f625005e000 r--s 00000000 08:03 791290                     /usr/lib/x86_64-linux-gnu/gconv/gconv-modules.cache
7f625005e000-7f6250083000 r--p 00000000 08:03 158814                     /usr/share/locale-langpack/pl/LC_MESSAGES/libc.mo
7f6250083000-7f625008d000 r--s 00203000 08:03 827148                     /usr/lib/jvm/java-7-openjdk-amd64/jre/lib/charsets.jar
7f625008d000-7f6250c1c000 rw-p 00000000 00:00 0 
7f6250c1c000-7f6250dcd000 r--s 01d27000 08:03 827184                     /usr/lib/jvm/java-7-openjdk-amd64/jre/lib/rt.jar
7f6250dcd000-7f6251000000 rw-p 00000000 00:00 0 
7f6251000000-7f6251270000 rwxp 00000000 00:00 0 
7f6251270000-7f62542cc000 rw-p 00000000 00:00 0 
7f62542cc000-7f6258000000 ---p 00000000 00:00 0 
7f6258006000-7f625a499000 rw-p 00000000 00:00 0 
7f625a499000-7f625a49a000 ---p 00000000 00:00 0 
7f625a49a000-7f625a59a000 rw-p 00000000 00:00 0                          [stack:7990]
7f625a59a000-7f625a59b000 ---p 00000000 00:00 0 
7f625a59b000-7f625a69b000 rw-p 00000000 00:00 0                          [stack:7989]
7f625a69b000-7f625a69c000 ---p 00000000 00:00 0 
7f625a69c000-7f625a79c000 rw-p 00000000 00:00 0                          [stack:7988]
7f625a79c000-7f625a79d000 ---p 00000000 00:00 0 
7f625a79d000-7f625a8a8000 rw-p 00000000 00:00 0                          [stack:7987]
7f625a8a8000-7f625a8f0000 rw-p 00000000 00:00 0 
7f625a8f0000-7f625a904000 rw-p 00000000 00:00 0 
7f625a904000-7f625aa30000 rw-p 00000000 00:00 0 
7f625aa30000-7f625aa3b000 rw-p 00000000 00:00 0 
7f625aa3b000-7f625aa83000 rw-p 00000000 00:00 0 
7f625aa83000-7f625aa97000 rw-p 00000000 00:00 0 
7f625aa97000-7f625abc3000 rw-p 00000000 00:00 0 
7f625abc3000-7f625ac02000 rw-p 00000000 00:00 0 
7f625ac02000-7f625ac63000 rw-p 00000000 00:00 0 
7f625ac63000-7f625ac64000 rw-p 00000000 00:00 0 
7f625ac64000-7f625ac6c000 r-xp 00000000 08:03 827164                     /usr/lib/jvm/java-7-openjdk-amd64/jre/lib/amd64/libzip.so
7f625ac6c000-7f625ae6b000 ---p 00008000 08:03 827164                     /usr/lib/jvm/java-7-openjdk-amd64/jre/lib/amd64/libzip.so
7f625ae6b000-7f625ae6c000 r--p 00007000 08:03 827164                     /usr/lib/jvm/java-7-openjdk-amd64/jre/lib/amd64/libzip.so
7f625ae6c000-7f625ae6d000 rw-p 00008000 08:03 827164                     /usr/lib/jvm/java-7-openjdk-amd64/jre/lib/amd64/libzip.so
7f625ae6d000-7f625ae78000 r-xp 00000000 08:03 264778                     /lib/x86_64-linux-gnu/libnss_files-2.19.so
7f625ae78000-7f625b077000 ---p 0000b000 08:03 264778                     /lib/x86_64-linux-gnu/libnss_files-2.19.so
7f625b077000-7f625b078000 r--p 0000a000 08:03 264778                     /lib/x86_64-linux-gnu/libnss_files-2.19.so
7f625b078000-7f625b079000 rw-p 0000b000 08:03 264778                     /lib/x86_64-linux-gnu/libnss_files-2.19.so
7f625b079000-7f625b084000 r-xp 00000000 08:03 276097                     /lib/x86_64-linux-gnu/libnss_nis-2.19.so
7f625b084000-7f625b283000 ---p 0000b000 08:03 276097                     /lib/x86_64-linux-gnu/libnss_nis-2.19.so
7f625b283000-7f625b284000 r--p 0000a000 08:03 276097                     /lib/x86_64-linux-gnu/libnss_nis-2.19.so
7f625b284000-7f625b285000 rw-p 0000b000 08:03 276097                     /lib/x86_64-linux-gnu/libnss_nis-2.19.so
7f625b285000-7f625b29c000 r-xp 00000000 08:03 269768                     /lib/x86_64-linux-gnu/libnsl-2.19.so
7f625b29c000-7f625b49b000 ---p 00017000 08:03 269768                     /lib/x86_64-linux-gnu/libnsl-2.19.so
7f625b49b000-7f625b49c000 r--p 00016000 08:03 269768                     /lib/x86_64-linux-gnu/libnsl-2.19.so
7f625b49c000-7f625b49d000 rw-p 00017000 08:03 269768                     /lib/x86_64-linux-gnu/libnsl-2.19.so
7f625b49d000-7f625b49f000 rw-p 00000000 00:00 0 
7f625b49f000-7f625b4a8000 r-xp 00000000 08:03 268171                     /lib/x86_64-linux-gnu/libnss_compat-2.19.so
7f625b4a8000-7f625b6a7000 ---p 00009000 08:03 268171                     /lib/x86_64-linux-gnu/libnss_compat-2.19.so
7f625b6a7000-7f625b6a8000 r--p 00008000 08:03 268171                     /lib/x86_64-linux-gnu/libnss_compat-2.19.so
7f625b6a8000-7f625b6a9000 rw-p 00009000 08:03 268171                     /lib/x86_64-linux-gnu/libnss_compat-2.19.so
7f625b6a9000-7f625b6d4000 r-xp 00000000 08:03 827179                     /usr/lib/jvm/java-7-openjdk-amd64/jre/lib/amd64/libjava.so
7f625b6d4000-7f625b8d4000 ---p 0002b000 08:03 827179                     /usr/lib/jvm/java-7-openjdk-amd64/jre/lib/amd64/libjava.so
7f625b8d4000-7f625b8d5000 r--p 0002b000 08:03 827179                     /usr/lib/jvm/java-7-openjdk-amd64/jre/lib/amd64/libjava.so
7f625b8d5000-7f625b8d7000 rw-p 0002c000 08:03 827179                     /usr/lib/jvm/java-7-openjdk-amd64/jre/lib/amd64/libjava.so
7f625b8d7000-7f625b8e7000 r-xp 00000000 08:03 827176                     /usr/lib/jvm/java-7-openjdk-amd64/jre/lib/amd64/libverify.so
7f625b8e7000-7f625bae6000 ---p 00010000 08:03 827176                     /usr/lib/jvm/java-7-openjdk-amd64/jre/lib/amd64/libverify.so
7f625bae6000-7f625bae8000 r--p 0000f000 08:03 827176                     /usr/lib/jvm/java-7-openjdk-amd64/jre/lib/amd64/libverify.so
7f625bae8000-7f625bae9000 rw-p 00011000 08:03 827176                     /usr/lib/jvm/java-7-openjdk-amd64/jre/lib/amd64/libverify.so
7f625bae9000-7f625baf0000 r-xp 00000000 08:03 276085                     /lib/x86_64-linux-gnu/librt-2.19.so
7f625baf0000-7f625bcef000 ---p 00007000 08:03 276085                     /lib/x86_64-linux-gnu/librt-2.19.so
7f625bcef000-7f625bcf0000 r--p 00006000 08:03 276085                     /lib/x86_64-linux-gnu/librt-2.19.so
7f625bcf0000-7f625bcf1000 rw-p 00007000 08:03 276085                     /lib/x86_64-linux-gnu/librt-2.19.so
7f625bcf1000-7f625bd07000 r-xp 00000000 08:03 264776                     /lib/x86_64-linux-gnu/libgcc_s.so.1
7f625bd07000-7f625bf06000 ---p 00016000 08:03 264776                     /lib/x86_64-linux-gnu/libgcc_s.so.1
7f625bf06000-7f625bf07000 rw-p 00015000 08:03 264776                     /lib/x86_64-linux-gnu/libgcc_s.so.1
7f625bf07000-7f625c00c000 r-xp 00000000 08:03 264768                     /lib/x86_64-linux-gnu/libm-2.19.so
7f625c00c000-7f625c20b000 ---p 00105000 08:03 264768                     /lib/x86_64-linux-gnu/libm-2.19.so
7f625c20b000-7f625c20c000 r--p 00104000 08:03 264768                     /lib/x86_64-linux-gnu/libm-2.19.so
7f625c20c000-7f625c20d000 rw-p 00105000 08:03 264768                     /lib/x86_64-linux-gnu/libm-2.19.so
7f625c20d000-7f625c2f3000 r-xp 00000000 08:03 662560                     /usr/lib/x86_64-linux-gnu/libstdc++.so.6.0.19
7f625c2f3000-7f625c4f2000 ---p 000e6000 08:03 662560                     /usr/lib/x86_64-linux-gnu/libstdc++.so.6.0.19
7f625c4f2000-7f625c4fa000 r--p 000e5000 08:03 662560                     /usr/lib/x86_64-linux-gnu/libstdc++.so.6.0.19
7f625c4fa000-7f625c4fc000 rw-p 000ed000 08:03 662560                     /usr/lib/x86_64-linux-gnu/libstdc++.so.6.0.19
7f625c4fc000-7f625c511000 rw-p 00000000 00:00 0 
7f625c511000-7f625d029000 r-xp 00000000 08:03 333219                     /usr/lib/jvm/java-7-openjdk-amd64/jre/lib/amd64/server/libjvm.so
7f625d029000-7f625d229000 ---p 00b18000 08:03 333219                     /usr/lib/jvm/java-7-openjdk-amd64/jre/lib/amd64/server/libjvm.so
7f625d229000-7f625d2c3000 r--p 00b18000 08:03 333219                     /usr/lib/jvm/java-7-openjdk-amd64/jre/lib/amd64/server/libjvm.so
7f625d2c3000-7f625d2e6000 rw-p 00bb2000 08:03 333219                     /usr/lib/jvm/java-7-openjdk-amd64/jre/lib/amd64/server/libjvm.so
7f625d2e6000-7f625d314000 rw-p 00000000 00:00 0 
7f625d314000-7f625d32c000 r-xp 00000000 08:03 264962                     /lib/x86_64-linux-gnu/libz.so.1.2.8
7f625d32c000-7f625d52b000 ---p 00018000 08:03 264962                     /lib/x86_64-linux-gnu/libz.so.1.2.8
7f625d52b000-7f625d52c000 r--p 00017000 08:03 264962                     /lib/x86_64-linux-gnu/libz.so.1.2.8
7f625d52c000-7f625d52d000 rw-p 00018000 08:03 264962                     /lib/x86_64-linux-gnu/libz.so.1.2.8
7f625d52d000-7f625d546000 r-xp 00000000 08:03 276077                     /lib/x86_64-linux-gnu/libpthread-2.19.so
7f625d546000-7f625d745000 ---p 00019000 08:03 276077                     /lib/x86_64-linux-gnu/libpthread-2.19.so
7f625d745000-7f625d746000 r--p 00018000 08:03 276077                     /lib/x86_64-linux-gnu/libpthread-2.19.so
7f625d746000-7f625d747000 rw-p 00019000 08:03 276077                     /lib/x86_64-linux-gnu/libpthread-2.19.so
7f625d747000-7f625d74b000 rw-p 00000000 00:00 0 
7f625d74b000-7f625d74e000 r-xp 00000000 08:03 265545                     /lib/x86_64-linux-gnu/libdl-2.19.so
7f625d74e000-7f625d94d000 ---p 00003000 08:03 265545                     /lib/x86_64-linux-gnu/libdl-2.19.so
7f625d94d000-7f625d94e000 r--p 00002000 08:03 265545                     /lib/x86_64-linux-gnu/libdl-2.19.so
7f625d94e000-7f625d94f000 rw-p 00003000 08:03 265545                     /lib/x86_64-linux-gnu/libdl-2.19.so
7f625d94f000-7f625db0a000 r-xp 00000000 08:03 276073                     /lib/x86_64-linux-gnu/libc-2.19.so
7f625db0a000-7f625dd09000 ---p 001bb000 08:03 276073                     /lib/x86_64-linux-gnu/libc-2.19.so
7f625dd09000-7f625dd0d000 r--p 001ba000 08:03 276073                     /lib/x86_64-linux-gnu/libc-2.19.so
7f625dd0d000-7f625dd0f000 rw-p 001be000 08:03 276073                     /lib/x86_64-linux-gnu/libc-2.19.so
7f625dd0f000-7f625dd14000 rw-p 00000000 00:00 0 
7f625dd14000-7f625dd21000 r-xp 00000000 08:03 333216                     /usr/lib/jvm/java-7-openjdk-amd64/jre/lib/amd64/jli/libjli.so
7f625dd21000-7f625df20000 ---p 0000d000 08:03 333216                     /usr/lib/jvm/java-7-openjdk-amd64/jre/lib/amd64/jli/libjli.so
7f625df20000-7f625df21000 r--p 0000c000 08:03 333216                     /usr/lib/jvm/java-7-openjdk-amd64/jre/lib/amd64/jli/libjli.so
7f625df21000-7f625df22000 rw-p 0000d000 08:03 333216                     /usr/lib/jvm/java-7-openjdk-amd64/jre/lib/amd64/jli/libjli.so
7f625df22000-7f625df45000 r-xp 00000000 08:03 269800                     /lib/x86_64-linux-gnu/ld-2.19.so
7f625df48000-7f625df69000 rw-p 00000000 00:00 0 
7f625df69000-7f625e01f000 rw-p 00000000 00:00 0 
7f625e01f000-7f625e022000 ---p 00000000 00:00 0 
7f625e022000-7f625e125000 rw-p 00000000 00:00 0                          [stack:7986]
7f625e125000-7f625e129000 r--s 00034000 08:03 333227                     /usr/lib/jvm/java-7-openjdk-amd64/jre/lib/ext/sunjce_provider.jar
7f625e129000-7f625e12c000 r--s 0000f000 08:03 333221                     /usr/lib/jvm/java-7-openjdk-amd64/jre/lib/ext/icedtea-sound.jar
7f625e12c000-7f625e130000 r--s 0003c000 08:03 333224                     /usr/lib/jvm/java-7-openjdk-amd64/jre/lib/ext/sunpkcs11.jar
7f625e130000-7f625e133000 r--s 00086000 08:03 333225                     /usr/lib/jvm/java-7-openjdk-amd64/jre/lib/ext/localedata.jar
7f625e133000-7f625e134000 r--s 00002000 08:03 333223                     /usr/lib/jvm/java-7-openjdk-amd64/jre/lib/ext/dnsns.jar
7f625e134000-7f625e136000 r--s 00012000 08:03 333228                     /usr/lib/jvm/java-7-openjdk-amd64/jre/lib/ext/zipfs.jar
7f625e136000-7f625e138000 r--s 00006000 08:03 5219                       /usr/share/java/java-atk-wrapper.jar
7f625e138000-7f625e140000 rw-s 00000000 08:03 554954                     /tmp/hsperfdata_super_marcin/7981
7f625e140000-7f625e141000 rw-p 00000000 00:00 0 
7f625e141000-7f625e142000 ---p 00000000 00:00 0 
7f625e142000-7f625e144000 rw-p 00000000 00:00 0 
7f625e144000-7f625e145000 r--p 00022000 08:03 269800                     /lib/x86_64-linux-gnu/ld-2.19.so
7f625e145000-7f625e146000 rw-p 00023000 08:03 269800                     /lib/x86_64-linux-gnu/ld-2.19.so
7f625e146000-7f625e147000 rw-p 00000000 00:00 0 
7ffe02be3000-7ffe02c04000 rw-p 00000000 00:00 0                          [stack]
7ffe02d44000-7ffe02d46000 r-xp 00000000 00:00 0                          [vdso]
ffffffffff600000-ffffffffff601000 r-xp 00000000 00:00 0                  [vsyscall]

VM Arguments:
jvm_args: -Dfile.encoding=UTF-8 
java_command: pl.super_marcin.life.Uruchom
Launcher Type: SUN_STANDARD

Environment Variables:
PATH=/usr/local/sbin:/usr/local/bin:/usr/sbin:/usr/bin:/sbin:/bin:/usr/games:/usr/local/games
SHELL=/bin/bash
DISPLAY=:0

Signal Handlers:
SIGSEGV: [libjvm.so+0x94b9a0], sa_mask[0]=0x7ffbfeff, sa_flags=0x10000004
SIGBUS: [libjvm.so+0x94b9a0], sa_mask[0]=0x7ffbfeff, sa_flags=0x10000004
SIGFPE: [libjvm.so+0x7c3880], sa_mask[0]=0x7ffbfeff, sa_flags=0x10000004
SIGPIPE: [libjvm.so+0x7c3880], sa_mask[0]=0x7ffbfeff, sa_flags=0x10000004
SIGXFSZ: [libjvm.so+0x7c3880], sa_mask[0]=0x7ffbfeff, sa_flags=0x10000004
SIGILL: [libjvm.so+0x7c3880], sa_mask[0]=0x7ffbfeff, sa_flags=0x10000004
SIGUSR1: SIG_DFL, sa_mask[0]=0x00000000, sa_flags=0x00000000
SIGUSR2: [libjvm.so+0x7c3720], sa_mask[0]=0x00000004, sa_flags=0x10000004
SIGHUP: [libjvm.so+0x7c3900], sa_mask[0]=0x7ffbfeff, sa_flags=0x10000004
SIGINT: [libjvm.so+0x7c3900], sa_mask[0]=0x7ffbfeff, sa_flags=0x10000004
SIGTERM: [libjvm.so+0x7c3900], sa_mask[0]=0x7ffbfeff, sa_flags=0x10000004
SIGQUIT: [libjvm.so+0x7c3900], sa_mask[0]=0x7ffbfeff, sa_flags=0x10000004
SIGTRAP: SIG_DFL, sa_mask[0]=0x00000000, sa_flags=0x00000000


---------------  S Y S T E M  ---------------

OS:Ubuntu 14.04 (trusty)
uname:Linux 3.13.0-52-generic #86-Ubuntu SMP Mon May 4 04:32:59 UTC 2015 x86_64
libc:glibc 2.19 NPTL 2.19 
rlimit: STACK 8192k, CORE 0k, NPROC 30545, NOFILE 4096, AS infinity
load average:3,01 2,49 1,65

/proc/meminfo:
MemTotal:        3931388 kB
MemFree:          106420 kB
Buffers:             344 kB
Cached:           431944 kB
SwapCached:            0 kB
Active:          3245364 kB
Inactive:         410584 kB
Active(anon):    3227480 kB
Inactive(anon):   387856 kB
Active(file):      17884 kB
Inactive(file):    22728 kB
Unevictable:         164 kB
Mlocked:             164 kB
SwapTotal:             0 kB
SwapFree:              0 kB
Dirty:               840 kB
Writeback:             0 kB
AnonPages:       3224260 kB
Mapped:           142944 kB
Shmem:            391452 kB
Slab:              58024 kB
SReclaimable:      23112 kB
SUnreclaim:        34912 kB
KernelStack:        7856 kB
PageTables:        41352 kB
NFS_Unstable:          0 kB
Bounce:                0 kB
WritebackTmp:          0 kB
CommitLimit:     1965692 kB
Committed_AS:    8848256 kB
VmallocTotal:   34359738367 kB
VmallocUsed:      401768 kB
VmallocChunk:   34359315068 kB
HardwareCorrupted:     0 kB
AnonHugePages:   1765376 kB
HugePages_Total:       0
HugePages_Free:        0
HugePages_Rsvd:        0
HugePages_Surp:        0
Hugepagesize:       2048 kB
DirectMap4k:       98380 kB
DirectMap2M:     3979264 kB


CPU:total 4 (2 cores per cpu, 2 threads per core) family 6 model 58 stepping 9, cmov, cx8, fxsr, mmx, sse, sse2, sse3, ssse3, sse4.1, sse4.2, popcnt, avx, aes, erms, ht, tsc, tscinvbit, tscinv

/proc/cpuinfo:
processor	: 0
vendor_id	: GenuineIntel
cpu family	: 6
model		: 58
model name	: Intel(R) Core(TM) i5-3230M CPU @ 2.60GHz
stepping	: 9
microcode	: 0x15
cpu MHz		: 2601.000
cache size	: 3072 KB
physical id	: 0
siblings	: 4
core id		: 0
cpu cores	: 2
apicid		: 0
initial apicid	: 0
fpu		: yes
fpu_exception	: yes
cpuid level	: 13
wp		: yes
flags		: fpu vme de pse tsc msr pae mce cx8 apic sep mtrr pge mca cmov pat pse36 clflush dts acpi mmx fxsr sse sse2 ss ht tm pbe syscall nx rdtscp lm constant_tsc arch_perfmon pebs bts rep_good nopl xtopology nonstop_tsc aperfmperf eagerfpu pni pclmulqdq dtes64 monitor ds_cpl vmx est tm2 ssse3 cx16 xtpr pdcm pcid sse4_1 sse4_2 x2apic popcnt tsc_deadline_timer aes xsave avx f16c rdrand lahf_lm ida arat epb xsaveopt pln pts dtherm tpr_shadow vnmi flexpriority ept vpid fsgsbase smep erms
bogomips	: 5188.51
clflush size	: 64
cache_alignment	: 64
address sizes	: 36 bits physical, 48 bits virtual
power management:

processor	: 1
vendor_id	: GenuineIntel
cpu family	: 6
model		: 58
model name	: Intel(R) Core(TM) i5-3230M CPU @ 2.60GHz
stepping	: 9
microcode	: 0x15
cpu MHz		: 2601.000
cache size	: 3072 KB
physical id	: 0
siblings	: 4
core id		: 1
cpu cores	: 2
apicid		: 2
initial apicid	: 2
fpu		: yes
fpu_exception	: yes
cpuid level	: 13
wp		: yes
flags		: fpu vme de pse tsc msr pae mce cx8 apic sep mtrr pge mca cmov pat pse36 clflush dts acpi mmx fxsr sse sse2 ss ht tm pbe syscall nx rdtscp lm constant_tsc arch_perfmon pebs bts rep_good nopl xtopology nonstop_tsc aperfmperf eagerfpu pni pclmulqdq dtes64 monitor ds_cpl vmx est tm2 ssse3 cx16 xtpr pdcm pcid sse4_1 sse4_2 x2apic popcnt tsc_deadline_timer aes xsave avx f16c rdrand lahf_lm ida arat epb xsaveopt pln pts dtherm tpr_shadow vnmi flexpriority ept vpid fsgsbase smep erms
bogomips	: 5188.51
clflush size	: 64
cache_alignment	: 64
address sizes	: 36 bits physical, 48 bits virtual
power management:

processor	: 2
vendor_id	: GenuineIntel
cpu family	: 6
model		: 58
model name	: Intel(R) Core(TM) i5-3230M CPU @ 2.60GHz
stepping	: 9
microcode	: 0x15
cpu MHz		: 2601.000
cache size	: 3072 KB
physical id	: 0
siblings	: 4
core id		: 0
cpu cores	: 2
apicid		: 1
initial apicid	: 1
fpu		: yes
fpu_exception	: yes
cpuid level	: 13
wp		: yes
flags		: fpu vme de pse tsc msr pae mce cx8 apic sep mtrr pge mca cmov pat pse36 clflush dts acpi mmx fxsr sse sse2 ss ht tm pbe syscall nx rdtscp lm constant_tsc arch_perfmon pebs bts rep_good nopl xtopology nonstop_tsc aperfmperf eagerfpu pni pclmulqdq dtes64 monitor ds_cpl vmx est tm2 ssse3 cx16 xtpr pdcm pcid sse4_1 sse4_2 x2apic popcnt tsc_deadline_timer aes xsave avx f16c rdrand lahf_lm ida arat epb xsaveopt pln pts dtherm tpr_shadow vnmi flexpriority ept vpid fsgsbase smep erms
bogomips	: 5188.51
clflush size	: 64
cache_alignment	: 64
address sizes	: 36 bits physical, 48 bits virtual
power management:

processor	: 3
vendor_id	: GenuineIntel
cpu family	: 6
model		: 58
model name	: Intel(R) Core(TM) i5-3230M CPU @ 2.60GHz
stepping	: 9
microcode	: 0x15
cpu MHz		: 2601.000
cache size	: 3072 KB
physical id	: 0
siblings	: 4
core id		: 1
cpu cores	: 2
apicid		: 3
initial apicid	: 3
fpu		: yes
fpu_exception	: yes
cpuid level	: 13
wp		: yes
flags		: fpu vme de pse tsc msr pae mce cx8 apic sep mtrr pge mca cmov pat pse36 clflush dts acpi mmx fxsr sse sse2 ss ht tm pbe syscall nx rdtscp lm constant_tsc arch_perfmon pebs bts rep_good nopl xtopology nonstop_tsc aperfmperf eagerfpu pni pclmulqdq dtes64 monitor ds_cpl vmx est tm2 ssse3 cx16 xtpr pdcm pcid sse4_1 sse4_2 x2apic popcnt tsc_deadline_timer aes xsave avx f16c rdrand lahf_lm ida arat epb xsaveopt pln pts dtherm tpr_shadow vnmi flexpriority ept vpid fsgsbase smep erms
bogomips	: 5188.51
clflush size	: 64
cache_alignment	: 64
address sizes	: 36 bits physical, 48 bits virtual
power management:



Memory: 4k page, physical 3931388k(106420k free), swap 0k(0k free)

vm_info: OpenJDK 64-Bit Server VM (24.79-b02) for linux-amd64 JRE (1.7.0_79-b14), built on Apr 16 2015 08:21:58 by "buildd" with gcc 4.8.2

time: Tue May 19 10:29:58 2015
elapsed time: 8 seconds

